[0.056s] Invoking command in '/workspaces/isaac_ros-dev/src/ros2_ws/build/tracking_robot_pkg': CMAKE_PREFIX_PATH=/workspaces/isaac_ros-dev/src/ros2_ws/install/custom_interfaces:/workspaces/isaac_ros-dev/src/ros2_ws/install/tracking_robot_pkg:/usr/local/libcudss-linux-0.3.0.9_cuda12-archive:/opt/ros/humble /usr/bin/cmake --build /workspaces/isaac_ros-dev/src/ros2_ws/build/tracking_robot_pkg -- -j6 -l6
[0.292s] [35m[1mConsolidate compiler generated dependencies of target tracking_robot_server[0m
[0.355s] [ 50%] Built target tracking_robot_client
[0.408s] [ 75%] [32mBuilding CXX object CMakeFiles/tracking_robot_server.dir/src/tracking_robot_server.cpp.o[0m
[33.954s] [100%] [32m[1mLinking CXX executable tracking_robot_server[0m
[35.825s] [100%] Built target tracking_robot_server
[35.864s] Invoked command in '/workspaces/isaac_ros-dev/src/ros2_ws/build/tracking_robot_pkg' returned '0': CMAKE_PREFIX_PATH=/workspaces/isaac_ros-dev/src/ros2_ws/install/custom_interfaces:/workspaces/isaac_ros-dev/src/ros2_ws/install/tracking_robot_pkg:/usr/local/libcudss-linux-0.3.0.9_cuda12-archive:/opt/ros/humble /usr/bin/cmake --build /workspaces/isaac_ros-dev/src/ros2_ws/build/tracking_robot_pkg -- -j6 -l6
[35.868s] Invoking command in '/workspaces/isaac_ros-dev/src/ros2_ws/build/tracking_robot_pkg': CMAKE_PREFIX_PATH=/workspaces/isaac_ros-dev/src/ros2_ws/install/custom_interfaces:/workspaces/isaac_ros-dev/src/ros2_ws/install/tracking_robot_pkg:/usr/local/libcudss-linux-0.3.0.9_cuda12-archive:/opt/ros/humble /usr/bin/cmake --install /workspaces/isaac_ros-dev/src/ros2_ws/build/tracking_robot_pkg
[35.896s] -- Install configuration: ""
[35.898s] -- Up-to-date: /workspaces/isaac_ros-dev/src/ros2_ws/install/tracking_robot_pkg/lib/tracking_robot_pkg/tracking_robot_client
[35.900s] -- Installing: /workspaces/isaac_ros-dev/src/ros2_ws/install/tracking_robot_pkg/lib/tracking_robot_pkg/tracking_robot_server
[35.926s] -- Set runtime path of "/workspaces/isaac_ros-dev/src/ros2_ws/install/tracking_robot_pkg/lib/tracking_robot_pkg/tracking_robot_server" to ""
[35.927s] -- Up-to-date: /workspaces/isaac_ros-dev/src/ros2_ws/install/tracking_robot_pkg/share/tracking_robot_pkg//launch
[35.928s] -- Up-to-date: /workspaces/isaac_ros-dev/src/ros2_ws/install/tracking_robot_pkg/share/tracking_robot_pkg//launch/tracking_robot.launch.py
[35.931s] -- Up-to-date: /workspaces/isaac_ros-dev/src/ros2_ws/install/tracking_robot_pkg/share/ament_index/resource_index/package_run_dependencies/tracking_robot_pkg
[35.931s] -- Up-to-date: /workspaces/isaac_ros-dev/src/ros2_ws/install/tracking_robot_pkg/share/ament_index/resource_index/parent_prefix_path/tracking_robot_pkg
[35.932s] -- Up-to-date: /workspaces/isaac_ros-dev/src/ros2_ws/install/tracking_robot_pkg/share/tracking_robot_pkg/environment/ament_prefix_path.sh
[35.932s] -- Up-to-date: /workspaces/isaac_ros-dev/src/ros2_ws/install/tracking_robot_pkg/share/tracking_robot_pkg/environment/ament_prefix_path.dsv
[35.932s] -- Up-to-date: /workspaces/isaac_ros-dev/src/ros2_ws/install/tracking_robot_pkg/share/tracking_robot_pkg/environment/path.sh
[35.932s] -- Up-to-date: /workspaces/isaac_ros-dev/src/ros2_ws/install/tracking_robot_pkg/share/tracking_robot_pkg/environment/path.dsv
[35.933s] -- Up-to-date: /workspaces/isaac_ros-dev/src/ros2_ws/install/tracking_robot_pkg/share/tracking_robot_pkg/local_setup.bash
[35.933s] -- Up-to-date: /workspaces/isaac_ros-dev/src/ros2_ws/install/tracking_robot_pkg/share/tracking_robot_pkg/local_setup.sh
[35.936s] -- Up-to-date: /workspaces/isaac_ros-dev/src/ros2_ws/install/tracking_robot_pkg/share/tracking_robot_pkg/local_setup.zsh
[35.937s] -- Up-to-date: /workspaces/isaac_ros-dev/src/ros2_ws/install/tracking_robot_pkg/share/tracking_robot_pkg/local_setup.dsv
[35.937s] -- Installing: /workspaces/isaac_ros-dev/src/ros2_ws/install/tracking_robot_pkg/share/tracking_robot_pkg/package.dsv
[35.937s] -- Up-to-date: /workspaces/isaac_ros-dev/src/ros2_ws/install/tracking_robot_pkg/share/ament_index/resource_index/packages/tracking_robot_pkg
[35.938s] -- Up-to-date: /workspaces/isaac_ros-dev/src/ros2_ws/install/tracking_robot_pkg/share/tracking_robot_pkg/cmake/tracking_robot_pkgConfig.cmake
[35.938s] -- Up-to-date: /workspaces/isaac_ros-dev/src/ros2_ws/install/tracking_robot_pkg/share/tracking_robot_pkg/cmake/tracking_robot_pkgConfig-version.cmake
[35.939s] -- Up-to-date: /workspaces/isaac_ros-dev/src/ros2_ws/install/tracking_robot_pkg/share/tracking_robot_pkg/package.xml
[35.940s] Invoked command in '/workspaces/isaac_ros-dev/src/ros2_ws/build/tracking_robot_pkg' returned '0': CMAKE_PREFIX_PATH=/workspaces/isaac_ros-dev/src/ros2_ws/install/custom_interfaces:/workspaces/isaac_ros-dev/src/ros2_ws/install/tracking_robot_pkg:/usr/local/libcudss-linux-0.3.0.9_cuda12-archive:/opt/ros/humble /usr/bin/cmake --install /workspaces/isaac_ros-dev/src/ros2_ws/build/tracking_robot_pkg
