[0.050s] DEBUG:colcon:Command line arguments: ['/usr/bin/colcon', 'build']
[0.050s] DEBUG:colcon:Parsed command line arguments: Namespace(log_base=None, log_level=None, verb_name='build', build_base='build', install_base='install', merge_install=False, symlink_install=False, test_result_base=None, continue_on_error=False, executor='parallel', parallel_workers=20, event_handlers=None, ignore_user_meta=False, metas=['./colcon.meta'], base_paths=['.'], packages_ignore=None, packages_ignore_regex=None, paths=None, packages_up_to=None, packages_up_to_regex=None, packages_above=None, packages_above_and_dependencies=None, packages_above_depth=None, packages_select_by_dep=None, packages_skip_by_dep=None, packages_skip_up_to=None, packages_select_build_failed=False, packages_skip_build_finished=False, packages_select_test_failures=False, packages_skip_test_passed=False, packages_select=None, packages_skip=None, packages_select_regex=None, packages_skip_regex=None, packages_start=None, packages_end=None, allow_overriding=[], cmake_args=None, cmake_target=None, cmake_target_skip_unavailable=False, cmake_clean_cache=False, cmake_clean_first=False, cmake_force_configure=False, ament_cmake_args=None, catkin_cmake_args=None, catkin_skip_building_tests=False, mixin_files=None, mixin=None, verb_parser=<colcon_mixin.mixin.mixin_argument.MixinArgumentDecorator object at 0x7cadbb9c8bb0>, verb_extension=<colcon_core.verb.build.BuildVerb object at 0x7cadbb9c8580>, main=<bound method BuildVerb.main of <colcon_core.verb.build.BuildVerb object at 0x7cadbb9c8580>>, mixin_verb=('build',))
[0.121s] Level 1:colcon.colcon_core.package_discovery:discover_packages(colcon_meta) check parameters
[0.121s] Level 1:colcon.colcon_core.package_discovery:discover_packages(recursive) check parameters
[0.121s] Level 1:colcon.colcon_core.package_discovery:discover_packages(ignore) check parameters
[0.121s] Level 1:colcon.colcon_core.package_discovery:discover_packages(path) check parameters
[0.121s] Level 1:colcon.colcon_core.package_discovery:discover_packages(colcon_meta) discover
[0.121s] Level 1:colcon.colcon_core.package_discovery:discover_packages(recursive) discover
[0.121s] INFO:colcon.colcon_core.package_discovery:Crawling recursively for packages in '/home/sebastian/ros2_ws'
[0.121s] Level 1:colcon.colcon_core.package_identification:_identify(.) by extensions ['ignore', 'ignore_ament_install']
[0.121s] Level 1:colcon.colcon_core.package_identification:_identify(.) by extension 'ignore'
[0.121s] Level 1:colcon.colcon_core.package_identification:_identify(.) by extension 'ignore_ament_install'
[0.121s] Level 1:colcon.colcon_core.package_identification:_identify(.) by extensions ['colcon_pkg']
[0.121s] Level 1:colcon.colcon_core.package_identification:_identify(.) by extension 'colcon_pkg'
[0.121s] Level 1:colcon.colcon_core.package_identification:_identify(.) by extensions ['colcon_meta']
[0.121s] Level 1:colcon.colcon_core.package_identification:_identify(.) by extension 'colcon_meta'
[0.121s] Level 1:colcon.colcon_core.package_identification:_identify(.) by extensions ['ros']
[0.121s] Level 1:colcon.colcon_core.package_identification:_identify(.) by extension 'ros'
[0.127s] Level 1:colcon.colcon_core.package_identification:_identify(.) by extensions ['cmake', 'python']
[0.127s] Level 1:colcon.colcon_core.package_identification:_identify(.) by extension 'cmake'
[0.127s] Level 1:colcon.colcon_core.package_identification:_identify(.) by extension 'python'
[0.127s] Level 1:colcon.colcon_core.package_identification:_identify(.) by extensions ['python_setup_py']
[0.127s] Level 1:colcon.colcon_core.package_identification:_identify(.) by extension 'python_setup_py'
[0.127s] Level 1:colcon.colcon_core.package_identification:_identify(build) by extensions ['ignore', 'ignore_ament_install']
[0.127s] Level 1:colcon.colcon_core.package_identification:_identify(build) by extension 'ignore'
[0.127s] Level 1:colcon.colcon_core.package_identification:_identify(build) ignored
[0.127s] Level 1:colcon.colcon_core.package_identification:_identify(install) by extensions ['ignore', 'ignore_ament_install']
[0.127s] Level 1:colcon.colcon_core.package_identification:_identify(install) by extension 'ignore'
[0.127s] Level 1:colcon.colcon_core.package_identification:_identify(install) ignored
[0.127s] Level 1:colcon.colcon_core.package_identification:_identify(log) by extensions ['ignore', 'ignore_ament_install']
[0.127s] Level 1:colcon.colcon_core.package_identification:_identify(log) by extension 'ignore'
[0.127s] Level 1:colcon.colcon_core.package_identification:_identify(log) ignored
[0.127s] Level 1:colcon.colcon_core.package_identification:_identify(src) by extensions ['ignore', 'ignore_ament_install']
[0.127s] Level 1:colcon.colcon_core.package_identification:_identify(src) by extension 'ignore'
[0.127s] Level 1:colcon.colcon_core.package_identification:_identify(src) by extension 'ignore_ament_install'
[0.127s] Level 1:colcon.colcon_core.package_identification:_identify(src) by extensions ['colcon_pkg']
[0.127s] Level 1:colcon.colcon_core.package_identification:_identify(src) by extension 'colcon_pkg'
[0.127s] Level 1:colcon.colcon_core.package_identification:_identify(src) by extensions ['colcon_meta']
[0.127s] Level 1:colcon.colcon_core.package_identification:_identify(src) by extension 'colcon_meta'
[0.127s] Level 1:colcon.colcon_core.package_identification:_identify(src) by extensions ['ros']
[0.127s] Level 1:colcon.colcon_core.package_identification:_identify(src) by extension 'ros'
[0.127s] Level 1:colcon.colcon_core.package_identification:_identify(src) by extensions ['cmake', 'python']
[0.127s] Level 1:colcon.colcon_core.package_identification:_identify(src) by extension 'cmake'
[0.127s] Level 1:colcon.colcon_core.package_identification:_identify(src) by extension 'python'
[0.127s] Level 1:colcon.colcon_core.package_identification:_identify(src) by extensions ['python_setup_py']
[0.127s] Level 1:colcon.colcon_core.package_identification:_identify(src) by extension 'python_setup_py'
[0.127s] Level 1:colcon.colcon_core.package_identification:_identify(src/circle_wall_actions_pkg) by extensions ['ignore', 'ignore_ament_install']
[0.127s] Level 1:colcon.colcon_core.package_identification:_identify(src/circle_wall_actions_pkg) by extension 'ignore'
[0.127s] Level 1:colcon.colcon_core.package_identification:_identify(src/circle_wall_actions_pkg) by extension 'ignore_ament_install'
[0.127s] Level 1:colcon.colcon_core.package_identification:_identify(src/circle_wall_actions_pkg) by extensions ['colcon_pkg']
[0.127s] Level 1:colcon.colcon_core.package_identification:_identify(src/circle_wall_actions_pkg) by extension 'colcon_pkg'
[0.128s] Level 1:colcon.colcon_core.package_identification:_identify(src/circle_wall_actions_pkg) by extensions ['colcon_meta']
[0.128s] Level 1:colcon.colcon_core.package_identification:_identify(src/circle_wall_actions_pkg) by extension 'colcon_meta'
[0.128s] Level 1:colcon.colcon_core.package_identification:_identify(src/circle_wall_actions_pkg) by extensions ['ros']
[0.128s] Level 1:colcon.colcon_core.package_identification:_identify(src/circle_wall_actions_pkg) by extension 'ros'
[0.129s] DEBUG:colcon.colcon_core.package_identification:Package 'src/circle_wall_actions_pkg' with type 'ros.ament_cmake' and name 'circle_wall_actions_pkg'
[0.129s] Level 1:colcon.colcon_core.package_identification:_identify(src/custom_interfaces) by extensions ['ignore', 'ignore_ament_install']
[0.129s] Level 1:colcon.colcon_core.package_identification:_identify(src/custom_interfaces) by extension 'ignore'
[0.129s] Level 1:colcon.colcon_core.package_identification:_identify(src/custom_interfaces) by extension 'ignore_ament_install'
[0.129s] Level 1:colcon.colcon_core.package_identification:_identify(src/custom_interfaces) by extensions ['colcon_pkg']
[0.129s] Level 1:colcon.colcon_core.package_identification:_identify(src/custom_interfaces) by extension 'colcon_pkg'
[0.129s] Level 1:colcon.colcon_core.package_identification:_identify(src/custom_interfaces) by extensions ['colcon_meta']
[0.129s] Level 1:colcon.colcon_core.package_identification:_identify(src/custom_interfaces) by extension 'colcon_meta'
[0.129s] Level 1:colcon.colcon_core.package_identification:_identify(src/custom_interfaces) by extensions ['ros']
[0.129s] Level 1:colcon.colcon_core.package_identification:_identify(src/custom_interfaces) by extension 'ros'
[0.129s] DEBUG:colcon.colcon_core.package_identification:Package 'src/custom_interfaces' with type 'ros.ament_cmake' and name 'custom_interfaces'
[0.129s] Level 1:colcon.colcon_core.package_identification:_identify(src/topic_publisher_pkg) by extensions ['ignore', 'ignore_ament_install']
[0.130s] Level 1:colcon.colcon_core.package_identification:_identify(src/topic_publisher_pkg) by extension 'ignore'
[0.130s] Level 1:colcon.colcon_core.package_identification:_identify(src/topic_publisher_pkg) by extension 'ignore_ament_install'
[0.130s] Level 1:colcon.colcon_core.package_identification:_identify(src/topic_publisher_pkg) by extensions ['colcon_pkg']
[0.130s] Level 1:colcon.colcon_core.package_identification:_identify(src/topic_publisher_pkg) by extension 'colcon_pkg'
[0.130s] Level 1:colcon.colcon_core.package_identification:_identify(src/topic_publisher_pkg) by extensions ['colcon_meta']
[0.130s] Level 1:colcon.colcon_core.package_identification:_identify(src/topic_publisher_pkg) by extension 'colcon_meta'
[0.130s] Level 1:colcon.colcon_core.package_identification:_identify(src/topic_publisher_pkg) by extensions ['ros']
[0.130s] Level 1:colcon.colcon_core.package_identification:_identify(src/topic_publisher_pkg) by extension 'ros'
[0.130s] DEBUG:colcon.colcon_core.package_identification:Package 'src/topic_publisher_pkg' with type 'ros.ament_cmake' and name 'topic_publisher_pkg'
[0.130s] Level 1:colcon.colcon_core.package_discovery:discover_packages(recursive) using defaults
[0.130s] Level 1:colcon.colcon_core.package_discovery:discover_packages(ignore) discover
[0.130s] Level 1:colcon.colcon_core.package_discovery:discover_packages(ignore) using defaults
[0.130s] Level 1:colcon.colcon_core.package_discovery:discover_packages(path) discover
[0.130s] Level 1:colcon.colcon_core.package_discovery:discover_packages(path) using defaults
[0.144s] Level 1:colcon.colcon_core.package_discovery:discover_packages(prefix_path) check parameters
[0.144s] Level 1:colcon.colcon_core.package_discovery:discover_packages(prefix_path) discover
[0.145s] DEBUG:colcon.colcon_installed_package_information.package_discovery:Found 3 installed packages in /home/sebastian/ros2_ws/install
[0.145s] DEBUG:colcon.colcon_installed_package_information.package_discovery:Found 277 installed packages in /opt/ros/humble
[0.146s] Level 1:colcon.colcon_core.package_discovery:discover_packages(prefix_path) using defaults
[0.162s] Level 5:colcon.colcon_core.verb:set package 'custom_interfaces' build argument 'cmake_args' from command line to 'None'
[0.162s] Level 5:colcon.colcon_core.verb:set package 'custom_interfaces' build argument 'cmake_target' from command line to 'None'
[0.162s] Level 5:colcon.colcon_core.verb:set package 'custom_interfaces' build argument 'cmake_target_skip_unavailable' from command line to 'False'
[0.162s] Level 5:colcon.colcon_core.verb:set package 'custom_interfaces' build argument 'cmake_clean_cache' from command line to 'False'
[0.162s] Level 5:colcon.colcon_core.verb:set package 'custom_interfaces' build argument 'cmake_clean_first' from command line to 'False'
[0.162s] Level 5:colcon.colcon_core.verb:set package 'custom_interfaces' build argument 'cmake_force_configure' from command line to 'False'
[0.162s] Level 5:colcon.colcon_core.verb:set package 'custom_interfaces' build argument 'ament_cmake_args' from command line to 'None'
[0.162s] Level 5:colcon.colcon_core.verb:set package 'custom_interfaces' build argument 'catkin_cmake_args' from command line to 'None'
[0.162s] Level 5:colcon.colcon_core.verb:set package 'custom_interfaces' build argument 'catkin_skip_building_tests' from command line to 'False'
[0.162s] DEBUG:colcon.colcon_core.verb:Building package 'custom_interfaces' with the following arguments: {'ament_cmake_args': None, 'build_base': '/home/sebastian/ros2_ws/build/custom_interfaces', 'catkin_cmake_args': None, 'catkin_skip_building_tests': False, 'cmake_args': None, 'cmake_clean_cache': False, 'cmake_clean_first': False, 'cmake_force_configure': False, 'cmake_target': None, 'cmake_target_skip_unavailable': False, 'install_base': '/home/sebastian/ros2_ws/install/custom_interfaces', 'merge_install': False, 'path': '/home/sebastian/ros2_ws/src/custom_interfaces', 'symlink_install': False, 'test_result_base': None}
[0.162s] Level 5:colcon.colcon_core.verb:set package 'topic_publisher_pkg' build argument 'cmake_args' from command line to 'None'
[0.162s] Level 5:colcon.colcon_core.verb:set package 'topic_publisher_pkg' build argument 'cmake_target' from command line to 'None'
[0.162s] Level 5:colcon.colcon_core.verb:set package 'topic_publisher_pkg' build argument 'cmake_target_skip_unavailable' from command line to 'False'
[0.162s] Level 5:colcon.colcon_core.verb:set package 'topic_publisher_pkg' build argument 'cmake_clean_cache' from command line to 'False'
[0.162s] Level 5:colcon.colcon_core.verb:set package 'topic_publisher_pkg' build argument 'cmake_clean_first' from command line to 'False'
[0.162s] Level 5:colcon.colcon_core.verb:set package 'topic_publisher_pkg' build argument 'cmake_force_configure' from command line to 'False'
[0.162s] Level 5:colcon.colcon_core.verb:set package 'topic_publisher_pkg' build argument 'ament_cmake_args' from command line to 'None'
[0.162s] Level 5:colcon.colcon_core.verb:set package 'topic_publisher_pkg' build argument 'catkin_cmake_args' from command line to 'None'
[0.162s] Level 5:colcon.colcon_core.verb:set package 'topic_publisher_pkg' build argument 'catkin_skip_building_tests' from command line to 'False'
[0.162s] DEBUG:colcon.colcon_core.verb:Building package 'topic_publisher_pkg' with the following arguments: {'ament_cmake_args': None, 'build_base': '/home/sebastian/ros2_ws/build/topic_publisher_pkg', 'catkin_cmake_args': None, 'catkin_skip_building_tests': False, 'cmake_args': None, 'cmake_clean_cache': False, 'cmake_clean_first': False, 'cmake_force_configure': False, 'cmake_target': None, 'cmake_target_skip_unavailable': False, 'install_base': '/home/sebastian/ros2_ws/install/topic_publisher_pkg', 'merge_install': False, 'path': '/home/sebastian/ros2_ws/src/topic_publisher_pkg', 'symlink_install': False, 'test_result_base': None}
[0.162s] Level 5:colcon.colcon_core.verb:set package 'circle_wall_actions_pkg' build argument 'cmake_args' from command line to 'None'
[0.162s] Level 5:colcon.colcon_core.verb:set package 'circle_wall_actions_pkg' build argument 'cmake_target' from command line to 'None'
[0.162s] Level 5:colcon.colcon_core.verb:set package 'circle_wall_actions_pkg' build argument 'cmake_target_skip_unavailable' from command line to 'False'
[0.162s] Level 5:colcon.colcon_core.verb:set package 'circle_wall_actions_pkg' build argument 'cmake_clean_cache' from command line to 'False'
[0.162s] Level 5:colcon.colcon_core.verb:set package 'circle_wall_actions_pkg' build argument 'cmake_clean_first' from command line to 'False'
[0.162s] Level 5:colcon.colcon_core.verb:set package 'circle_wall_actions_pkg' build argument 'cmake_force_configure' from command line to 'False'
[0.162s] Level 5:colcon.colcon_core.verb:set package 'circle_wall_actions_pkg' build argument 'ament_cmake_args' from command line to 'None'
[0.162s] Level 5:colcon.colcon_core.verb:set package 'circle_wall_actions_pkg' build argument 'catkin_cmake_args' from command line to 'None'
[0.162s] Level 5:colcon.colcon_core.verb:set package 'circle_wall_actions_pkg' build argument 'catkin_skip_building_tests' from command line to 'False'
[0.162s] DEBUG:colcon.colcon_core.verb:Building package 'circle_wall_actions_pkg' with the following arguments: {'ament_cmake_args': None, 'build_base': '/home/sebastian/ros2_ws/build/circle_wall_actions_pkg', 'catkin_cmake_args': None, 'catkin_skip_building_tests': False, 'cmake_args': None, 'cmake_clean_cache': False, 'cmake_clean_first': False, 'cmake_force_configure': False, 'cmake_target': None, 'cmake_target_skip_unavailable': False, 'install_base': '/home/sebastian/ros2_ws/install/circle_wall_actions_pkg', 'merge_install': False, 'path': '/home/sebastian/ros2_ws/src/circle_wall_actions_pkg', 'symlink_install': False, 'test_result_base': None}
[0.162s] INFO:colcon.colcon_core.executor:Executing jobs using 'parallel' executor
[0.163s] DEBUG:colcon.colcon_parallel_executor.executor.parallel:run_until_complete
[0.163s] INFO:colcon.colcon_ros.task.ament_cmake.build:Building ROS package in '/home/sebastian/ros2_ws/src/custom_interfaces' with build type 'ament_cmake'
[0.163s] INFO:colcon.colcon_cmake.task.cmake.build:Building CMake package in '/home/sebastian/ros2_ws/src/custom_interfaces'
[0.164s] INFO:colcon.colcon_core.plugin_system:Skipping extension 'colcon_core.shell.bat': Not used on non-Windows systems
[0.164s] INFO:colcon.colcon_core.shell:Skip shell extension 'powershell' for command environment: Not usable outside of PowerShell
[0.164s] DEBUG:colcon.colcon_core.shell:Skip shell extension 'dsv' for command environment
[0.166s] INFO:colcon.colcon_ros.task.ament_cmake.build:Building ROS package in '/home/sebastian/ros2_ws/src/topic_publisher_pkg' with build type 'ament_cmake'
[0.166s] INFO:colcon.colcon_cmake.task.cmake.build:Building CMake package in '/home/sebastian/ros2_ws/src/topic_publisher_pkg'
[0.166s] INFO:colcon.colcon_core.shell:Skip shell extension 'powershell' for command environment: Not usable outside of PowerShell
[0.166s] DEBUG:colcon.colcon_core.shell:Skip shell extension 'dsv' for command environment
[0.170s] DEBUG:colcon.colcon_core.event_handler.log_command:Invoking command in '/home/sebastian/ros2_ws/build/custom_interfaces': CMAKE_PREFIX_PATH=${CMAKE_PREFIX_PATH}:/opt/ros/humble /usr/bin/cmake --build /home/sebastian/ros2_ws/build/custom_interfaces -- -j20 -l20
[0.172s] DEBUG:colcon.colcon_core.event_handler.log_command:Invoking command in '/home/sebastian/ros2_ws/build/topic_publisher_pkg': CMAKE_PREFIX_PATH=${CMAKE_PREFIX_PATH}:/opt/ros/humble /usr/bin/cmake --build /home/sebastian/ros2_ws/build/topic_publisher_pkg -- -j20 -l20
[0.217s] DEBUG:colcon.colcon_core.event_handler.log_command:Invoked command in '/home/sebastian/ros2_ws/build/topic_publisher_pkg' returned '0': CMAKE_PREFIX_PATH=${CMAKE_PREFIX_PATH}:/opt/ros/humble /usr/bin/cmake --build /home/sebastian/ros2_ws/build/topic_publisher_pkg -- -j20 -l20
[0.222s] DEBUG:colcon.colcon_core.event_handler.log_command:Invoking command in '/home/sebastian/ros2_ws/build/topic_publisher_pkg': CMAKE_PREFIX_PATH=${CMAKE_PREFIX_PATH}:/opt/ros/humble /usr/bin/cmake --install /home/sebastian/ros2_ws/build/topic_publisher_pkg
[0.229s] Level 1:colcon.colcon_core.environment:create_environment_scripts_only(topic_publisher_pkg)
[0.229s] DEBUG:colcon.colcon_core.event_handler.log_command:Invoked command in '/home/sebastian/ros2_ws/build/topic_publisher_pkg' returned '0': CMAKE_PREFIX_PATH=${CMAKE_PREFIX_PATH}:/opt/ros/humble /usr/bin/cmake --install /home/sebastian/ros2_ws/build/topic_publisher_pkg
[0.230s] Level 1:colcon.colcon_core.environment:checking '/home/sebastian/ros2_ws/install/topic_publisher_pkg' for CMake module files
[0.230s] Level 1:colcon.colcon_core.environment:checking '/home/sebastian/ros2_ws/install/topic_publisher_pkg' for CMake config files
[0.230s] Level 1:colcon.colcon_core.shell:create_environment_hook('topic_publisher_pkg', 'cmake_prefix_path')
[0.230s] INFO:colcon.colcon_core.shell:Creating environment hook '/home/sebastian/ros2_ws/install/topic_publisher_pkg/share/topic_publisher_pkg/hook/cmake_prefix_path.ps1'
[0.231s] INFO:colcon.colcon_core.shell:Creating environment descriptor '/home/sebastian/ros2_ws/install/topic_publisher_pkg/share/topic_publisher_pkg/hook/cmake_prefix_path.dsv'
[0.231s] INFO:colcon.colcon_core.shell:Creating environment hook '/home/sebastian/ros2_ws/install/topic_publisher_pkg/share/topic_publisher_pkg/hook/cmake_prefix_path.sh'
[0.231s] Level 1:colcon.colcon_core.environment:checking '/home/sebastian/ros2_ws/install/topic_publisher_pkg/lib'
[0.231s] Level 1:colcon.colcon_core.environment:checking '/home/sebastian/ros2_ws/install/topic_publisher_pkg/bin'
[0.231s] Level 1:colcon.colcon_core.environment:checking '/home/sebastian/ros2_ws/install/topic_publisher_pkg/lib/pkgconfig/topic_publisher_pkg.pc'
[0.232s] Level 1:colcon.colcon_core.environment:checking '/home/sebastian/ros2_ws/install/topic_publisher_pkg/lib/python3.10/site-packages'
[0.232s] Level 1:colcon.colcon_core.environment:checking '/home/sebastian/ros2_ws/install/topic_publisher_pkg/bin'
[0.232s] INFO:colcon.colcon_core.shell:Creating package script '/home/sebastian/ros2_ws/install/topic_publisher_pkg/share/topic_publisher_pkg/package.ps1'
[0.232s] INFO:colcon.colcon_core.shell:Creating package descriptor '/home/sebastian/ros2_ws/install/topic_publisher_pkg/share/topic_publisher_pkg/package.dsv'
[0.232s] INFO:colcon.colcon_core.shell:Creating package script '/home/sebastian/ros2_ws/install/topic_publisher_pkg/share/topic_publisher_pkg/package.sh'
[0.233s] INFO:colcon.colcon_core.shell:Creating package script '/home/sebastian/ros2_ws/install/topic_publisher_pkg/share/topic_publisher_pkg/package.bash'
[0.233s] INFO:colcon.colcon_core.shell:Creating package script '/home/sebastian/ros2_ws/install/topic_publisher_pkg/share/topic_publisher_pkg/package.zsh'
[0.233s] Level 1:colcon.colcon_core.environment:create_file_with_runtime_dependencies(/home/sebastian/ros2_ws/install/topic_publisher_pkg/share/colcon-core/packages/topic_publisher_pkg)
[0.234s] Level 1:colcon.colcon_core.environment:create_environment_scripts_only(topic_publisher_pkg)
[0.234s] Level 1:colcon.colcon_core.environment:checking '/home/sebastian/ros2_ws/install/topic_publisher_pkg' for CMake module files
[0.234s] Level 1:colcon.colcon_core.environment:checking '/home/sebastian/ros2_ws/install/topic_publisher_pkg' for CMake config files
[0.234s] Level 1:colcon.colcon_core.shell:create_environment_hook('topic_publisher_pkg', 'cmake_prefix_path')
[0.234s] INFO:colcon.colcon_core.shell:Creating environment hook '/home/sebastian/ros2_ws/install/topic_publisher_pkg/share/topic_publisher_pkg/hook/cmake_prefix_path.ps1'
[0.234s] INFO:colcon.colcon_core.shell:Creating environment descriptor '/home/sebastian/ros2_ws/install/topic_publisher_pkg/share/topic_publisher_pkg/hook/cmake_prefix_path.dsv'
[0.234s] INFO:colcon.colcon_core.shell:Creating environment hook '/home/sebastian/ros2_ws/install/topic_publisher_pkg/share/topic_publisher_pkg/hook/cmake_prefix_path.sh'
[0.235s] Level 1:colcon.colcon_core.environment:checking '/home/sebastian/ros2_ws/install/topic_publisher_pkg/lib'
[0.235s] Level 1:colcon.colcon_core.environment:checking '/home/sebastian/ros2_ws/install/topic_publisher_pkg/bin'
[0.235s] Level 1:colcon.colcon_core.environment:checking '/home/sebastian/ros2_ws/install/topic_publisher_pkg/lib/pkgconfig/topic_publisher_pkg.pc'
[0.235s] Level 1:colcon.colcon_core.environment:checking '/home/sebastian/ros2_ws/install/topic_publisher_pkg/lib/python3.10/site-packages'
[0.235s] Level 1:colcon.colcon_core.environment:checking '/home/sebastian/ros2_ws/install/topic_publisher_pkg/bin'
[0.235s] INFO:colcon.colcon_core.shell:Creating package script '/home/sebastian/ros2_ws/install/topic_publisher_pkg/share/topic_publisher_pkg/package.ps1'
[0.235s] INFO:colcon.colcon_core.shell:Creating package descriptor '/home/sebastian/ros2_ws/install/topic_publisher_pkg/share/topic_publisher_pkg/package.dsv'
[0.236s] INFO:colcon.colcon_core.shell:Creating package script '/home/sebastian/ros2_ws/install/topic_publisher_pkg/share/topic_publisher_pkg/package.sh'
[0.236s] INFO:colcon.colcon_core.shell:Creating package script '/home/sebastian/ros2_ws/install/topic_publisher_pkg/share/topic_publisher_pkg/package.bash'
[0.236s] INFO:colcon.colcon_core.shell:Creating package script '/home/sebastian/ros2_ws/install/topic_publisher_pkg/share/topic_publisher_pkg/package.zsh'
[0.236s] Level 1:colcon.colcon_core.environment:create_file_with_runtime_dependencies(/home/sebastian/ros2_ws/install/topic_publisher_pkg/share/colcon-core/packages/topic_publisher_pkg)
[1.165s] DEBUG:colcon.colcon_core.event_handler.log_command:Invoked command in '/home/sebastian/ros2_ws/build/custom_interfaces' returned '0': CMAKE_PREFIX_PATH=${CMAKE_PREFIX_PATH}:/opt/ros/humble /usr/bin/cmake --build /home/sebastian/ros2_ws/build/custom_interfaces -- -j20 -l20
[1.166s] DEBUG:colcon.colcon_core.event_handler.log_command:Invoking command in '/home/sebastian/ros2_ws/build/custom_interfaces': CMAKE_PREFIX_PATH=${CMAKE_PREFIX_PATH}:/opt/ros/humble /usr/bin/cmake --install /home/sebastian/ros2_ws/build/custom_interfaces
[1.207s] Level 1:colcon.colcon_core.environment:create_environment_scripts_only(custom_interfaces)
[1.207s] DEBUG:colcon.colcon_core.event_handler.log_command:Invoked command in '/home/sebastian/ros2_ws/build/custom_interfaces' returned '0': CMAKE_PREFIX_PATH=${CMAKE_PREFIX_PATH}:/opt/ros/humble /usr/bin/cmake --install /home/sebastian/ros2_ws/build/custom_interfaces
[1.207s] Level 1:colcon.colcon_core.environment:checking '/home/sebastian/ros2_ws/install/custom_interfaces' for CMake module files
[1.208s] Level 1:colcon.colcon_core.environment:checking '/home/sebastian/ros2_ws/install/custom_interfaces' for CMake config files
[1.208s] Level 1:colcon.colcon_core.shell:create_environment_hook('custom_interfaces', 'cmake_prefix_path')
[1.209s] INFO:colcon.colcon_core.shell:Creating environment hook '/home/sebastian/ros2_ws/install/custom_interfaces/share/custom_interfaces/hook/cmake_prefix_path.ps1'
[1.209s] INFO:colcon.colcon_core.shell:Creating environment descriptor '/home/sebastian/ros2_ws/install/custom_interfaces/share/custom_interfaces/hook/cmake_prefix_path.dsv'
[1.209s] INFO:colcon.colcon_core.shell:Creating environment hook '/home/sebastian/ros2_ws/install/custom_interfaces/share/custom_interfaces/hook/cmake_prefix_path.sh'
[1.210s] Level 1:colcon.colcon_core.environment:checking '/home/sebastian/ros2_ws/install/custom_interfaces/lib'
[1.210s] Level 1:colcon.colcon_core.shell:create_environment_hook('custom_interfaces', 'ld_library_path_lib')
[1.210s] INFO:colcon.colcon_core.shell:Creating environment hook '/home/sebastian/ros2_ws/install/custom_interfaces/share/custom_interfaces/hook/ld_library_path_lib.ps1'
[1.211s] INFO:colcon.colcon_core.shell:Creating environment descriptor '/home/sebastian/ros2_ws/install/custom_interfaces/share/custom_interfaces/hook/ld_library_path_lib.dsv'
[1.211s] INFO:colcon.colcon_core.shell:Creating environment hook '/home/sebastian/ros2_ws/install/custom_interfaces/share/custom_interfaces/hook/ld_library_path_lib.sh'
[1.211s] Level 1:colcon.colcon_core.environment:checking '/home/sebastian/ros2_ws/install/custom_interfaces/bin'
[1.211s] Level 1:colcon.colcon_core.environment:checking '/home/sebastian/ros2_ws/install/custom_interfaces/lib/pkgconfig/custom_interfaces.pc'
[1.212s] Level 1:colcon.colcon_core.environment:checking '/home/sebastian/ros2_ws/install/custom_interfaces/lib/python3.10/site-packages'
[1.212s] Level 1:colcon.colcon_core.environment:checking '/home/sebastian/ros2_ws/install/custom_interfaces/bin'
[1.212s] INFO:colcon.colcon_core.shell:Creating package script '/home/sebastian/ros2_ws/install/custom_interfaces/share/custom_interfaces/package.ps1'
[1.213s] INFO:colcon.colcon_core.shell:Creating package descriptor '/home/sebastian/ros2_ws/install/custom_interfaces/share/custom_interfaces/package.dsv'
[1.213s] INFO:colcon.colcon_core.shell:Creating package script '/home/sebastian/ros2_ws/install/custom_interfaces/share/custom_interfaces/package.sh'
[1.214s] INFO:colcon.colcon_core.shell:Creating package script '/home/sebastian/ros2_ws/install/custom_interfaces/share/custom_interfaces/package.bash'
[1.214s] INFO:colcon.colcon_core.shell:Creating package script '/home/sebastian/ros2_ws/install/custom_interfaces/share/custom_interfaces/package.zsh'
[1.214s] Level 1:colcon.colcon_core.environment:create_file_with_runtime_dependencies(/home/sebastian/ros2_ws/install/custom_interfaces/share/colcon-core/packages/custom_interfaces)
[1.215s] Level 1:colcon.colcon_core.environment:create_environment_scripts_only(custom_interfaces)
[1.215s] Level 1:colcon.colcon_core.environment:checking '/home/sebastian/ros2_ws/install/custom_interfaces' for CMake module files
[1.216s] Level 1:colcon.colcon_core.environment:checking '/home/sebastian/ros2_ws/install/custom_interfaces' for CMake config files
[1.216s] Level 1:colcon.colcon_core.shell:create_environment_hook('custom_interfaces', 'cmake_prefix_path')
[1.216s] INFO:colcon.colcon_core.shell:Creating environment hook '/home/sebastian/ros2_ws/install/custom_interfaces/share/custom_interfaces/hook/cmake_prefix_path.ps1'
[1.217s] INFO:colcon.colcon_core.shell:Creating environment descriptor '/home/sebastian/ros2_ws/install/custom_interfaces/share/custom_interfaces/hook/cmake_prefix_path.dsv'
[1.217s] INFO:colcon.colcon_core.shell:Creating environment hook '/home/sebastian/ros2_ws/install/custom_interfaces/share/custom_interfaces/hook/cmake_prefix_path.sh'
[1.218s] Level 1:colcon.colcon_core.environment:checking '/home/sebastian/ros2_ws/install/custom_interfaces/lib'
[1.218s] Level 1:colcon.colcon_core.shell:create_environment_hook('custom_interfaces', 'ld_library_path_lib')
[1.218s] INFO:colcon.colcon_core.shell:Creating environment hook '/home/sebastian/ros2_ws/install/custom_interfaces/share/custom_interfaces/hook/ld_library_path_lib.ps1'
[1.218s] INFO:colcon.colcon_core.shell:Creating environment descriptor '/home/sebastian/ros2_ws/install/custom_interfaces/share/custom_interfaces/hook/ld_library_path_lib.dsv'
[1.218s] INFO:colcon.colcon_core.shell:Creating environment hook '/home/sebastian/ros2_ws/install/custom_interfaces/share/custom_interfaces/hook/ld_library_path_lib.sh'
[1.219s] Level 1:colcon.colcon_core.environment:checking '/home/sebastian/ros2_ws/install/custom_interfaces/bin'
[1.219s] Level 1:colcon.colcon_core.environment:checking '/home/sebastian/ros2_ws/install/custom_interfaces/lib/pkgconfig/custom_interfaces.pc'
[1.219s] Level 1:colcon.colcon_core.environment:checking '/home/sebastian/ros2_ws/install/custom_interfaces/lib/python3.10/site-packages'
[1.219s] Level 1:colcon.colcon_core.environment:checking '/home/sebastian/ros2_ws/install/custom_interfaces/bin'
[1.219s] INFO:colcon.colcon_core.shell:Creating package script '/home/sebastian/ros2_ws/install/custom_interfaces/share/custom_interfaces/package.ps1'
[1.220s] INFO:colcon.colcon_core.shell:Creating package descriptor '/home/sebastian/ros2_ws/install/custom_interfaces/share/custom_interfaces/package.dsv'
[1.220s] INFO:colcon.colcon_core.shell:Creating package script '/home/sebastian/ros2_ws/install/custom_interfaces/share/custom_interfaces/package.sh'
[1.220s] INFO:colcon.colcon_core.shell:Creating package script '/home/sebastian/ros2_ws/install/custom_interfaces/share/custom_interfaces/package.bash'
[1.220s] INFO:colcon.colcon_core.shell:Creating package script '/home/sebastian/ros2_ws/install/custom_interfaces/share/custom_interfaces/package.zsh'
[1.221s] Level 1:colcon.colcon_core.environment:create_file_with_runtime_dependencies(/home/sebastian/ros2_ws/install/custom_interfaces/share/colcon-core/packages/custom_interfaces)
[1.221s] INFO:colcon.colcon_ros.task.ament_cmake.build:Building ROS package in '/home/sebastian/ros2_ws/src/circle_wall_actions_pkg' with build type 'ament_cmake'
[1.221s] INFO:colcon.colcon_cmake.task.cmake.build:Building CMake package in '/home/sebastian/ros2_ws/src/circle_wall_actions_pkg'
[1.221s] INFO:colcon.colcon_core.shell:Skip shell extension 'powershell' for command environment: Not usable outside of PowerShell
[1.221s] DEBUG:colcon.colcon_core.shell:Skip shell extension 'dsv' for command environment
[1.227s] DEBUG:colcon.colcon_core.event_handler.log_command:Invoking command in '/home/sebastian/ros2_ws/build/circle_wall_actions_pkg': CMAKE_PREFIX_PATH=/home/sebastian/ros2_ws/install/custom_interfaces:/home/sebastian/ros2_ws/install/topic_publisher_pkg:/opt/ros/humble /usr/bin/cmake --build /home/sebastian/ros2_ws/build/circle_wall_actions_pkg -- -j20 -l20
[1.411s] DEBUG:colcon.colcon_core.event_handler.log_command:Invoked command in '/home/sebastian/ros2_ws/build/circle_wall_actions_pkg' returned '2': CMAKE_PREFIX_PATH=/home/sebastian/ros2_ws/install/custom_interfaces:/home/sebastian/ros2_ws/install/topic_publisher_pkg:/opt/ros/humble /usr/bin/cmake --build /home/sebastian/ros2_ws/build/circle_wall_actions_pkg -- -j20 -l20
[1.411s] Level 1:colcon.colcon_core.environment:create_environment_scripts_only(circle_wall_actions_pkg)
[1.411s] Level 1:colcon.colcon_core.environment:checking '/home/sebastian/ros2_ws/install/circle_wall_actions_pkg' for CMake module files
[1.411s] Level 1:colcon.colcon_core.environment:checking '/home/sebastian/ros2_ws/install/circle_wall_actions_pkg' for CMake config files
[1.411s] Level 1:colcon.colcon_core.environment:checking '/home/sebastian/ros2_ws/install/circle_wall_actions_pkg/bin'
[1.411s] Level 1:colcon.colcon_core.environment:checking '/home/sebastian/ros2_ws/install/circle_wall_actions_pkg/lib/pkgconfig/circle_wall_actions_pkg.pc'
[1.412s] Level 1:colcon.colcon_core.environment:checking '/home/sebastian/ros2_ws/install/circle_wall_actions_pkg/lib/python3.10/site-packages'
[1.412s] Level 1:colcon.colcon_core.environment:checking '/home/sebastian/ros2_ws/install/circle_wall_actions_pkg/bin'
[1.412s] INFO:colcon.colcon_core.shell:Creating package script '/home/sebastian/ros2_ws/install/circle_wall_actions_pkg/share/circle_wall_actions_pkg/package.ps1'
[1.412s] INFO:colcon.colcon_core.shell:Creating package descriptor '/home/sebastian/ros2_ws/install/circle_wall_actions_pkg/share/circle_wall_actions_pkg/package.dsv'
[1.412s] INFO:colcon.colcon_core.shell:Creating package script '/home/sebastian/ros2_ws/install/circle_wall_actions_pkg/share/circle_wall_actions_pkg/package.sh'
[1.412s] INFO:colcon.colcon_core.shell:Creating package script '/home/sebastian/ros2_ws/install/circle_wall_actions_pkg/share/circle_wall_actions_pkg/package.bash'
[1.413s] INFO:colcon.colcon_core.shell:Creating package script '/home/sebastian/ros2_ws/install/circle_wall_actions_pkg/share/circle_wall_actions_pkg/package.zsh'
[1.413s] Level 1:colcon.colcon_core.environment:create_file_with_runtime_dependencies(/home/sebastian/ros2_ws/install/circle_wall_actions_pkg/share/colcon-core/packages/circle_wall_actions_pkg)
[1.423s] DEBUG:colcon.colcon_parallel_executor.executor.parallel:closing loop
[1.423s] DEBUG:colcon.colcon_parallel_executor.executor.parallel:loop closed
[1.423s] DEBUG:colcon.colcon_parallel_executor.executor.parallel:run_until_complete finished with '2'
[1.423s] DEBUG:colcon.colcon_core.event_reactor:joining thread
[1.429s] INFO:colcon.colcon_core.plugin_system:Skipping extension 'colcon_notification.desktop_notification.terminal_notifier': Not used on non-Darwin systems
[1.429s] INFO:colcon.colcon_core.plugin_system:Skipping extension 'colcon_notification.desktop_notification.win32': Not used on non-Windows systems
[1.429s] INFO:colcon.colcon_notification.desktop_notification:Sending desktop notification using 'notify2'
[1.436s] DEBUG:colcon.colcon_core.event_reactor:joined thread
[1.436s] INFO:colcon.colcon_core.shell:Creating prefix script '/home/sebastian/ros2_ws/install/local_setup.ps1'
[1.436s] INFO:colcon.colcon_core.shell:Creating prefix util module '/home/sebastian/ros2_ws/install/_local_setup_util_ps1.py'
[1.437s] INFO:colcon.colcon_core.shell:Creating prefix chain script '/home/sebastian/ros2_ws/install/setup.ps1'
[1.438s] INFO:colcon.colcon_core.shell:Creating prefix script '/home/sebastian/ros2_ws/install/local_setup.sh'
[1.438s] INFO:colcon.colcon_core.shell:Creating prefix util module '/home/sebastian/ros2_ws/install/_local_setup_util_sh.py'
[1.438s] INFO:colcon.colcon_core.shell:Creating prefix chain script '/home/sebastian/ros2_ws/install/setup.sh'
[1.439s] INFO:colcon.colcon_core.shell:Creating prefix script '/home/sebastian/ros2_ws/install/local_setup.bash'
[1.439s] INFO:colcon.colcon_core.shell:Creating prefix chain script '/home/sebastian/ros2_ws/install/setup.bash'
[1.439s] INFO:colcon.colcon_core.shell:Creating prefix script '/home/sebastian/ros2_ws/install/local_setup.zsh'
[1.439s] INFO:colcon.colcon_core.shell:Creating prefix chain script '/home/sebastian/ros2_ws/install/setup.zsh'
