[0.000000] (-) TimerEvent: {}
[0.000665] (custom_interfaces) JobQueued: {'identifier': 'custom_interfaces', 'dependencies': OrderedDict()}
[0.000776] (tracking_robot_pkg) JobQueued: {'identifier': 'tracking_robot_pkg', 'dependencies': OrderedDict([('custom_interfaces', '/workspaces/isaac_ros-dev/src/ros2_ws/install/custom_interfaces')])}
[0.001382] (custom_interfaces) JobStarted: {'identifier': 'custom_interfaces'}
[0.019705] (custom_interfaces) JobProgress: {'identifier': 'custom_interfaces', 'progress': 'cmake'}
[0.021030] (custom_interfaces) JobProgress: {'identifier': 'custom_interfaces', 'progress': 'build'}
[0.022422] (custom_interfaces) Command: {'cmd': ['/usr/bin/cmake', '--build', '/workspaces/isaac_ros-dev/src/ros2_ws/build/custom_interfaces', '--', '-j6', '-l6'], 'cwd': '/workspaces/isaac_ros-dev/src/ros2_ws/build/custom_interfaces', 'env': OrderedDict([('LIBRARY_PATH', '/usr/local/cuda/lib64/stubs'), ('PYTHONWARNINGS', 'ignore:::setuptools.command.install,ignore:::setuptools.command.easy_install,ignore:::pkg_resources,ignore:::setuptools.command.develop'), ('NV_LIBCUBLAS_VERSION', '12.6.1.4-1'), ('TMUX', '/tmp/tmux-1000/default,6475,0'), ('USER', 'boss_bros'), ('NV_CUDA_NSIGHT_COMPUTE_VERSION', '12.6.11-1'), ('HOSTNAME', 'bossbros-desktop'), ('SHLVL', '2'), ('LD_LIBRARY_PATH', '/opt/ros/humble/opt/rviz_ogre_vendor/lib:/opt/ros/humble/lib/aarch64-linux-gnu:/opt/ros/humble/lib:/usr/lib/aarch64-linux-gnu/tegra/weston:/usr/lib/aarch64-linux-gnu/tegra-egl:/usr/local/cuda-12.6/targets/aarch64-linux/lib:/usr/lib/aarch64-linux-gnu/tegra:/opt/nvidia/vpi3/lib64:/usr/local/libcudss-linux-0.3.0.9_cuda12-archive/lib:/usr/local/nvidia/lib:/usr/local/nvidia/lib64:/usr/lib/aarch64-linux-gnu-host:/opt/tritonserver/lib'), ('HOME', '/home/admin'), ('OLDPWD', '/workspaces/isaac_ros-dev'), ('TERM_PROGRAM_VERSION', '3.2a'), ('HOST_USER_GID', '1000'), ('NV_LIBCUBLAS_DEV_VERSION', '12.6.1.4-1'), ('JETSON_L4T', '36.4.3'), ('ROS_PYTHON_VERSION', '3'), ('JETSON_MODEL', 'NVIDIA Jetson Orin Nano Engineering Reference Developer Kit Super'), ('NVIDIA_PVA_DEVICE', 'all'), ('NV_LIBNPP_PACKAGE', 'libnpp-12-6=12.3.1.54-1'), ('CUDA_VERSION', '12.6.11'), ('ROS_DISTRO', 'humble'), ('NV_LIBCUBLAS_PACKAGE_NAME', 'libcublas-12-6'), ('NVIDIA_REQUIRE_CUDA', 'cuda>=12.6'), ('JETSON_MODULE', ''), ('JETSON_SERIAL_NUMBER', '1423024354350'), ('_', '/usr/bin/colcon'), ('ROS_VERSION', '2'), ('NV_LIBCUSPARSE_VERSION', '12.5.3.3-1'), ('NVIDIA_DRIVER_CAPABILITIES', 'all'), ('NV_CUDA_LIB_VERSION', '12.6.11-1'), ('NV_NVML_DEV_VERSION', '12.6.68-1'), ('USERNAME', 'admin'), ('NV_LIBNPP_DEV_PACKAGE', 'libnpp-dev-12-6=12.3.1.54-1'), ('TERM', 'screen'), ('ISAAC_ROS_WS', '/workspaces/isaac_ros-dev'), ('NV_CUDA_CUDART_VERSION', '12.6.68-1'), ('ROS_LOCALHOST_ONLY', '0'), ('PATH', '/opt/ros/humble/bin:/opt/ros/humble/vcstool/scripts:/usr/local/nvidia/bin:/usr/local/cuda/bin:/usr/src/tensorrt/bin:/usr/local/nvidia/bin:/usr/local/cuda/bin:/usr/local/sbin:/usr/local/bin:/usr/sbin:/usr/bin:/sbin:/bin'), ('NV_LIBCUBLAS_DEV_PACKAGE_NAME', 'libcublas-dev-12-6'), ('NV_LIBCUBLAS_PACKAGE', 'libcublas-12-6=12.6.1.4-1'), ('HOST_USER_UID', '1000'), ('NVARCH', 'arm64'), ('CUDSS_DIR', '/usr/local/libcudss-linux-0.3.0.9_cuda12-archive'), ('NV_LIBCUSPARSE_DEV_VERSION', '12.5.3.3-1'), ('DISPLAY', ':1'), ('NVIDIA_PRODUCT_NAME', 'CUDA'), ('LANG', 'en_US.UTF-8'), ('RMW_IMPLEMENTATION', 'rmw_fastrtps_cpp'), ('NV_CUDA_CUDART_DEV_VERSION', '12.6.68-1'), ('JETSON_SOC', 'tegra234'), ('ROS_ROOT', '/opt/ros/humble'), ('TERM_PROGRAM', 'tmux'), ('SSH_AUTH_SOCK', '/ssh-agent'), ('AMENT_PREFIX_PATH', '/opt/ros/humble'), ('DEBIAN_FRONTEND', 'noninteractive'), ('SHELL', '/bin/bash'), ('TRT_INCLUDE_PATH', '/usr/include/aarch64-linux-gnu'), ('NV_LIBCUBLAS_DEV_PACKAGE', 'libcublas-dev-12-6=12.6.1.4-1'), ('NV_CUDA_NSIGHT_COMPUTE_DEV_PACKAGE', 'cuda-nsight-compute-12-6=12.6.11-1'), ('NVIDIA_REQUIRE_JETPACK_HOST_MOUNTS', 'base-only'), ('NV_NVTX_VERSION', '12.6.68-1'), ('NV_LIBNPP_VERSION', '12.3.1.54-1'), ('JETSON_CUDA_ARCH_BIN', '8.7'), ('PWD', '/workspaces/isaac_ros-dev/src/ros2_ws/build/custom_interfaces'), ('PYTHONPATH', '/opt/ros/humble/lib/python3.10/site-packages:/opt/ros/humble/local/lib/python3.10/dist-packages:/opt/ros/humble/vcstool:'), ('NVIDIA_VISIBLE_DEVICES', 'void'), ('COLCON', '1'), ('NV_LIBNPP_DEV_VERSION', '12.3.1.54-1'), ('TMUX_PANE', '%0'), ('JETSON_JETPACK', '6.2'), ('CMAKE_PREFIX_PATH', '/usr/local/libcudss-linux-0.3.0.9_cuda12-archive::/opt/ros/humble'), ('TRT_LIB_PATH', '/usr/lib/aarch64-linux-gnu')]), 'shell': False}
[0.099449] (-) TimerEvent: {}
[0.136959] (custom_interfaces) StdoutLine: {'line': b'[  3%] Built target custom_interfaces__cpp\n'}
[0.140406] (custom_interfaces) StdoutLine: {'line': b'[ 12%] Built target custom_interfaces__rosidl_generator_c\n'}
[0.165020] (custom_interfaces) StdoutLine: {'line': b'[ 12%] Built target ament_cmake_python_copy_custom_interfaces\n'}
[0.195570] (custom_interfaces) StdoutLine: {'line': b'[ 41%] Built target custom_interfaces__rosidl_typesupport_introspection_c\n'}
[0.196072] (custom_interfaces) StdoutLine: {'line': b'[ 41%] Built target custom_interfaces__rosidl_typesupport_cpp\n'}
[0.196424] (custom_interfaces) StdoutLine: {'line': b'[ 41%] Built target custom_interfaces__rosidl_typesupport_introspection_cpp\n'}
[0.199216] (custom_interfaces) StdoutLine: {'line': b'[ 61%] Built target custom_interfaces__rosidl_typesupport_fastrtps_c\n'}
[0.199613] (-) TimerEvent: {}
[0.199902] (custom_interfaces) StdoutLine: {'line': b'[ 61%] Built target custom_interfaces__rosidl_typesupport_fastrtps_cpp\n'}
[0.218998] (custom_interfaces) StdoutLine: {'line': b'[ 70%] Built target custom_interfaces__rosidl_typesupport_c\n'}
[0.271353] (custom_interfaces) StdoutLine: {'line': b'[ 70%] Built target custom_interfaces\n'}
[0.299830] (-) TimerEvent: {}
[0.319857] (custom_interfaces) StdoutLine: {'line': b'[ 74%] Built target custom_interfaces__py\n'}
[0.372470] (custom_interfaces) StdoutLine: {'line': b'[ 80%] Built target custom_interfaces__rosidl_generator_py\n'}
[0.400000] (-) TimerEvent: {}
[0.426329] (custom_interfaces) StdoutLine: {'line': b'[100%] Built target custom_interfaces__rosidl_typesupport_fastrtps_c__pyext\n'}
[0.426822] (custom_interfaces) StdoutLine: {'line': b'[100%] Built target custom_interfaces__rosidl_typesupport_c__pyext\n'}
[0.427018] (custom_interfaces) StdoutLine: {'line': b'[100%] Built target custom_interfaces__rosidl_typesupport_introspection_c__pyext\n'}
[0.500188] (-) TimerEvent: {}
[0.600950] (-) TimerEvent: {}
[0.701696] (-) TimerEvent: {}
[0.802467] (-) TimerEvent: {}
[0.903200] (-) TimerEvent: {}
[1.003920] (-) TimerEvent: {}
[1.104641] (-) TimerEvent: {}
[1.174627] (custom_interfaces) StdoutLine: {'line': b'running egg_info\n'}
[1.204730] (-) TimerEvent: {}
[1.222340] (custom_interfaces) StdoutLine: {'line': b'writing custom_interfaces.egg-info/PKG-INFO\n'}
[1.223018] (custom_interfaces) StdoutLine: {'line': b'writing dependency_links to custom_interfaces.egg-info/dependency_links.txt\n'}
[1.223669] (custom_interfaces) StdoutLine: {'line': b'writing top-level names to custom_interfaces.egg-info/top_level.txt\n'}
[1.304919] (-) TimerEvent: {}
[1.405633] (-) TimerEvent: {}
[1.506349] (-) TimerEvent: {}
[1.606983] (-) TimerEvent: {}
[1.707804] (-) TimerEvent: {}
[1.808613] (-) TimerEvent: {}
[1.853770] (custom_interfaces) StdoutLine: {'line': b"writing manifest file 'custom_interfaces.egg-info/SOURCES.txt'\n"}
[1.908737] (-) TimerEvent: {}
[1.982162] (custom_interfaces) StdoutLine: {'line': b'[100%] Built target ament_cmake_python_build_custom_interfaces_egg\n'}
[2.009317] (custom_interfaces) CommandEnded: {'returncode': 0}
[2.010731] (-) TimerEvent: {}
[2.012104] (custom_interfaces) JobProgress: {'identifier': 'custom_interfaces', 'progress': 'install'}
[2.033566] (custom_interfaces) Command: {'cmd': ['/usr/bin/cmake', '--install', '/workspaces/isaac_ros-dev/src/ros2_ws/build/custom_interfaces'], 'cwd': '/workspaces/isaac_ros-dev/src/ros2_ws/build/custom_interfaces', 'env': OrderedDict([('LIBRARY_PATH', '/usr/local/cuda/lib64/stubs'), ('PYTHONWARNINGS', 'ignore:::setuptools.command.install,ignore:::setuptools.command.easy_install,ignore:::pkg_resources,ignore:::setuptools.command.develop'), ('NV_LIBCUBLAS_VERSION', '12.6.1.4-1'), ('TMUX', '/tmp/tmux-1000/default,6475,0'), ('USER', 'boss_bros'), ('NV_CUDA_NSIGHT_COMPUTE_VERSION', '12.6.11-1'), ('HOSTNAME', 'bossbros-desktop'), ('SHLVL', '2'), ('LD_LIBRARY_PATH', '/opt/ros/humble/opt/rviz_ogre_vendor/lib:/opt/ros/humble/lib/aarch64-linux-gnu:/opt/ros/humble/lib:/usr/lib/aarch64-linux-gnu/tegra/weston:/usr/lib/aarch64-linux-gnu/tegra-egl:/usr/local/cuda-12.6/targets/aarch64-linux/lib:/usr/lib/aarch64-linux-gnu/tegra:/opt/nvidia/vpi3/lib64:/usr/local/libcudss-linux-0.3.0.9_cuda12-archive/lib:/usr/local/nvidia/lib:/usr/local/nvidia/lib64:/usr/lib/aarch64-linux-gnu-host:/opt/tritonserver/lib'), ('HOME', '/home/admin'), ('OLDPWD', '/workspaces/isaac_ros-dev'), ('TERM_PROGRAM_VERSION', '3.2a'), ('HOST_USER_GID', '1000'), ('NV_LIBCUBLAS_DEV_VERSION', '12.6.1.4-1'), ('JETSON_L4T', '36.4.3'), ('ROS_PYTHON_VERSION', '3'), ('JETSON_MODEL', 'NVIDIA Jetson Orin Nano Engineering Reference Developer Kit Super'), ('NVIDIA_PVA_DEVICE', 'all'), ('NV_LIBNPP_PACKAGE', 'libnpp-12-6=12.3.1.54-1'), ('CUDA_VERSION', '12.6.11'), ('ROS_DISTRO', 'humble'), ('NV_LIBCUBLAS_PACKAGE_NAME', 'libcublas-12-6'), ('NVIDIA_REQUIRE_CUDA', 'cuda>=12.6'), ('JETSON_MODULE', ''), ('JETSON_SERIAL_NUMBER', '1423024354350'), ('_', '/usr/bin/colcon'), ('ROS_VERSION', '2'), ('NV_LIBCUSPARSE_VERSION', '12.5.3.3-1'), ('NVIDIA_DRIVER_CAPABILITIES', 'all'), ('NV_CUDA_LIB_VERSION', '12.6.11-1'), ('NV_NVML_DEV_VERSION', '12.6.68-1'), ('USERNAME', 'admin'), ('NV_LIBNPP_DEV_PACKAGE', 'libnpp-dev-12-6=12.3.1.54-1'), ('TERM', 'screen'), ('ISAAC_ROS_WS', '/workspaces/isaac_ros-dev'), ('NV_CUDA_CUDART_VERSION', '12.6.68-1'), ('ROS_LOCALHOST_ONLY', '0'), ('PATH', '/opt/ros/humble/bin:/opt/ros/humble/vcstool/scripts:/usr/local/nvidia/bin:/usr/local/cuda/bin:/usr/src/tensorrt/bin:/usr/local/nvidia/bin:/usr/local/cuda/bin:/usr/local/sbin:/usr/local/bin:/usr/sbin:/usr/bin:/sbin:/bin'), ('NV_LIBCUBLAS_DEV_PACKAGE_NAME', 'libcublas-dev-12-6'), ('NV_LIBCUBLAS_PACKAGE', 'libcublas-12-6=12.6.1.4-1'), ('HOST_USER_UID', '1000'), ('NVARCH', 'arm64'), ('CUDSS_DIR', '/usr/local/libcudss-linux-0.3.0.9_cuda12-archive'), ('NV_LIBCUSPARSE_DEV_VERSION', '12.5.3.3-1'), ('DISPLAY', ':1'), ('NVIDIA_PRODUCT_NAME', 'CUDA'), ('LANG', 'en_US.UTF-8'), ('RMW_IMPLEMENTATION', 'rmw_fastrtps_cpp'), ('NV_CUDA_CUDART_DEV_VERSION', '12.6.68-1'), ('JETSON_SOC', 'tegra234'), ('ROS_ROOT', '/opt/ros/humble'), ('TERM_PROGRAM', 'tmux'), ('SSH_AUTH_SOCK', '/ssh-agent'), ('AMENT_PREFIX_PATH', '/opt/ros/humble'), ('DEBIAN_FRONTEND', 'noninteractive'), ('SHELL', '/bin/bash'), ('TRT_INCLUDE_PATH', '/usr/include/aarch64-linux-gnu'), ('NV_LIBCUBLAS_DEV_PACKAGE', 'libcublas-dev-12-6=12.6.1.4-1'), ('NV_CUDA_NSIGHT_COMPUTE_DEV_PACKAGE', 'cuda-nsight-compute-12-6=12.6.11-1'), ('NVIDIA_REQUIRE_JETPACK_HOST_MOUNTS', 'base-only'), ('NV_NVTX_VERSION', '12.6.68-1'), ('NV_LIBNPP_VERSION', '12.3.1.54-1'), ('JETSON_CUDA_ARCH_BIN', '8.7'), ('PWD', '/workspaces/isaac_ros-dev/src/ros2_ws/build/custom_interfaces'), ('PYTHONPATH', '/opt/ros/humble/lib/python3.10/site-packages:/opt/ros/humble/local/lib/python3.10/dist-packages:/opt/ros/humble/vcstool:'), ('NVIDIA_VISIBLE_DEVICES', 'void'), ('COLCON', '1'), ('NV_LIBNPP_DEV_VERSION', '12.3.1.54-1'), ('TMUX_PANE', '%0'), ('JETSON_JETPACK', '6.2'), ('CMAKE_PREFIX_PATH', '/usr/local/libcudss-linux-0.3.0.9_cuda12-archive::/opt/ros/humble'), ('TRT_LIB_PATH', '/usr/lib/aarch64-linux-gnu')]), 'shell': False}
[2.054783] (custom_interfaces) StdoutLine: {'line': b'-- Install configuration: ""\n'}
[2.055320] (custom_interfaces) StdoutLine: {'line': b'-- Up-to-date: /workspaces/isaac_ros-dev/src/ros2_ws/install/custom_interfaces/share/ament_index/resource_index/rosidl_interfaces/custom_interfaces\n'}
[2.055738] (custom_interfaces) StdoutLine: {'line': b'-- Up-to-date: /workspaces/isaac_ros-dev/src/ros2_ws/install/custom_interfaces/include/custom_interfaces/custom_interfaces\n'}
[2.056104] (custom_interfaces) StdoutLine: {'line': b'-- Up-to-date: /workspaces/isaac_ros-dev/src/ros2_ws/install/custom_interfaces/include/custom_interfaces/custom_interfaces/action\n'}
[2.056471] (custom_interfaces) StdoutLine: {'line': b'-- Up-to-date: /workspaces/isaac_ros-dev/src/ros2_ws/install/custom_interfaces/include/custom_interfaces/custom_interfaces/action/tracking_robot.h\n'}
[2.057211] (custom_interfaces) StdoutLine: {'line': b'-- Up-to-date: /workspaces/isaac_ros-dev/src/ros2_ws/install/custom_interfaces/include/custom_interfaces/custom_interfaces/action/detail\n'}
[2.057582] (custom_interfaces) StdoutLine: {'line': b'-- Up-to-date: /workspaces/isaac_ros-dev/src/ros2_ws/install/custom_interfaces/include/custom_interfaces/custom_interfaces/action/detail/tracking_robot__functions.c\n'}
[2.058037] (custom_interfaces) StdoutLine: {'line': b'-- Up-to-date: /workspaces/isaac_ros-dev/src/ros2_ws/install/custom_interfaces/include/custom_interfaces/custom_interfaces/action/detail/tracking_robot__type_support.h\n'}
[2.058357] (custom_interfaces) StdoutLine: {'line': b'-- Up-to-date: /workspaces/isaac_ros-dev/src/ros2_ws/install/custom_interfaces/include/custom_interfaces/custom_interfaces/action/detail/tracking_robot__functions.h\n'}
[2.058609] (custom_interfaces) StdoutLine: {'line': b'-- Up-to-date: /workspaces/isaac_ros-dev/src/ros2_ws/install/custom_interfaces/include/custom_interfaces/custom_interfaces/action/detail/tracking_robot__struct.h\n'}
[2.058901] (custom_interfaces) StdoutLine: {'line': b'-- Up-to-date: /workspaces/isaac_ros-dev/src/ros2_ws/install/custom_interfaces/include/custom_interfaces/custom_interfaces/msg\n'}
[2.059236] (custom_interfaces) StdoutLine: {'line': b'-- Up-to-date: /workspaces/isaac_ros-dev/src/ros2_ws/install/custom_interfaces/include/custom_interfaces/custom_interfaces/msg/rosidl_generator_c__visibility_control.h\n'}
[2.059632] (custom_interfaces) StdoutLine: {'line': b'-- Up-to-date: /workspaces/isaac_ros-dev/src/ros2_ws/install/custom_interfaces/share/custom_interfaces/environment/library_path.sh\n'}
[2.060054] (custom_interfaces) StdoutLine: {'line': b'-- Up-to-date: /workspaces/isaac_ros-dev/src/ros2_ws/install/custom_interfaces/share/custom_interfaces/environment/library_path.dsv\n'}
[2.060356] (custom_interfaces) StdoutLine: {'line': b'-- Up-to-date: /workspaces/isaac_ros-dev/src/ros2_ws/install/custom_interfaces/lib/libcustom_interfaces__rosidl_generator_c.so\n'}
[2.060650] (custom_interfaces) StdoutLine: {'line': b'-- Up-to-date: /workspaces/isaac_ros-dev/src/ros2_ws/install/custom_interfaces/include/custom_interfaces/custom_interfaces\n'}
[2.061005] (custom_interfaces) StdoutLine: {'line': b'-- Up-to-date: /workspaces/isaac_ros-dev/src/ros2_ws/install/custom_interfaces/include/custom_interfaces/custom_interfaces/action\n'}
[2.061295] (custom_interfaces) StdoutLine: {'line': b'-- Up-to-date: /workspaces/isaac_ros-dev/src/ros2_ws/install/custom_interfaces/include/custom_interfaces/custom_interfaces/action/detail\n'}
[2.061580] (custom_interfaces) StdoutLine: {'line': b'-- Up-to-date: /workspaces/isaac_ros-dev/src/ros2_ws/install/custom_interfaces/include/custom_interfaces/custom_interfaces/action/detail/tracking_robot__rosidl_typesupport_fastrtps_c.h\n'}
[2.061880] (custom_interfaces) StdoutLine: {'line': b'-- Up-to-date: /workspaces/isaac_ros-dev/src/ros2_ws/install/custom_interfaces/include/custom_interfaces/custom_interfaces/msg\n'}
[2.062187] (custom_interfaces) StdoutLine: {'line': b'-- Up-to-date: /workspaces/isaac_ros-dev/src/ros2_ws/install/custom_interfaces/include/custom_interfaces/custom_interfaces/msg/rosidl_typesupport_fastrtps_c__visibility_control.h\n'}
[2.062538] (custom_interfaces) StdoutLine: {'line': b'-- Up-to-date: /workspaces/isaac_ros-dev/src/ros2_ws/install/custom_interfaces/lib/libcustom_interfaces__rosidl_typesupport_fastrtps_c.so\n'}
[2.062782] (custom_interfaces) StdoutLine: {'line': b'-- Up-to-date: /workspaces/isaac_ros-dev/src/ros2_ws/install/custom_interfaces/include/custom_interfaces/custom_interfaces\n'}
[2.063074] (custom_interfaces) StdoutLine: {'line': b'-- Up-to-date: /workspaces/isaac_ros-dev/src/ros2_ws/install/custom_interfaces/include/custom_interfaces/custom_interfaces/action\n'}
[2.063356] (custom_interfaces) StdoutLine: {'line': b'-- Up-to-date: /workspaces/isaac_ros-dev/src/ros2_ws/install/custom_interfaces/include/custom_interfaces/custom_interfaces/action/detail\n'}
[2.063645] (custom_interfaces) StdoutLine: {'line': b'-- Up-to-date: /workspaces/isaac_ros-dev/src/ros2_ws/install/custom_interfaces/include/custom_interfaces/custom_interfaces/action/detail/tracking_robot__rosidl_typesupport_introspection_c.h\n'}
[2.064002] (custom_interfaces) StdoutLine: {'line': b'-- Up-to-date: /workspaces/isaac_ros-dev/src/ros2_ws/install/custom_interfaces/include/custom_interfaces/custom_interfaces/action/detail/tracking_robot__type_support.c\n'}
[2.064437] (custom_interfaces) StdoutLine: {'line': b'-- Up-to-date: /workspaces/isaac_ros-dev/src/ros2_ws/install/custom_interfaces/include/custom_interfaces/custom_interfaces/msg\n'}
[2.064722] (custom_interfaces) StdoutLine: {'line': b'-- Up-to-date: /workspaces/isaac_ros-dev/src/ros2_ws/install/custom_interfaces/include/custom_interfaces/custom_interfaces/msg/rosidl_typesupport_introspection_c__visibility_control.h\n'}
[2.064952] (custom_interfaces) StdoutLine: {'line': b'-- Up-to-date: /workspaces/isaac_ros-dev/src/ros2_ws/install/custom_interfaces/lib/libcustom_interfaces__rosidl_typesupport_introspection_c.so\n'}
[2.065175] (custom_interfaces) StdoutLine: {'line': b'-- Up-to-date: /workspaces/isaac_ros-dev/src/ros2_ws/install/custom_interfaces/lib/libcustom_interfaces__rosidl_typesupport_c.so\n'}
[2.065394] (custom_interfaces) StdoutLine: {'line': b'-- Up-to-date: /workspaces/isaac_ros-dev/src/ros2_ws/install/custom_interfaces/include/custom_interfaces/custom_interfaces\n'}
[2.065611] (custom_interfaces) StdoutLine: {'line': b'-- Up-to-date: /workspaces/isaac_ros-dev/src/ros2_ws/install/custom_interfaces/include/custom_interfaces/custom_interfaces/action\n'}
[2.065858] (custom_interfaces) StdoutLine: {'line': b'-- Up-to-date: /workspaces/isaac_ros-dev/src/ros2_ws/install/custom_interfaces/include/custom_interfaces/custom_interfaces/action/tracking_robot.hpp\n'}
[2.066097] (custom_interfaces) StdoutLine: {'line': b'-- Up-to-date: /workspaces/isaac_ros-dev/src/ros2_ws/install/custom_interfaces/include/custom_interfaces/custom_interfaces/action/detail\n'}
[2.066317] (custom_interfaces) StdoutLine: {'line': b'-- Up-to-date: /workspaces/isaac_ros-dev/src/ros2_ws/install/custom_interfaces/include/custom_interfaces/custom_interfaces/action/detail/tracking_robot__type_support.hpp\n'}
[2.066535] (custom_interfaces) StdoutLine: {'line': b'-- Up-to-date: /workspaces/isaac_ros-dev/src/ros2_ws/install/custom_interfaces/include/custom_interfaces/custom_interfaces/action/detail/tracking_robot__traits.hpp\n'}
[2.066751] (custom_interfaces) StdoutLine: {'line': b'-- Up-to-date: /workspaces/isaac_ros-dev/src/ros2_ws/install/custom_interfaces/include/custom_interfaces/custom_interfaces/action/detail/tracking_robot__builder.hpp\n'}
[2.066967] (custom_interfaces) StdoutLine: {'line': b'-- Up-to-date: /workspaces/isaac_ros-dev/src/ros2_ws/install/custom_interfaces/include/custom_interfaces/custom_interfaces/action/detail/tracking_robot__struct.hpp\n'}
[2.067180] (custom_interfaces) StdoutLine: {'line': b'-- Up-to-date: /workspaces/isaac_ros-dev/src/ros2_ws/install/custom_interfaces/include/custom_interfaces/custom_interfaces/msg\n'}
[2.067421] (custom_interfaces) StdoutLine: {'line': b'-- Up-to-date: /workspaces/isaac_ros-dev/src/ros2_ws/install/custom_interfaces/include/custom_interfaces/custom_interfaces/msg/rosidl_generator_cpp__visibility_control.hpp\n'}
[2.067647] (custom_interfaces) StdoutLine: {'line': b'-- Up-to-date: /workspaces/isaac_ros-dev/src/ros2_ws/install/custom_interfaces/include/custom_interfaces/custom_interfaces\n'}
[2.067866] (custom_interfaces) StdoutLine: {'line': b'-- Up-to-date: /workspaces/isaac_ros-dev/src/ros2_ws/install/custom_interfaces/include/custom_interfaces/custom_interfaces/action\n'}
[2.068081] (custom_interfaces) StdoutLine: {'line': b'-- Up-to-date: /workspaces/isaac_ros-dev/src/ros2_ws/install/custom_interfaces/include/custom_interfaces/custom_interfaces/action/detail\n'}
[2.068320] (custom_interfaces) StdoutLine: {'line': b'-- Up-to-date: /workspaces/isaac_ros-dev/src/ros2_ws/install/custom_interfaces/include/custom_interfaces/custom_interfaces/action/detail/tracking_robot__rosidl_typesupport_fastrtps_cpp.hpp\n'}
[2.068538] (custom_interfaces) StdoutLine: {'line': b'-- Up-to-date: /workspaces/isaac_ros-dev/src/ros2_ws/install/custom_interfaces/include/custom_interfaces/custom_interfaces/action/detail/dds_fastrtps\n'}
[2.068754] (custom_interfaces) StdoutLine: {'line': b'-- Up-to-date: /workspaces/isaac_ros-dev/src/ros2_ws/install/custom_interfaces/include/custom_interfaces/custom_interfaces/msg\n'}
[2.068968] (custom_interfaces) StdoutLine: {'line': b'-- Up-to-date: /workspaces/isaac_ros-dev/src/ros2_ws/install/custom_interfaces/include/custom_interfaces/custom_interfaces/msg/rosidl_typesupport_fastrtps_cpp__visibility_control.h\n'}
[2.069227] (custom_interfaces) StdoutLine: {'line': b'-- Up-to-date: /workspaces/isaac_ros-dev/src/ros2_ws/install/custom_interfaces/lib/libcustom_interfaces__rosidl_typesupport_fastrtps_cpp.so\n'}
[2.069442] (custom_interfaces) StdoutLine: {'line': b'-- Up-to-date: /workspaces/isaac_ros-dev/src/ros2_ws/install/custom_interfaces/include/custom_interfaces/custom_interfaces\n'}
[2.069657] (custom_interfaces) StdoutLine: {'line': b'-- Up-to-date: /workspaces/isaac_ros-dev/src/ros2_ws/install/custom_interfaces/include/custom_interfaces/custom_interfaces/action\n'}
[2.070131] (custom_interfaces) StdoutLine: {'line': b'-- Up-to-date: /workspaces/isaac_ros-dev/src/ros2_ws/install/custom_interfaces/include/custom_interfaces/custom_interfaces/action/detail\n'}
[2.070375] (custom_interfaces) StdoutLine: {'line': b'-- Up-to-date: /workspaces/isaac_ros-dev/src/ros2_ws/install/custom_interfaces/include/custom_interfaces/custom_interfaces/action/detail/tracking_robot__rosidl_typesupport_introspection_cpp.hpp\n'}
[2.070603] (custom_interfaces) StdoutLine: {'line': b'-- Up-to-date: /workspaces/isaac_ros-dev/src/ros2_ws/install/custom_interfaces/include/custom_interfaces/custom_interfaces/action/detail/tracking_robot__type_support.cpp\n'}
[2.070823] (custom_interfaces) StdoutLine: {'line': b'-- Up-to-date: /workspaces/isaac_ros-dev/src/ros2_ws/install/custom_interfaces/lib/libcustom_interfaces__rosidl_typesupport_introspection_cpp.so\n'}
[2.071043] (custom_interfaces) StdoutLine: {'line': b'-- Up-to-date: /workspaces/isaac_ros-dev/src/ros2_ws/install/custom_interfaces/lib/libcustom_interfaces__rosidl_typesupport_cpp.so\n'}
[2.071260] (custom_interfaces) StdoutLine: {'line': b'-- Up-to-date: /workspaces/isaac_ros-dev/src/ros2_ws/install/custom_interfaces/share/custom_interfaces/environment/pythonpath.sh\n'}
[2.071476] (custom_interfaces) StdoutLine: {'line': b'-- Up-to-date: /workspaces/isaac_ros-dev/src/ros2_ws/install/custom_interfaces/share/custom_interfaces/environment/pythonpath.dsv\n'}
[2.071693] (custom_interfaces) StdoutLine: {'line': b'-- Up-to-date: /workspaces/isaac_ros-dev/src/ros2_ws/install/custom_interfaces/local/lib/python3.10/dist-packages/custom_interfaces-0.0.0-py3.10.egg-info\n'}
[2.071913] (custom_interfaces) StdoutLine: {'line': b'-- Installing: /workspaces/isaac_ros-dev/src/ros2_ws/install/custom_interfaces/local/lib/python3.10/dist-packages/custom_interfaces-0.0.0-py3.10.egg-info/dependency_links.txt\n'}
[2.072134] (custom_interfaces) StdoutLine: {'line': b'-- Installing: /workspaces/isaac_ros-dev/src/ros2_ws/install/custom_interfaces/local/lib/python3.10/dist-packages/custom_interfaces-0.0.0-py3.10.egg-info/PKG-INFO\n'}
[2.072354] (custom_interfaces) StdoutLine: {'line': b'-- Installing: /workspaces/isaac_ros-dev/src/ros2_ws/install/custom_interfaces/local/lib/python3.10/dist-packages/custom_interfaces-0.0.0-py3.10.egg-info/top_level.txt\n'}
[2.072572] (custom_interfaces) StdoutLine: {'line': b'-- Installing: /workspaces/isaac_ros-dev/src/ros2_ws/install/custom_interfaces/local/lib/python3.10/dist-packages/custom_interfaces-0.0.0-py3.10.egg-info/SOURCES.txt\n'}
[2.072788] (custom_interfaces) StdoutLine: {'line': b'-- Up-to-date: /workspaces/isaac_ros-dev/src/ros2_ws/install/custom_interfaces/local/lib/python3.10/dist-packages/custom_interfaces\n'}
[2.073033] (custom_interfaces) StdoutLine: {'line': b'-- Up-to-date: /workspaces/isaac_ros-dev/src/ros2_ws/install/custom_interfaces/local/lib/python3.10/dist-packages/custom_interfaces/__init__.py\n'}
[2.073249] (custom_interfaces) StdoutLine: {'line': b'-- Up-to-date: /workspaces/isaac_ros-dev/src/ros2_ws/install/custom_interfaces/local/lib/python3.10/dist-packages/custom_interfaces/custom_interfaces_s__rosidl_typesupport_introspection_c.cpython-310-aarch64-linux-gnu.so\n'}
[2.073489] (custom_interfaces) StdoutLine: {'line': b'-- Up-to-date: /workspaces/isaac_ros-dev/src/ros2_ws/install/custom_interfaces/local/lib/python3.10/dist-packages/custom_interfaces/libcustom_interfaces__rosidl_generator_py.so\n'}
[2.073709] (custom_interfaces) StdoutLine: {'line': b'-- Up-to-date: /workspaces/isaac_ros-dev/src/ros2_ws/install/custom_interfaces/local/lib/python3.10/dist-packages/custom_interfaces/_custom_interfaces_s.ep.rosidl_typesupport_introspection_c.c\n'}
[2.073966] (custom_interfaces) StdoutLine: {'line': b'-- Up-to-date: /workspaces/isaac_ros-dev/src/ros2_ws/install/custom_interfaces/local/lib/python3.10/dist-packages/custom_interfaces/action\n'}
[2.074190] (custom_interfaces) StdoutLine: {'line': b'-- Up-to-date: /workspaces/isaac_ros-dev/src/ros2_ws/install/custom_interfaces/local/lib/python3.10/dist-packages/custom_interfaces/action/__init__.py\n'}
[2.074409] (custom_interfaces) StdoutLine: {'line': b'-- Up-to-date: /workspaces/isaac_ros-dev/src/ros2_ws/install/custom_interfaces/local/lib/python3.10/dist-packages/custom_interfaces/action/_tracking_robot.py\n'}
[2.074624] (custom_interfaces) StdoutLine: {'line': b'-- Up-to-date: /workspaces/isaac_ros-dev/src/ros2_ws/install/custom_interfaces/local/lib/python3.10/dist-packages/custom_interfaces/action/_tracking_robot_s.c\n'}
[2.074836] (custom_interfaces) StdoutLine: {'line': b'-- Up-to-date: /workspaces/isaac_ros-dev/src/ros2_ws/install/custom_interfaces/local/lib/python3.10/dist-packages/custom_interfaces/custom_interfaces_s__rosidl_typesupport_c.cpython-310-aarch64-linux-gnu.so\n'}
[2.075054] (custom_interfaces) StdoutLine: {'line': b'-- Up-to-date: /workspaces/isaac_ros-dev/src/ros2_ws/install/custom_interfaces/local/lib/python3.10/dist-packages/custom_interfaces/_custom_interfaces_s.ep.rosidl_typesupport_c.c\n'}
[2.075309] (custom_interfaces) StdoutLine: {'line': b'-- Up-to-date: /workspaces/isaac_ros-dev/src/ros2_ws/install/custom_interfaces/local/lib/python3.10/dist-packages/custom_interfaces/custom_interfaces_s__rosidl_typesupport_fastrtps_c.cpython-310-aarch64-linux-gnu.so\n'}
[2.075532] (custom_interfaces) StdoutLine: {'line': b'-- Up-to-date: /workspaces/isaac_ros-dev/src/ros2_ws/install/custom_interfaces/local/lib/python3.10/dist-packages/custom_interfaces/_custom_interfaces_s.ep.rosidl_typesupport_fastrtps_c.c\n'}
[2.110834] (-) TimerEvent: {}
[2.142568] (custom_interfaces) StdoutLine: {'line': b"Listing '/workspaces/isaac_ros-dev/src/ros2_ws/install/custom_interfaces/local/lib/python3.10/dist-packages/custom_interfaces'...\n"}
[2.142982] (custom_interfaces) StdoutLine: {'line': b"Listing '/workspaces/isaac_ros-dev/src/ros2_ws/install/custom_interfaces/local/lib/python3.10/dist-packages/custom_interfaces/action'...\n"}
[2.158156] (custom_interfaces) StdoutLine: {'line': b'-- Up-to-date: /workspaces/isaac_ros-dev/src/ros2_ws/install/custom_interfaces/local/lib/python3.10/dist-packages/custom_interfaces/custom_interfaces_s__rosidl_typesupport_fastrtps_c.cpython-310-aarch64-linux-gnu.so\n'}
[2.158739] (custom_interfaces) StdoutLine: {'line': b'-- Up-to-date: /workspaces/isaac_ros-dev/src/ros2_ws/install/custom_interfaces/local/lib/python3.10/dist-packages/custom_interfaces/custom_interfaces_s__rosidl_typesupport_introspection_c.cpython-310-aarch64-linux-gnu.so\n'}
[2.159327] (custom_interfaces) StdoutLine: {'line': b'-- Up-to-date: /workspaces/isaac_ros-dev/src/ros2_ws/install/custom_interfaces/local/lib/python3.10/dist-packages/custom_interfaces/custom_interfaces_s__rosidl_typesupport_c.cpython-310-aarch64-linux-gnu.so\n'}
[2.159928] (custom_interfaces) StdoutLine: {'line': b'-- Up-to-date: /workspaces/isaac_ros-dev/src/ros2_ws/install/custom_interfaces/lib/libcustom_interfaces__rosidl_generator_py.so\n'}
[2.160304] (custom_interfaces) StdoutLine: {'line': b'-- Up-to-date: /workspaces/isaac_ros-dev/src/ros2_ws/install/custom_interfaces/share/custom_interfaces/action/TrackingRobot.idl\n'}
[2.160686] (custom_interfaces) StdoutLine: {'line': b'-- Up-to-date: /workspaces/isaac_ros-dev/src/ros2_ws/install/custom_interfaces/share/custom_interfaces/action/TrackingRobot.action\n'}
[2.161076] (custom_interfaces) StdoutLine: {'line': b'-- Up-to-date: /workspaces/isaac_ros-dev/src/ros2_ws/install/custom_interfaces/share/ament_index/resource_index/package_run_dependencies/custom_interfaces\n'}
[2.161496] (custom_interfaces) StdoutLine: {'line': b'-- Up-to-date: /workspaces/isaac_ros-dev/src/ros2_ws/install/custom_interfaces/share/ament_index/resource_index/parent_prefix_path/custom_interfaces\n'}
[2.161907] (custom_interfaces) StdoutLine: {'line': b'-- Up-to-date: /workspaces/isaac_ros-dev/src/ros2_ws/install/custom_interfaces/share/custom_interfaces/environment/ament_prefix_path.sh\n'}
[2.162166] (custom_interfaces) StdoutLine: {'line': b'-- Up-to-date: /workspaces/isaac_ros-dev/src/ros2_ws/install/custom_interfaces/share/custom_interfaces/environment/ament_prefix_path.dsv\n'}
[2.162473] (custom_interfaces) StdoutLine: {'line': b'-- Up-to-date: /workspaces/isaac_ros-dev/src/ros2_ws/install/custom_interfaces/share/custom_interfaces/environment/path.sh\n'}
[2.162821] (custom_interfaces) StdoutLine: {'line': b'-- Up-to-date: /workspaces/isaac_ros-dev/src/ros2_ws/install/custom_interfaces/share/custom_interfaces/environment/path.dsv\n'}
[2.163125] (custom_interfaces) StdoutLine: {'line': b'-- Up-to-date: /workspaces/isaac_ros-dev/src/ros2_ws/install/custom_interfaces/share/custom_interfaces/local_setup.bash\n'}
[2.163470] (custom_interfaces) StdoutLine: {'line': b'-- Up-to-date: /workspaces/isaac_ros-dev/src/ros2_ws/install/custom_interfaces/share/custom_interfaces/local_setup.sh\n'}
[2.163806] (custom_interfaces) StdoutLine: {'line': b'-- Up-to-date: /workspaces/isaac_ros-dev/src/ros2_ws/install/custom_interfaces/share/custom_interfaces/local_setup.zsh\n'}
[2.164103] (custom_interfaces) StdoutLine: {'line': b'-- Up-to-date: /workspaces/isaac_ros-dev/src/ros2_ws/install/custom_interfaces/share/custom_interfaces/local_setup.dsv\n'}
[2.164438] (custom_interfaces) StdoutLine: {'line': b'-- Installing: /workspaces/isaac_ros-dev/src/ros2_ws/install/custom_interfaces/share/custom_interfaces/package.dsv\n'}
[2.164764] (custom_interfaces) StdoutLine: {'line': b'-- Up-to-date: /workspaces/isaac_ros-dev/src/ros2_ws/install/custom_interfaces/share/ament_index/resource_index/packages/custom_interfaces\n'}
[2.165052] (custom_interfaces) StdoutLine: {'line': b'-- Up-to-date: /workspaces/isaac_ros-dev/src/ros2_ws/install/custom_interfaces/share/custom_interfaces/cmake/export_custom_interfaces__rosidl_generator_cExport.cmake\n'}
[2.165389] (custom_interfaces) StdoutLine: {'line': b'-- Up-to-date: /workspaces/isaac_ros-dev/src/ros2_ws/install/custom_interfaces/share/custom_interfaces/cmake/export_custom_interfaces__rosidl_generator_cExport-noconfig.cmake\n'}
[2.165756] (custom_interfaces) StdoutLine: {'line': b'-- Up-to-date: /workspaces/isaac_ros-dev/src/ros2_ws/install/custom_interfaces/share/custom_interfaces/cmake/export_custom_interfaces__rosidl_typesupport_fastrtps_cExport.cmake\n'}
[2.166153] (custom_interfaces) StdoutLine: {'line': b'-- Up-to-date: /workspaces/isaac_ros-dev/src/ros2_ws/install/custom_interfaces/share/custom_interfaces/cmake/export_custom_interfaces__rosidl_typesupport_fastrtps_cExport-noconfig.cmake\n'}
[2.166532] (custom_interfaces) StdoutLine: {'line': b'-- Up-to-date: /workspaces/isaac_ros-dev/src/ros2_ws/install/custom_interfaces/share/custom_interfaces/cmake/custom_interfaces__rosidl_typesupport_introspection_cExport.cmake\n'}
[2.166897] (custom_interfaces) StdoutLine: {'line': b'-- Up-to-date: /workspaces/isaac_ros-dev/src/ros2_ws/install/custom_interfaces/share/custom_interfaces/cmake/custom_interfaces__rosidl_typesupport_introspection_cExport-noconfig.cmake\n'}
[2.167133] (custom_interfaces) StdoutLine: {'line': b'-- Up-to-date: /workspaces/isaac_ros-dev/src/ros2_ws/install/custom_interfaces/share/custom_interfaces/cmake/custom_interfaces__rosidl_typesupport_cExport.cmake\n'}
[2.167360] (custom_interfaces) StdoutLine: {'line': b'-- Up-to-date: /workspaces/isaac_ros-dev/src/ros2_ws/install/custom_interfaces/share/custom_interfaces/cmake/custom_interfaces__rosidl_typesupport_cExport-noconfig.cmake\n'}
[2.167581] (custom_interfaces) StdoutLine: {'line': b'-- Up-to-date: /workspaces/isaac_ros-dev/src/ros2_ws/install/custom_interfaces/share/custom_interfaces/cmake/export_custom_interfaces__rosidl_generator_cppExport.cmake\n'}
[2.167800] (custom_interfaces) StdoutLine: {'line': b'-- Up-to-date: /workspaces/isaac_ros-dev/src/ros2_ws/install/custom_interfaces/share/custom_interfaces/cmake/export_custom_interfaces__rosidl_typesupport_fastrtps_cppExport.cmake\n'}
[2.168020] (custom_interfaces) StdoutLine: {'line': b'-- Up-to-date: /workspaces/isaac_ros-dev/src/ros2_ws/install/custom_interfaces/share/custom_interfaces/cmake/export_custom_interfaces__rosidl_typesupport_fastrtps_cppExport-noconfig.cmake\n'}
[2.168239] (custom_interfaces) StdoutLine: {'line': b'-- Up-to-date: /workspaces/isaac_ros-dev/src/ros2_ws/install/custom_interfaces/share/custom_interfaces/cmake/custom_interfaces__rosidl_typesupport_introspection_cppExport.cmake\n'}
[2.168456] (custom_interfaces) StdoutLine: {'line': b'-- Up-to-date: /workspaces/isaac_ros-dev/src/ros2_ws/install/custom_interfaces/share/custom_interfaces/cmake/custom_interfaces__rosidl_typesupport_introspection_cppExport-noconfig.cmake\n'}
[2.168671] (custom_interfaces) StdoutLine: {'line': b'-- Up-to-date: /workspaces/isaac_ros-dev/src/ros2_ws/install/custom_interfaces/share/custom_interfaces/cmake/custom_interfaces__rosidl_typesupport_cppExport.cmake\n'}
[2.168886] (custom_interfaces) StdoutLine: {'line': b'-- Up-to-date: /workspaces/isaac_ros-dev/src/ros2_ws/install/custom_interfaces/share/custom_interfaces/cmake/custom_interfaces__rosidl_typesupport_cppExport-noconfig.cmake\n'}
[2.169098] (custom_interfaces) StdoutLine: {'line': b'-- Up-to-date: /workspaces/isaac_ros-dev/src/ros2_ws/install/custom_interfaces/share/custom_interfaces/cmake/export_custom_interfaces__rosidl_generator_pyExport.cmake\n'}
[2.169312] (custom_interfaces) StdoutLine: {'line': b'-- Up-to-date: /workspaces/isaac_ros-dev/src/ros2_ws/install/custom_interfaces/share/custom_interfaces/cmake/export_custom_interfaces__rosidl_generator_pyExport-noconfig.cmake\n'}
[2.169551] (custom_interfaces) StdoutLine: {'line': b'-- Up-to-date: /workspaces/isaac_ros-dev/src/ros2_ws/install/custom_interfaces/share/custom_interfaces/cmake/rosidl_cmake-extras.cmake\n'}
[2.169781] (custom_interfaces) StdoutLine: {'line': b'-- Up-to-date: /workspaces/isaac_ros-dev/src/ros2_ws/install/custom_interfaces/share/custom_interfaces/cmake/ament_cmake_export_dependencies-extras.cmake\n'}
[2.170057] (custom_interfaces) StdoutLine: {'line': b'-- Up-to-date: /workspaces/isaac_ros-dev/src/ros2_ws/install/custom_interfaces/share/custom_interfaces/cmake/ament_cmake_export_include_directories-extras.cmake\n'}
[2.170311] (custom_interfaces) StdoutLine: {'line': b'-- Up-to-date: /workspaces/isaac_ros-dev/src/ros2_ws/install/custom_interfaces/share/custom_interfaces/cmake/ament_cmake_export_libraries-extras.cmake\n'}
[2.170882] (custom_interfaces) StdoutLine: {'line': b'-- Up-to-date: /workspaces/isaac_ros-dev/src/ros2_ws/install/custom_interfaces/share/custom_interfaces/cmake/ament_cmake_export_targets-extras.cmake\n'}
[2.171534] (custom_interfaces) StdoutLine: {'line': b'-- Up-to-date: /workspaces/isaac_ros-dev/src/ros2_ws/install/custom_interfaces/share/custom_interfaces/cmake/rosidl_cmake_export_typesupport_targets-extras.cmake\n'}
[2.173158] (custom_interfaces) StdoutLine: {'line': b'-- Up-to-date: /workspaces/isaac_ros-dev/src/ros2_ws/install/custom_interfaces/share/custom_interfaces/cmake/rosidl_cmake_export_typesupport_libraries-extras.cmake\n'}
[2.174156] (custom_interfaces) StdoutLine: {'line': b'-- Up-to-date: /workspaces/isaac_ros-dev/src/ros2_ws/install/custom_interfaces/share/custom_interfaces/cmake/custom_interfacesConfig.cmake\n'}
[2.174525] (custom_interfaces) StdoutLine: {'line': b'-- Up-to-date: /workspaces/isaac_ros-dev/src/ros2_ws/install/custom_interfaces/share/custom_interfaces/cmake/custom_interfacesConfig-version.cmake\n'}
[2.175088] (custom_interfaces) StdoutLine: {'line': b'-- Up-to-date: /workspaces/isaac_ros-dev/src/ros2_ws/install/custom_interfaces/share/custom_interfaces/package.xml\n'}
[2.175952] (custom_interfaces) CommandEnded: {'returncode': 0}
[2.212156] (-) TimerEvent: {}
[2.249209] (custom_interfaces) JobEnded: {'identifier': 'custom_interfaces', 'rc': 0}
[2.252426] (tracking_robot_pkg) JobStarted: {'identifier': 'tracking_robot_pkg'}
[2.275107] (tracking_robot_pkg) JobProgress: {'identifier': 'tracking_robot_pkg', 'progress': 'cmake'}
[2.277149] (tracking_robot_pkg) JobProgress: {'identifier': 'tracking_robot_pkg', 'progress': 'build'}
[2.278076] (tracking_robot_pkg) Command: {'cmd': ['/usr/bin/cmake', '--build', '/workspaces/isaac_ros-dev/src/ros2_ws/build/tracking_robot_pkg', '--', '-j6', '-l6'], 'cwd': '/workspaces/isaac_ros-dev/src/ros2_ws/build/tracking_robot_pkg', 'env': OrderedDict([('LIBRARY_PATH', '/usr/local/cuda/lib64/stubs'), ('PYTHONWARNINGS', 'ignore:::setuptools.command.install,ignore:::setuptools.command.easy_install,ignore:::pkg_resources,ignore:::setuptools.command.develop'), ('NV_LIBCUBLAS_VERSION', '12.6.1.4-1'), ('TMUX', '/tmp/tmux-1000/default,6475,0'), ('USER', 'boss_bros'), ('NV_CUDA_NSIGHT_COMPUTE_VERSION', '12.6.11-1'), ('HOSTNAME', 'bossbros-desktop'), ('SHLVL', '2'), ('LD_LIBRARY_PATH', '/workspaces/isaac_ros-dev/src/ros2_ws/install/custom_interfaces/lib:/opt/ros/humble/opt/rviz_ogre_vendor/lib:/opt/ros/humble/lib/aarch64-linux-gnu:/opt/ros/humble/lib:/usr/lib/aarch64-linux-gnu/tegra/weston:/usr/lib/aarch64-linux-gnu/tegra-egl:/usr/local/cuda-12.6/targets/aarch64-linux/lib:/usr/lib/aarch64-linux-gnu/tegra:/opt/nvidia/vpi3/lib64:/usr/local/libcudss-linux-0.3.0.9_cuda12-archive/lib:/usr/local/nvidia/lib:/usr/local/nvidia/lib64:/usr/lib/aarch64-linux-gnu-host:/opt/tritonserver/lib'), ('HOME', '/home/admin'), ('OLDPWD', '/workspaces/isaac_ros-dev'), ('TERM_PROGRAM_VERSION', '3.2a'), ('HOST_USER_GID', '1000'), ('NV_LIBCUBLAS_DEV_VERSION', '12.6.1.4-1'), ('JETSON_L4T', '36.4.3'), ('ROS_PYTHON_VERSION', '3'), ('JETSON_MODEL', 'NVIDIA Jetson Orin Nano Engineering Reference Developer Kit Super'), ('NVIDIA_PVA_DEVICE', 'all'), ('NV_LIBNPP_PACKAGE', 'libnpp-12-6=12.3.1.54-1'), ('CUDA_VERSION', '12.6.11'), ('ROS_DISTRO', 'humble'), ('NV_LIBCUBLAS_PACKAGE_NAME', 'libcublas-12-6'), ('NVIDIA_REQUIRE_CUDA', 'cuda>=12.6'), ('JETSON_MODULE', ''), ('JETSON_SERIAL_NUMBER', '1423024354350'), ('_', '/usr/bin/colcon'), ('ROS_VERSION', '2'), ('NV_LIBCUSPARSE_VERSION', '12.5.3.3-1'), ('NVIDIA_DRIVER_CAPABILITIES', 'all'), ('NV_CUDA_LIB_VERSION', '12.6.11-1'), ('NV_NVML_DEV_VERSION', '12.6.68-1'), ('USERNAME', 'admin'), ('NV_LIBNPP_DEV_PACKAGE', 'libnpp-dev-12-6=12.3.1.54-1'), ('TERM', 'screen'), ('ISAAC_ROS_WS', '/workspaces/isaac_ros-dev'), ('NV_CUDA_CUDART_VERSION', '12.6.68-1'), ('ROS_LOCALHOST_ONLY', '0'), ('PATH', '/opt/ros/humble/bin:/opt/ros/humble/vcstool/scripts:/usr/local/nvidia/bin:/usr/local/cuda/bin:/usr/src/tensorrt/bin:/usr/local/nvidia/bin:/usr/local/cuda/bin:/usr/local/sbin:/usr/local/bin:/usr/sbin:/usr/bin:/sbin:/bin'), ('NV_LIBCUBLAS_DEV_PACKAGE_NAME', 'libcublas-dev-12-6'), ('NV_LIBCUBLAS_PACKAGE', 'libcublas-12-6=12.6.1.4-1'), ('HOST_USER_UID', '1000'), ('NVARCH', 'arm64'), ('CUDSS_DIR', '/usr/local/libcudss-linux-0.3.0.9_cuda12-archive'), ('NV_LIBCUSPARSE_DEV_VERSION', '12.5.3.3-1'), ('DISPLAY', ':1'), ('NVIDIA_PRODUCT_NAME', 'CUDA'), ('LANG', 'en_US.UTF-8'), ('RMW_IMPLEMENTATION', 'rmw_fastrtps_cpp'), ('NV_CUDA_CUDART_DEV_VERSION', '12.6.68-1'), ('JETSON_SOC', 'tegra234'), ('ROS_ROOT', '/opt/ros/humble'), ('TERM_PROGRAM', 'tmux'), ('SSH_AUTH_SOCK', '/ssh-agent'), ('AMENT_PREFIX_PATH', '/workspaces/isaac_ros-dev/src/ros2_ws/install/custom_interfaces:/opt/ros/humble'), ('DEBIAN_FRONTEND', 'noninteractive'), ('SHELL', '/bin/bash'), ('TRT_INCLUDE_PATH', '/usr/include/aarch64-linux-gnu'), ('NV_LIBCUBLAS_DEV_PACKAGE', 'libcublas-dev-12-6=12.6.1.4-1'), ('NV_CUDA_NSIGHT_COMPUTE_DEV_PACKAGE', 'cuda-nsight-compute-12-6=12.6.11-1'), ('NVIDIA_REQUIRE_JETPACK_HOST_MOUNTS', 'base-only'), ('NV_NVTX_VERSION', '12.6.68-1'), ('NV_LIBNPP_VERSION', '12.3.1.54-1'), ('JETSON_CUDA_ARCH_BIN', '8.7'), ('PWD', '/workspaces/isaac_ros-dev/src/ros2_ws/build/tracking_robot_pkg'), ('PYTHONPATH', '/workspaces/isaac_ros-dev/src/ros2_ws/install/custom_interfaces/local/lib/python3.10/dist-packages:/opt/ros/humble/lib/python3.10/site-packages:/opt/ros/humble/local/lib/python3.10/dist-packages:/opt/ros/humble/vcstool:'), ('NVIDIA_VISIBLE_DEVICES', 'void'), ('COLCON', '1'), ('NV_LIBNPP_DEV_VERSION', '12.3.1.54-1'), ('TMUX_PANE', '%0'), ('JETSON_JETPACK', '6.2'), ('CMAKE_PREFIX_PATH', '/workspaces/isaac_ros-dev/src/ros2_ws/install/custom_interfaces:/usr/local/libcudss-linux-0.3.0.9_cuda12-archive:/opt/ros/humble'), ('TRT_LIB_PATH', '/usr/lib/aarch64-linux-gnu')]), 'shell': False}
[2.312596] (-) TimerEvent: {}
[2.381528] (tracking_robot_pkg) StdoutLine: {'line': b'\x1b[35m\x1b[1mConsolidate compiler generated dependencies of target tracking_robot_server\x1b[0m\n'}
[2.412696] (-) TimerEvent: {}
[2.413296] (tracking_robot_pkg) StdoutLine: {'line': b'[ 50%] Built target tracking_robot_client\n'}
[2.423592] (tracking_robot_pkg) StdoutLine: {'line': b'[ 75%] \x1b[32mBuilding CXX object CMakeFiles/tracking_robot_server.dir/src/tracking_robot_server.cpp.o\x1b[0m\n'}
[2.512878] (-) TimerEvent: {}
[2.613497] (-) TimerEvent: {}
[2.713993] (-) TimerEvent: {}
[2.814402] (-) TimerEvent: {}
[2.914799] (-) TimerEvent: {}
[3.015213] (-) TimerEvent: {}
[3.115659] (-) TimerEvent: {}
[3.116634] (tracking_robot_pkg) StderrLine: {'line': b'\x1b[01m\x1b[K/workspaces/isaac_ros-dev/src/ros2_ws/src/tracking_robot_pkg/src/tracking_robot_server.cpp:278:13:\x1b[m\x1b[K \x1b[01;31m\x1b[Kerror: \x1b[m\x1b[Kinvalid preprocessing directive #bbox_center_x\n'}
[3.117478] (tracking_robot_pkg) StderrLine: {'line': b'  278 | #           \x1b[01;31m\x1b[Kbbox_center_x\x1b[m\x1b[K = detection_p->detections[i].bbox.center.position.x;\n'}
[3.117771] (tracking_robot_pkg) StderrLine: {'line': b'      |             \x1b[01;31m\x1b[K^~~~~~~~~~~~~\x1b[m\x1b[K\n'}
[3.118073] (tracking_robot_pkg) StderrLine: {'line': b'\x1b[01m\x1b[K/workspaces/isaac_ros-dev/src/ros2_ws/src/tracking_robot_pkg/src/tracking_robot_server.cpp:279:13:\x1b[m\x1b[K \x1b[01;31m\x1b[Kerror: \x1b[m\x1b[Kinvalid preprocessing directive #bbox_center_y\n'}
[3.118321] (tracking_robot_pkg) StderrLine: {'line': b'  279 | #           \x1b[01;31m\x1b[Kbbox_center_y\x1b[m\x1b[K = detection_p->detections[i].bbox.center.position.y;\n'}
[3.118551] (tracking_robot_pkg) StderrLine: {'line': b'      |             \x1b[01;31m\x1b[K^~~~~~~~~~~~~\x1b[m\x1b[K\n'}
[3.118767] (tracking_robot_pkg) StderrLine: {'line': b'\x1b[01m\x1b[K/workspaces/isaac_ros-dev/src/ros2_ws/src/tracking_robot_pkg/src/tracking_robot_server.cpp:280:13:\x1b[m\x1b[K \x1b[01;31m\x1b[Kerror: \x1b[m\x1b[Kinvalid preprocessing directive #double\n'}
[3.118988] (tracking_robot_pkg) StderrLine: {'line': b'  280 | #           \x1b[01;31m\x1b[Kdouble\x1b[m\x1b[K bbox_width = detection_p->detections[i].bbox.size_x;\n'}
[3.119201] (tracking_robot_pkg) StderrLine: {'line': b'      |             \x1b[01;31m\x1b[K^~~~~~\x1b[m\x1b[K\n'}
[3.119409] (tracking_robot_pkg) StderrLine: {'line': b'\x1b[01m\x1b[K/workspaces/isaac_ros-dev/src/ros2_ws/src/tracking_robot_pkg/src/tracking_robot_server.cpp:281:13:\x1b[m\x1b[K \x1b[01;31m\x1b[Kerror: \x1b[m\x1b[Kinvalid preprocessing directive #double\n'}
[3.119620] (tracking_robot_pkg) StderrLine: {'line': b'  281 | #           \x1b[01;31m\x1b[Kdouble\x1b[m\x1b[K bbox_height = detection_p->detections[i].bbox.size_y;\n'}
[3.119861] (tracking_robot_pkg) StderrLine: {'line': b'      |             \x1b[01;31m\x1b[K^~~~~~\x1b[m\x1b[K\n'}
[3.120070] (tracking_robot_pkg) StderrLine: {'line': b'\x1b[01m\x1b[K/workspaces/isaac_ros-dev/src/ros2_ws/src/tracking_robot_pkg/src/tracking_robot_server.cpp:282:13:\x1b[m\x1b[K \x1b[01;31m\x1b[Kerror: \x1b[m\x1b[Kinvalid preprocessing directive #cout\n'}
[3.120281] (tracking_robot_pkg) StderrLine: {'line': b'  282 | #           \x1b[01;31m\x1b[Kcout\x1b[m\x1b[K << "Detected Object, id = " << id << ", score = ";\n'}
[3.120490] (tracking_robot_pkg) StderrLine: {'line': b'      |             \x1b[01;31m\x1b[K^~~~\x1b[m\x1b[K\n'}
[3.120695] (tracking_robot_pkg) StderrLine: {'line': b'\x1b[01m\x1b[K/workspaces/isaac_ros-dev/src/ros2_ws/src/tracking_robot_pkg/src/tracking_robot_server.cpp:283:13:\x1b[m\x1b[K \x1b[01;31m\x1b[Kerror: \x1b[m\x1b[Kinvalid preprocessing directive #printf\n'}
[3.120902] (tracking_robot_pkg) StderrLine: {'line': b'  283 | #           \x1b[01;31m\x1b[Kprintf\x1b[m\x1b[K("%4.2f", score);\n'}
[3.121109] (tracking_robot_pkg) StderrLine: {'line': b'      |             \x1b[01;31m\x1b[K^~~~~~\x1b[m\x1b[K\n'}
[3.121311] (tracking_robot_pkg) StderrLine: {'line': b'\x1b[01m\x1b[K/workspaces/isaac_ros-dev/src/ros2_ws/src/tracking_robot_pkg/src/tracking_robot_server.cpp:284:13:\x1b[m\x1b[K \x1b[01;31m\x1b[Kerror: \x1b[m\x1b[Kinvalid preprocessing directive #cout\n'}
[3.121516] (tracking_robot_pkg) StderrLine: {'line': b'  284 | #           \x1b[01;31m\x1b[Kcout\x1b[m\x1b[K << ", bbox("\n'}
[3.121718] (tracking_robot_pkg) StderrLine: {'line': b'      |             \x1b[01;31m\x1b[K^~~~\x1b[m\x1b[K\n'}
[3.121960] (tracking_robot_pkg) StderrLine: {'line': b'\x1b[01m\x1b[K/workspaces/isaac_ros-dev/src/ros2_ws/src/tracking_robot_pkg/src/tracking_robot_server.cpp:285:18:\x1b[m\x1b[K \x1b[01;31m\x1b[Kerror: \x1b[m\x1b[Kinvalid preprocessing directive #<<\n'}
[3.122176] (tracking_robot_pkg) StderrLine: {'line': b'  285 | #                \x1b[01;31m\x1b[K<<\x1b[m\x1b[K bbox_center_x << "," << bbox_center_y << "), bbox size: w = "\n'}
[3.122386] (tracking_robot_pkg) StderrLine: {'line': b'      |                  \x1b[01;31m\x1b[K^~\x1b[m\x1b[K\n'}
[3.122595] (tracking_robot_pkg) StderrLine: {'line': b'\x1b[01m\x1b[K/workspaces/isaac_ros-dev/src/ros2_ws/src/tracking_robot_pkg/src/tracking_robot_server.cpp:286:18:\x1b[m\x1b[K \x1b[01;31m\x1b[Kerror: \x1b[m\x1b[Kinvalid preprocessing directive #<<\n'}
[3.122806] (tracking_robot_pkg) StderrLine: {'line': b'  286 | #                \x1b[01;31m\x1b[K<<\x1b[m\x1b[K bbox_width << ", h = " << bbox_height << endl;\n'}
[3.123014] (tracking_robot_pkg) StderrLine: {'line': b'      |                  \x1b[01;31m\x1b[K^~\x1b[m\x1b[K\n'}
[3.215859] (-) TimerEvent: {}
[3.316574] (-) TimerEvent: {}
[3.417287] (-) TimerEvent: {}
[3.517986] (-) TimerEvent: {}
[3.618971] (-) TimerEvent: {}
[3.719701] (-) TimerEvent: {}
[3.820400] (-) TimerEvent: {}
[3.921102] (-) TimerEvent: {}
[4.021870] (-) TimerEvent: {}
[4.122596] (-) TimerEvent: {}
[4.223590] (-) TimerEvent: {}
[4.324306] (-) TimerEvent: {}
[4.424991] (-) TimerEvent: {}
[4.525688] (-) TimerEvent: {}
[4.626560] (-) TimerEvent: {}
[4.727266] (-) TimerEvent: {}
[4.827989] (-) TimerEvent: {}
[4.928726] (-) TimerEvent: {}
[5.029730] (-) TimerEvent: {}
[5.130479] (-) TimerEvent: {}
[5.231202] (-) TimerEvent: {}
[5.331944] (-) TimerEvent: {}
[5.432689] (-) TimerEvent: {}
[5.533430] (-) TimerEvent: {}
[5.634179] (-) TimerEvent: {}
[5.734908] (-) TimerEvent: {}
[5.835658] (-) TimerEvent: {}
[5.936387] (-) TimerEvent: {}
[6.037092] (-) TimerEvent: {}
[6.137792] (-) TimerEvent: {}
[6.238501] (-) TimerEvent: {}
[6.339200] (-) TimerEvent: {}
[6.439911] (-) TimerEvent: {}
[6.540621] (-) TimerEvent: {}
[6.641342] (-) TimerEvent: {}
[6.742540] (-) TimerEvent: {}
[6.843251] (-) TimerEvent: {}
[6.943995] (-) TimerEvent: {}
[7.044742] (-) TimerEvent: {}
[7.145444] (-) TimerEvent: {}
[7.246160] (-) TimerEvent: {}
[7.346880] (-) TimerEvent: {}
[7.447603] (-) TimerEvent: {}
[7.548311] (-) TimerEvent: {}
[7.649075] (-) TimerEvent: {}
[7.749778] (-) TimerEvent: {}
[7.850532] (-) TimerEvent: {}
[7.951256] (-) TimerEvent: {}
[8.051988] (-) TimerEvent: {}
[8.152714] (-) TimerEvent: {}
[8.253409] (-) TimerEvent: {}
[8.354144] (-) TimerEvent: {}
[8.454874] (-) TimerEvent: {}
[8.555595] (-) TimerEvent: {}
[8.656299] (-) TimerEvent: {}
[8.756963] (-) TimerEvent: {}
[8.857645] (-) TimerEvent: {}
[8.958393] (-) TimerEvent: {}
[9.059130] (-) TimerEvent: {}
[9.159817] (-) TimerEvent: {}
[9.260522] (-) TimerEvent: {}
[9.361216] (-) TimerEvent: {}
[9.461999] (-) TimerEvent: {}
[9.562751] (-) TimerEvent: {}
[9.663464] (-) TimerEvent: {}
[9.764162] (-) TimerEvent: {}
[9.864888] (-) TimerEvent: {}
[9.965619] (-) TimerEvent: {}
[10.066790] (-) TimerEvent: {}
[10.167534] (-) TimerEvent: {}
[10.268253] (-) TimerEvent: {}
[10.368979] (-) TimerEvent: {}
[10.469662] (-) TimerEvent: {}
[10.570642] (-) TimerEvent: {}
[10.671373] (-) TimerEvent: {}
[10.772074] (-) TimerEvent: {}
[10.872779] (-) TimerEvent: {}
[10.973505] (-) TimerEvent: {}
[11.074517] (-) TimerEvent: {}
[11.175238] (-) TimerEvent: {}
[11.275938] (-) TimerEvent: {}
[11.376654] (-) TimerEvent: {}
[11.477382] (-) TimerEvent: {}
[11.578392] (-) TimerEvent: {}
[11.679130] (-) TimerEvent: {}
[11.779845] (-) TimerEvent: {}
[11.880901] (-) TimerEvent: {}
[11.981623] (-) TimerEvent: {}
[12.082654] (-) TimerEvent: {}
[12.183345] (-) TimerEvent: {}
[12.284315] (-) TimerEvent: {}
[12.385137] (-) TimerEvent: {}
[12.486014] (-) TimerEvent: {}
[12.586711] (-) TimerEvent: {}
[12.687169] (-) TimerEvent: {}
[12.787663] (-) TimerEvent: {}
[12.888337] (-) TimerEvent: {}
[12.989212] (-) TimerEvent: {}
[13.089954] (-) TimerEvent: {}
[13.190666] (-) TimerEvent: {}
[13.291351] (-) TimerEvent: {}
[13.392046] (-) TimerEvent: {}
[13.492741] (-) TimerEvent: {}
[13.593433] (-) TimerEvent: {}
[13.694131] (-) TimerEvent: {}
[13.794817] (-) TimerEvent: {}
[13.895517] (-) TimerEvent: {}
[13.996225] (-) TimerEvent: {}
[14.096922] (-) TimerEvent: {}
[14.197614] (-) TimerEvent: {}
[14.298322] (-) TimerEvent: {}
[14.399020] (-) TimerEvent: {}
[14.499730] (-) TimerEvent: {}
[14.600424] (-) TimerEvent: {}
[14.701105] (-) TimerEvent: {}
[14.801796] (-) TimerEvent: {}
[14.902571] (-) TimerEvent: {}
[15.003286] (-) TimerEvent: {}
[15.104377] (-) TimerEvent: {}
[15.205069] (-) TimerEvent: {}
[15.305747] (-) TimerEvent: {}
[15.406452] (-) TimerEvent: {}
[15.501022] (tracking_robot_pkg) StderrLine: {'line': b'gmake[2]: *** [CMakeFiles/tracking_robot_server.dir/build.make:76: CMakeFiles/tracking_robot_server.dir/src/tracking_robot_server.cpp.o] Error 1\n'}
[15.501854] (tracking_robot_pkg) StderrLine: {'line': b'gmake[1]: *** [CMakeFiles/Makefile2:165: CMakeFiles/tracking_robot_server.dir/all] Error 2\n'}
[15.502237] (tracking_robot_pkg) StderrLine: {'line': b'gmake: *** [Makefile:146: all] Error 2\n'}
[15.506593] (-) TimerEvent: {}
[15.508643] (tracking_robot_pkg) CommandEnded: {'returncode': 2}
[15.534149] (tracking_robot_pkg) JobEnded: {'identifier': 'tracking_robot_pkg', 'rc': 2}
[15.545434] (-) EventReactorShutdown: {}
