[0.012s] Invoking command in '/home/sebastian/ros2_ws/build/topic_publisher_pkg': CMAKE_PREFIX_PATH=${CMAKE_PREFIX_PATH}:/opt/ros/humble /usr/bin/cmake --build /home/sebastian/ros2_ws/build/topic_publisher_pkg -- -j20 -l20
[0.055s] [ 20%] Built target simple_publisher_node
[0.068s] [35m[1mConsolidate compiler generated dependencies of target circle_wall[0m
[0.084s] [ 30%] [32mBuilding CXX object CMakeFiles/circle_wall.dir/src/circle_wall.cpp.o[0m
[5.836s] [ 40%] [32m[1mLinking CXX executable circle_wall[0m
[6.187s] [ 40%] Built target circle_wall
[6.215s] [ 60%] Built target simple_subscriber
[6.235s] [ 80%] Built target simple_publisher
[6.259s] [100%] Built target move_robot
[6.274s] Invoked command in '/home/sebastian/ros2_ws/build/topic_publisher_pkg' returned '0': CMAKE_PREFIX_PATH=${CMAKE_PREFIX_PATH}:/opt/ros/humble /usr/bin/cmake --build /home/sebastian/ros2_ws/build/topic_publisher_pkg -- -j20 -l20
[6.284s] Invoking command in '/home/sebastian/ros2_ws/build/topic_publisher_pkg': CMAKE_PREFIX_PATH=${CMAKE_PREFIX_PATH}:/opt/ros/humble /usr/bin/cmake --install /home/sebastian/ros2_ws/build/topic_publisher_pkg
[6.292s] -- Install configuration: ""
[6.292s] -- Up-to-date: /home/sebastian/ros2_ws/install/topic_publisher_pkg/lib/topic_publisher_pkg/simple_publisher_node
[6.292s] -- Up-to-date: /home/sebastian/ros2_ws/install/topic_publisher_pkg/lib/topic_publisher_pkg/move_robot
[6.292s] -- Up-to-date: /home/sebastian/ros2_ws/install/topic_publisher_pkg/lib/topic_publisher_pkg/simple_publisher
[6.292s] -- Up-to-date: /home/sebastian/ros2_ws/install/topic_publisher_pkg/lib/topic_publisher_pkg/simple_subscriber
[6.294s] -- Installing: /home/sebastian/ros2_ws/install/topic_publisher_pkg/lib/topic_publisher_pkg/circle_wall
[6.298s] -- Set runtime path of "/home/sebastian/ros2_ws/install/topic_publisher_pkg/lib/topic_publisher_pkg/circle_wall" to ""
[6.298s] -- Up-to-date: /home/sebastian/ros2_ws/install/topic_publisher_pkg/share/topic_publisher_pkg//launch
[6.298s] -- Up-to-date: /home/sebastian/ros2_ws/install/topic_publisher_pkg/share/topic_publisher_pkg//launch/simple_publisher.launch.py
[6.298s] -- Up-to-date: /home/sebastian/ros2_ws/install/topic_publisher_pkg/share/topic_publisher_pkg//launch/simple_topic_publisher.launch.py
[6.298s] -- Up-to-date: /home/sebastian/ros2_ws/install/topic_publisher_pkg/share/topic_publisher_pkg//launch/move_robot.launch.py
[6.298s] -- Up-to-date: /home/sebastian/ros2_ws/install/topic_publisher_pkg/share/topic_publisher_pkg//launch/simple_subscriber.launch.py
[6.298s] -- Up-to-date: /home/sebastian/ros2_ws/install/topic_publisher_pkg/share/topic_publisher_pkg//launch/circle_wall.launch.py
[6.298s] -- Up-to-date: /home/sebastian/ros2_ws/install/topic_publisher_pkg/share/ament_index/resource_index/package_run_dependencies/topic_publisher_pkg
[6.298s] -- Up-to-date: /home/sebastian/ros2_ws/install/topic_publisher_pkg/share/ament_index/resource_index/parent_prefix_path/topic_publisher_pkg
[6.298s] -- Up-to-date: /home/sebastian/ros2_ws/install/topic_publisher_pkg/share/topic_publisher_pkg/environment/ament_prefix_path.sh
[6.298s] -- Up-to-date: /home/sebastian/ros2_ws/install/topic_publisher_pkg/share/topic_publisher_pkg/environment/ament_prefix_path.dsv
[6.298s] -- Up-to-date: /home/sebastian/ros2_ws/install/topic_publisher_pkg/share/topic_publisher_pkg/environment/path.sh
[6.298s] -- Up-to-date: /home/sebastian/ros2_ws/install/topic_publisher_pkg/share/topic_publisher_pkg/environment/path.dsv
[6.298s] -- Up-to-date: /home/sebastian/ros2_ws/install/topic_publisher_pkg/share/topic_publisher_pkg/local_setup.bash
[6.298s] -- Up-to-date: /home/sebastian/ros2_ws/install/topic_publisher_pkg/share/topic_publisher_pkg/local_setup.sh
[6.298s] -- Up-to-date: /home/sebastian/ros2_ws/install/topic_publisher_pkg/share/topic_publisher_pkg/local_setup.zsh
[6.298s] -- Up-to-date: /home/sebastian/ros2_ws/install/topic_publisher_pkg/share/topic_publisher_pkg/local_setup.dsv
[6.299s] -- Installing: /home/sebastian/ros2_ws/install/topic_publisher_pkg/share/topic_publisher_pkg/package.dsv
[6.299s] -- Up-to-date: /home/sebastian/ros2_ws/install/topic_publisher_pkg/share/ament_index/resource_index/packages/topic_publisher_pkg
[6.299s] -- Up-to-date: /home/sebastian/ros2_ws/install/topic_publisher_pkg/share/topic_publisher_pkg/cmake/topic_publisher_pkgConfig.cmake
[6.299s] -- Up-to-date: /home/sebastian/ros2_ws/install/topic_publisher_pkg/share/topic_publisher_pkg/cmake/topic_publisher_pkgConfig-version.cmake
[6.299s] -- Up-to-date: /home/sebastian/ros2_ws/install/topic_publisher_pkg/share/topic_publisher_pkg/package.xml
[6.300s] Invoked command in '/home/sebastian/ros2_ws/build/topic_publisher_pkg' returned '0': CMAKE_PREFIX_PATH=${CMAKE_PREFIX_PATH}:/opt/ros/humble /usr/bin/cmake --install /home/sebastian/ros2_ws/build/topic_publisher_pkg
