[0.028s] Invoking command in '/workspaces/isaac_ros-dev/src/ros2_ws/build/custom_interfaces': CMAKE_PREFIX_PATH=${CMAKE_PREFIX_PATH}:/opt/ros/humble /usr/bin/cmake --build /workspaces/isaac_ros-dev/src/ros2_ws/build/custom_interfaces -- -j6 -l6
[0.233s] [ 12%] Built target custom_interfaces__rosidl_generator_c
[0.233s] [ 12%] Built target custom_interfaces__cpp
[0.257s] [ 12%] Built target ament_cmake_python_copy_custom_interfaces
[0.314s] [ 22%] Built target custom_interfaces__rosidl_typesupport_fastrtps_cpp
[0.316s] [ 32%] Built target custom_interfaces__rosidl_typesupport_introspection_cpp
[0.354s] [ 41%] Built target custom_interfaces__rosidl_typesupport_cpp
[0.371s] [ 51%] Built target custom_interfaces__rosidl_typesupport_introspection_c
[0.385s] [ 61%] Built target custom_interfaces__rosidl_typesupport_fastrtps_c
[0.394s] [ 70%] Built target custom_interfaces__rosidl_typesupport_c
[0.487s] [ 70%] Built target custom_interfaces
[0.574s] [ 74%] Built target custom_interfaces__py
[0.647s] [ 80%] Built target custom_interfaces__rosidl_generator_py
[0.733s] [ 87%] Built target custom_interfaces__rosidl_typesupport_c__pyext
[0.736s] [ 93%] Built target custom_interfaces__rosidl_typesupport_introspection_c__pyext
[0.755s] [100%] Built target custom_interfaces__rosidl_typesupport_fastrtps_c__pyext
[1.710s] running egg_info
[1.774s] writing custom_interfaces.egg-info/PKG-INFO
[1.776s] writing dependency_links to custom_interfaces.egg-info/dependency_links.txt
[1.777s] writing top-level names to custom_interfaces.egg-info/top_level.txt
[2.748s] writing manifest file 'custom_interfaces.egg-info/SOURCES.txt'
[2.942s] [100%] Built target ament_cmake_python_build_custom_interfaces_egg
[2.975s] Invoked command in '/workspaces/isaac_ros-dev/src/ros2_ws/build/custom_interfaces' returned '0': CMAKE_PREFIX_PATH=${CMAKE_PREFIX_PATH}:/opt/ros/humble /usr/bin/cmake --build /workspaces/isaac_ros-dev/src/ros2_ws/build/custom_interfaces -- -j6 -l6
[3.004s] Invoking command in '/workspaces/isaac_ros-dev/src/ros2_ws/build/custom_interfaces': CMAKE_PREFIX_PATH=${CMAKE_PREFIX_PATH}:/opt/ros/humble /usr/bin/cmake --install /workspaces/isaac_ros-dev/src/ros2_ws/build/custom_interfaces
[3.027s] -- Install configuration: ""
[3.027s] -- Up-to-date: /workspaces/isaac_ros-dev/src/ros2_ws/install/custom_interfaces/share/ament_index/resource_index/rosidl_interfaces/custom_interfaces
[3.028s] -- Up-to-date: /workspaces/isaac_ros-dev/src/ros2_ws/install/custom_interfaces/include/custom_interfaces/custom_interfaces
[3.028s] -- Up-to-date: /workspaces/isaac_ros-dev/src/ros2_ws/install/custom_interfaces/include/custom_interfaces/custom_interfaces/action
[3.028s] -- Up-to-date: /workspaces/isaac_ros-dev/src/ros2_ws/install/custom_interfaces/include/custom_interfaces/custom_interfaces/action/tracking_robot.h
[3.028s] -- Up-to-date: /workspaces/isaac_ros-dev/src/ros2_ws/install/custom_interfaces/include/custom_interfaces/custom_interfaces/action/detail
[3.029s] -- Up-to-date: /workspaces/isaac_ros-dev/src/ros2_ws/install/custom_interfaces/include/custom_interfaces/custom_interfaces/action/detail/tracking_robot__functions.c
[3.029s] -- Up-to-date: /workspaces/isaac_ros-dev/src/ros2_ws/install/custom_interfaces/include/custom_interfaces/custom_interfaces/action/detail/tracking_robot__type_support.h
[3.029s] -- Up-to-date: /workspaces/isaac_ros-dev/src/ros2_ws/install/custom_interfaces/include/custom_interfaces/custom_interfaces/action/detail/tracking_robot__functions.h
[3.029s] -- Up-to-date: /workspaces/isaac_ros-dev/src/ros2_ws/install/custom_interfaces/include/custom_interfaces/custom_interfaces/action/detail/tracking_robot__struct.h
[3.029s] -- Up-to-date: /workspaces/isaac_ros-dev/src/ros2_ws/install/custom_interfaces/include/custom_interfaces/custom_interfaces/msg
[3.030s] -- Up-to-date: /workspaces/isaac_ros-dev/src/ros2_ws/install/custom_interfaces/include/custom_interfaces/custom_interfaces/msg/rosidl_generator_c__visibility_control.h
[3.030s] -- Up-to-date: /workspaces/isaac_ros-dev/src/ros2_ws/install/custom_interfaces/share/custom_interfaces/environment/library_path.sh
[3.030s] -- Up-to-date: /workspaces/isaac_ros-dev/src/ros2_ws/install/custom_interfaces/share/custom_interfaces/environment/library_path.dsv
[3.030s] -- Up-to-date: /workspaces/isaac_ros-dev/src/ros2_ws/install/custom_interfaces/lib/libcustom_interfaces__rosidl_generator_c.so
[3.030s] -- Up-to-date: /workspaces/isaac_ros-dev/src/ros2_ws/install/custom_interfaces/include/custom_interfaces/custom_interfaces
[3.031s] -- Up-to-date: /workspaces/isaac_ros-dev/src/ros2_ws/install/custom_interfaces/include/custom_interfaces/custom_interfaces/action
[3.031s] -- Up-to-date: /workspaces/isaac_ros-dev/src/ros2_ws/install/custom_interfaces/include/custom_interfaces/custom_interfaces/action/detail
[3.031s] -- Up-to-date: /workspaces/isaac_ros-dev/src/ros2_ws/install/custom_interfaces/include/custom_interfaces/custom_interfaces/action/detail/tracking_robot__rosidl_typesupport_fastrtps_c.h
[3.031s] -- Up-to-date: /workspaces/isaac_ros-dev/src/ros2_ws/install/custom_interfaces/include/custom_interfaces/custom_interfaces/msg
[3.031s] -- Up-to-date: /workspaces/isaac_ros-dev/src/ros2_ws/install/custom_interfaces/include/custom_interfaces/custom_interfaces/msg/rosidl_typesupport_fastrtps_c__visibility_control.h
[3.031s] -- Up-to-date: /workspaces/isaac_ros-dev/src/ros2_ws/install/custom_interfaces/lib/libcustom_interfaces__rosidl_typesupport_fastrtps_c.so
[3.032s] -- Up-to-date: /workspaces/isaac_ros-dev/src/ros2_ws/install/custom_interfaces/include/custom_interfaces/custom_interfaces
[3.032s] -- Up-to-date: /workspaces/isaac_ros-dev/src/ros2_ws/install/custom_interfaces/include/custom_interfaces/custom_interfaces/action
[3.032s] -- Up-to-date: /workspaces/isaac_ros-dev/src/ros2_ws/install/custom_interfaces/include/custom_interfaces/custom_interfaces/action/detail
[3.032s] -- Up-to-date: /workspaces/isaac_ros-dev/src/ros2_ws/install/custom_interfaces/include/custom_interfaces/custom_interfaces/action/detail/tracking_robot__rosidl_typesupport_introspection_c.h
[3.032s] -- Up-to-date: /workspaces/isaac_ros-dev/src/ros2_ws/install/custom_interfaces/include/custom_interfaces/custom_interfaces/action/detail/tracking_robot__type_support.c
[3.032s] -- Up-to-date: /workspaces/isaac_ros-dev/src/ros2_ws/install/custom_interfaces/include/custom_interfaces/custom_interfaces/msg
[3.033s] -- Up-to-date: /workspaces/isaac_ros-dev/src/ros2_ws/install/custom_interfaces/include/custom_interfaces/custom_interfaces/msg/rosidl_typesupport_introspection_c__visibility_control.h
[3.033s] -- Up-to-date: /workspaces/isaac_ros-dev/src/ros2_ws/install/custom_interfaces/lib/libcustom_interfaces__rosidl_typesupport_introspection_c.so
[3.034s] -- Up-to-date: /workspaces/isaac_ros-dev/src/ros2_ws/install/custom_interfaces/lib/libcustom_interfaces__rosidl_typesupport_c.so
[3.034s] -- Up-to-date: /workspaces/isaac_ros-dev/src/ros2_ws/install/custom_interfaces/include/custom_interfaces/custom_interfaces
[3.034s] -- Up-to-date: /workspaces/isaac_ros-dev/src/ros2_ws/install/custom_interfaces/include/custom_interfaces/custom_interfaces/action
[3.034s] -- Up-to-date: /workspaces/isaac_ros-dev/src/ros2_ws/install/custom_interfaces/include/custom_interfaces/custom_interfaces/action/tracking_robot.hpp
[3.035s] -- Up-to-date: /workspaces/isaac_ros-dev/src/ros2_ws/install/custom_interfaces/include/custom_interfaces/custom_interfaces/action/detail
[3.035s] -- Up-to-date: /workspaces/isaac_ros-dev/src/ros2_ws/install/custom_interfaces/include/custom_interfaces/custom_interfaces/action/detail/tracking_robot__type_support.hpp
[3.035s] -- Up-to-date: /workspaces/isaac_ros-dev/src/ros2_ws/install/custom_interfaces/include/custom_interfaces/custom_interfaces/action/detail/tracking_robot__traits.hpp
[3.035s] -- Up-to-date: /workspaces/isaac_ros-dev/src/ros2_ws/install/custom_interfaces/include/custom_interfaces/custom_interfaces/action/detail/tracking_robot__builder.hpp
[3.036s] -- Up-to-date: /workspaces/isaac_ros-dev/src/ros2_ws/install/custom_interfaces/include/custom_interfaces/custom_interfaces/action/detail/tracking_robot__struct.hpp
[3.036s] -- Up-to-date: /workspaces/isaac_ros-dev/src/ros2_ws/install/custom_interfaces/include/custom_interfaces/custom_interfaces/msg
[3.036s] -- Up-to-date: /workspaces/isaac_ros-dev/src/ros2_ws/install/custom_interfaces/include/custom_interfaces/custom_interfaces/msg/rosidl_generator_cpp__visibility_control.hpp
[3.036s] -- Up-to-date: /workspaces/isaac_ros-dev/src/ros2_ws/install/custom_interfaces/include/custom_interfaces/custom_interfaces
[3.036s] -- Up-to-date: /workspaces/isaac_ros-dev/src/ros2_ws/install/custom_interfaces/include/custom_interfaces/custom_interfaces/action
[3.037s] -- Up-to-date: /workspaces/isaac_ros-dev/src/ros2_ws/install/custom_interfaces/include/custom_interfaces/custom_interfaces/action/detail
[3.037s] -- Up-to-date: /workspaces/isaac_ros-dev/src/ros2_ws/install/custom_interfaces/include/custom_interfaces/custom_interfaces/action/detail/tracking_robot__rosidl_typesupport_fastrtps_cpp.hpp
[3.037s] -- Up-to-date: /workspaces/isaac_ros-dev/src/ros2_ws/install/custom_interfaces/include/custom_interfaces/custom_interfaces/action/detail/dds_fastrtps
[3.037s] -- Up-to-date: /workspaces/isaac_ros-dev/src/ros2_ws/install/custom_interfaces/include/custom_interfaces/custom_interfaces/msg
[3.038s] -- Up-to-date: /workspaces/isaac_ros-dev/src/ros2_ws/install/custom_interfaces/include/custom_interfaces/custom_interfaces/msg/rosidl_typesupport_fastrtps_cpp__visibility_control.h
[3.038s] -- Up-to-date: /workspaces/isaac_ros-dev/src/ros2_ws/install/custom_interfaces/lib/libcustom_interfaces__rosidl_typesupport_fastrtps_cpp.so
[3.038s] -- Up-to-date: /workspaces/isaac_ros-dev/src/ros2_ws/install/custom_interfaces/include/custom_interfaces/custom_interfaces
[3.038s] -- Up-to-date: /workspaces/isaac_ros-dev/src/ros2_ws/install/custom_interfaces/include/custom_interfaces/custom_interfaces/action
[3.038s] -- Up-to-date: /workspaces/isaac_ros-dev/src/ros2_ws/install/custom_interfaces/include/custom_interfaces/custom_interfaces/action/detail
[3.039s] -- Up-to-date: /workspaces/isaac_ros-dev/src/ros2_ws/install/custom_interfaces/include/custom_interfaces/custom_interfaces/action/detail/tracking_robot__rosidl_typesupport_introspection_cpp.hpp
[3.039s] -- Up-to-date: /workspaces/isaac_ros-dev/src/ros2_ws/install/custom_interfaces/include/custom_interfaces/custom_interfaces/action/detail/tracking_robot__type_support.cpp
[3.039s] -- Up-to-date: /workspaces/isaac_ros-dev/src/ros2_ws/install/custom_interfaces/lib/libcustom_interfaces__rosidl_typesupport_introspection_cpp.so
[3.039s] -- Up-to-date: /workspaces/isaac_ros-dev/src/ros2_ws/install/custom_interfaces/lib/libcustom_interfaces__rosidl_typesupport_cpp.so
[3.039s] -- Up-to-date: /workspaces/isaac_ros-dev/src/ros2_ws/install/custom_interfaces/share/custom_interfaces/environment/pythonpath.sh
[3.039s] -- Up-to-date: /workspaces/isaac_ros-dev/src/ros2_ws/install/custom_interfaces/share/custom_interfaces/environment/pythonpath.dsv
[3.040s] -- Up-to-date: /workspaces/isaac_ros-dev/src/ros2_ws/install/custom_interfaces/local/lib/python3.10/dist-packages/custom_interfaces-0.0.0-py3.10.egg-info
[3.040s] -- Installing: /workspaces/isaac_ros-dev/src/ros2_ws/install/custom_interfaces/local/lib/python3.10/dist-packages/custom_interfaces-0.0.0-py3.10.egg-info/dependency_links.txt
[3.040s] -- Installing: /workspaces/isaac_ros-dev/src/ros2_ws/install/custom_interfaces/local/lib/python3.10/dist-packages/custom_interfaces-0.0.0-py3.10.egg-info/PKG-INFO
[3.040s] -- Installing: /workspaces/isaac_ros-dev/src/ros2_ws/install/custom_interfaces/local/lib/python3.10/dist-packages/custom_interfaces-0.0.0-py3.10.egg-info/top_level.txt
[3.040s] -- Installing: /workspaces/isaac_ros-dev/src/ros2_ws/install/custom_interfaces/local/lib/python3.10/dist-packages/custom_interfaces-0.0.0-py3.10.egg-info/SOURCES.txt
[3.040s] -- Up-to-date: /workspaces/isaac_ros-dev/src/ros2_ws/install/custom_interfaces/local/lib/python3.10/dist-packages/custom_interfaces
[3.042s] -- Up-to-date: /workspaces/isaac_ros-dev/src/ros2_ws/install/custom_interfaces/local/lib/python3.10/dist-packages/custom_interfaces/__init__.py
[3.042s] -- Up-to-date: /workspaces/isaac_ros-dev/src/ros2_ws/install/custom_interfaces/local/lib/python3.10/dist-packages/custom_interfaces/custom_interfaces_s__rosidl_typesupport_introspection_c.cpython-310-aarch64-linux-gnu.so
[3.042s] -- Up-to-date: /workspaces/isaac_ros-dev/src/ros2_ws/install/custom_interfaces/local/lib/python3.10/dist-packages/custom_interfaces/libcustom_interfaces__rosidl_generator_py.so
[3.042s] -- Up-to-date: /workspaces/isaac_ros-dev/src/ros2_ws/install/custom_interfaces/local/lib/python3.10/dist-packages/custom_interfaces/_custom_interfaces_s.ep.rosidl_typesupport_introspection_c.c
[3.043s] -- Up-to-date: /workspaces/isaac_ros-dev/src/ros2_ws/install/custom_interfaces/local/lib/python3.10/dist-packages/custom_interfaces/action
[3.043s] -- Up-to-date: /workspaces/isaac_ros-dev/src/ros2_ws/install/custom_interfaces/local/lib/python3.10/dist-packages/custom_interfaces/action/__init__.py
[3.043s] -- Up-to-date: /workspaces/isaac_ros-dev/src/ros2_ws/install/custom_interfaces/local/lib/python3.10/dist-packages/custom_interfaces/action/_tracking_robot.py
[3.043s] -- Up-to-date: /workspaces/isaac_ros-dev/src/ros2_ws/install/custom_interfaces/local/lib/python3.10/dist-packages/custom_interfaces/action/_tracking_robot_s.c
[3.043s] -- Up-to-date: /workspaces/isaac_ros-dev/src/ros2_ws/install/custom_interfaces/local/lib/python3.10/dist-packages/custom_interfaces/custom_interfaces_s__rosidl_typesupport_c.cpython-310-aarch64-linux-gnu.so
[3.043s] -- Up-to-date: /workspaces/isaac_ros-dev/src/ros2_ws/install/custom_interfaces/local/lib/python3.10/dist-packages/custom_interfaces/_custom_interfaces_s.ep.rosidl_typesupport_c.c
[3.044s] -- Up-to-date: /workspaces/isaac_ros-dev/src/ros2_ws/install/custom_interfaces/local/lib/python3.10/dist-packages/custom_interfaces/custom_interfaces_s__rosidl_typesupport_fastrtps_c.cpython-310-aarch64-linux-gnu.so
[3.044s] -- Up-to-date: /workspaces/isaac_ros-dev/src/ros2_ws/install/custom_interfaces/local/lib/python3.10/dist-packages/custom_interfaces/_custom_interfaces_s.ep.rosidl_typesupport_fastrtps_c.c
[3.144s] Listing '/workspaces/isaac_ros-dev/src/ros2_ws/install/custom_interfaces/local/lib/python3.10/dist-packages/custom_interfaces'...
[3.145s] Listing '/workspaces/isaac_ros-dev/src/ros2_ws/install/custom_interfaces/local/lib/python3.10/dist-packages/custom_interfaces/action'...
[3.160s] -- Up-to-date: /workspaces/isaac_ros-dev/src/ros2_ws/install/custom_interfaces/local/lib/python3.10/dist-packages/custom_interfaces/custom_interfaces_s__rosidl_typesupport_fastrtps_c.cpython-310-aarch64-linux-gnu.so
[3.161s] -- Up-to-date: /workspaces/isaac_ros-dev/src/ros2_ws/install/custom_interfaces/local/lib/python3.10/dist-packages/custom_interfaces/custom_interfaces_s__rosidl_typesupport_introspection_c.cpython-310-aarch64-linux-gnu.so
[3.162s] -- Up-to-date: /workspaces/isaac_ros-dev/src/ros2_ws/install/custom_interfaces/local/lib/python3.10/dist-packages/custom_interfaces/custom_interfaces_s__rosidl_typesupport_c.cpython-310-aarch64-linux-gnu.so
[3.167s] -- Up-to-date: /workspaces/isaac_ros-dev/src/ros2_ws/install/custom_interfaces/lib/libcustom_interfaces__rosidl_generator_py.so
[3.168s] -- Up-to-date: /workspaces/isaac_ros-dev/src/ros2_ws/install/custom_interfaces/share/custom_interfaces/action/TrackingRobot.idl
[3.168s] -- Up-to-date: /workspaces/isaac_ros-dev/src/ros2_ws/install/custom_interfaces/share/custom_interfaces/action/TrackingRobot.action
[3.168s] -- Up-to-date: /workspaces/isaac_ros-dev/src/ros2_ws/install/custom_interfaces/share/ament_index/resource_index/package_run_dependencies/custom_interfaces
[3.170s] -- Up-to-date: /workspaces/isaac_ros-dev/src/ros2_ws/install/custom_interfaces/share/ament_index/resource_index/parent_prefix_path/custom_interfaces
[3.170s] -- Up-to-date: /workspaces/isaac_ros-dev/src/ros2_ws/install/custom_interfaces/share/custom_interfaces/environment/ament_prefix_path.sh
[3.171s] -- Up-to-date: /workspaces/isaac_ros-dev/src/ros2_ws/install/custom_interfaces/share/custom_interfaces/environment/ament_prefix_path.dsv
[3.171s] -- Up-to-date: /workspaces/isaac_ros-dev/src/ros2_ws/install/custom_interfaces/share/custom_interfaces/environment/path.sh
[3.171s] -- Up-to-date: /workspaces/isaac_ros-dev/src/ros2_ws/install/custom_interfaces/share/custom_interfaces/environment/path.dsv
[3.172s] -- Up-to-date: /workspaces/isaac_ros-dev/src/ros2_ws/install/custom_interfaces/share/custom_interfaces/local_setup.bash
[3.172s] -- Up-to-date: /workspaces/isaac_ros-dev/src/ros2_ws/install/custom_interfaces/share/custom_interfaces/local_setup.sh
[3.172s] -- Up-to-date: /workspaces/isaac_ros-dev/src/ros2_ws/install/custom_interfaces/share/custom_interfaces/local_setup.zsh
[3.172s] -- Up-to-date: /workspaces/isaac_ros-dev/src/ros2_ws/install/custom_interfaces/share/custom_interfaces/local_setup.dsv
[3.172s] -- Installing: /workspaces/isaac_ros-dev/src/ros2_ws/install/custom_interfaces/share/custom_interfaces/package.dsv
[3.173s] -- Up-to-date: /workspaces/isaac_ros-dev/src/ros2_ws/install/custom_interfaces/share/ament_index/resource_index/packages/custom_interfaces
[3.173s] -- Up-to-date: /workspaces/isaac_ros-dev/src/ros2_ws/install/custom_interfaces/share/custom_interfaces/cmake/export_custom_interfaces__rosidl_generator_cExport.cmake
[3.173s] -- Up-to-date: /workspaces/isaac_ros-dev/src/ros2_ws/install/custom_interfaces/share/custom_interfaces/cmake/export_custom_interfaces__rosidl_generator_cExport-noconfig.cmake
[3.175s] -- Up-to-date: /workspaces/isaac_ros-dev/src/ros2_ws/install/custom_interfaces/share/custom_interfaces/cmake/export_custom_interfaces__rosidl_typesupport_fastrtps_cExport.cmake
[3.175s] -- Up-to-date: /workspaces/isaac_ros-dev/src/ros2_ws/install/custom_interfaces/share/custom_interfaces/cmake/export_custom_interfaces__rosidl_typesupport_fastrtps_cExport-noconfig.cmake
[3.175s] -- Up-to-date: /workspaces/isaac_ros-dev/src/ros2_ws/install/custom_interfaces/share/custom_interfaces/cmake/custom_interfaces__rosidl_typesupport_introspection_cExport.cmake
[3.176s] -- Up-to-date: /workspaces/isaac_ros-dev/src/ros2_ws/install/custom_interfaces/share/custom_interfaces/cmake/custom_interfaces__rosidl_typesupport_introspection_cExport-noconfig.cmake
[3.176s] -- Up-to-date: /workspaces/isaac_ros-dev/src/ros2_ws/install/custom_interfaces/share/custom_interfaces/cmake/custom_interfaces__rosidl_typesupport_cExport.cmake
[3.176s] -- Up-to-date: /workspaces/isaac_ros-dev/src/ros2_ws/install/custom_interfaces/share/custom_interfaces/cmake/custom_interfaces__rosidl_typesupport_cExport-noconfig.cmake
[3.177s] -- Up-to-date: /workspaces/isaac_ros-dev/src/ros2_ws/install/custom_interfaces/share/custom_interfaces/cmake/export_custom_interfaces__rosidl_generator_cppExport.cmake
[3.177s] -- Up-to-date: /workspaces/isaac_ros-dev/src/ros2_ws/install/custom_interfaces/share/custom_interfaces/cmake/export_custom_interfaces__rosidl_typesupport_fastrtps_cppExport.cmake
[3.177s] -- Up-to-date: /workspaces/isaac_ros-dev/src/ros2_ws/install/custom_interfaces/share/custom_interfaces/cmake/export_custom_interfaces__rosidl_typesupport_fastrtps_cppExport-noconfig.cmake
[3.178s] -- Up-to-date: /workspaces/isaac_ros-dev/src/ros2_ws/install/custom_interfaces/share/custom_interfaces/cmake/custom_interfaces__rosidl_typesupport_introspection_cppExport.cmake
[3.178s] -- Up-to-date: /workspaces/isaac_ros-dev/src/ros2_ws/install/custom_interfaces/share/custom_interfaces/cmake/custom_interfaces__rosidl_typesupport_introspection_cppExport-noconfig.cmake
[3.179s] -- Up-to-date: /workspaces/isaac_ros-dev/src/ros2_ws/install/custom_interfaces/share/custom_interfaces/cmake/custom_interfaces__rosidl_typesupport_cppExport.cmake
[3.179s] -- Up-to-date: /workspaces/isaac_ros-dev/src/ros2_ws/install/custom_interfaces/share/custom_interfaces/cmake/custom_interfaces__rosidl_typesupport_cppExport-noconfig.cmake
[3.179s] -- Up-to-date: /workspaces/isaac_ros-dev/src/ros2_ws/install/custom_interfaces/share/custom_interfaces/cmake/export_custom_interfaces__rosidl_generator_pyExport.cmake
[3.180s] -- Up-to-date: /workspaces/isaac_ros-dev/src/ros2_ws/install/custom_interfaces/share/custom_interfaces/cmake/export_custom_interfaces__rosidl_generator_pyExport-noconfig.cmake
[3.181s] -- Up-to-date: /workspaces/isaac_ros-dev/src/ros2_ws/install/custom_interfaces/share/custom_interfaces/cmake/rosidl_cmake-extras.cmake
[3.181s] -- Up-to-date: /workspaces/isaac_ros-dev/src/ros2_ws/install/custom_interfaces/share/custom_interfaces/cmake/ament_cmake_export_dependencies-extras.cmake
[3.182s] -- Up-to-date: /workspaces/isaac_ros-dev/src/ros2_ws/install/custom_interfaces/share/custom_interfaces/cmake/ament_cmake_export_include_directories-extras.cmake
[3.184s] -- Up-to-date: /workspaces/isaac_ros-dev/src/ros2_ws/install/custom_interfaces/share/custom_interfaces/cmake/ament_cmake_export_libraries-extras.cmake
[3.184s] -- Up-to-date: /workspaces/isaac_ros-dev/src/ros2_ws/install/custom_interfaces/share/custom_interfaces/cmake/ament_cmake_export_targets-extras.cmake
[3.184s] -- Up-to-date: /workspaces/isaac_ros-dev/src/ros2_ws/install/custom_interfaces/share/custom_interfaces/cmake/rosidl_cmake_export_typesupport_targets-extras.cmake
[3.184s] -- Up-to-date: /workspaces/isaac_ros-dev/src/ros2_ws/install/custom_interfaces/share/custom_interfaces/cmake/rosidl_cmake_export_typesupport_libraries-extras.cmake
[3.185s] -- Up-to-date: /workspaces/isaac_ros-dev/src/ros2_ws/install/custom_interfaces/share/custom_interfaces/cmake/custom_interfacesConfig.cmake
[3.185s] -- Up-to-date: /workspaces/isaac_ros-dev/src/ros2_ws/install/custom_interfaces/share/custom_interfaces/cmake/custom_interfacesConfig-version.cmake
[3.185s] -- Up-to-date: /workspaces/isaac_ros-dev/src/ros2_ws/install/custom_interfaces/share/custom_interfaces/package.xml
[3.193s] Invoked command in '/workspaces/isaac_ros-dev/src/ros2_ws/build/custom_interfaces' returned '0': CMAKE_PREFIX_PATH=${CMAKE_PREFIX_PATH}:/opt/ros/humble /usr/bin/cmake --install /workspaces/isaac_ros-dev/src/ros2_ws/build/custom_interfaces
