[0.262s] DEBUG:colcon:Command line arguments: ['/usr/bin/colcon', 'build']
[0.262s] DEBUG:colcon:Parsed command line arguments: Namespace(log_base=None, log_level=None, verb_name='build', build_base='build', install_base='install', merge_install=False, symlink_install=False, test_result_base=None, continue_on_error=False, executor='parallel', parallel_workers=6, event_handlers=None, ignore_user_meta=False, metas=['./colcon.meta'], base_paths=['.'], packages_ignore=None, packages_ignore_regex=None, paths=None, packages_up_to=None, packages_up_to_regex=None, packages_above=None, packages_above_and_dependencies=None, packages_above_depth=None, packages_select_by_dep=None, packages_skip_by_dep=None, packages_skip_up_to=None, packages_select_build_failed=False, packages_skip_build_finished=False, packages_select_test_failures=False, packages_skip_test_passed=False, packages_select=None, packages_skip=None, packages_select_regex=None, packages_skip_regex=None, packages_start=None, packages_end=None, allow_overriding=[], cmake_args=None, cmake_target=None, cmake_target_skip_unavailable=False, cmake_clean_cache=False, cmake_clean_first=False, cmake_force_configure=False, ament_cmake_args=None, catkin_cmake_args=None, catkin_skip_building_tests=False, verb_parser=<colcon_defaults.argument_parser.defaults.DefaultArgumentsDecorator object at 0xffff9ca29ed0>, verb_extension=<colcon_core.verb.build.BuildVerb object at 0xffff9cbe32e0>, main=<bound method BuildVerb.main of <colcon_core.verb.build.BuildVerb object at 0xffff9cbe32e0>>)
[0.922s] Level 1:colcon.colcon_core.package_discovery:discover_packages(colcon_meta) check parameters
[0.922s] Level 1:colcon.colcon_core.package_discovery:discover_packages(recursive) check parameters
[0.923s] Level 1:colcon.colcon_core.package_discovery:discover_packages(ignore) check parameters
[0.923s] Level 1:colcon.colcon_core.package_discovery:discover_packages(path) check parameters
[0.923s] Level 1:colcon.colcon_core.package_discovery:discover_packages(colcon_meta) discover
[0.923s] Level 1:colcon.colcon_core.package_discovery:discover_packages(recursive) discover
[0.923s] INFO:colcon.colcon_core.package_discovery:Crawling recursively for packages in '/workspaces/isaac_ros-dev/src/ros2_ws'
[0.923s] Level 1:colcon.colcon_core.package_identification:_identify(.) by extensions ['ignore', 'ignore_ament_install']
[0.924s] Level 1:colcon.colcon_core.package_identification:_identify(.) by extension 'ignore'
[0.924s] Level 1:colcon.colcon_core.package_identification:_identify(.) by extension 'ignore_ament_install'
[0.924s] Level 1:colcon.colcon_core.package_identification:_identify(.) by extensions ['colcon_pkg']
[0.924s] Level 1:colcon.colcon_core.package_identification:_identify(.) by extension 'colcon_pkg'
[0.924s] Level 1:colcon.colcon_core.package_identification:_identify(.) by extensions ['colcon_meta']
[0.924s] Level 1:colcon.colcon_core.package_identification:_identify(.) by extension 'colcon_meta'
[0.924s] Level 1:colcon.colcon_core.package_identification:_identify(.) by extensions ['ros']
[0.924s] Level 1:colcon.colcon_core.package_identification:_identify(.) by extension 'ros'
[0.958s] Level 1:colcon.colcon_core.package_identification:_identify(.) by extensions ['cmake', 'python']
[0.958s] Level 1:colcon.colcon_core.package_identification:_identify(.) by extension 'cmake'
[0.958s] Level 1:colcon.colcon_core.package_identification:_identify(.) by extension 'python'
[0.958s] Level 1:colcon.colcon_core.package_identification:_identify(.) by extensions ['python_setup_py']
[0.958s] Level 1:colcon.colcon_core.package_identification:_identify(.) by extension 'python_setup_py'
[0.958s] Level 1:colcon.colcon_core.package_identification:_identify(build) by extensions ['ignore', 'ignore_ament_install']
[0.959s] Level 1:colcon.colcon_core.package_identification:_identify(build) by extension 'ignore'
[0.959s] Level 1:colcon.colcon_core.package_identification:_identify(build) ignored
[0.959s] Level 1:colcon.colcon_core.package_identification:_identify(install) by extensions ['ignore', 'ignore_ament_install']
[0.959s] Level 1:colcon.colcon_core.package_identification:_identify(install) by extension 'ignore'
[0.959s] Level 1:colcon.colcon_core.package_identification:_identify(install) ignored
[0.960s] Level 1:colcon.colcon_core.package_identification:_identify(log) by extensions ['ignore', 'ignore_ament_install']
[0.960s] Level 1:colcon.colcon_core.package_identification:_identify(log) by extension 'ignore'
[0.960s] Level 1:colcon.colcon_core.package_identification:_identify(log) ignored
[0.960s] Level 1:colcon.colcon_core.package_identification:_identify(src) by extensions ['ignore', 'ignore_ament_install']
[0.960s] Level 1:colcon.colcon_core.package_identification:_identify(src) by extension 'ignore'
[0.961s] Level 1:colcon.colcon_core.package_identification:_identify(src) by extension 'ignore_ament_install'
[0.961s] Level 1:colcon.colcon_core.package_identification:_identify(src) by extensions ['colcon_pkg']
[0.961s] Level 1:colcon.colcon_core.package_identification:_identify(src) by extension 'colcon_pkg'
[0.961s] Level 1:colcon.colcon_core.package_identification:_identify(src) by extensions ['colcon_meta']
[0.961s] Level 1:colcon.colcon_core.package_identification:_identify(src) by extension 'colcon_meta'
[0.961s] Level 1:colcon.colcon_core.package_identification:_identify(src) by extensions ['ros']
[0.961s] Level 1:colcon.colcon_core.package_identification:_identify(src) by extension 'ros'
[0.961s] Level 1:colcon.colcon_core.package_identification:_identify(src) by extensions ['cmake', 'python']
[0.961s] Level 1:colcon.colcon_core.package_identification:_identify(src) by extension 'cmake'
[0.962s] Level 1:colcon.colcon_core.package_identification:_identify(src) by extension 'python'
[0.962s] Level 1:colcon.colcon_core.package_identification:_identify(src) by extensions ['python_setup_py']
[0.962s] Level 1:colcon.colcon_core.package_identification:_identify(src) by extension 'python_setup_py'
[0.962s] Level 1:colcon.colcon_core.package_identification:_identify(src/custom_interfaces) by extensions ['ignore', 'ignore_ament_install']
[0.962s] Level 1:colcon.colcon_core.package_identification:_identify(src/custom_interfaces) by extension 'ignore'
[0.962s] Level 1:colcon.colcon_core.package_identification:_identify(src/custom_interfaces) by extension 'ignore_ament_install'
[0.962s] Level 1:colcon.colcon_core.package_identification:_identify(src/custom_interfaces) by extensions ['colcon_pkg']
[0.962s] Level 1:colcon.colcon_core.package_identification:_identify(src/custom_interfaces) by extension 'colcon_pkg'
[0.962s] Level 1:colcon.colcon_core.package_identification:_identify(src/custom_interfaces) by extensions ['colcon_meta']
[0.963s] Level 1:colcon.colcon_core.package_identification:_identify(src/custom_interfaces) by extension 'colcon_meta'
[0.963s] Level 1:colcon.colcon_core.package_identification:_identify(src/custom_interfaces) by extensions ['ros']
[0.963s] Level 1:colcon.colcon_core.package_identification:_identify(src/custom_interfaces) by extension 'ros'
[0.968s] DEBUG:colcon.colcon_core.package_identification:Package 'src/custom_interfaces' with type 'ros.ament_cmake' and name 'custom_interfaces'
[0.969s] Level 1:colcon.colcon_core.package_identification:_identify(src/tracking_robot_pkg) by extensions ['ignore', 'ignore_ament_install']
[0.969s] Level 1:colcon.colcon_core.package_identification:_identify(src/tracking_robot_pkg) by extension 'ignore'
[0.969s] Level 1:colcon.colcon_core.package_identification:_identify(src/tracking_robot_pkg) by extension 'ignore_ament_install'
[0.969s] Level 1:colcon.colcon_core.package_identification:_identify(src/tracking_robot_pkg) by extensions ['colcon_pkg']
[0.969s] Level 1:colcon.colcon_core.package_identification:_identify(src/tracking_robot_pkg) by extension 'colcon_pkg'
[0.969s] Level 1:colcon.colcon_core.package_identification:_identify(src/tracking_robot_pkg) by extensions ['colcon_meta']
[0.969s] Level 1:colcon.colcon_core.package_identification:_identify(src/tracking_robot_pkg) by extension 'colcon_meta'
[0.970s] Level 1:colcon.colcon_core.package_identification:_identify(src/tracking_robot_pkg) by extensions ['ros']
[0.970s] Level 1:colcon.colcon_core.package_identification:_identify(src/tracking_robot_pkg) by extension 'ros'
[0.972s] DEBUG:colcon.colcon_core.package_identification:Package 'src/tracking_robot_pkg' with type 'ros.ament_cmake' and name 'tracking_robot_pkg'
[0.972s] Level 1:colcon.colcon_core.package_discovery:discover_packages(recursive) using defaults
[0.972s] Level 1:colcon.colcon_core.package_discovery:discover_packages(ignore) discover
[0.972s] Level 1:colcon.colcon_core.package_discovery:discover_packages(ignore) using defaults
[0.972s] Level 1:colcon.colcon_core.package_discovery:discover_packages(path) discover
[0.972s] Level 1:colcon.colcon_core.package_discovery:discover_packages(path) using defaults
[1.015s] Level 1:colcon.colcon_core.package_discovery:discover_packages(prefix_path) check parameters
[1.015s] Level 1:colcon.colcon_core.package_discovery:discover_packages(prefix_path) discover
[1.019s] DEBUG:colcon.colcon_installed_package_information.package_discovery:Found 2 installed packages in /workspaces/isaac_ros-dev/src/ros2_ws/install
[1.024s] DEBUG:colcon.colcon_installed_package_information.package_discovery:Found 439 installed packages in /opt/ros/humble
[1.030s] Level 1:colcon.colcon_core.package_discovery:discover_packages(prefix_path) using defaults
[1.147s] Level 5:colcon.colcon_core.verb:set package 'custom_interfaces' build argument 'cmake_args' from command line to 'None'
[1.147s] Level 5:colcon.colcon_core.verb:set package 'custom_interfaces' build argument 'cmake_target' from command line to 'None'
[1.147s] Level 5:colcon.colcon_core.verb:set package 'custom_interfaces' build argument 'cmake_target_skip_unavailable' from command line to 'False'
[1.147s] Level 5:colcon.colcon_core.verb:set package 'custom_interfaces' build argument 'cmake_clean_cache' from command line to 'False'
[1.147s] Level 5:colcon.colcon_core.verb:set package 'custom_interfaces' build argument 'cmake_clean_first' from command line to 'False'
[1.147s] Level 5:colcon.colcon_core.verb:set package 'custom_interfaces' build argument 'cmake_force_configure' from command line to 'False'
[1.147s] Level 5:colcon.colcon_core.verb:set package 'custom_interfaces' build argument 'ament_cmake_args' from command line to 'None'
[1.147s] Level 5:colcon.colcon_core.verb:set package 'custom_interfaces' build argument 'catkin_cmake_args' from command line to 'None'
[1.147s] Level 5:colcon.colcon_core.verb:set package 'custom_interfaces' build argument 'catkin_skip_building_tests' from command line to 'False'
[1.147s] DEBUG:colcon.colcon_core.verb:Building package 'custom_interfaces' with the following arguments: {'ament_cmake_args': None, 'build_base': '/workspaces/isaac_ros-dev/src/ros2_ws/build/custom_interfaces', 'catkin_cmake_args': None, 'catkin_skip_building_tests': False, 'cmake_args': None, 'cmake_clean_cache': False, 'cmake_clean_first': False, 'cmake_force_configure': False, 'cmake_target': None, 'cmake_target_skip_unavailable': False, 'install_base': '/workspaces/isaac_ros-dev/src/ros2_ws/install/custom_interfaces', 'merge_install': False, 'path': '/workspaces/isaac_ros-dev/src/ros2_ws/src/custom_interfaces', 'symlink_install': False, 'test_result_base': None}
[1.148s] Level 5:colcon.colcon_core.verb:set package 'tracking_robot_pkg' build argument 'cmake_args' from command line to 'None'
[1.148s] Level 5:colcon.colcon_core.verb:set package 'tracking_robot_pkg' build argument 'cmake_target' from command line to 'None'
[1.148s] Level 5:colcon.colcon_core.verb:set package 'tracking_robot_pkg' build argument 'cmake_target_skip_unavailable' from command line to 'False'
[1.148s] Level 5:colcon.colcon_core.verb:set package 'tracking_robot_pkg' build argument 'cmake_clean_cache' from command line to 'False'
[1.149s] Level 5:colcon.colcon_core.verb:set package 'tracking_robot_pkg' build argument 'cmake_clean_first' from command line to 'False'
[1.149s] Level 5:colcon.colcon_core.verb:set package 'tracking_robot_pkg' build argument 'cmake_force_configure' from command line to 'False'
[1.149s] Level 5:colcon.colcon_core.verb:set package 'tracking_robot_pkg' build argument 'ament_cmake_args' from command line to 'None'
[1.149s] Level 5:colcon.colcon_core.verb:set package 'tracking_robot_pkg' build argument 'catkin_cmake_args' from command line to 'None'
[1.149s] Level 5:colcon.colcon_core.verb:set package 'tracking_robot_pkg' build argument 'catkin_skip_building_tests' from command line to 'False'
[1.149s] DEBUG:colcon.colcon_core.verb:Building package 'tracking_robot_pkg' with the following arguments: {'ament_cmake_args': None, 'build_base': '/workspaces/isaac_ros-dev/src/ros2_ws/build/tracking_robot_pkg', 'catkin_cmake_args': None, 'catkin_skip_building_tests': False, 'cmake_args': None, 'cmake_clean_cache': False, 'cmake_clean_first': False, 'cmake_force_configure': False, 'cmake_target': None, 'cmake_target_skip_unavailable': False, 'install_base': '/workspaces/isaac_ros-dev/src/ros2_ws/install/tracking_robot_pkg', 'merge_install': False, 'path': '/workspaces/isaac_ros-dev/src/ros2_ws/src/tracking_robot_pkg', 'symlink_install': False, 'test_result_base': None}
[1.149s] INFO:colcon.colcon_core.executor:Executing jobs using 'parallel' executor
[1.152s] DEBUG:colcon.colcon_parallel_executor.executor.parallel:run_until_complete
[1.152s] INFO:colcon.colcon_ros.task.ament_cmake.build:Building ROS package in '/workspaces/isaac_ros-dev/src/ros2_ws/src/custom_interfaces' with build type 'ament_cmake'
[1.152s] INFO:colcon.colcon_cmake.task.cmake.build:Building CMake package in '/workspaces/isaac_ros-dev/src/ros2_ws/src/custom_interfaces'
[1.158s] INFO:colcon.colcon_core.plugin_system:Skipping extension 'colcon_core.shell.bat': Not used on non-Windows systems
[1.158s] INFO:colcon.colcon_core.shell:Skip shell extension 'powershell' for command environment: Not usable outside of PowerShell
[1.158s] DEBUG:colcon.colcon_core.shell:Skip shell extension 'dsv' for command environment
[1.179s] DEBUG:colcon.colcon_core.event_handler.log_command:Invoking command in '/workspaces/isaac_ros-dev/src/ros2_ws/build/custom_interfaces': CMAKE_PREFIX_PATH=${CMAKE_PREFIX_PATH}:/opt/ros/humble /usr/bin/cmake --build /workspaces/isaac_ros-dev/src/ros2_ws/build/custom_interfaces -- -j6 -l6
[3.126s] DEBUG:colcon.colcon_core.event_handler.log_command:Invoked command in '/workspaces/isaac_ros-dev/src/ros2_ws/build/custom_interfaces' returned '0': CMAKE_PREFIX_PATH=${CMAKE_PREFIX_PATH}:/opt/ros/humble /usr/bin/cmake --build /workspaces/isaac_ros-dev/src/ros2_ws/build/custom_interfaces -- -j6 -l6
[3.152s] DEBUG:colcon.colcon_core.event_handler.log_command:Invoking command in '/workspaces/isaac_ros-dev/src/ros2_ws/build/custom_interfaces': CMAKE_PREFIX_PATH=${CMAKE_PREFIX_PATH}:/opt/ros/humble /usr/bin/cmake --install /workspaces/isaac_ros-dev/src/ros2_ws/build/custom_interfaces
[3.286s] Level 1:colcon.colcon_core.environment:create_environment_scripts_only(custom_interfaces)
[3.290s] DEBUG:colcon.colcon_core.event_handler.log_command:Invoked command in '/workspaces/isaac_ros-dev/src/ros2_ws/build/custom_interfaces' returned '0': CMAKE_PREFIX_PATH=${CMAKE_PREFIX_PATH}:/opt/ros/humble /usr/bin/cmake --install /workspaces/isaac_ros-dev/src/ros2_ws/build/custom_interfaces
[3.297s] Level 1:colcon.colcon_core.environment:checking '/workspaces/isaac_ros-dev/src/ros2_ws/install/custom_interfaces' for CMake module files
[3.299s] Level 1:colcon.colcon_core.environment:checking '/workspaces/isaac_ros-dev/src/ros2_ws/install/custom_interfaces' for CMake config files
[3.299s] Level 1:colcon.colcon_core.shell:create_environment_hook('custom_interfaces', 'cmake_prefix_path')
[3.300s] INFO:colcon.colcon_core.shell:Creating environment hook '/workspaces/isaac_ros-dev/src/ros2_ws/install/custom_interfaces/share/custom_interfaces/hook/cmake_prefix_path.ps1'
[3.302s] INFO:colcon.colcon_core.shell:Creating environment descriptor '/workspaces/isaac_ros-dev/src/ros2_ws/install/custom_interfaces/share/custom_interfaces/hook/cmake_prefix_path.dsv'
[3.303s] INFO:colcon.colcon_core.shell:Creating environment hook '/workspaces/isaac_ros-dev/src/ros2_ws/install/custom_interfaces/share/custom_interfaces/hook/cmake_prefix_path.sh'
[3.307s] Level 1:colcon.colcon_core.environment:checking '/workspaces/isaac_ros-dev/src/ros2_ws/install/custom_interfaces/lib'
[3.307s] Level 1:colcon.colcon_core.shell:create_environment_hook('custom_interfaces', 'ld_library_path_lib')
[3.308s] INFO:colcon.colcon_core.shell:Creating environment hook '/workspaces/isaac_ros-dev/src/ros2_ws/install/custom_interfaces/share/custom_interfaces/hook/ld_library_path_lib.ps1'
[3.310s] INFO:colcon.colcon_core.shell:Creating environment descriptor '/workspaces/isaac_ros-dev/src/ros2_ws/install/custom_interfaces/share/custom_interfaces/hook/ld_library_path_lib.dsv'
[3.311s] INFO:colcon.colcon_core.shell:Creating environment hook '/workspaces/isaac_ros-dev/src/ros2_ws/install/custom_interfaces/share/custom_interfaces/hook/ld_library_path_lib.sh'
[3.312s] Level 1:colcon.colcon_core.environment:checking '/workspaces/isaac_ros-dev/src/ros2_ws/install/custom_interfaces/bin'
[3.313s] Level 1:colcon.colcon_core.environment:checking '/workspaces/isaac_ros-dev/src/ros2_ws/install/custom_interfaces/lib/pkgconfig/custom_interfaces.pc'
[3.314s] Level 1:colcon.colcon_core.environment:checking '/workspaces/isaac_ros-dev/src/ros2_ws/install/custom_interfaces/lib/python3.10/site-packages'
[3.314s] Level 1:colcon.colcon_core.environment:checking '/workspaces/isaac_ros-dev/src/ros2_ws/install/custom_interfaces/bin'
[3.316s] INFO:colcon.colcon_core.shell:Creating package script '/workspaces/isaac_ros-dev/src/ros2_ws/install/custom_interfaces/share/custom_interfaces/package.ps1'
[3.319s] INFO:colcon.colcon_core.shell:Creating package descriptor '/workspaces/isaac_ros-dev/src/ros2_ws/install/custom_interfaces/share/custom_interfaces/package.dsv'
[3.321s] INFO:colcon.colcon_core.shell:Creating package script '/workspaces/isaac_ros-dev/src/ros2_ws/install/custom_interfaces/share/custom_interfaces/package.sh'
[3.324s] INFO:colcon.colcon_core.shell:Creating package script '/workspaces/isaac_ros-dev/src/ros2_ws/install/custom_interfaces/share/custom_interfaces/package.bash'
[3.326s] INFO:colcon.colcon_core.shell:Creating package script '/workspaces/isaac_ros-dev/src/ros2_ws/install/custom_interfaces/share/custom_interfaces/package.zsh'
[3.329s] Level 1:colcon.colcon_core.environment:create_file_with_runtime_dependencies(/workspaces/isaac_ros-dev/src/ros2_ws/install/custom_interfaces/share/colcon-core/packages/custom_interfaces)
[3.331s] Level 1:colcon.colcon_core.environment:create_environment_scripts_only(custom_interfaces)
[3.332s] Level 1:colcon.colcon_core.environment:checking '/workspaces/isaac_ros-dev/src/ros2_ws/install/custom_interfaces' for CMake module files
[3.334s] Level 1:colcon.colcon_core.environment:checking '/workspaces/isaac_ros-dev/src/ros2_ws/install/custom_interfaces' for CMake config files
[3.335s] Level 1:colcon.colcon_core.shell:create_environment_hook('custom_interfaces', 'cmake_prefix_path')
[3.336s] INFO:colcon.colcon_core.shell:Creating environment hook '/workspaces/isaac_ros-dev/src/ros2_ws/install/custom_interfaces/share/custom_interfaces/hook/cmake_prefix_path.ps1'
[3.337s] INFO:colcon.colcon_core.shell:Creating environment descriptor '/workspaces/isaac_ros-dev/src/ros2_ws/install/custom_interfaces/share/custom_interfaces/hook/cmake_prefix_path.dsv'
[3.338s] INFO:colcon.colcon_core.shell:Creating environment hook '/workspaces/isaac_ros-dev/src/ros2_ws/install/custom_interfaces/share/custom_interfaces/hook/cmake_prefix_path.sh'
[3.340s] Level 1:colcon.colcon_core.environment:checking '/workspaces/isaac_ros-dev/src/ros2_ws/install/custom_interfaces/lib'
[3.340s] Level 1:colcon.colcon_core.shell:create_environment_hook('custom_interfaces', 'ld_library_path_lib')
[3.341s] INFO:colcon.colcon_core.shell:Creating environment hook '/workspaces/isaac_ros-dev/src/ros2_ws/install/custom_interfaces/share/custom_interfaces/hook/ld_library_path_lib.ps1'
[3.342s] INFO:colcon.colcon_core.shell:Creating environment descriptor '/workspaces/isaac_ros-dev/src/ros2_ws/install/custom_interfaces/share/custom_interfaces/hook/ld_library_path_lib.dsv'
[3.343s] INFO:colcon.colcon_core.shell:Creating environment hook '/workspaces/isaac_ros-dev/src/ros2_ws/install/custom_interfaces/share/custom_interfaces/hook/ld_library_path_lib.sh'
[3.344s] Level 1:colcon.colcon_core.environment:checking '/workspaces/isaac_ros-dev/src/ros2_ws/install/custom_interfaces/bin'
[3.344s] Level 1:colcon.colcon_core.environment:checking '/workspaces/isaac_ros-dev/src/ros2_ws/install/custom_interfaces/lib/pkgconfig/custom_interfaces.pc'
[3.345s] Level 1:colcon.colcon_core.environment:checking '/workspaces/isaac_ros-dev/src/ros2_ws/install/custom_interfaces/lib/python3.10/site-packages'
[3.346s] Level 1:colcon.colcon_core.environment:checking '/workspaces/isaac_ros-dev/src/ros2_ws/install/custom_interfaces/bin'
[3.347s] INFO:colcon.colcon_core.shell:Creating package script '/workspaces/isaac_ros-dev/src/ros2_ws/install/custom_interfaces/share/custom_interfaces/package.ps1'
[3.348s] INFO:colcon.colcon_core.shell:Creating package descriptor '/workspaces/isaac_ros-dev/src/ros2_ws/install/custom_interfaces/share/custom_interfaces/package.dsv'
[3.350s] INFO:colcon.colcon_core.shell:Creating package script '/workspaces/isaac_ros-dev/src/ros2_ws/install/custom_interfaces/share/custom_interfaces/package.sh'
[3.351s] INFO:colcon.colcon_core.shell:Creating package script '/workspaces/isaac_ros-dev/src/ros2_ws/install/custom_interfaces/share/custom_interfaces/package.bash'
[3.352s] INFO:colcon.colcon_core.shell:Creating package script '/workspaces/isaac_ros-dev/src/ros2_ws/install/custom_interfaces/share/custom_interfaces/package.zsh'
[3.353s] Level 1:colcon.colcon_core.environment:create_file_with_runtime_dependencies(/workspaces/isaac_ros-dev/src/ros2_ws/install/custom_interfaces/share/colcon-core/packages/custom_interfaces)
[3.354s] INFO:colcon.colcon_ros.task.ament_cmake.build:Building ROS package in '/workspaces/isaac_ros-dev/src/ros2_ws/src/tracking_robot_pkg' with build type 'ament_cmake'
[3.354s] INFO:colcon.colcon_cmake.task.cmake.build:Building CMake package in '/workspaces/isaac_ros-dev/src/ros2_ws/src/tracking_robot_pkg'
[3.355s] INFO:colcon.colcon_core.shell:Skip shell extension 'powershell' for command environment: Not usable outside of PowerShell
[3.355s] DEBUG:colcon.colcon_core.shell:Skip shell extension 'dsv' for command environment
[3.386s] DEBUG:colcon.colcon_core.event_handler.log_command:Invoking command in '/workspaces/isaac_ros-dev/src/ros2_ws/build/tracking_robot_pkg': CMAKE_PREFIX_PATH=/workspaces/isaac_ros-dev/src/ros2_ws/install/custom_interfaces:/workspaces/isaac_ros-dev/src/ros2_ws/install/tracking_robot_pkg:/usr/local/libcudss-linux-0.3.0.9_cuda12-archive:/opt/ros/humble /usr/bin/cmake --build /workspaces/isaac_ros-dev/src/ros2_ws/build/tracking_robot_pkg -- -j6 -l6
[5.713s] DEBUG:colcon.colcon_core.event_handler.log_command:Invoked command in '/workspaces/isaac_ros-dev/src/ros2_ws/build/tracking_robot_pkg' returned '2': CMAKE_PREFIX_PATH=/workspaces/isaac_ros-dev/src/ros2_ws/install/custom_interfaces:/workspaces/isaac_ros-dev/src/ros2_ws/install/tracking_robot_pkg:/usr/local/libcudss-linux-0.3.0.9_cuda12-archive:/opt/ros/humble /usr/bin/cmake --build /workspaces/isaac_ros-dev/src/ros2_ws/build/tracking_robot_pkg -- -j6 -l6
[5.714s] Level 1:colcon.colcon_core.environment:create_environment_scripts_only(tracking_robot_pkg)
[5.715s] Level 1:colcon.colcon_core.environment:checking '/workspaces/isaac_ros-dev/src/ros2_ws/install/tracking_robot_pkg' for CMake module files
[5.717s] Level 1:colcon.colcon_core.environment:checking '/workspaces/isaac_ros-dev/src/ros2_ws/install/tracking_robot_pkg' for CMake config files
[5.718s] Level 1:colcon.colcon_core.shell:create_environment_hook('tracking_robot_pkg', 'cmake_prefix_path')
[5.718s] INFO:colcon.colcon_core.shell:Creating environment hook '/workspaces/isaac_ros-dev/src/ros2_ws/install/tracking_robot_pkg/share/tracking_robot_pkg/hook/cmake_prefix_path.ps1'
[5.720s] INFO:colcon.colcon_core.shell:Creating environment descriptor '/workspaces/isaac_ros-dev/src/ros2_ws/install/tracking_robot_pkg/share/tracking_robot_pkg/hook/cmake_prefix_path.dsv'
[5.722s] INFO:colcon.colcon_core.shell:Creating environment hook '/workspaces/isaac_ros-dev/src/ros2_ws/install/tracking_robot_pkg/share/tracking_robot_pkg/hook/cmake_prefix_path.sh'
[5.724s] Level 1:colcon.colcon_core.environment:checking '/workspaces/isaac_ros-dev/src/ros2_ws/install/tracking_robot_pkg/lib'
[5.724s] Level 1:colcon.colcon_core.environment:checking '/workspaces/isaac_ros-dev/src/ros2_ws/install/tracking_robot_pkg/bin'
[5.724s] Level 1:colcon.colcon_core.environment:checking '/workspaces/isaac_ros-dev/src/ros2_ws/install/tracking_robot_pkg/lib/pkgconfig/tracking_robot_pkg.pc'
[5.725s] Level 1:colcon.colcon_core.environment:checking '/workspaces/isaac_ros-dev/src/ros2_ws/install/tracking_robot_pkg/lib/python3.10/site-packages'
[5.726s] Level 1:colcon.colcon_core.environment:checking '/workspaces/isaac_ros-dev/src/ros2_ws/install/tracking_robot_pkg/bin'
[5.727s] INFO:colcon.colcon_core.shell:Creating package script '/workspaces/isaac_ros-dev/src/ros2_ws/install/tracking_robot_pkg/share/tracking_robot_pkg/package.ps1'
[5.729s] INFO:colcon.colcon_core.shell:Creating package descriptor '/workspaces/isaac_ros-dev/src/ros2_ws/install/tracking_robot_pkg/share/tracking_robot_pkg/package.dsv'
[5.731s] INFO:colcon.colcon_core.shell:Creating package script '/workspaces/isaac_ros-dev/src/ros2_ws/install/tracking_robot_pkg/share/tracking_robot_pkg/package.sh'
[5.733s] INFO:colcon.colcon_core.shell:Creating package script '/workspaces/isaac_ros-dev/src/ros2_ws/install/tracking_robot_pkg/share/tracking_robot_pkg/package.bash'
[5.734s] INFO:colcon.colcon_core.shell:Creating package script '/workspaces/isaac_ros-dev/src/ros2_ws/install/tracking_robot_pkg/share/tracking_robot_pkg/package.zsh'
[5.735s] Level 1:colcon.colcon_core.environment:create_file_with_runtime_dependencies(/workspaces/isaac_ros-dev/src/ros2_ws/install/tracking_robot_pkg/share/colcon-core/packages/tracking_robot_pkg)
[5.746s] DEBUG:colcon.colcon_parallel_executor.executor.parallel:closing loop
[5.747s] DEBUG:colcon.colcon_parallel_executor.executor.parallel:loop closed
[5.747s] DEBUG:colcon.colcon_parallel_executor.executor.parallel:run_until_complete finished with '2'
[5.747s] DEBUG:colcon.colcon_core.event_reactor:joining thread
[5.765s] INFO:colcon.colcon_core.plugin_system:Skipping extension 'colcon_notification.desktop_notification.notify_send': Could not find 'notify-send'
[5.765s] INFO:colcon.colcon_core.plugin_system:Skipping extension 'colcon_notification.desktop_notification.terminal_notifier': Not used on non-Darwin systems
[5.765s] INFO:colcon.colcon_core.plugin_system:Skipping extension 'colcon_notification.desktop_notification.win32': Not used on non-Windows systems
[5.765s] INFO:colcon.colcon_notification.desktop_notification:Sending desktop notification using 'notify2'
[5.772s] DEBUG:colcon.colcon_notification.desktop_notification.notify2:Failed to initialize notify2: org.freedesktop.DBus.Error.Spawn.ExecFailed: /usr/bin/dbus-launch terminated abnormally without any error message
[5.773s] DEBUG:colcon.colcon_core.event_reactor:joined thread
[5.775s] INFO:colcon.colcon_core.shell:Creating prefix script '/workspaces/isaac_ros-dev/src/ros2_ws/install/local_setup.ps1'
[5.779s] INFO:colcon.colcon_core.shell:Creating prefix util module '/workspaces/isaac_ros-dev/src/ros2_ws/install/_local_setup_util_ps1.py'
[5.783s] INFO:colcon.colcon_core.shell:Creating prefix chain script '/workspaces/isaac_ros-dev/src/ros2_ws/install/setup.ps1'
[5.787s] INFO:colcon.colcon_core.shell:Creating prefix script '/workspaces/isaac_ros-dev/src/ros2_ws/install/local_setup.sh'
[5.789s] INFO:colcon.colcon_core.shell:Creating prefix util module '/workspaces/isaac_ros-dev/src/ros2_ws/install/_local_setup_util_sh.py'
[5.791s] INFO:colcon.colcon_core.shell:Creating prefix chain script '/workspaces/isaac_ros-dev/src/ros2_ws/install/setup.sh'
[5.796s] INFO:colcon.colcon_core.shell:Creating prefix script '/workspaces/isaac_ros-dev/src/ros2_ws/install/local_setup.bash'
[5.797s] INFO:colcon.colcon_core.shell:Creating prefix chain script '/workspaces/isaac_ros-dev/src/ros2_ws/install/setup.bash'
[5.801s] INFO:colcon.colcon_core.shell:Creating prefix script '/workspaces/isaac_ros-dev/src/ros2_ws/install/local_setup.zsh'
[5.803s] INFO:colcon.colcon_core.shell:Creating prefix chain script '/workspaces/isaac_ros-dev/src/ros2_ws/install/setup.zsh'
