[0.070s] DEBUG:colcon:Command line arguments: ['/usr/bin/colcon', 'build', '--packages-select', 'topic_publisher_pkg']
[0.070s] DEBUG:colcon:Parsed command line arguments: Namespace(log_base=None, log_level=None, verb_name='build', build_base='build', install_base='install', merge_install=False, symlink_install=False, test_result_base=None, continue_on_error=False, executor='parallel', parallel_workers=20, event_handlers=None, ignore_user_meta=False, metas=['./colcon.meta'], base_paths=['.'], packages_ignore=None, packages_ignore_regex=None, paths=None, packages_up_to=None, packages_up_to_regex=None, packages_above=None, packages_above_and_dependencies=None, packages_above_depth=None, packages_select_by_dep=None, packages_skip_by_dep=None, packages_skip_up_to=None, packages_select_build_failed=False, packages_skip_build_finished=False, packages_select_test_failures=False, packages_skip_test_passed=False, packages_select=['topic_publisher_pkg'], packages_skip=None, packages_select_regex=None, packages_skip_regex=None, packages_start=None, packages_end=None, allow_overriding=[], cmake_args=None, cmake_target=None, cmake_target_skip_unavailable=False, cmake_clean_cache=False, cmake_clean_first=False, cmake_force_configure=False, ament_cmake_args=None, catkin_cmake_args=None, catkin_skip_building_tests=False, mixin_files=None, mixin=None, verb_parser=<colcon_mixin.mixin.mixin_argument.MixinArgumentDecorator object at 0x74178cd64970>, verb_extension=<colcon_core.verb.build.BuildVerb object at 0x74178cd64340>, main=<bound method BuildVerb.main of <colcon_core.verb.build.BuildVerb object at 0x74178cd64340>>, mixin_verb=('build',))
[0.164s] Level 1:colcon.colcon_core.package_discovery:discover_packages(colcon_meta) check parameters
[0.164s] Level 1:colcon.colcon_core.package_discovery:discover_packages(recursive) check parameters
[0.164s] Level 1:colcon.colcon_core.package_discovery:discover_packages(ignore) check parameters
[0.164s] Level 1:colcon.colcon_core.package_discovery:discover_packages(path) check parameters
[0.164s] Level 1:colcon.colcon_core.package_discovery:discover_packages(colcon_meta) discover
[0.164s] Level 1:colcon.colcon_core.package_discovery:discover_packages(recursive) discover
[0.164s] INFO:colcon.colcon_core.package_discovery:Crawling recursively for packages in '/home/sebastian/ros2_ws'
[0.164s] Level 1:colcon.colcon_core.package_identification:_identify(.) by extensions ['ignore', 'ignore_ament_install']
[0.164s] Level 1:colcon.colcon_core.package_identification:_identify(.) by extension 'ignore'
[0.164s] Level 1:colcon.colcon_core.package_identification:_identify(.) by extension 'ignore_ament_install'
[0.164s] Level 1:colcon.colcon_core.package_identification:_identify(.) by extensions ['colcon_pkg']
[0.164s] Level 1:colcon.colcon_core.package_identification:_identify(.) by extension 'colcon_pkg'
[0.164s] Level 1:colcon.colcon_core.package_identification:_identify(.) by extensions ['colcon_meta']
[0.164s] Level 1:colcon.colcon_core.package_identification:_identify(.) by extension 'colcon_meta'
[0.164s] Level 1:colcon.colcon_core.package_identification:_identify(.) by extensions ['ros']
[0.165s] Level 1:colcon.colcon_core.package_identification:_identify(.) by extension 'ros'
[0.171s] Level 1:colcon.colcon_core.package_identification:_identify(.) by extensions ['cmake', 'python']
[0.171s] Level 1:colcon.colcon_core.package_identification:_identify(.) by extension 'cmake'
[0.171s] Level 1:colcon.colcon_core.package_identification:_identify(.) by extension 'python'
[0.171s] Level 1:colcon.colcon_core.package_identification:_identify(.) by extensions ['python_setup_py']
[0.171s] Level 1:colcon.colcon_core.package_identification:_identify(.) by extension 'python_setup_py'
[0.171s] Level 1:colcon.colcon_core.package_identification:_identify(build) by extensions ['ignore', 'ignore_ament_install']
[0.171s] Level 1:colcon.colcon_core.package_identification:_identify(build) by extension 'ignore'
[0.171s] Level 1:colcon.colcon_core.package_identification:_identify(build) ignored
[0.172s] Level 1:colcon.colcon_core.package_identification:_identify(install) by extensions ['ignore', 'ignore_ament_install']
[0.172s] Level 1:colcon.colcon_core.package_identification:_identify(install) by extension 'ignore'
[0.172s] Level 1:colcon.colcon_core.package_identification:_identify(install) ignored
[0.172s] Level 1:colcon.colcon_core.package_identification:_identify(log) by extensions ['ignore', 'ignore_ament_install']
[0.172s] Level 1:colcon.colcon_core.package_identification:_identify(log) by extension 'ignore'
[0.172s] Level 1:colcon.colcon_core.package_identification:_identify(log) ignored
[0.172s] Level 1:colcon.colcon_core.package_identification:_identify(src) by extensions ['ignore', 'ignore_ament_install']
[0.172s] Level 1:colcon.colcon_core.package_identification:_identify(src) by extension 'ignore'
[0.172s] Level 1:colcon.colcon_core.package_identification:_identify(src) by extension 'ignore_ament_install'
[0.172s] Level 1:colcon.colcon_core.package_identification:_identify(src) by extensions ['colcon_pkg']
[0.172s] Level 1:colcon.colcon_core.package_identification:_identify(src) by extension 'colcon_pkg'
[0.172s] Level 1:colcon.colcon_core.package_identification:_identify(src) by extensions ['colcon_meta']
[0.172s] Level 1:colcon.colcon_core.package_identification:_identify(src) by extension 'colcon_meta'
[0.172s] Level 1:colcon.colcon_core.package_identification:_identify(src) by extensions ['ros']
[0.172s] Level 1:colcon.colcon_core.package_identification:_identify(src) by extension 'ros'
[0.172s] Level 1:colcon.colcon_core.package_identification:_identify(src) by extensions ['cmake', 'python']
[0.172s] Level 1:colcon.colcon_core.package_identification:_identify(src) by extension 'cmake'
[0.172s] Level 1:colcon.colcon_core.package_identification:_identify(src) by extension 'python'
[0.172s] Level 1:colcon.colcon_core.package_identification:_identify(src) by extensions ['python_setup_py']
[0.172s] Level 1:colcon.colcon_core.package_identification:_identify(src) by extension 'python_setup_py'
[0.172s] Level 1:colcon.colcon_core.package_identification:_identify(src/topic_publisher_pkg) by extensions ['ignore', 'ignore_ament_install']
[0.172s] Level 1:colcon.colcon_core.package_identification:_identify(src/topic_publisher_pkg) by extension 'ignore'
[0.172s] Level 1:colcon.colcon_core.package_identification:_identify(src/topic_publisher_pkg) by extension 'ignore_ament_install'
[0.172s] Level 1:colcon.colcon_core.package_identification:_identify(src/topic_publisher_pkg) by extensions ['colcon_pkg']
[0.172s] Level 1:colcon.colcon_core.package_identification:_identify(src/topic_publisher_pkg) by extension 'colcon_pkg'
[0.172s] Level 1:colcon.colcon_core.package_identification:_identify(src/topic_publisher_pkg) by extensions ['colcon_meta']
[0.172s] Level 1:colcon.colcon_core.package_identification:_identify(src/topic_publisher_pkg) by extension 'colcon_meta'
[0.172s] Level 1:colcon.colcon_core.package_identification:_identify(src/topic_publisher_pkg) by extensions ['ros']
[0.172s] Level 1:colcon.colcon_core.package_identification:_identify(src/topic_publisher_pkg) by extension 'ros'
[0.174s] DEBUG:colcon.colcon_core.package_identification:Package 'src/topic_publisher_pkg' with type 'ros.ament_cmake' and name 'topic_publisher_pkg'
[0.174s] Level 1:colcon.colcon_core.package_discovery:discover_packages(recursive) using defaults
[0.174s] Level 1:colcon.colcon_core.package_discovery:discover_packages(ignore) discover
[0.174s] Level 1:colcon.colcon_core.package_discovery:discover_packages(ignore) using defaults
[0.174s] Level 1:colcon.colcon_core.package_discovery:discover_packages(path) discover
[0.174s] Level 1:colcon.colcon_core.package_discovery:discover_packages(path) using defaults
[0.201s] Level 1:colcon.colcon_core.package_discovery:discover_packages(prefix_path) check parameters
[0.201s] Level 1:colcon.colcon_core.package_discovery:discover_packages(prefix_path) discover
[0.202s] DEBUG:colcon.colcon_installed_package_information.package_discovery:Found 1 installed packages in /home/sebastian/ros2_ws/install
[0.203s] DEBUG:colcon.colcon_installed_package_information.package_discovery:Found 277 installed packages in /opt/ros/humble
[0.204s] Level 1:colcon.colcon_core.package_discovery:discover_packages(prefix_path) using defaults
[0.226s] Level 5:colcon.colcon_core.verb:set package 'topic_publisher_pkg' build argument 'cmake_args' from command line to 'None'
[0.226s] Level 5:colcon.colcon_core.verb:set package 'topic_publisher_pkg' build argument 'cmake_target' from command line to 'None'
[0.226s] Level 5:colcon.colcon_core.verb:set package 'topic_publisher_pkg' build argument 'cmake_target_skip_unavailable' from command line to 'False'
[0.226s] Level 5:colcon.colcon_core.verb:set package 'topic_publisher_pkg' build argument 'cmake_clean_cache' from command line to 'False'
[0.226s] Level 5:colcon.colcon_core.verb:set package 'topic_publisher_pkg' build argument 'cmake_clean_first' from command line to 'False'
[0.226s] Level 5:colcon.colcon_core.verb:set package 'topic_publisher_pkg' build argument 'cmake_force_configure' from command line to 'False'
[0.226s] Level 5:colcon.colcon_core.verb:set package 'topic_publisher_pkg' build argument 'ament_cmake_args' from command line to 'None'
[0.226s] Level 5:colcon.colcon_core.verb:set package 'topic_publisher_pkg' build argument 'catkin_cmake_args' from command line to 'None'
[0.226s] Level 5:colcon.colcon_core.verb:set package 'topic_publisher_pkg' build argument 'catkin_skip_building_tests' from command line to 'False'
[0.226s] DEBUG:colcon.colcon_core.verb:Building package 'topic_publisher_pkg' with the following arguments: {'ament_cmake_args': None, 'build_base': '/home/sebastian/ros2_ws/build/topic_publisher_pkg', 'catkin_cmake_args': None, 'catkin_skip_building_tests': False, 'cmake_args': None, 'cmake_clean_cache': False, 'cmake_clean_first': False, 'cmake_force_configure': False, 'cmake_target': None, 'cmake_target_skip_unavailable': False, 'install_base': '/home/sebastian/ros2_ws/install/topic_publisher_pkg', 'merge_install': False, 'path': '/home/sebastian/ros2_ws/src/topic_publisher_pkg', 'symlink_install': False, 'test_result_base': None}
[0.227s] INFO:colcon.colcon_core.executor:Executing jobs using 'parallel' executor
[0.227s] DEBUG:colcon.colcon_parallel_executor.executor.parallel:run_until_complete
[0.228s] INFO:colcon.colcon_ros.task.ament_cmake.build:Building ROS package in '/home/sebastian/ros2_ws/src/topic_publisher_pkg' with build type 'ament_cmake'
[0.228s] INFO:colcon.colcon_cmake.task.cmake.build:Building CMake package in '/home/sebastian/ros2_ws/src/topic_publisher_pkg'
[0.229s] INFO:colcon.colcon_core.plugin_system:Skipping extension 'colcon_core.shell.bat': Not used on non-Windows systems
[0.229s] INFO:colcon.colcon_core.shell:Skip shell extension 'powershell' for command environment: Not usable outside of PowerShell
[0.229s] DEBUG:colcon.colcon_core.shell:Skip shell extension 'dsv' for command environment
[0.234s] DEBUG:colcon.colcon_core.event_handler.log_command:Invoking command in '/home/sebastian/ros2_ws/build/topic_publisher_pkg': CMAKE_PREFIX_PATH=${CMAKE_PREFIX_PATH}:/opt/ros/humble /usr/bin/cmake --build /home/sebastian/ros2_ws/build/topic_publisher_pkg -- -j20 -l20
[6.598s] DEBUG:colcon.colcon_core.event_handler.log_command:Invoked command in '/home/sebastian/ros2_ws/build/topic_publisher_pkg' returned '0': CMAKE_PREFIX_PATH=${CMAKE_PREFIX_PATH}:/opt/ros/humble /usr/bin/cmake --build /home/sebastian/ros2_ws/build/topic_publisher_pkg -- -j20 -l20
[6.609s] DEBUG:colcon.colcon_core.event_handler.log_command:Invoking command in '/home/sebastian/ros2_ws/build/topic_publisher_pkg': CMAKE_PREFIX_PATH=${CMAKE_PREFIX_PATH}:/opt/ros/humble /usr/bin/cmake --install /home/sebastian/ros2_ws/build/topic_publisher_pkg
[6.623s] Level 1:colcon.colcon_core.environment:create_environment_scripts_only(topic_publisher_pkg)
[6.623s] DEBUG:colcon.colcon_core.event_handler.log_command:Invoked command in '/home/sebastian/ros2_ws/build/topic_publisher_pkg' returned '0': CMAKE_PREFIX_PATH=${CMAKE_PREFIX_PATH}:/opt/ros/humble /usr/bin/cmake --install /home/sebastian/ros2_ws/build/topic_publisher_pkg
[6.625s] Level 1:colcon.colcon_core.environment:checking '/home/sebastian/ros2_ws/install/topic_publisher_pkg' for CMake module files
[6.625s] Level 1:colcon.colcon_core.environment:checking '/home/sebastian/ros2_ws/install/topic_publisher_pkg' for CMake config files
[6.625s] Level 1:colcon.colcon_core.shell:create_environment_hook('topic_publisher_pkg', 'cmake_prefix_path')
[6.626s] INFO:colcon.colcon_core.shell:Creating environment hook '/home/sebastian/ros2_ws/install/topic_publisher_pkg/share/topic_publisher_pkg/hook/cmake_prefix_path.ps1'
[6.626s] INFO:colcon.colcon_core.shell:Creating environment descriptor '/home/sebastian/ros2_ws/install/topic_publisher_pkg/share/topic_publisher_pkg/hook/cmake_prefix_path.dsv'
[6.626s] INFO:colcon.colcon_core.shell:Creating environment hook '/home/sebastian/ros2_ws/install/topic_publisher_pkg/share/topic_publisher_pkg/hook/cmake_prefix_path.sh'
[6.627s] Level 1:colcon.colcon_core.environment:checking '/home/sebastian/ros2_ws/install/topic_publisher_pkg/lib'
[6.627s] Level 1:colcon.colcon_core.environment:checking '/home/sebastian/ros2_ws/install/topic_publisher_pkg/bin'
[6.627s] Level 1:colcon.colcon_core.environment:checking '/home/sebastian/ros2_ws/install/topic_publisher_pkg/lib/pkgconfig/topic_publisher_pkg.pc'
[6.628s] Level 1:colcon.colcon_core.environment:checking '/home/sebastian/ros2_ws/install/topic_publisher_pkg/lib/python3.10/site-packages'
[6.628s] Level 1:colcon.colcon_core.environment:checking '/home/sebastian/ros2_ws/install/topic_publisher_pkg/bin'
[6.628s] INFO:colcon.colcon_core.shell:Creating package script '/home/sebastian/ros2_ws/install/topic_publisher_pkg/share/topic_publisher_pkg/package.ps1'
[6.628s] INFO:colcon.colcon_core.shell:Creating package descriptor '/home/sebastian/ros2_ws/install/topic_publisher_pkg/share/topic_publisher_pkg/package.dsv'
[6.629s] INFO:colcon.colcon_core.shell:Creating package script '/home/sebastian/ros2_ws/install/topic_publisher_pkg/share/topic_publisher_pkg/package.sh'
[6.629s] INFO:colcon.colcon_core.shell:Creating package script '/home/sebastian/ros2_ws/install/topic_publisher_pkg/share/topic_publisher_pkg/package.bash'
[6.630s] INFO:colcon.colcon_core.shell:Creating package script '/home/sebastian/ros2_ws/install/topic_publisher_pkg/share/topic_publisher_pkg/package.zsh'
[6.630s] Level 1:colcon.colcon_core.environment:create_file_with_runtime_dependencies(/home/sebastian/ros2_ws/install/topic_publisher_pkg/share/colcon-core/packages/topic_publisher_pkg)
[6.631s] Level 1:colcon.colcon_core.environment:create_environment_scripts_only(topic_publisher_pkg)
[6.631s] Level 1:colcon.colcon_core.environment:checking '/home/sebastian/ros2_ws/install/topic_publisher_pkg' for CMake module files
[6.631s] Level 1:colcon.colcon_core.environment:checking '/home/sebastian/ros2_ws/install/topic_publisher_pkg' for CMake config files
[6.631s] Level 1:colcon.colcon_core.shell:create_environment_hook('topic_publisher_pkg', 'cmake_prefix_path')
[6.631s] INFO:colcon.colcon_core.shell:Creating environment hook '/home/sebastian/ros2_ws/install/topic_publisher_pkg/share/topic_publisher_pkg/hook/cmake_prefix_path.ps1'
[6.632s] INFO:colcon.colcon_core.shell:Creating environment descriptor '/home/sebastian/ros2_ws/install/topic_publisher_pkg/share/topic_publisher_pkg/hook/cmake_prefix_path.dsv'
[6.632s] INFO:colcon.colcon_core.shell:Creating environment hook '/home/sebastian/ros2_ws/install/topic_publisher_pkg/share/topic_publisher_pkg/hook/cmake_prefix_path.sh'
[6.632s] Level 1:colcon.colcon_core.environment:checking '/home/sebastian/ros2_ws/install/topic_publisher_pkg/lib'
[6.632s] Level 1:colcon.colcon_core.environment:checking '/home/sebastian/ros2_ws/install/topic_publisher_pkg/bin'
[6.632s] Level 1:colcon.colcon_core.environment:checking '/home/sebastian/ros2_ws/install/topic_publisher_pkg/lib/pkgconfig/topic_publisher_pkg.pc'
[6.632s] Level 1:colcon.colcon_core.environment:checking '/home/sebastian/ros2_ws/install/topic_publisher_pkg/lib/python3.10/site-packages'
[6.632s] Level 1:colcon.colcon_core.environment:checking '/home/sebastian/ros2_ws/install/topic_publisher_pkg/bin'
[6.632s] INFO:colcon.colcon_core.shell:Creating package script '/home/sebastian/ros2_ws/install/topic_publisher_pkg/share/topic_publisher_pkg/package.ps1'
[6.633s] INFO:colcon.colcon_core.shell:Creating package descriptor '/home/sebastian/ros2_ws/install/topic_publisher_pkg/share/topic_publisher_pkg/package.dsv'
[6.633s] INFO:colcon.colcon_core.shell:Creating package script '/home/sebastian/ros2_ws/install/topic_publisher_pkg/share/topic_publisher_pkg/package.sh'
[6.633s] INFO:colcon.colcon_core.shell:Creating package script '/home/sebastian/ros2_ws/install/topic_publisher_pkg/share/topic_publisher_pkg/package.bash'
[6.633s] INFO:colcon.colcon_core.shell:Creating package script '/home/sebastian/ros2_ws/install/topic_publisher_pkg/share/topic_publisher_pkg/package.zsh'
[6.634s] Level 1:colcon.colcon_core.environment:create_file_with_runtime_dependencies(/home/sebastian/ros2_ws/install/topic_publisher_pkg/share/colcon-core/packages/topic_publisher_pkg)
[6.634s] DEBUG:colcon.colcon_parallel_executor.executor.parallel:closing loop
[6.634s] DEBUG:colcon.colcon_parallel_executor.executor.parallel:loop closed
[6.634s] DEBUG:colcon.colcon_parallel_executor.executor.parallel:run_until_complete finished with '0'
[6.634s] DEBUG:colcon.colcon_core.event_reactor:joining thread
[6.638s] INFO:colcon.colcon_core.plugin_system:Skipping extension 'colcon_notification.desktop_notification.terminal_notifier': Not used on non-Darwin systems
[6.638s] INFO:colcon.colcon_core.plugin_system:Skipping extension 'colcon_notification.desktop_notification.win32': Not used on non-Windows systems
[6.638s] INFO:colcon.colcon_notification.desktop_notification:Sending desktop notification using 'notify2'
[6.654s] DEBUG:colcon.colcon_core.event_reactor:joined thread
[6.654s] INFO:colcon.colcon_core.shell:Creating prefix script '/home/sebastian/ros2_ws/install/local_setup.ps1'
[6.655s] INFO:colcon.colcon_core.shell:Creating prefix util module '/home/sebastian/ros2_ws/install/_local_setup_util_ps1.py'
[6.656s] INFO:colcon.colcon_core.shell:Creating prefix chain script '/home/sebastian/ros2_ws/install/setup.ps1'
[6.656s] INFO:colcon.colcon_core.shell:Creating prefix script '/home/sebastian/ros2_ws/install/local_setup.sh'
[6.657s] INFO:colcon.colcon_core.shell:Creating prefix util module '/home/sebastian/ros2_ws/install/_local_setup_util_sh.py'
[6.657s] INFO:colcon.colcon_core.shell:Creating prefix chain script '/home/sebastian/ros2_ws/install/setup.sh'
[6.657s] INFO:colcon.colcon_core.shell:Creating prefix script '/home/sebastian/ros2_ws/install/local_setup.bash'
[6.657s] INFO:colcon.colcon_core.shell:Creating prefix chain script '/home/sebastian/ros2_ws/install/setup.bash'
[6.658s] INFO:colcon.colcon_core.shell:Creating prefix script '/home/sebastian/ros2_ws/install/local_setup.zsh'
[6.658s] INFO:colcon.colcon_core.shell:Creating prefix chain script '/home/sebastian/ros2_ws/install/setup.zsh'
