[0.005s] Invoking command in '/home/sebastian/ros2_ws/build/circle_wall_actions_pkg': CMAKE_PREFIX_PATH=/home/sebastian/ros2_ws/install/custom_interfaces:/home/sebastian/ros2_ws/install/topic_publisher_pkg:/opt/ros/humble /usr/bin/cmake --build /home/sebastian/ros2_ws/build/circle_wall_actions_pkg -- -j20 -l20
[0.047s] [35m[1mConsolidate compiler generated dependencies of target circle_wall_client[0m
[0.047s] [35m[1mConsolidate compiler generated dependencies of target circle_wall_server[0m
[0.060s] [ 25%] [32mBuilding CXX object CMakeFiles/circle_wall_client.dir/src/circle_wall_client.cpp.o[0m
[0.060s] [ 75%] Built target circle_wall_server
[1.248s] [01m[K/home/sebastian/ros2_ws/src/circle_wall_actions_pkg/src/circle_wall_client.cpp:[m[K In member function ‘[01m[Kvoid CircleWallActionClient::feedback_callback(rclcpp_action::ClientGoalHandle<custom_interfaces::action::CircleWall>::SharedPtr, std::shared_ptr<const custom_interfaces::action::CircleWall_Feedback_<std::allocator<void> > >)[m[K’:
[1.248s] [01m[K/home/sebastian/ros2_ws/src/circle_wall_actions_pkg/src/circle_wall_client.cpp:83:50:[m[K [01;31m[Kerror: [m[K‘[01m[Kclass CircleWallActionClient[m[K’ has no member named ‘[01m[Kgoal_handle_[m[K’; did you mean ‘[01m[Kgoal_done_[m[K’?
[1.248s]    83 |       this->client_ptr_->async_cancel_goal(this->[01;31m[Kgoal_handle_[m[K);
[1.248s]       |                                                  [01;31m[K^~~~~~~~~~~~[m[K
[1.248s]       |                                                  [32m[Kgoal_done_[m[K
[1.248s] In file included from [01m[K/opt/ros/humble/include/rclcpp/rclcpp/logging.hpp:24[m[K,
[1.248s]                  from [01m[K/opt/ros/humble/include/rclcpp/rclcpp/client.hpp:40[m[K,
[1.248s]                  from [01m[K/opt/ros/humble/include/rclcpp/rclcpp/callback_group.hpp:24[m[K,
[1.248s]                  from [01m[K/opt/ros/humble/include/rclcpp/rclcpp/any_executable.hpp:20[m[K,
[1.248s]                  from [01m[K/opt/ros/humble/include/rclcpp/rclcpp/memory_strategy.hpp:25[m[K,
[1.248s]                  from [01m[K/opt/ros/humble/include/rclcpp/rclcpp/memory_strategies.hpp:18[m[K,
[1.249s]                  from [01m[K/opt/ros/humble/include/rclcpp/rclcpp/executor_options.hpp:20[m[K,
[1.249s]                  from [01m[K/opt/ros/humble/include/rclcpp/rclcpp/executor.hpp:37[m[K,
[1.249s]                  from [01m[K/opt/ros/humble/include/rclcpp/rclcpp/executors/multi_threaded_executor.hpp:25[m[K,
[1.249s]                  from [01m[K/opt/ros/humble/include/rclcpp/rclcpp/executors.hpp:21[m[K,
[1.249s]                  from [01m[K/opt/ros/humble/include/rclcpp/rclcpp/rclcpp.hpp:155[m[K,
[1.249s]                  from [01m[K/home/sebastian/ros2_ws/src/circle_wall_actions_pkg/src/circle_wall_client.cpp:8[m[K:
[1.249s] [01m[K/home/sebastian/ros2_ws/src/circle_wall_actions_pkg/src/circle_wall_client.cpp:[m[K In member function ‘[01m[Kvoid CircleWallActionClient::result_callback(const rclcpp_action::ClientGoalHandle<custom_interfaces::action::CircleWall>::WrappedResult&)[m[K’:
[1.249s] [01m[K/home/sebastian/ros2_ws/src/circle_wall_actions_pkg/src/circle_wall_client.cpp:107:37:[m[K [01;35m[Kwarning: [m[Kformat ‘[01m[K%s[m[K’ expects argument of type ‘[01m[Kchar*[m[K’, but argument 5 has type ‘[01m[Kcustom_interfaces::action::CircleWall_Result_<std::allocator<void> >::_result_type[m[K’ {aka ‘[01m[Kstd::__cxx11::basic_string<char>[m[K’} [[01;35m[K]8;;https://gcc.gnu.org/onlinedocs/gcc/Warning-Options.html#index-Wformat=-Wformat=]8;;[m[K]
[1.249s]   107 |     RCLCPP_INFO(this->get_logger(), [01;35m[K"Result received: %s"[m[K, result.result->result);
[1.249s]       |                                     [01;35m[K^~~~~~~~~~~~~~~~~~~~~[m[K
[1.249s] [01m[K/home/sebastian/ros2_ws/src/circle_wall_actions_pkg/src/circle_wall_client.cpp:107:56:[m[K [01;36m[Knote: [m[Kformat string is defined here
[1.249s]   107 |     RCLCPP_INFO(this->get_logger(), "Result received: [01;36m[K%s[m[K", result.result->result);
[1.249s]       |                                                       [01;36m[K~^[m[K
[1.249s]       |                                                        [01;36m[K|[m[K
[1.249s]       |                                                        [01;36m[Kchar*[m[K
[1.614s] gmake[2]: *** [CMakeFiles/circle_wall_client.dir/build.make:76: CMakeFiles/circle_wall_client.dir/src/circle_wall_client.cpp.o] Error 1
[1.614s] gmake[1]: *** [CMakeFiles/Makefile2:165: CMakeFiles/circle_wall_client.dir/all] Error 2
[1.614s] gmake: *** [Makefile:146: all] Error 2
[1.616s] Invoked command in '/home/sebastian/ros2_ws/build/circle_wall_actions_pkg' returned '2': CMAKE_PREFIX_PATH=/home/sebastian/ros2_ws/install/custom_interfaces:/home/sebastian/ros2_ws/install/topic_publisher_pkg:/opt/ros/humble /usr/bin/cmake --build /home/sebastian/ros2_ws/build/circle_wall_actions_pkg -- -j20 -l20
