[0.005s] Invoking command in '/home/sebastian/ros2_ws/build/custom_interfaces': CMAKE_PREFIX_PATH=${CMAKE_PREFIX_PATH}:/opt/ros/humble /usr/bin/cmake --build /home/sebastian/ros2_ws/build/custom_interfaces -- -j20 -l20
[0.039s] [35m[1mConsolidate compiler generated dependencies of target custom_interfaces__rosidl_generator_c[0m
[0.045s] [  3%] Built target custom_interfaces__cpp
[0.047s] [ 12%] Built target custom_interfaces__rosidl_generator_c
[0.048s] [ 12%] Built target ament_cmake_python_copy_custom_interfaces
[0.052s] [35m[1mConsolidate compiler generated dependencies of target custom_interfaces__rosidl_typesupport_fastrtps_cpp[0m
[0.052s] [35m[1mConsolidate compiler generated dependencies of target custom_interfaces__rosidl_typesupport_introspection_cpp[0m
[0.053s] [35m[1mConsolidate compiler generated dependencies of target custom_interfaces__rosidl_typesupport_cpp[0m
[0.057s] [35m[1mConsolidate compiler generated dependencies of target custom_interfaces__rosidl_typesupport_introspection_c[0m
[0.057s] [35m[1mConsolidate compiler generated dependencies of target custom_interfaces__rosidl_typesupport_fastrtps_c[0m
[0.060s] [35m[1mConsolidate compiler generated dependencies of target custom_interfaces__rosidl_typesupport_c[0m
[0.066s] [ 38%] Built target custom_interfaces__rosidl_typesupport_introspection_cpp
[0.067s] [ 38%] Built target custom_interfaces__rosidl_typesupport_cpp
[0.067s] [ 41%] Built target custom_interfaces__rosidl_typesupport_fastrtps_cpp
[0.067s] [ 51%] Built target custom_interfaces__rosidl_typesupport_introspection_c
[0.069s] [ 67%] Built target custom_interfaces__rosidl_typesupport_fastrtps_c
[0.069s] [ 70%] Built target custom_interfaces__rosidl_typesupport_c
[0.079s] [ 70%] Built target custom_interfaces
[0.091s] [ 74%] Built target custom_interfaces__py
[0.097s] [35m[1mConsolidate compiler generated dependencies of target custom_interfaces__rosidl_generator_py[0m
[0.103s] [ 80%] Built target custom_interfaces__rosidl_generator_py
[0.109s] [35m[1mConsolidate compiler generated dependencies of target custom_interfaces__rosidl_typesupport_c__pyext[0m
[0.109s] [35m[1mConsolidate compiler generated dependencies of target custom_interfaces__rosidl_typesupport_fastrtps_c__pyext[0m
[0.110s] [35m[1mConsolidate compiler generated dependencies of target custom_interfaces__rosidl_typesupport_introspection_c__pyext[0m
[0.115s] [ 87%] Built target custom_interfaces__rosidl_typesupport_c__pyext
[0.122s] [100%] Built target custom_interfaces__rosidl_typesupport_fastrtps_c__pyext
[0.122s] [100%] Built target custom_interfaces__rosidl_typesupport_introspection_c__pyext
[0.180s] running egg_info
[0.180s] writing custom_interfaces.egg-info/PKG-INFO
[0.181s] writing dependency_links to custom_interfaces.egg-info/dependency_links.txt
[0.181s] writing top-level names to custom_interfaces.egg-info/top_level.txt
[0.182s] reading manifest file 'custom_interfaces.egg-info/SOURCES.txt'
[0.182s] writing manifest file 'custom_interfaces.egg-info/SOURCES.txt'
[0.195s] [100%] Built target ament_cmake_python_build_custom_interfaces_egg
[0.202s] Invoked command in '/home/sebastian/ros2_ws/build/custom_interfaces' returned '0': CMAKE_PREFIX_PATH=${CMAKE_PREFIX_PATH}:/opt/ros/humble /usr/bin/cmake --build /home/sebastian/ros2_ws/build/custom_interfaces -- -j20 -l20
[0.209s] Invoking command in '/home/sebastian/ros2_ws/build/custom_interfaces': CMAKE_PREFIX_PATH=${CMAKE_PREFIX_PATH}:/opt/ros/humble /usr/bin/cmake --install /home/sebastian/ros2_ws/build/custom_interfaces
[0.214s] -- Install configuration: ""
[0.214s] -- Up-to-date: /home/sebastian/ros2_ws/install/custom_interfaces/share/ament_index/resource_index/rosidl_interfaces/custom_interfaces
[0.215s] -- Up-to-date: /home/sebastian/ros2_ws/install/custom_interfaces/include/custom_interfaces/custom_interfaces
[0.215s] -- Up-to-date: /home/sebastian/ros2_ws/install/custom_interfaces/include/custom_interfaces/custom_interfaces/action
[0.215s] -- Up-to-date: /home/sebastian/ros2_ws/install/custom_interfaces/include/custom_interfaces/custom_interfaces/action/detail
[0.215s] -- Up-to-date: /home/sebastian/ros2_ws/install/custom_interfaces/include/custom_interfaces/custom_interfaces/action/detail/circle_wall__functions.c
[0.215s] -- Up-to-date: /home/sebastian/ros2_ws/install/custom_interfaces/include/custom_interfaces/custom_interfaces/action/detail/circle_wall__struct.h
[0.215s] -- Up-to-date: /home/sebastian/ros2_ws/install/custom_interfaces/include/custom_interfaces/custom_interfaces/action/detail/circle_wall__functions.h
[0.215s] -- Up-to-date: /home/sebastian/ros2_ws/install/custom_interfaces/include/custom_interfaces/custom_interfaces/action/detail/circle_wall__type_support.h
[0.215s] -- Up-to-date: /home/sebastian/ros2_ws/install/custom_interfaces/include/custom_interfaces/custom_interfaces/action/circle_wall.h
[0.215s] -- Up-to-date: /home/sebastian/ros2_ws/install/custom_interfaces/include/custom_interfaces/custom_interfaces/msg
[0.215s] -- Up-to-date: /home/sebastian/ros2_ws/install/custom_interfaces/include/custom_interfaces/custom_interfaces/msg/rosidl_generator_c__visibility_control.h
[0.215s] -- Up-to-date: /home/sebastian/ros2_ws/install/custom_interfaces/share/custom_interfaces/environment/library_path.sh
[0.215s] -- Up-to-date: /home/sebastian/ros2_ws/install/custom_interfaces/share/custom_interfaces/environment/library_path.dsv
[0.215s] -- Up-to-date: /home/sebastian/ros2_ws/install/custom_interfaces/lib/libcustom_interfaces__rosidl_generator_c.so
[0.215s] -- Up-to-date: /home/sebastian/ros2_ws/install/custom_interfaces/include/custom_interfaces/custom_interfaces
[0.215s] -- Up-to-date: /home/sebastian/ros2_ws/install/custom_interfaces/include/custom_interfaces/custom_interfaces/action
[0.215s] -- Up-to-date: /home/sebastian/ros2_ws/install/custom_interfaces/include/custom_interfaces/custom_interfaces/action/detail
[0.215s] -- Up-to-date: /home/sebastian/ros2_ws/install/custom_interfaces/include/custom_interfaces/custom_interfaces/action/detail/circle_wall__rosidl_typesupport_fastrtps_c.h
[0.215s] -- Up-to-date: /home/sebastian/ros2_ws/install/custom_interfaces/include/custom_interfaces/custom_interfaces/msg
[0.215s] -- Up-to-date: /home/sebastian/ros2_ws/install/custom_interfaces/include/custom_interfaces/custom_interfaces/msg/rosidl_typesupport_fastrtps_c__visibility_control.h
[0.215s] -- Up-to-date: /home/sebastian/ros2_ws/install/custom_interfaces/lib/libcustom_interfaces__rosidl_typesupport_fastrtps_c.so
[0.215s] -- Up-to-date: /home/sebastian/ros2_ws/install/custom_interfaces/include/custom_interfaces/custom_interfaces
[0.215s] -- Up-to-date: /home/sebastian/ros2_ws/install/custom_interfaces/include/custom_interfaces/custom_interfaces/action
[0.215s] -- Up-to-date: /home/sebastian/ros2_ws/install/custom_interfaces/include/custom_interfaces/custom_interfaces/action/detail
[0.215s] -- Up-to-date: /home/sebastian/ros2_ws/install/custom_interfaces/include/custom_interfaces/custom_interfaces/action/detail/circle_wall__traits.hpp
[0.215s] -- Up-to-date: /home/sebastian/ros2_ws/install/custom_interfaces/include/custom_interfaces/custom_interfaces/action/detail/circle_wall__builder.hpp
[0.216s] -- Up-to-date: /home/sebastian/ros2_ws/install/custom_interfaces/include/custom_interfaces/custom_interfaces/action/detail/circle_wall__struct.hpp
[0.216s] -- Up-to-date: /home/sebastian/ros2_ws/install/custom_interfaces/include/custom_interfaces/custom_interfaces/action/detail/circle_wall__type_support.hpp
[0.216s] -- Up-to-date: /home/sebastian/ros2_ws/install/custom_interfaces/include/custom_interfaces/custom_interfaces/action/circle_wall.hpp
[0.216s] -- Up-to-date: /home/sebastian/ros2_ws/install/custom_interfaces/include/custom_interfaces/custom_interfaces/msg
[0.216s] -- Up-to-date: /home/sebastian/ros2_ws/install/custom_interfaces/include/custom_interfaces/custom_interfaces/msg/rosidl_generator_cpp__visibility_control.hpp
[0.216s] -- Up-to-date: /home/sebastian/ros2_ws/install/custom_interfaces/include/custom_interfaces/custom_interfaces
[0.216s] -- Up-to-date: /home/sebastian/ros2_ws/install/custom_interfaces/include/custom_interfaces/custom_interfaces/action
[0.216s] -- Up-to-date: /home/sebastian/ros2_ws/install/custom_interfaces/include/custom_interfaces/custom_interfaces/action/detail
[0.216s] -- Up-to-date: /home/sebastian/ros2_ws/install/custom_interfaces/include/custom_interfaces/custom_interfaces/action/detail/circle_wall__rosidl_typesupport_fastrtps_cpp.hpp
[0.216s] -- Up-to-date: /home/sebastian/ros2_ws/install/custom_interfaces/include/custom_interfaces/custom_interfaces/action/detail/dds_fastrtps
[0.216s] -- Up-to-date: /home/sebastian/ros2_ws/install/custom_interfaces/include/custom_interfaces/custom_interfaces/msg
[0.216s] -- Up-to-date: /home/sebastian/ros2_ws/install/custom_interfaces/include/custom_interfaces/custom_interfaces/msg/rosidl_typesupport_fastrtps_cpp__visibility_control.h
[0.216s] -- Up-to-date: /home/sebastian/ros2_ws/install/custom_interfaces/lib/libcustom_interfaces__rosidl_typesupport_fastrtps_cpp.so
[0.216s] -- Up-to-date: /home/sebastian/ros2_ws/install/custom_interfaces/include/custom_interfaces/custom_interfaces
[0.216s] -- Up-to-date: /home/sebastian/ros2_ws/install/custom_interfaces/include/custom_interfaces/custom_interfaces/action
[0.216s] -- Up-to-date: /home/sebastian/ros2_ws/install/custom_interfaces/include/custom_interfaces/custom_interfaces/action/detail
[0.216s] -- Up-to-date: /home/sebastian/ros2_ws/install/custom_interfaces/include/custom_interfaces/custom_interfaces/action/detail/circle_wall__rosidl_typesupport_introspection_c.h
[0.216s] -- Up-to-date: /home/sebastian/ros2_ws/install/custom_interfaces/include/custom_interfaces/custom_interfaces/action/detail/circle_wall__type_support.c
[0.216s] -- Up-to-date: /home/sebastian/ros2_ws/install/custom_interfaces/include/custom_interfaces/custom_interfaces/msg
[0.216s] -- Up-to-date: /home/sebastian/ros2_ws/install/custom_interfaces/include/custom_interfaces/custom_interfaces/msg/rosidl_typesupport_introspection_c__visibility_control.h
[0.216s] -- Up-to-date: /home/sebastian/ros2_ws/install/custom_interfaces/lib/libcustom_interfaces__rosidl_typesupport_introspection_c.so
[0.216s] -- Up-to-date: /home/sebastian/ros2_ws/install/custom_interfaces/lib/libcustom_interfaces__rosidl_typesupport_c.so
[0.216s] -- Up-to-date: /home/sebastian/ros2_ws/install/custom_interfaces/include/custom_interfaces/custom_interfaces
[0.216s] -- Up-to-date: /home/sebastian/ros2_ws/install/custom_interfaces/include/custom_interfaces/custom_interfaces/action
[0.216s] -- Up-to-date: /home/sebastian/ros2_ws/install/custom_interfaces/include/custom_interfaces/custom_interfaces/action/detail
[0.216s] -- Up-to-date: /home/sebastian/ros2_ws/install/custom_interfaces/include/custom_interfaces/custom_interfaces/action/detail/circle_wall__rosidl_typesupport_introspection_cpp.hpp
[0.216s] -- Up-to-date: /home/sebastian/ros2_ws/install/custom_interfaces/include/custom_interfaces/custom_interfaces/action/detail/circle_wall__type_support.cpp
[0.217s] -- Up-to-date: /home/sebastian/ros2_ws/install/custom_interfaces/lib/libcustom_interfaces__rosidl_typesupport_introspection_cpp.so
[0.217s] -- Up-to-date: /home/sebastian/ros2_ws/install/custom_interfaces/lib/libcustom_interfaces__rosidl_typesupport_cpp.so
[0.217s] -- Up-to-date: /home/sebastian/ros2_ws/install/custom_interfaces/share/custom_interfaces/environment/pythonpath.sh
[0.217s] -- Up-to-date: /home/sebastian/ros2_ws/install/custom_interfaces/share/custom_interfaces/environment/pythonpath.dsv
[0.217s] -- Up-to-date: /home/sebastian/ros2_ws/install/custom_interfaces/local/lib/python3.10/dist-packages/custom_interfaces-0.0.0-py3.10.egg-info
[0.217s] -- Installing: /home/sebastian/ros2_ws/install/custom_interfaces/local/lib/python3.10/dist-packages/custom_interfaces-0.0.0-py3.10.egg-info/PKG-INFO
[0.217s] -- Installing: /home/sebastian/ros2_ws/install/custom_interfaces/local/lib/python3.10/dist-packages/custom_interfaces-0.0.0-py3.10.egg-info/dependency_links.txt
[0.217s] -- Installing: /home/sebastian/ros2_ws/install/custom_interfaces/local/lib/python3.10/dist-packages/custom_interfaces-0.0.0-py3.10.egg-info/top_level.txt
[0.217s] -- Installing: /home/sebastian/ros2_ws/install/custom_interfaces/local/lib/python3.10/dist-packages/custom_interfaces-0.0.0-py3.10.egg-info/SOURCES.txt
[0.217s] -- Up-to-date: /home/sebastian/ros2_ws/install/custom_interfaces/local/lib/python3.10/dist-packages/custom_interfaces
[0.217s] -- Up-to-date: /home/sebastian/ros2_ws/install/custom_interfaces/local/lib/python3.10/dist-packages/custom_interfaces/custom_interfaces_s__rosidl_typesupport_introspection_c.cpython-310-x86_64-linux-gnu.so
[0.217s] -- Up-to-date: /home/sebastian/ros2_ws/install/custom_interfaces/local/lib/python3.10/dist-packages/custom_interfaces/custom_interfaces_s__rosidl_typesupport_fastrtps_c.cpython-310-x86_64-linux-gnu.so
[0.217s] -- Up-to-date: /home/sebastian/ros2_ws/install/custom_interfaces/local/lib/python3.10/dist-packages/custom_interfaces/__init__.py
[0.217s] -- Up-to-date: /home/sebastian/ros2_ws/install/custom_interfaces/local/lib/python3.10/dist-packages/custom_interfaces/action
[0.217s] -- Up-to-date: /home/sebastian/ros2_ws/install/custom_interfaces/local/lib/python3.10/dist-packages/custom_interfaces/action/_circle_wall.py
[0.217s] -- Up-to-date: /home/sebastian/ros2_ws/install/custom_interfaces/local/lib/python3.10/dist-packages/custom_interfaces/action/_circle_wall_s.c
[0.217s] -- Up-to-date: /home/sebastian/ros2_ws/install/custom_interfaces/local/lib/python3.10/dist-packages/custom_interfaces/action/__init__.py
[0.217s] -- Up-to-date: /home/sebastian/ros2_ws/install/custom_interfaces/local/lib/python3.10/dist-packages/custom_interfaces/_custom_interfaces_s.ep.rosidl_typesupport_introspection_c.c
[0.217s] -- Up-to-date: /home/sebastian/ros2_ws/install/custom_interfaces/local/lib/python3.10/dist-packages/custom_interfaces/libcustom_interfaces__rosidl_generator_py.so
[0.217s] -- Up-to-date: /home/sebastian/ros2_ws/install/custom_interfaces/local/lib/python3.10/dist-packages/custom_interfaces/custom_interfaces_s__rosidl_typesupport_c.cpython-310-x86_64-linux-gnu.so
[0.217s] -- Up-to-date: /home/sebastian/ros2_ws/install/custom_interfaces/local/lib/python3.10/dist-packages/custom_interfaces/_custom_interfaces_s.ep.rosidl_typesupport_c.c
[0.217s] -- Up-to-date: /home/sebastian/ros2_ws/install/custom_interfaces/local/lib/python3.10/dist-packages/custom_interfaces/_custom_interfaces_s.ep.rosidl_typesupport_fastrtps_c.c
[0.249s] Listing '/home/sebastian/ros2_ws/install/custom_interfaces/local/lib/python3.10/dist-packages/custom_interfaces'...
[0.249s] Listing '/home/sebastian/ros2_ws/install/custom_interfaces/local/lib/python3.10/dist-packages/custom_interfaces/action'...
[0.252s] -- Up-to-date: /home/sebastian/ros2_ws/install/custom_interfaces/local/lib/python3.10/dist-packages/custom_interfaces/custom_interfaces_s__rosidl_typesupport_fastrtps_c.cpython-310-x86_64-linux-gnu.so
[0.252s] -- Up-to-date: /home/sebastian/ros2_ws/install/custom_interfaces/local/lib/python3.10/dist-packages/custom_interfaces/custom_interfaces_s__rosidl_typesupport_introspection_c.cpython-310-x86_64-linux-gnu.so
[0.252s] -- Up-to-date: /home/sebastian/ros2_ws/install/custom_interfaces/local/lib/python3.10/dist-packages/custom_interfaces/custom_interfaces_s__rosidl_typesupport_c.cpython-310-x86_64-linux-gnu.so
[0.252s] -- Up-to-date: /home/sebastian/ros2_ws/install/custom_interfaces/lib/libcustom_interfaces__rosidl_generator_py.so
[0.252s] -- Up-to-date: /home/sebastian/ros2_ws/install/custom_interfaces/share/custom_interfaces/action/CircleWall.idl
[0.252s] -- Up-to-date: /home/sebastian/ros2_ws/install/custom_interfaces/share/custom_interfaces/action/CircleWall.action
[0.252s] -- Up-to-date: /home/sebastian/ros2_ws/install/custom_interfaces/share/ament_index/resource_index/package_run_dependencies/custom_interfaces
[0.252s] -- Up-to-date: /home/sebastian/ros2_ws/install/custom_interfaces/share/ament_index/resource_index/parent_prefix_path/custom_interfaces
[0.252s] -- Up-to-date: /home/sebastian/ros2_ws/install/custom_interfaces/share/custom_interfaces/environment/ament_prefix_path.sh
[0.252s] -- Up-to-date: /home/sebastian/ros2_ws/install/custom_interfaces/share/custom_interfaces/environment/ament_prefix_path.dsv
[0.252s] -- Up-to-date: /home/sebastian/ros2_ws/install/custom_interfaces/share/custom_interfaces/environment/path.sh
[0.252s] -- Up-to-date: /home/sebastian/ros2_ws/install/custom_interfaces/share/custom_interfaces/environment/path.dsv
[0.252s] -- Up-to-date: /home/sebastian/ros2_ws/install/custom_interfaces/share/custom_interfaces/local_setup.bash
[0.252s] -- Up-to-date: /home/sebastian/ros2_ws/install/custom_interfaces/share/custom_interfaces/local_setup.sh
[0.252s] -- Up-to-date: /home/sebastian/ros2_ws/install/custom_interfaces/share/custom_interfaces/local_setup.zsh
[0.252s] -- Up-to-date: /home/sebastian/ros2_ws/install/custom_interfaces/share/custom_interfaces/local_setup.dsv
[0.252s] -- Installing: /home/sebastian/ros2_ws/install/custom_interfaces/share/custom_interfaces/package.dsv
[0.252s] -- Up-to-date: /home/sebastian/ros2_ws/install/custom_interfaces/share/ament_index/resource_index/packages/custom_interfaces
[0.252s] -- Up-to-date: /home/sebastian/ros2_ws/install/custom_interfaces/share/custom_interfaces/cmake/export_custom_interfaces__rosidl_generator_cExport.cmake
[0.252s] -- Up-to-date: /home/sebastian/ros2_ws/install/custom_interfaces/share/custom_interfaces/cmake/export_custom_interfaces__rosidl_generator_cExport-noconfig.cmake
[0.252s] -- Up-to-date: /home/sebastian/ros2_ws/install/custom_interfaces/share/custom_interfaces/cmake/export_custom_interfaces__rosidl_typesupport_fastrtps_cExport.cmake
[0.252s] -- Up-to-date: /home/sebastian/ros2_ws/install/custom_interfaces/share/custom_interfaces/cmake/export_custom_interfaces__rosidl_typesupport_fastrtps_cExport-noconfig.cmake
[0.252s] -- Up-to-date: /home/sebastian/ros2_ws/install/custom_interfaces/share/custom_interfaces/cmake/export_custom_interfaces__rosidl_generator_cppExport.cmake
[0.252s] -- Up-to-date: /home/sebastian/ros2_ws/install/custom_interfaces/share/custom_interfaces/cmake/export_custom_interfaces__rosidl_typesupport_fastrtps_cppExport.cmake
[0.252s] -- Up-to-date: /home/sebastian/ros2_ws/install/custom_interfaces/share/custom_interfaces/cmake/export_custom_interfaces__rosidl_typesupport_fastrtps_cppExport-noconfig.cmake
[0.252s] -- Up-to-date: /home/sebastian/ros2_ws/install/custom_interfaces/share/custom_interfaces/cmake/custom_interfaces__rosidl_typesupport_introspection_cExport.cmake
[0.252s] -- Up-to-date: /home/sebastian/ros2_ws/install/custom_interfaces/share/custom_interfaces/cmake/custom_interfaces__rosidl_typesupport_introspection_cExport-noconfig.cmake
[0.252s] -- Up-to-date: /home/sebastian/ros2_ws/install/custom_interfaces/share/custom_interfaces/cmake/custom_interfaces__rosidl_typesupport_cExport.cmake
[0.252s] -- Up-to-date: /home/sebastian/ros2_ws/install/custom_interfaces/share/custom_interfaces/cmake/custom_interfaces__rosidl_typesupport_cExport-noconfig.cmake
[0.252s] -- Up-to-date: /home/sebastian/ros2_ws/install/custom_interfaces/share/custom_interfaces/cmake/custom_interfaces__rosidl_typesupport_introspection_cppExport.cmake
[0.252s] -- Up-to-date: /home/sebastian/ros2_ws/install/custom_interfaces/share/custom_interfaces/cmake/custom_interfaces__rosidl_typesupport_introspection_cppExport-noconfig.cmake
[0.253s] -- Up-to-date: /home/sebastian/ros2_ws/install/custom_interfaces/share/custom_interfaces/cmake/custom_interfaces__rosidl_typesupport_cppExport.cmake
[0.253s] -- Up-to-date: /home/sebastian/ros2_ws/install/custom_interfaces/share/custom_interfaces/cmake/custom_interfaces__rosidl_typesupport_cppExport-noconfig.cmake
[0.253s] -- Up-to-date: /home/sebastian/ros2_ws/install/custom_interfaces/share/custom_interfaces/cmake/export_custom_interfaces__rosidl_generator_pyExport.cmake
[0.253s] -- Up-to-date: /home/sebastian/ros2_ws/install/custom_interfaces/share/custom_interfaces/cmake/export_custom_interfaces__rosidl_generator_pyExport-noconfig.cmake
[0.253s] -- Up-to-date: /home/sebastian/ros2_ws/install/custom_interfaces/share/custom_interfaces/cmake/rosidl_cmake-extras.cmake
[0.253s] -- Up-to-date: /home/sebastian/ros2_ws/install/custom_interfaces/share/custom_interfaces/cmake/ament_cmake_export_dependencies-extras.cmake
[0.253s] -- Up-to-date: /home/sebastian/ros2_ws/install/custom_interfaces/share/custom_interfaces/cmake/ament_cmake_export_include_directories-extras.cmake
[0.253s] -- Up-to-date: /home/sebastian/ros2_ws/install/custom_interfaces/share/custom_interfaces/cmake/ament_cmake_export_libraries-extras.cmake
[0.253s] -- Up-to-date: /home/sebastian/ros2_ws/install/custom_interfaces/share/custom_interfaces/cmake/ament_cmake_export_targets-extras.cmake
[0.253s] -- Up-to-date: /home/sebastian/ros2_ws/install/custom_interfaces/share/custom_interfaces/cmake/rosidl_cmake_export_typesupport_targets-extras.cmake
[0.253s] -- Up-to-date: /home/sebastian/ros2_ws/install/custom_interfaces/share/custom_interfaces/cmake/rosidl_cmake_export_typesupport_libraries-extras.cmake
[0.253s] -- Up-to-date: /home/sebastian/ros2_ws/install/custom_interfaces/share/custom_interfaces/cmake/custom_interfacesConfig.cmake
[0.253s] -- Up-to-date: /home/sebastian/ros2_ws/install/custom_interfaces/share/custom_interfaces/cmake/custom_interfacesConfig-version.cmake
[0.253s] -- Up-to-date: /home/sebastian/ros2_ws/install/custom_interfaces/share/custom_interfaces/package.xml
[0.254s] Invoked command in '/home/sebastian/ros2_ws/build/custom_interfaces' returned '0': CMAKE_PREFIX_PATH=${CMAKE_PREFIX_PATH}:/opt/ros/humble /usr/bin/cmake --install /home/sebastian/ros2_ws/build/custom_interfaces
