[0.360s] DEBUG:colcon:Command line arguments: ['/usr/bin/colcon', 'build']
[0.360s] DEBUG:colcon:Parsed command line arguments: Namespace(log_base=None, log_level=None, verb_name='build', build_base='build', install_base='install', merge_install=False, symlink_install=False, test_result_base=None, continue_on_error=False, executor='parallel', parallel_workers=6, event_handlers=None, ignore_user_meta=False, metas=['./colcon.meta'], base_paths=['.'], packages_ignore=None, packages_ignore_regex=None, paths=None, packages_up_to=None, packages_up_to_regex=None, packages_above=None, packages_above_and_dependencies=None, packages_above_depth=None, packages_select_by_dep=None, packages_skip_by_dep=None, packages_skip_up_to=None, packages_select_build_failed=False, packages_skip_build_finished=False, packages_select_test_failures=False, packages_skip_test_passed=False, packages_select=None, packages_skip=None, packages_select_regex=None, packages_skip_regex=None, packages_start=None, packages_end=None, allow_overriding=[], cmake_args=None, cmake_target=None, cmake_target_skip_unavailable=False, cmake_clean_cache=False, cmake_clean_first=False, cmake_force_configure=False, ament_cmake_args=None, catkin_cmake_args=None, catkin_skip_building_tests=False, verb_parser=<colcon_defaults.argument_parser.defaults.DefaultArgumentsDecorator object at 0xffff8d2b9e70>, verb_extension=<colcon_core.verb.build.BuildVerb object at 0xffff8d473280>, main=<bound method BuildVerb.main of <colcon_core.verb.build.BuildVerb object at 0xffff8d473280>>)
[1.398s] Level 1:colcon.colcon_core.package_discovery:discover_packages(colcon_meta) check parameters
[1.399s] Level 1:colcon.colcon_core.package_discovery:discover_packages(recursive) check parameters
[1.399s] Level 1:colcon.colcon_core.package_discovery:discover_packages(ignore) check parameters
[1.399s] Level 1:colcon.colcon_core.package_discovery:discover_packages(path) check parameters
[1.400s] Level 1:colcon.colcon_core.package_discovery:discover_packages(colcon_meta) discover
[1.400s] Level 1:colcon.colcon_core.package_discovery:discover_packages(recursive) discover
[1.400s] INFO:colcon.colcon_core.package_discovery:Crawling recursively for packages in '/workspaces/isaac_ros-dev/src/ros2_ws'
[1.401s] Level 1:colcon.colcon_core.package_identification:_identify(.) by extensions ['ignore', 'ignore_ament_install']
[1.401s] Level 1:colcon.colcon_core.package_identification:_identify(.) by extension 'ignore'
[1.401s] Level 1:colcon.colcon_core.package_identification:_identify(.) by extension 'ignore_ament_install'
[1.402s] Level 1:colcon.colcon_core.package_identification:_identify(.) by extensions ['colcon_pkg']
[1.402s] Level 1:colcon.colcon_core.package_identification:_identify(.) by extension 'colcon_pkg'
[1.403s] Level 1:colcon.colcon_core.package_identification:_identify(.) by extensions ['colcon_meta']
[1.403s] Level 1:colcon.colcon_core.package_identification:_identify(.) by extension 'colcon_meta'
[1.403s] Level 1:colcon.colcon_core.package_identification:_identify(.) by extensions ['ros']
[1.403s] Level 1:colcon.colcon_core.package_identification:_identify(.) by extension 'ros'
[1.448s] Level 1:colcon.colcon_core.package_identification:_identify(.) by extensions ['cmake', 'python']
[1.449s] Level 1:colcon.colcon_core.package_identification:_identify(.) by extension 'cmake'
[1.449s] Level 1:colcon.colcon_core.package_identification:_identify(.) by extension 'python'
[1.449s] Level 1:colcon.colcon_core.package_identification:_identify(.) by extensions ['python_setup_py']
[1.450s] Level 1:colcon.colcon_core.package_identification:_identify(.) by extension 'python_setup_py'
[1.450s] Level 1:colcon.colcon_core.package_identification:_identify(build) by extensions ['ignore', 'ignore_ament_install']
[1.451s] Level 1:colcon.colcon_core.package_identification:_identify(build) by extension 'ignore'
[1.451s] Level 1:colcon.colcon_core.package_identification:_identify(build) ignored
[1.451s] Level 1:colcon.colcon_core.package_identification:_identify(install) by extensions ['ignore', 'ignore_ament_install']
[1.451s] Level 1:colcon.colcon_core.package_identification:_identify(install) by extension 'ignore'
[1.452s] Level 1:colcon.colcon_core.package_identification:_identify(install) ignored
[1.452s] Level 1:colcon.colcon_core.package_identification:_identify(log) by extensions ['ignore', 'ignore_ament_install']
[1.452s] Level 1:colcon.colcon_core.package_identification:_identify(log) by extension 'ignore'
[1.452s] Level 1:colcon.colcon_core.package_identification:_identify(log) ignored
[1.453s] Level 1:colcon.colcon_core.package_identification:_identify(src) by extensions ['ignore', 'ignore_ament_install']
[1.453s] Level 1:colcon.colcon_core.package_identification:_identify(src) by extension 'ignore'
[1.453s] Level 1:colcon.colcon_core.package_identification:_identify(src) by extension 'ignore_ament_install'
[1.453s] Level 1:colcon.colcon_core.package_identification:_identify(src) by extensions ['colcon_pkg']
[1.453s] Level 1:colcon.colcon_core.package_identification:_identify(src) by extension 'colcon_pkg'
[1.453s] Level 1:colcon.colcon_core.package_identification:_identify(src) by extensions ['colcon_meta']
[1.453s] Level 1:colcon.colcon_core.package_identification:_identify(src) by extension 'colcon_meta'
[1.453s] Level 1:colcon.colcon_core.package_identification:_identify(src) by extensions ['ros']
[1.454s] Level 1:colcon.colcon_core.package_identification:_identify(src) by extension 'ros'
[1.454s] Level 1:colcon.colcon_core.package_identification:_identify(src) by extensions ['cmake', 'python']
[1.454s] Level 1:colcon.colcon_core.package_identification:_identify(src) by extension 'cmake'
[1.454s] Level 1:colcon.colcon_core.package_identification:_identify(src) by extension 'python'
[1.454s] Level 1:colcon.colcon_core.package_identification:_identify(src) by extensions ['python_setup_py']
[1.454s] Level 1:colcon.colcon_core.package_identification:_identify(src) by extension 'python_setup_py'
[1.455s] Level 1:colcon.colcon_core.package_identification:_identify(src/custom_interfaces) by extensions ['ignore', 'ignore_ament_install']
[1.455s] Level 1:colcon.colcon_core.package_identification:_identify(src/custom_interfaces) by extension 'ignore'
[1.455s] Level 1:colcon.colcon_core.package_identification:_identify(src/custom_interfaces) by extension 'ignore_ament_install'
[1.455s] Level 1:colcon.colcon_core.package_identification:_identify(src/custom_interfaces) by extensions ['colcon_pkg']
[1.455s] Level 1:colcon.colcon_core.package_identification:_identify(src/custom_interfaces) by extension 'colcon_pkg'
[1.455s] Level 1:colcon.colcon_core.package_identification:_identify(src/custom_interfaces) by extensions ['colcon_meta']
[1.455s] Level 1:colcon.colcon_core.package_identification:_identify(src/custom_interfaces) by extension 'colcon_meta'
[1.455s] Level 1:colcon.colcon_core.package_identification:_identify(src/custom_interfaces) by extensions ['ros']
[1.456s] Level 1:colcon.colcon_core.package_identification:_identify(src/custom_interfaces) by extension 'ros'
[1.464s] DEBUG:colcon.colcon_core.package_identification:Package 'src/custom_interfaces' with type 'ros.ament_cmake' and name 'custom_interfaces'
[1.464s] Level 1:colcon.colcon_core.package_identification:_identify(src/tracking_robot_pkg) by extensions ['ignore', 'ignore_ament_install']
[1.464s] Level 1:colcon.colcon_core.package_identification:_identify(src/tracking_robot_pkg) by extension 'ignore'
[1.465s] Level 1:colcon.colcon_core.package_identification:_identify(src/tracking_robot_pkg) by extension 'ignore_ament_install'
[1.465s] Level 1:colcon.colcon_core.package_identification:_identify(src/tracking_robot_pkg) by extensions ['colcon_pkg']
[1.465s] Level 1:colcon.colcon_core.package_identification:_identify(src/tracking_robot_pkg) by extension 'colcon_pkg'
[1.465s] Level 1:colcon.colcon_core.package_identification:_identify(src/tracking_robot_pkg) by extensions ['colcon_meta']
[1.465s] Level 1:colcon.colcon_core.package_identification:_identify(src/tracking_robot_pkg) by extension 'colcon_meta'
[1.465s] Level 1:colcon.colcon_core.package_identification:_identify(src/tracking_robot_pkg) by extensions ['ros']
[1.465s] Level 1:colcon.colcon_core.package_identification:_identify(src/tracking_robot_pkg) by extension 'ros'
[1.468s] DEBUG:colcon.colcon_core.package_identification:Package 'src/tracking_robot_pkg' with type 'ros.ament_cmake' and name 'tracking_robot_pkg'
[1.468s] Level 1:colcon.colcon_core.package_discovery:discover_packages(recursive) using defaults
[1.468s] Level 1:colcon.colcon_core.package_discovery:discover_packages(ignore) discover
[1.468s] Level 1:colcon.colcon_core.package_discovery:discover_packages(ignore) using defaults
[1.468s] Level 1:colcon.colcon_core.package_discovery:discover_packages(path) discover
[1.468s] Level 1:colcon.colcon_core.package_discovery:discover_packages(path) using defaults
[1.532s] Level 1:colcon.colcon_core.package_discovery:discover_packages(prefix_path) check parameters
[1.532s] Level 1:colcon.colcon_core.package_discovery:discover_packages(prefix_path) discover
[1.539s] DEBUG:colcon.colcon_installed_package_information.package_discovery:Found 2 installed packages in /workspaces/isaac_ros-dev/src/ros2_ws/install
[1.546s] DEBUG:colcon.colcon_installed_package_information.package_discovery:Found 439 installed packages in /opt/ros/humble
[1.552s] Level 1:colcon.colcon_core.package_discovery:discover_packages(prefix_path) using defaults
[1.765s] Level 5:colcon.colcon_core.verb:set package 'custom_interfaces' build argument 'cmake_args' from command line to 'None'
[1.765s] Level 5:colcon.colcon_core.verb:set package 'custom_interfaces' build argument 'cmake_target' from command line to 'None'
[1.765s] Level 5:colcon.colcon_core.verb:set package 'custom_interfaces' build argument 'cmake_target_skip_unavailable' from command line to 'False'
[1.765s] Level 5:colcon.colcon_core.verb:set package 'custom_interfaces' build argument 'cmake_clean_cache' from command line to 'False'
[1.765s] Level 5:colcon.colcon_core.verb:set package 'custom_interfaces' build argument 'cmake_clean_first' from command line to 'False'
[1.766s] Level 5:colcon.colcon_core.verb:set package 'custom_interfaces' build argument 'cmake_force_configure' from command line to 'False'
[1.766s] Level 5:colcon.colcon_core.verb:set package 'custom_interfaces' build argument 'ament_cmake_args' from command line to 'None'
[1.766s] Level 5:colcon.colcon_core.verb:set package 'custom_interfaces' build argument 'catkin_cmake_args' from command line to 'None'
[1.766s] Level 5:colcon.colcon_core.verb:set package 'custom_interfaces' build argument 'catkin_skip_building_tests' from command line to 'False'
[1.766s] DEBUG:colcon.colcon_core.verb:Building package 'custom_interfaces' with the following arguments: {'ament_cmake_args': None, 'build_base': '/workspaces/isaac_ros-dev/src/ros2_ws/build/custom_interfaces', 'catkin_cmake_args': None, 'catkin_skip_building_tests': False, 'cmake_args': None, 'cmake_clean_cache': False, 'cmake_clean_first': False, 'cmake_force_configure': False, 'cmake_target': None, 'cmake_target_skip_unavailable': False, 'install_base': '/workspaces/isaac_ros-dev/src/ros2_ws/install/custom_interfaces', 'merge_install': False, 'path': '/workspaces/isaac_ros-dev/src/ros2_ws/src/custom_interfaces', 'symlink_install': False, 'test_result_base': None}
[1.768s] Level 5:colcon.colcon_core.verb:set package 'tracking_robot_pkg' build argument 'cmake_args' from command line to 'None'
[1.768s] Level 5:colcon.colcon_core.verb:set package 'tracking_robot_pkg' build argument 'cmake_target' from command line to 'None'
[1.768s] Level 5:colcon.colcon_core.verb:set package 'tracking_robot_pkg' build argument 'cmake_target_skip_unavailable' from command line to 'False'
[1.768s] Level 5:colcon.colcon_core.verb:set package 'tracking_robot_pkg' build argument 'cmake_clean_cache' from command line to 'False'
[1.768s] Level 5:colcon.colcon_core.verb:set package 'tracking_robot_pkg' build argument 'cmake_clean_first' from command line to 'False'
[1.768s] Level 5:colcon.colcon_core.verb:set package 'tracking_robot_pkg' build argument 'cmake_force_configure' from command line to 'False'
[1.768s] Level 5:colcon.colcon_core.verb:set package 'tracking_robot_pkg' build argument 'ament_cmake_args' from command line to 'None'
[1.768s] Level 5:colcon.colcon_core.verb:set package 'tracking_robot_pkg' build argument 'catkin_cmake_args' from command line to 'None'
[1.768s] Level 5:colcon.colcon_core.verb:set package 'tracking_robot_pkg' build argument 'catkin_skip_building_tests' from command line to 'False'
[1.768s] DEBUG:colcon.colcon_core.verb:Building package 'tracking_robot_pkg' with the following arguments: {'ament_cmake_args': None, 'build_base': '/workspaces/isaac_ros-dev/src/ros2_ws/build/tracking_robot_pkg', 'catkin_cmake_args': None, 'catkin_skip_building_tests': False, 'cmake_args': None, 'cmake_clean_cache': False, 'cmake_clean_first': False, 'cmake_force_configure': False, 'cmake_target': None, 'cmake_target_skip_unavailable': False, 'install_base': '/workspaces/isaac_ros-dev/src/ros2_ws/install/tracking_robot_pkg', 'merge_install': False, 'path': '/workspaces/isaac_ros-dev/src/ros2_ws/src/tracking_robot_pkg', 'symlink_install': False, 'test_result_base': None}
[1.769s] INFO:colcon.colcon_core.executor:Executing jobs using 'parallel' executor
[1.772s] DEBUG:colcon.colcon_parallel_executor.executor.parallel:run_until_complete
[1.773s] INFO:colcon.colcon_ros.task.ament_cmake.build:Building ROS package in '/workspaces/isaac_ros-dev/src/ros2_ws/src/custom_interfaces' with build type 'ament_cmake'
[1.774s] INFO:colcon.colcon_cmake.task.cmake.build:Building CMake package in '/workspaces/isaac_ros-dev/src/ros2_ws/src/custom_interfaces'
[1.782s] INFO:colcon.colcon_core.plugin_system:Skipping extension 'colcon_core.shell.bat': Not used on non-Windows systems
[1.783s] INFO:colcon.colcon_core.shell:Skip shell extension 'powershell' for command environment: Not usable outside of PowerShell
[1.783s] DEBUG:colcon.colcon_core.shell:Skip shell extension 'dsv' for command environment
[1.813s] DEBUG:colcon.colcon_core.event_handler.log_command:Invoking command in '/workspaces/isaac_ros-dev/src/ros2_ws/build/custom_interfaces': CMAKE_PREFIX_PATH=${CMAKE_PREFIX_PATH}:/opt/ros/humble /usr/bin/cmake --build /workspaces/isaac_ros-dev/src/ros2_ws/build/custom_interfaces -- -j6 -l6
[5.541s] DEBUG:colcon.colcon_core.event_handler.log_command:Invoked command in '/workspaces/isaac_ros-dev/src/ros2_ws/build/custom_interfaces' returned '0': CMAKE_PREFIX_PATH=${CMAKE_PREFIX_PATH}:/opt/ros/humble /usr/bin/cmake --build /workspaces/isaac_ros-dev/src/ros2_ws/build/custom_interfaces -- -j6 -l6
[5.572s] DEBUG:colcon.colcon_core.event_handler.log_command:Invoking command in '/workspaces/isaac_ros-dev/src/ros2_ws/build/custom_interfaces': CMAKE_PREFIX_PATH=${CMAKE_PREFIX_PATH}:/opt/ros/humble /usr/bin/cmake --install /workspaces/isaac_ros-dev/src/ros2_ws/build/custom_interfaces
[5.787s] Level 1:colcon.colcon_core.environment:create_environment_scripts_only(custom_interfaces)
[5.805s] Level 1:colcon.colcon_core.environment:checking '/workspaces/isaac_ros-dev/src/ros2_ws/install/custom_interfaces' for CMake module files
[5.812s] Level 1:colcon.colcon_core.environment:checking '/workspaces/isaac_ros-dev/src/ros2_ws/install/custom_interfaces' for CMake config files
[5.812s] Level 1:colcon.colcon_core.shell:create_environment_hook('custom_interfaces', 'cmake_prefix_path')
[5.813s] INFO:colcon.colcon_core.shell:Creating environment hook '/workspaces/isaac_ros-dev/src/ros2_ws/install/custom_interfaces/share/custom_interfaces/hook/cmake_prefix_path.ps1'
[5.819s] DEBUG:colcon.colcon_core.event_handler.log_command:Invoked command in '/workspaces/isaac_ros-dev/src/ros2_ws/build/custom_interfaces' returned '0': CMAKE_PREFIX_PATH=${CMAKE_PREFIX_PATH}:/opt/ros/humble /usr/bin/cmake --install /workspaces/isaac_ros-dev/src/ros2_ws/build/custom_interfaces
[5.820s] INFO:colcon.colcon_core.shell:Creating environment descriptor '/workspaces/isaac_ros-dev/src/ros2_ws/install/custom_interfaces/share/custom_interfaces/hook/cmake_prefix_path.dsv'
[5.821s] INFO:colcon.colcon_core.shell:Creating environment hook '/workspaces/isaac_ros-dev/src/ros2_ws/install/custom_interfaces/share/custom_interfaces/hook/cmake_prefix_path.sh'
[5.824s] Level 1:colcon.colcon_core.environment:checking '/workspaces/isaac_ros-dev/src/ros2_ws/install/custom_interfaces/lib'
[5.825s] Level 1:colcon.colcon_core.shell:create_environment_hook('custom_interfaces', 'ld_library_path_lib')
[5.825s] INFO:colcon.colcon_core.shell:Creating environment hook '/workspaces/isaac_ros-dev/src/ros2_ws/install/custom_interfaces/share/custom_interfaces/hook/ld_library_path_lib.ps1'
[5.827s] INFO:colcon.colcon_core.shell:Creating environment descriptor '/workspaces/isaac_ros-dev/src/ros2_ws/install/custom_interfaces/share/custom_interfaces/hook/ld_library_path_lib.dsv'
[5.828s] INFO:colcon.colcon_core.shell:Creating environment hook '/workspaces/isaac_ros-dev/src/ros2_ws/install/custom_interfaces/share/custom_interfaces/hook/ld_library_path_lib.sh'
[5.830s] Level 1:colcon.colcon_core.environment:checking '/workspaces/isaac_ros-dev/src/ros2_ws/install/custom_interfaces/bin'
[5.830s] Level 1:colcon.colcon_core.environment:checking '/workspaces/isaac_ros-dev/src/ros2_ws/install/custom_interfaces/lib/pkgconfig/custom_interfaces.pc'
[5.831s] Level 1:colcon.colcon_core.environment:checking '/workspaces/isaac_ros-dev/src/ros2_ws/install/custom_interfaces/lib/python3.10/site-packages'
[5.831s] Level 1:colcon.colcon_core.environment:checking '/workspaces/isaac_ros-dev/src/ros2_ws/install/custom_interfaces/bin'
[5.832s] INFO:colcon.colcon_core.shell:Creating package script '/workspaces/isaac_ros-dev/src/ros2_ws/install/custom_interfaces/share/custom_interfaces/package.ps1'
[5.835s] INFO:colcon.colcon_core.shell:Creating package descriptor '/workspaces/isaac_ros-dev/src/ros2_ws/install/custom_interfaces/share/custom_interfaces/package.dsv'
[5.836s] INFO:colcon.colcon_core.shell:Creating package script '/workspaces/isaac_ros-dev/src/ros2_ws/install/custom_interfaces/share/custom_interfaces/package.sh'
[5.839s] INFO:colcon.colcon_core.shell:Creating package script '/workspaces/isaac_ros-dev/src/ros2_ws/install/custom_interfaces/share/custom_interfaces/package.bash'
[5.841s] INFO:colcon.colcon_core.shell:Creating package script '/workspaces/isaac_ros-dev/src/ros2_ws/install/custom_interfaces/share/custom_interfaces/package.zsh'
[5.844s] Level 1:colcon.colcon_core.environment:create_file_with_runtime_dependencies(/workspaces/isaac_ros-dev/src/ros2_ws/install/custom_interfaces/share/colcon-core/packages/custom_interfaces)
[5.846s] Level 1:colcon.colcon_core.environment:create_environment_scripts_only(custom_interfaces)
[5.847s] Level 1:colcon.colcon_core.environment:checking '/workspaces/isaac_ros-dev/src/ros2_ws/install/custom_interfaces' for CMake module files
[5.849s] Level 1:colcon.colcon_core.environment:checking '/workspaces/isaac_ros-dev/src/ros2_ws/install/custom_interfaces' for CMake config files
[5.850s] Level 1:colcon.colcon_core.shell:create_environment_hook('custom_interfaces', 'cmake_prefix_path')
[5.850s] INFO:colcon.colcon_core.shell:Creating environment hook '/workspaces/isaac_ros-dev/src/ros2_ws/install/custom_interfaces/share/custom_interfaces/hook/cmake_prefix_path.ps1'
[5.852s] INFO:colcon.colcon_core.shell:Creating environment descriptor '/workspaces/isaac_ros-dev/src/ros2_ws/install/custom_interfaces/share/custom_interfaces/hook/cmake_prefix_path.dsv'
[5.853s] INFO:colcon.colcon_core.shell:Creating environment hook '/workspaces/isaac_ros-dev/src/ros2_ws/install/custom_interfaces/share/custom_interfaces/hook/cmake_prefix_path.sh'
[5.855s] Level 1:colcon.colcon_core.environment:checking '/workspaces/isaac_ros-dev/src/ros2_ws/install/custom_interfaces/lib'
[5.856s] Level 1:colcon.colcon_core.shell:create_environment_hook('custom_interfaces', 'ld_library_path_lib')
[5.856s] INFO:colcon.colcon_core.shell:Creating environment hook '/workspaces/isaac_ros-dev/src/ros2_ws/install/custom_interfaces/share/custom_interfaces/hook/ld_library_path_lib.ps1'
[5.858s] INFO:colcon.colcon_core.shell:Creating environment descriptor '/workspaces/isaac_ros-dev/src/ros2_ws/install/custom_interfaces/share/custom_interfaces/hook/ld_library_path_lib.dsv'
[5.859s] INFO:colcon.colcon_core.shell:Creating environment hook '/workspaces/isaac_ros-dev/src/ros2_ws/install/custom_interfaces/share/custom_interfaces/hook/ld_library_path_lib.sh'
[5.860s] Level 1:colcon.colcon_core.environment:checking '/workspaces/isaac_ros-dev/src/ros2_ws/install/custom_interfaces/bin'
[5.860s] Level 1:colcon.colcon_core.environment:checking '/workspaces/isaac_ros-dev/src/ros2_ws/install/custom_interfaces/lib/pkgconfig/custom_interfaces.pc'
[5.861s] Level 1:colcon.colcon_core.environment:checking '/workspaces/isaac_ros-dev/src/ros2_ws/install/custom_interfaces/lib/python3.10/site-packages'
[5.861s] Level 1:colcon.colcon_core.environment:checking '/workspaces/isaac_ros-dev/src/ros2_ws/install/custom_interfaces/bin'
[5.862s] INFO:colcon.colcon_core.shell:Creating package script '/workspaces/isaac_ros-dev/src/ros2_ws/install/custom_interfaces/share/custom_interfaces/package.ps1'
[5.864s] INFO:colcon.colcon_core.shell:Creating package descriptor '/workspaces/isaac_ros-dev/src/ros2_ws/install/custom_interfaces/share/custom_interfaces/package.dsv'
[5.866s] INFO:colcon.colcon_core.shell:Creating package script '/workspaces/isaac_ros-dev/src/ros2_ws/install/custom_interfaces/share/custom_interfaces/package.sh'
[5.867s] INFO:colcon.colcon_core.shell:Creating package script '/workspaces/isaac_ros-dev/src/ros2_ws/install/custom_interfaces/share/custom_interfaces/package.bash'
[5.868s] INFO:colcon.colcon_core.shell:Creating package script '/workspaces/isaac_ros-dev/src/ros2_ws/install/custom_interfaces/share/custom_interfaces/package.zsh'
[5.869s] Level 1:colcon.colcon_core.environment:create_file_with_runtime_dependencies(/workspaces/isaac_ros-dev/src/ros2_ws/install/custom_interfaces/share/colcon-core/packages/custom_interfaces)
[5.872s] INFO:colcon.colcon_ros.task.ament_cmake.build:Building ROS package in '/workspaces/isaac_ros-dev/src/ros2_ws/src/tracking_robot_pkg' with build type 'ament_cmake'
[5.872s] INFO:colcon.colcon_cmake.task.cmake.build:Building CMake package in '/workspaces/isaac_ros-dev/src/ros2_ws/src/tracking_robot_pkg'
[5.873s] INFO:colcon.colcon_core.shell:Skip shell extension 'powershell' for command environment: Not usable outside of PowerShell
[5.873s] DEBUG:colcon.colcon_core.shell:Skip shell extension 'dsv' for command environment
[5.911s] DEBUG:colcon.colcon_core.event_handler.log_command:Invoking command in '/workspaces/isaac_ros-dev/src/ros2_ws/build/tracking_robot_pkg': CMAKE_PREFIX_PATH=/workspaces/isaac_ros-dev/src/ros2_ws/install/custom_interfaces:/workspaces/isaac_ros-dev/src/ros2_ws/install/tracking_robot_pkg:/usr/local/libcudss-linux-0.3.0.9_cuda12-archive:/opt/ros/humble /usr/bin/cmake --build /workspaces/isaac_ros-dev/src/ros2_ws/build/tracking_robot_pkg -- -j6 -l6
[32.938s] DEBUG:colcon.colcon_core.event_handler.log_command:Invoked command in '/workspaces/isaac_ros-dev/src/ros2_ws/build/tracking_robot_pkg' returned '0': CMAKE_PREFIX_PATH=/workspaces/isaac_ros-dev/src/ros2_ws/install/custom_interfaces:/workspaces/isaac_ros-dev/src/ros2_ws/install/tracking_robot_pkg:/usr/local/libcudss-linux-0.3.0.9_cuda12-archive:/opt/ros/humble /usr/bin/cmake --build /workspaces/isaac_ros-dev/src/ros2_ws/build/tracking_robot_pkg -- -j6 -l6
[32.940s] DEBUG:colcon.colcon_core.event_handler.log_command:Invoking command in '/workspaces/isaac_ros-dev/src/ros2_ws/build/tracking_robot_pkg': CMAKE_PREFIX_PATH=/workspaces/isaac_ros-dev/src/ros2_ws/install/custom_interfaces:/workspaces/isaac_ros-dev/src/ros2_ws/install/tracking_robot_pkg:/usr/local/libcudss-linux-0.3.0.9_cuda12-archive:/opt/ros/humble /usr/bin/cmake --install /workspaces/isaac_ros-dev/src/ros2_ws/build/tracking_robot_pkg
[32.985s] Level 1:colcon.colcon_core.environment:create_environment_scripts_only(tracking_robot_pkg)
[32.986s] Level 1:colcon.colcon_core.environment:checking '/workspaces/isaac_ros-dev/src/ros2_ws/install/tracking_robot_pkg' for CMake module files
[32.987s] DEBUG:colcon.colcon_core.event_handler.log_command:Invoked command in '/workspaces/isaac_ros-dev/src/ros2_ws/build/tracking_robot_pkg' returned '0': CMAKE_PREFIX_PATH=/workspaces/isaac_ros-dev/src/ros2_ws/install/custom_interfaces:/workspaces/isaac_ros-dev/src/ros2_ws/install/tracking_robot_pkg:/usr/local/libcudss-linux-0.3.0.9_cuda12-archive:/opt/ros/humble /usr/bin/cmake --install /workspaces/isaac_ros-dev/src/ros2_ws/build/tracking_robot_pkg
[32.989s] Level 1:colcon.colcon_core.environment:checking '/workspaces/isaac_ros-dev/src/ros2_ws/install/tracking_robot_pkg' for CMake config files
[32.992s] Level 1:colcon.colcon_core.shell:create_environment_hook('tracking_robot_pkg', 'cmake_prefix_path')
[32.993s] INFO:colcon.colcon_core.shell:Creating environment hook '/workspaces/isaac_ros-dev/src/ros2_ws/install/tracking_robot_pkg/share/tracking_robot_pkg/hook/cmake_prefix_path.ps1'
[32.994s] INFO:colcon.colcon_core.shell:Creating environment descriptor '/workspaces/isaac_ros-dev/src/ros2_ws/install/tracking_robot_pkg/share/tracking_robot_pkg/hook/cmake_prefix_path.dsv'
[32.996s] INFO:colcon.colcon_core.shell:Creating environment hook '/workspaces/isaac_ros-dev/src/ros2_ws/install/tracking_robot_pkg/share/tracking_robot_pkg/hook/cmake_prefix_path.sh'
[32.998s] Level 1:colcon.colcon_core.environment:checking '/workspaces/isaac_ros-dev/src/ros2_ws/install/tracking_robot_pkg/lib'
[32.998s] Level 1:colcon.colcon_core.environment:checking '/workspaces/isaac_ros-dev/src/ros2_ws/install/tracking_robot_pkg/bin'
[32.998s] Level 1:colcon.colcon_core.environment:checking '/workspaces/isaac_ros-dev/src/ros2_ws/install/tracking_robot_pkg/lib/pkgconfig/tracking_robot_pkg.pc'
[32.999s] Level 1:colcon.colcon_core.environment:checking '/workspaces/isaac_ros-dev/src/ros2_ws/install/tracking_robot_pkg/lib/python3.10/site-packages'
[33.000s] Level 1:colcon.colcon_core.environment:checking '/workspaces/isaac_ros-dev/src/ros2_ws/install/tracking_robot_pkg/bin'
[33.001s] INFO:colcon.colcon_core.shell:Creating package script '/workspaces/isaac_ros-dev/src/ros2_ws/install/tracking_robot_pkg/share/tracking_robot_pkg/package.ps1'
[33.003s] INFO:colcon.colcon_core.shell:Creating package descriptor '/workspaces/isaac_ros-dev/src/ros2_ws/install/tracking_robot_pkg/share/tracking_robot_pkg/package.dsv'
[33.005s] INFO:colcon.colcon_core.shell:Creating package script '/workspaces/isaac_ros-dev/src/ros2_ws/install/tracking_robot_pkg/share/tracking_robot_pkg/package.sh'
[33.009s] INFO:colcon.colcon_core.shell:Creating package script '/workspaces/isaac_ros-dev/src/ros2_ws/install/tracking_robot_pkg/share/tracking_robot_pkg/package.bash'
[33.014s] INFO:colcon.colcon_core.shell:Creating package script '/workspaces/isaac_ros-dev/src/ros2_ws/install/tracking_robot_pkg/share/tracking_robot_pkg/package.zsh'
[33.016s] Level 1:colcon.colcon_core.environment:create_file_with_runtime_dependencies(/workspaces/isaac_ros-dev/src/ros2_ws/install/tracking_robot_pkg/share/colcon-core/packages/tracking_robot_pkg)
[33.019s] Level 1:colcon.colcon_core.environment:create_environment_scripts_only(tracking_robot_pkg)
[33.020s] Level 1:colcon.colcon_core.environment:checking '/workspaces/isaac_ros-dev/src/ros2_ws/install/tracking_robot_pkg' for CMake module files
[33.021s] Level 1:colcon.colcon_core.environment:checking '/workspaces/isaac_ros-dev/src/ros2_ws/install/tracking_robot_pkg' for CMake config files
[33.022s] Level 1:colcon.colcon_core.shell:create_environment_hook('tracking_robot_pkg', 'cmake_prefix_path')
[33.023s] INFO:colcon.colcon_core.shell:Creating environment hook '/workspaces/isaac_ros-dev/src/ros2_ws/install/tracking_robot_pkg/share/tracking_robot_pkg/hook/cmake_prefix_path.ps1'
[33.025s] INFO:colcon.colcon_core.shell:Creating environment descriptor '/workspaces/isaac_ros-dev/src/ros2_ws/install/tracking_robot_pkg/share/tracking_robot_pkg/hook/cmake_prefix_path.dsv'
[33.026s] INFO:colcon.colcon_core.shell:Creating environment hook '/workspaces/isaac_ros-dev/src/ros2_ws/install/tracking_robot_pkg/share/tracking_robot_pkg/hook/cmake_prefix_path.sh'
[33.028s] Level 1:colcon.colcon_core.environment:checking '/workspaces/isaac_ros-dev/src/ros2_ws/install/tracking_robot_pkg/lib'
[33.028s] Level 1:colcon.colcon_core.environment:checking '/workspaces/isaac_ros-dev/src/ros2_ws/install/tracking_robot_pkg/bin'
[33.029s] Level 1:colcon.colcon_core.environment:checking '/workspaces/isaac_ros-dev/src/ros2_ws/install/tracking_robot_pkg/lib/pkgconfig/tracking_robot_pkg.pc'
[33.030s] Level 1:colcon.colcon_core.environment:checking '/workspaces/isaac_ros-dev/src/ros2_ws/install/tracking_robot_pkg/lib/python3.10/site-packages'
[33.030s] Level 1:colcon.colcon_core.environment:checking '/workspaces/isaac_ros-dev/src/ros2_ws/install/tracking_robot_pkg/bin'
[33.031s] INFO:colcon.colcon_core.shell:Creating package script '/workspaces/isaac_ros-dev/src/ros2_ws/install/tracking_robot_pkg/share/tracking_robot_pkg/package.ps1'
[33.033s] INFO:colcon.colcon_core.shell:Creating package descriptor '/workspaces/isaac_ros-dev/src/ros2_ws/install/tracking_robot_pkg/share/tracking_robot_pkg/package.dsv'
[33.035s] INFO:colcon.colcon_core.shell:Creating package script '/workspaces/isaac_ros-dev/src/ros2_ws/install/tracking_robot_pkg/share/tracking_robot_pkg/package.sh'
[33.036s] INFO:colcon.colcon_core.shell:Creating package script '/workspaces/isaac_ros-dev/src/ros2_ws/install/tracking_robot_pkg/share/tracking_robot_pkg/package.bash'
[33.038s] INFO:colcon.colcon_core.shell:Creating package script '/workspaces/isaac_ros-dev/src/ros2_ws/install/tracking_robot_pkg/share/tracking_robot_pkg/package.zsh'
[33.039s] Level 1:colcon.colcon_core.environment:create_file_with_runtime_dependencies(/workspaces/isaac_ros-dev/src/ros2_ws/install/tracking_robot_pkg/share/colcon-core/packages/tracking_robot_pkg)
[33.041s] DEBUG:colcon.colcon_parallel_executor.executor.parallel:closing loop
[33.041s] DEBUG:colcon.colcon_parallel_executor.executor.parallel:loop closed
[33.041s] DEBUG:colcon.colcon_parallel_executor.executor.parallel:run_until_complete finished with '0'
[33.042s] DEBUG:colcon.colcon_core.event_reactor:joining thread
[33.066s] INFO:colcon.colcon_core.plugin_system:Skipping extension 'colcon_notification.desktop_notification.notify_send': Could not find 'notify-send'
[33.067s] INFO:colcon.colcon_core.plugin_system:Skipping extension 'colcon_notification.desktop_notification.terminal_notifier': Not used on non-Darwin systems
[33.067s] INFO:colcon.colcon_core.plugin_system:Skipping extension 'colcon_notification.desktop_notification.win32': Not used on non-Windows systems
[33.067s] INFO:colcon.colcon_notification.desktop_notification:Sending desktop notification using 'notify2'
[33.080s] DEBUG:colcon.colcon_notification.desktop_notification.notify2:Failed to initialize notify2: org.freedesktop.DBus.Error.Spawn.ExecFailed: /usr/bin/dbus-launch terminated abnormally without any error message
[33.080s] DEBUG:colcon.colcon_core.event_reactor:joined thread
[33.083s] INFO:colcon.colcon_core.shell:Creating prefix script '/workspaces/isaac_ros-dev/src/ros2_ws/install/local_setup.ps1'
[33.087s] INFO:colcon.colcon_core.shell:Creating prefix util module '/workspaces/isaac_ros-dev/src/ros2_ws/install/_local_setup_util_ps1.py'
[33.093s] INFO:colcon.colcon_core.shell:Creating prefix chain script '/workspaces/isaac_ros-dev/src/ros2_ws/install/setup.ps1'
[33.101s] INFO:colcon.colcon_core.shell:Creating prefix script '/workspaces/isaac_ros-dev/src/ros2_ws/install/local_setup.sh'
[33.102s] INFO:colcon.colcon_core.shell:Creating prefix util module '/workspaces/isaac_ros-dev/src/ros2_ws/install/_local_setup_util_sh.py'
[33.104s] INFO:colcon.colcon_core.shell:Creating prefix chain script '/workspaces/isaac_ros-dev/src/ros2_ws/install/setup.sh'
[33.108s] INFO:colcon.colcon_core.shell:Creating prefix script '/workspaces/isaac_ros-dev/src/ros2_ws/install/local_setup.bash'
[33.109s] INFO:colcon.colcon_core.shell:Creating prefix chain script '/workspaces/isaac_ros-dev/src/ros2_ws/install/setup.bash'
[33.113s] INFO:colcon.colcon_core.shell:Creating prefix script '/workspaces/isaac_ros-dev/src/ros2_ws/install/local_setup.zsh'
[33.114s] INFO:colcon.colcon_core.shell:Creating prefix chain script '/workspaces/isaac_ros-dev/src/ros2_ws/install/setup.zsh'
