[0.006s] Invoking command in '/home/sebastian/ros2_ws/build/custom_interfaces': CMAKE_PREFIX_PATH=${CMAKE_PREFIX_PATH}:/opt/ros/humble /usr/bin/cmake --build /home/sebastian/ros2_ws/build/custom_interfaces -- -j20 -l20
[0.043s] [  3%] Built target custom_interfaces__cpp
[0.051s] [ 12%] Built target custom_interfaces__rosidl_generator_c
[0.059s] [ 12%] Built target ament_cmake_python_copy_custom_interfaces
[0.089s] [ 22%] Built target custom_interfaces__rosidl_typesupport_introspection_cpp
[0.091s] [ 32%] Built target custom_interfaces__rosidl_typesupport_c
[0.091s] [ 41%] Built target custom_interfaces__rosidl_typesupport_fastrtps_cpp
[0.091s] [ 51%] Built target custom_interfaces__rosidl_typesupport_cpp
[0.092s] [ 61%] Built target custom_interfaces__rosidl_typesupport_fastrtps_c
[0.093s] [ 70%] Built target custom_interfaces__rosidl_typesupport_introspection_c
[0.106s] [ 70%] Built target custom_interfaces
[0.119s] [ 74%] Built target custom_interfaces__py
[0.134s] [ 80%] Built target custom_interfaces__rosidl_generator_py
[0.150s] [ 87%] Built target custom_interfaces__rosidl_typesupport_c__pyext
[0.150s] [ 93%] Built target custom_interfaces__rosidl_typesupport_fastrtps_c__pyext
[0.150s] [100%] Built target custom_interfaces__rosidl_typesupport_introspection_c__pyext
[0.202s] running egg_info
[0.202s] writing custom_interfaces.egg-info/PKG-INFO
[0.202s] writing dependency_links to custom_interfaces.egg-info/dependency_links.txt
[0.202s] writing top-level names to custom_interfaces.egg-info/top_level.txt
[0.203s] reading manifest file 'custom_interfaces.egg-info/SOURCES.txt'
[0.203s] writing manifest file 'custom_interfaces.egg-info/SOURCES.txt'
[0.217s] [100%] Built target ament_cmake_python_build_custom_interfaces_egg
[0.225s] Invoked command in '/home/sebastian/ros2_ws/build/custom_interfaces' returned '0': CMAKE_PREFIX_PATH=${CMAKE_PREFIX_PATH}:/opt/ros/humble /usr/bin/cmake --build /home/sebastian/ros2_ws/build/custom_interfaces -- -j20 -l20
[0.230s] Invoking command in '/home/sebastian/ros2_ws/build/custom_interfaces': CMAKE_PREFIX_PATH=${CMAKE_PREFIX_PATH}:/opt/ros/humble /usr/bin/cmake --install /home/sebastian/ros2_ws/build/custom_interfaces
[0.235s] -- Install configuration: ""
[0.235s] -- Up-to-date: /home/sebastian/ros2_ws/install/custom_interfaces/share/ament_index/resource_index/rosidl_interfaces/custom_interfaces
[0.235s] -- Up-to-date: /home/sebastian/ros2_ws/install/custom_interfaces/include/custom_interfaces/custom_interfaces
[0.235s] -- Up-to-date: /home/sebastian/ros2_ws/install/custom_interfaces/include/custom_interfaces/custom_interfaces/action
[0.235s] -- Up-to-date: /home/sebastian/ros2_ws/install/custom_interfaces/include/custom_interfaces/custom_interfaces/action/detail
[0.235s] -- Up-to-date: /home/sebastian/ros2_ws/install/custom_interfaces/include/custom_interfaces/custom_interfaces/action/detail/circle_wall__functions.c
[0.235s] -- Up-to-date: /home/sebastian/ros2_ws/install/custom_interfaces/include/custom_interfaces/custom_interfaces/action/detail/circle_wall__struct.h
[0.236s] -- Up-to-date: /home/sebastian/ros2_ws/install/custom_interfaces/include/custom_interfaces/custom_interfaces/action/detail/circle_wall__functions.h
[0.236s] -- Up-to-date: /home/sebastian/ros2_ws/install/custom_interfaces/include/custom_interfaces/custom_interfaces/action/detail/circle_wall__type_support.h
[0.236s] -- Up-to-date: /home/sebastian/ros2_ws/install/custom_interfaces/include/custom_interfaces/custom_interfaces/action/circle_wall.h
[0.236s] -- Up-to-date: /home/sebastian/ros2_ws/install/custom_interfaces/include/custom_interfaces/custom_interfaces/msg
[0.236s] -- Up-to-date: /home/sebastian/ros2_ws/install/custom_interfaces/include/custom_interfaces/custom_interfaces/msg/rosidl_generator_c__visibility_control.h
[0.236s] -- Up-to-date: /home/sebastian/ros2_ws/install/custom_interfaces/share/custom_interfaces/environment/library_path.sh
[0.236s] -- Up-to-date: /home/sebastian/ros2_ws/install/custom_interfaces/share/custom_interfaces/environment/library_path.dsv
[0.236s] -- Up-to-date: /home/sebastian/ros2_ws/install/custom_interfaces/lib/libcustom_interfaces__rosidl_generator_c.so
[0.236s] -- Up-to-date: /home/sebastian/ros2_ws/install/custom_interfaces/include/custom_interfaces/custom_interfaces
[0.236s] -- Up-to-date: /home/sebastian/ros2_ws/install/custom_interfaces/include/custom_interfaces/custom_interfaces/action
[0.236s] -- Up-to-date: /home/sebastian/ros2_ws/install/custom_interfaces/include/custom_interfaces/custom_interfaces/action/detail
[0.236s] -- Up-to-date: /home/sebastian/ros2_ws/install/custom_interfaces/include/custom_interfaces/custom_interfaces/action/detail/circle_wall__rosidl_typesupport_fastrtps_c.h
[0.236s] -- Up-to-date: /home/sebastian/ros2_ws/install/custom_interfaces/include/custom_interfaces/custom_interfaces/msg
[0.236s] -- Up-to-date: /home/sebastian/ros2_ws/install/custom_interfaces/include/custom_interfaces/custom_interfaces/msg/rosidl_typesupport_fastrtps_c__visibility_control.h
[0.236s] -- Up-to-date: /home/sebastian/ros2_ws/install/custom_interfaces/lib/libcustom_interfaces__rosidl_typesupport_fastrtps_c.so
[0.236s] -- Up-to-date: /home/sebastian/ros2_ws/install/custom_interfaces/include/custom_interfaces/custom_interfaces
[0.236s] -- Up-to-date: /home/sebastian/ros2_ws/install/custom_interfaces/include/custom_interfaces/custom_interfaces/action
[0.236s] -- Up-to-date: /home/sebastian/ros2_ws/install/custom_interfaces/include/custom_interfaces/custom_interfaces/action/detail
[0.236s] -- Up-to-date: /home/sebastian/ros2_ws/install/custom_interfaces/include/custom_interfaces/custom_interfaces/action/detail/circle_wall__traits.hpp
[0.236s] -- Up-to-date: /home/sebastian/ros2_ws/install/custom_interfaces/include/custom_interfaces/custom_interfaces/action/detail/circle_wall__builder.hpp
[0.236s] -- Up-to-date: /home/sebastian/ros2_ws/install/custom_interfaces/include/custom_interfaces/custom_interfaces/action/detail/circle_wall__struct.hpp
[0.236s] -- Up-to-date: /home/sebastian/ros2_ws/install/custom_interfaces/include/custom_interfaces/custom_interfaces/action/detail/circle_wall__type_support.hpp
[0.236s] -- Up-to-date: /home/sebastian/ros2_ws/install/custom_interfaces/include/custom_interfaces/custom_interfaces/action/circle_wall.hpp
[0.236s] -- Up-to-date: /home/sebastian/ros2_ws/install/custom_interfaces/include/custom_interfaces/custom_interfaces/msg
[0.236s] -- Up-to-date: /home/sebastian/ros2_ws/install/custom_interfaces/include/custom_interfaces/custom_interfaces/msg/rosidl_generator_cpp__visibility_control.hpp
[0.236s] -- Up-to-date: /home/sebastian/ros2_ws/install/custom_interfaces/include/custom_interfaces/custom_interfaces
[0.236s] -- Up-to-date: /home/sebastian/ros2_ws/install/custom_interfaces/include/custom_interfaces/custom_interfaces/action
[0.236s] -- Up-to-date: /home/sebastian/ros2_ws/install/custom_interfaces/include/custom_interfaces/custom_interfaces/action/detail
[0.236s] -- Up-to-date: /home/sebastian/ros2_ws/install/custom_interfaces/include/custom_interfaces/custom_interfaces/action/detail/circle_wall__rosidl_typesupport_fastrtps_cpp.hpp
[0.236s] -- Up-to-date: /home/sebastian/ros2_ws/install/custom_interfaces/include/custom_interfaces/custom_interfaces/action/detail/dds_fastrtps
[0.237s] -- Up-to-date: /home/sebastian/ros2_ws/install/custom_interfaces/include/custom_interfaces/custom_interfaces/msg
[0.237s] -- Up-to-date: /home/sebastian/ros2_ws/install/custom_interfaces/include/custom_interfaces/custom_interfaces/msg/rosidl_typesupport_fastrtps_cpp__visibility_control.h
[0.237s] -- Up-to-date: /home/sebastian/ros2_ws/install/custom_interfaces/lib/libcustom_interfaces__rosidl_typesupport_fastrtps_cpp.so
[0.237s] -- Up-to-date: /home/sebastian/ros2_ws/install/custom_interfaces/include/custom_interfaces/custom_interfaces
[0.237s] -- Up-to-date: /home/sebastian/ros2_ws/install/custom_interfaces/include/custom_interfaces/custom_interfaces/action
[0.237s] -- Up-to-date: /home/sebastian/ros2_ws/install/custom_interfaces/include/custom_interfaces/custom_interfaces/action/detail
[0.237s] -- Up-to-date: /home/sebastian/ros2_ws/install/custom_interfaces/include/custom_interfaces/custom_interfaces/action/detail/circle_wall__rosidl_typesupport_introspection_c.h
[0.237s] -- Up-to-date: /home/sebastian/ros2_ws/install/custom_interfaces/include/custom_interfaces/custom_interfaces/action/detail/circle_wall__type_support.c
[0.237s] -- Up-to-date: /home/sebastian/ros2_ws/install/custom_interfaces/include/custom_interfaces/custom_interfaces/msg
[0.237s] -- Up-to-date: /home/sebastian/ros2_ws/install/custom_interfaces/include/custom_interfaces/custom_interfaces/msg/rosidl_typesupport_introspection_c__visibility_control.h
[0.240s] -- Up-to-date: /home/sebastian/ros2_ws/install/custom_interfaces/lib/libcustom_interfaces__rosidl_typesupport_introspection_c.so
[0.240s] -- Up-to-date: /home/sebastian/ros2_ws/install/custom_interfaces/lib/libcustom_interfaces__rosidl_typesupport_c.so
[0.240s] -- Up-to-date: /home/sebastian/ros2_ws/install/custom_interfaces/include/custom_interfaces/custom_interfaces
[0.240s] -- Up-to-date: /home/sebastian/ros2_ws/install/custom_interfaces/include/custom_interfaces/custom_interfaces/action
[0.240s] -- Up-to-date: /home/sebastian/ros2_ws/install/custom_interfaces/include/custom_interfaces/custom_interfaces/action/detail
[0.240s] -- Up-to-date: /home/sebastian/ros2_ws/install/custom_interfaces/include/custom_interfaces/custom_interfaces/action/detail/circle_wall__rosidl_typesupport_introspection_cpp.hpp
[0.240s] -- Up-to-date: /home/sebastian/ros2_ws/install/custom_interfaces/include/custom_interfaces/custom_interfaces/action/detail/circle_wall__type_support.cpp
[0.241s] -- Up-to-date: /home/sebastian/ros2_ws/install/custom_interfaces/lib/libcustom_interfaces__rosidl_typesupport_introspection_cpp.so
[0.241s] -- Up-to-date: /home/sebastian/ros2_ws/install/custom_interfaces/lib/libcustom_interfaces__rosidl_typesupport_cpp.so
[0.241s] -- Up-to-date: /home/sebastian/ros2_ws/install/custom_interfaces/share/custom_interfaces/environment/pythonpath.sh
[0.241s] -- Up-to-date: /home/sebastian/ros2_ws/install/custom_interfaces/share/custom_interfaces/environment/pythonpath.dsv
[0.241s] -- Up-to-date: /home/sebastian/ros2_ws/install/custom_interfaces/local/lib/python3.10/dist-packages/custom_interfaces-0.0.0-py3.10.egg-info
[0.241s] -- Installing: /home/sebastian/ros2_ws/install/custom_interfaces/local/lib/python3.10/dist-packages/custom_interfaces-0.0.0-py3.10.egg-info/PKG-INFO
[0.241s] -- Installing: /home/sebastian/ros2_ws/install/custom_interfaces/local/lib/python3.10/dist-packages/custom_interfaces-0.0.0-py3.10.egg-info/dependency_links.txt
[0.241s] -- Installing: /home/sebastian/ros2_ws/install/custom_interfaces/local/lib/python3.10/dist-packages/custom_interfaces-0.0.0-py3.10.egg-info/top_level.txt
[0.241s] -- Installing: /home/sebastian/ros2_ws/install/custom_interfaces/local/lib/python3.10/dist-packages/custom_interfaces-0.0.0-py3.10.egg-info/SOURCES.txt
[0.241s] -- Up-to-date: /home/sebastian/ros2_ws/install/custom_interfaces/local/lib/python3.10/dist-packages/custom_interfaces
[0.241s] -- Up-to-date: /home/sebastian/ros2_ws/install/custom_interfaces/local/lib/python3.10/dist-packages/custom_interfaces/custom_interfaces_s__rosidl_typesupport_introspection_c.cpython-310-x86_64-linux-gnu.so
[0.241s] -- Up-to-date: /home/sebastian/ros2_ws/install/custom_interfaces/local/lib/python3.10/dist-packages/custom_interfaces/custom_interfaces_s__rosidl_typesupport_fastrtps_c.cpython-310-x86_64-linux-gnu.so
[0.241s] -- Up-to-date: /home/sebastian/ros2_ws/install/custom_interfaces/local/lib/python3.10/dist-packages/custom_interfaces/__init__.py
[0.241s] -- Up-to-date: /home/sebastian/ros2_ws/install/custom_interfaces/local/lib/python3.10/dist-packages/custom_interfaces/action
[0.241s] -- Up-to-date: /home/sebastian/ros2_ws/install/custom_interfaces/local/lib/python3.10/dist-packages/custom_interfaces/action/_circle_wall.py
[0.241s] -- Up-to-date: /home/sebastian/ros2_ws/install/custom_interfaces/local/lib/python3.10/dist-packages/custom_interfaces/action/_circle_wall_s.c
[0.241s] -- Up-to-date: /home/sebastian/ros2_ws/install/custom_interfaces/local/lib/python3.10/dist-packages/custom_interfaces/action/__init__.py
[0.241s] -- Up-to-date: /home/sebastian/ros2_ws/install/custom_interfaces/local/lib/python3.10/dist-packages/custom_interfaces/_custom_interfaces_s.ep.rosidl_typesupport_introspection_c.c
[0.241s] -- Up-to-date: /home/sebastian/ros2_ws/install/custom_interfaces/local/lib/python3.10/dist-packages/custom_interfaces/libcustom_interfaces__rosidl_generator_py.so
[0.241s] -- Up-to-date: /home/sebastian/ros2_ws/install/custom_interfaces/local/lib/python3.10/dist-packages/custom_interfaces/custom_interfaces_s__rosidl_typesupport_c.cpython-310-x86_64-linux-gnu.so
[0.241s] -- Up-to-date: /home/sebastian/ros2_ws/install/custom_interfaces/local/lib/python3.10/dist-packages/custom_interfaces/_custom_interfaces_s.ep.rosidl_typesupport_c.c
[0.241s] -- Up-to-date: /home/sebastian/ros2_ws/install/custom_interfaces/local/lib/python3.10/dist-packages/custom_interfaces/_custom_interfaces_s.ep.rosidl_typesupport_fastrtps_c.c
[0.259s] Listing '/home/sebastian/ros2_ws/install/custom_interfaces/local/lib/python3.10/dist-packages/custom_interfaces'...
[0.259s] Listing '/home/sebastian/ros2_ws/install/custom_interfaces/local/lib/python3.10/dist-packages/custom_interfaces/action'...
[0.261s] -- Up-to-date: /home/sebastian/ros2_ws/install/custom_interfaces/local/lib/python3.10/dist-packages/custom_interfaces/custom_interfaces_s__rosidl_typesupport_fastrtps_c.cpython-310-x86_64-linux-gnu.so
[0.261s] -- Up-to-date: /home/sebastian/ros2_ws/install/custom_interfaces/local/lib/python3.10/dist-packages/custom_interfaces/custom_interfaces_s__rosidl_typesupport_introspection_c.cpython-310-x86_64-linux-gnu.so
[0.261s] -- Up-to-date: /home/sebastian/ros2_ws/install/custom_interfaces/local/lib/python3.10/dist-packages/custom_interfaces/custom_interfaces_s__rosidl_typesupport_c.cpython-310-x86_64-linux-gnu.so
[0.261s] -- Up-to-date: /home/sebastian/ros2_ws/install/custom_interfaces/lib/libcustom_interfaces__rosidl_generator_py.so
[0.261s] -- Up-to-date: /home/sebastian/ros2_ws/install/custom_interfaces/share/custom_interfaces/action/CircleWall.idl
[0.261s] -- Up-to-date: /home/sebastian/ros2_ws/install/custom_interfaces/share/custom_interfaces/action/CircleWall.action
[0.261s] -- Up-to-date: /home/sebastian/ros2_ws/install/custom_interfaces/share/ament_index/resource_index/package_run_dependencies/custom_interfaces
[0.261s] -- Up-to-date: /home/sebastian/ros2_ws/install/custom_interfaces/share/ament_index/resource_index/parent_prefix_path/custom_interfaces
[0.261s] -- Up-to-date: /home/sebastian/ros2_ws/install/custom_interfaces/share/custom_interfaces/environment/ament_prefix_path.sh
[0.261s] -- Up-to-date: /home/sebastian/ros2_ws/install/custom_interfaces/share/custom_interfaces/environment/ament_prefix_path.dsv
[0.261s] -- Up-to-date: /home/sebastian/ros2_ws/install/custom_interfaces/share/custom_interfaces/environment/path.sh
[0.262s] -- Up-to-date: /home/sebastian/ros2_ws/install/custom_interfaces/share/custom_interfaces/environment/path.dsv
[0.262s] -- Up-to-date: /home/sebastian/ros2_ws/install/custom_interfaces/share/custom_interfaces/local_setup.bash
[0.262s] -- Up-to-date: /home/sebastian/ros2_ws/install/custom_interfaces/share/custom_interfaces/local_setup.sh
[0.262s] -- Up-to-date: /home/sebastian/ros2_ws/install/custom_interfaces/share/custom_interfaces/local_setup.zsh
[0.262s] -- Up-to-date: /home/sebastian/ros2_ws/install/custom_interfaces/share/custom_interfaces/local_setup.dsv
[0.262s] -- Installing: /home/sebastian/ros2_ws/install/custom_interfaces/share/custom_interfaces/package.dsv
[0.262s] -- Up-to-date: /home/sebastian/ros2_ws/install/custom_interfaces/share/ament_index/resource_index/packages/custom_interfaces
[0.262s] -- Up-to-date: /home/sebastian/ros2_ws/install/custom_interfaces/share/custom_interfaces/cmake/export_custom_interfaces__rosidl_generator_cExport.cmake
[0.262s] -- Up-to-date: /home/sebastian/ros2_ws/install/custom_interfaces/share/custom_interfaces/cmake/export_custom_interfaces__rosidl_generator_cExport-noconfig.cmake
[0.262s] -- Up-to-date: /home/sebastian/ros2_ws/install/custom_interfaces/share/custom_interfaces/cmake/export_custom_interfaces__rosidl_typesupport_fastrtps_cExport.cmake
[0.262s] -- Up-to-date: /home/sebastian/ros2_ws/install/custom_interfaces/share/custom_interfaces/cmake/export_custom_interfaces__rosidl_typesupport_fastrtps_cExport-noconfig.cmake
[0.262s] -- Up-to-date: /home/sebastian/ros2_ws/install/custom_interfaces/share/custom_interfaces/cmake/export_custom_interfaces__rosidl_generator_cppExport.cmake
[0.262s] -- Up-to-date: /home/sebastian/ros2_ws/install/custom_interfaces/share/custom_interfaces/cmake/export_custom_interfaces__rosidl_typesupport_fastrtps_cppExport.cmake
[0.262s] -- Up-to-date: /home/sebastian/ros2_ws/install/custom_interfaces/share/custom_interfaces/cmake/export_custom_interfaces__rosidl_typesupport_fastrtps_cppExport-noconfig.cmake
[0.262s] -- Up-to-date: /home/sebastian/ros2_ws/install/custom_interfaces/share/custom_interfaces/cmake/custom_interfaces__rosidl_typesupport_introspection_cExport.cmake
[0.262s] -- Up-to-date: /home/sebastian/ros2_ws/install/custom_interfaces/share/custom_interfaces/cmake/custom_interfaces__rosidl_typesupport_introspection_cExport-noconfig.cmake
[0.262s] -- Up-to-date: /home/sebastian/ros2_ws/install/custom_interfaces/share/custom_interfaces/cmake/custom_interfaces__rosidl_typesupport_cExport.cmake
[0.262s] -- Up-to-date: /home/sebastian/ros2_ws/install/custom_interfaces/share/custom_interfaces/cmake/custom_interfaces__rosidl_typesupport_cExport-noconfig.cmake
[0.262s] -- Up-to-date: /home/sebastian/ros2_ws/install/custom_interfaces/share/custom_interfaces/cmake/custom_interfaces__rosidl_typesupport_introspection_cppExport.cmake
[0.262s] -- Up-to-date: /home/sebastian/ros2_ws/install/custom_interfaces/share/custom_interfaces/cmake/custom_interfaces__rosidl_typesupport_introspection_cppExport-noconfig.cmake
[0.262s] -- Up-to-date: /home/sebastian/ros2_ws/install/custom_interfaces/share/custom_interfaces/cmake/custom_interfaces__rosidl_typesupport_cppExport.cmake
[0.262s] -- Up-to-date: /home/sebastian/ros2_ws/install/custom_interfaces/share/custom_interfaces/cmake/custom_interfaces__rosidl_typesupport_cppExport-noconfig.cmake
[0.262s] -- Up-to-date: /home/sebastian/ros2_ws/install/custom_interfaces/share/custom_interfaces/cmake/export_custom_interfaces__rosidl_generator_pyExport.cmake
[0.262s] -- Up-to-date: /home/sebastian/ros2_ws/install/custom_interfaces/share/custom_interfaces/cmake/export_custom_interfaces__rosidl_generator_pyExport-noconfig.cmake
[0.262s] -- Up-to-date: /home/sebastian/ros2_ws/install/custom_interfaces/share/custom_interfaces/cmake/rosidl_cmake-extras.cmake
[0.262s] -- Up-to-date: /home/sebastian/ros2_ws/install/custom_interfaces/share/custom_interfaces/cmake/ament_cmake_export_dependencies-extras.cmake
[0.262s] -- Up-to-date: /home/sebastian/ros2_ws/install/custom_interfaces/share/custom_interfaces/cmake/ament_cmake_export_include_directories-extras.cmake
[0.262s] -- Up-to-date: /home/sebastian/ros2_ws/install/custom_interfaces/share/custom_interfaces/cmake/ament_cmake_export_libraries-extras.cmake
[0.262s] -- Up-to-date: /home/sebastian/ros2_ws/install/custom_interfaces/share/custom_interfaces/cmake/ament_cmake_export_targets-extras.cmake
[0.262s] -- Up-to-date: /home/sebastian/ros2_ws/install/custom_interfaces/share/custom_interfaces/cmake/rosidl_cmake_export_typesupport_targets-extras.cmake
[0.262s] -- Up-to-date: /home/sebastian/ros2_ws/install/custom_interfaces/share/custom_interfaces/cmake/rosidl_cmake_export_typesupport_libraries-extras.cmake
[0.262s] -- Up-to-date: /home/sebastian/ros2_ws/install/custom_interfaces/share/custom_interfaces/cmake/custom_interfacesConfig.cmake
[0.262s] -- Up-to-date: /home/sebastian/ros2_ws/install/custom_interfaces/share/custom_interfaces/cmake/custom_interfacesConfig-version.cmake
[0.262s] -- Up-to-date: /home/sebastian/ros2_ws/install/custom_interfaces/share/custom_interfaces/package.xml
[0.264s] Invoked command in '/home/sebastian/ros2_ws/build/custom_interfaces' returned '0': CMAKE_PREFIX_PATH=${CMAKE_PREFIX_PATH}:/opt/ros/humble /usr/bin/cmake --install /home/sebastian/ros2_ws/build/custom_interfaces
