[0.039s] Invoking command in '/workspaces/isaac_ros-dev/src/ros2_ws/build/tracking_robot_pkg': CMAKE_PREFIX_PATH=/workspaces/isaac_ros-dev/src/ros2_ws/install/custom_interfaces:/workspaces/isaac_ros-dev/src/ros2_ws/install/tracking_robot_pkg:/usr/local/libcudss-linux-0.3.0.9_cuda12-archive:/opt/ros/humble /usr/bin/cmake --build /workspaces/isaac_ros-dev/src/ros2_ws/build/tracking_robot_pkg -- -j6 -l6
[0.186s] [35m[1mConsolidate compiler generated dependencies of target tracking_robot_client[0m
[0.240s] [ 50%] Built target tracking_robot_client
[0.284s] [35m[1mConsolidate compiler generated dependencies of target tracking_robot_server[0m
[0.344s] [ 75%] [32mBuilding CXX object CMakeFiles/tracking_robot_server.dir/src/tracking_robot_server.cpp.o[0m
[25.545s] [100%] [32m[1mLinking CXX executable tracking_robot_server[0m
[27.031s] [100%] Built target tracking_robot_server
[27.065s] Invoked command in '/workspaces/isaac_ros-dev/src/ros2_ws/build/tracking_robot_pkg' returned '0': CMAKE_PREFIX_PATH=/workspaces/isaac_ros-dev/src/ros2_ws/install/custom_interfaces:/workspaces/isaac_ros-dev/src/ros2_ws/install/tracking_robot_pkg:/usr/local/libcudss-linux-0.3.0.9_cuda12-archive:/opt/ros/humble /usr/bin/cmake --build /workspaces/isaac_ros-dev/src/ros2_ws/build/tracking_robot_pkg -- -j6 -l6
[27.068s] Invoking command in '/workspaces/isaac_ros-dev/src/ros2_ws/build/tracking_robot_pkg': CMAKE_PREFIX_PATH=/workspaces/isaac_ros-dev/src/ros2_ws/install/custom_interfaces:/workspaces/isaac_ros-dev/src/ros2_ws/install/tracking_robot_pkg:/usr/local/libcudss-linux-0.3.0.9_cuda12-archive:/opt/ros/humble /usr/bin/cmake --install /workspaces/isaac_ros-dev/src/ros2_ws/build/tracking_robot_pkg
[27.089s] -- Install configuration: ""
[27.091s] -- Up-to-date: /workspaces/isaac_ros-dev/src/ros2_ws/install/tracking_robot_pkg/lib/tracking_robot_pkg/tracking_robot_client
[27.093s] -- Installing: /workspaces/isaac_ros-dev/src/ros2_ws/install/tracking_robot_pkg/lib/tracking_robot_pkg/tracking_robot_server
[27.105s] -- Set runtime path of "/workspaces/isaac_ros-dev/src/ros2_ws/install/tracking_robot_pkg/lib/tracking_robot_pkg/tracking_robot_server" to ""
[27.106s] -- Up-to-date: /workspaces/isaac_ros-dev/src/ros2_ws/install/tracking_robot_pkg/share/tracking_robot_pkg//launch
[27.106s] -- Up-to-date: /workspaces/isaac_ros-dev/src/ros2_ws/install/tracking_robot_pkg/share/tracking_robot_pkg//launch/tracking_robot.launch.py
[27.106s] -- Up-to-date: /workspaces/isaac_ros-dev/src/ros2_ws/install/tracking_robot_pkg/share/ament_index/resource_index/package_run_dependencies/tracking_robot_pkg
[27.106s] -- Up-to-date: /workspaces/isaac_ros-dev/src/ros2_ws/install/tracking_robot_pkg/share/ament_index/resource_index/parent_prefix_path/tracking_robot_pkg
[27.107s] -- Up-to-date: /workspaces/isaac_ros-dev/src/ros2_ws/install/tracking_robot_pkg/share/tracking_robot_pkg/environment/ament_prefix_path.sh
[27.107s] -- Up-to-date: /workspaces/isaac_ros-dev/src/ros2_ws/install/tracking_robot_pkg/share/tracking_robot_pkg/environment/ament_prefix_path.dsv
[27.107s] -- Up-to-date: /workspaces/isaac_ros-dev/src/ros2_ws/install/tracking_robot_pkg/share/tracking_robot_pkg/environment/path.sh
[27.107s] -- Up-to-date: /workspaces/isaac_ros-dev/src/ros2_ws/install/tracking_robot_pkg/share/tracking_robot_pkg/environment/path.dsv
[27.108s] -- Up-to-date: /workspaces/isaac_ros-dev/src/ros2_ws/install/tracking_robot_pkg/share/tracking_robot_pkg/local_setup.bash
[27.108s] -- Up-to-date: /workspaces/isaac_ros-dev/src/ros2_ws/install/tracking_robot_pkg/share/tracking_robot_pkg/local_setup.sh
[27.108s] -- Up-to-date: /workspaces/isaac_ros-dev/src/ros2_ws/install/tracking_robot_pkg/share/tracking_robot_pkg/local_setup.zsh
[27.109s] -- Up-to-date: /workspaces/isaac_ros-dev/src/ros2_ws/install/tracking_robot_pkg/share/tracking_robot_pkg/local_setup.dsv
[27.109s] -- Installing: /workspaces/isaac_ros-dev/src/ros2_ws/install/tracking_robot_pkg/share/tracking_robot_pkg/package.dsv
[27.109s] -- Up-to-date: /workspaces/isaac_ros-dev/src/ros2_ws/install/tracking_robot_pkg/share/ament_index/resource_index/packages/tracking_robot_pkg
[27.109s] -- Up-to-date: /workspaces/isaac_ros-dev/src/ros2_ws/install/tracking_robot_pkg/share/tracking_robot_pkg/cmake/tracking_robot_pkgConfig.cmake
[27.109s] -- Up-to-date: /workspaces/isaac_ros-dev/src/ros2_ws/install/tracking_robot_pkg/share/tracking_robot_pkg/cmake/tracking_robot_pkgConfig-version.cmake
[27.109s] -- Up-to-date: /workspaces/isaac_ros-dev/src/ros2_ws/install/tracking_robot_pkg/share/tracking_robot_pkg/package.xml
[27.115s] Invoked command in '/workspaces/isaac_ros-dev/src/ros2_ws/build/tracking_robot_pkg' returned '0': CMAKE_PREFIX_PATH=/workspaces/isaac_ros-dev/src/ros2_ws/install/custom_interfaces:/workspaces/isaac_ros-dev/src/ros2_ws/install/tracking_robot_pkg:/usr/local/libcudss-linux-0.3.0.9_cuda12-archive:/opt/ros/humble /usr/bin/cmake --install /workspaces/isaac_ros-dev/src/ros2_ws/build/tracking_robot_pkg
