[0.007s] Invoking command in '/home/sebastian/ros2_ws/build/circle_wall_actions_pkg': CMAKE_PREFIX_PATH=/home/sebastian/ros2_ws/install/custom_interfaces:/home/sebastian/ros2_ws/install/topic_publisher_pkg:/home/sebastian/ros2_ws/install/circle_wall_actions_pkg:/opt/ros/humble /usr/bin/cmake --build /home/sebastian/ros2_ws/build/circle_wall_actions_pkg -- -j20 -l20
[0.065s] [35m[1mConsolidate compiler generated dependencies of target circle_wall_server[0m
[0.065s] [35m[1mConsolidate compiler generated dependencies of target circle_wall_client[0m
[0.092s] [ 75%] Built target circle_wall_server
[0.093s] [ 75%] [32mBuilding CXX object CMakeFiles/circle_wall_client.dir/src/circle_wall_client.cpp.o[0m
[2.798s] [100%] [32m[1mLinking CXX executable circle_wall_client[0m
[2.918s] [100%] Built target circle_wall_client
[2.948s] Invoked command in '/home/sebastian/ros2_ws/build/circle_wall_actions_pkg' returned '0': CMAKE_PREFIX_PATH=/home/sebastian/ros2_ws/install/custom_interfaces:/home/sebastian/ros2_ws/install/topic_publisher_pkg:/home/sebastian/ros2_ws/install/circle_wall_actions_pkg:/opt/ros/humble /usr/bin/cmake --build /home/sebastian/ros2_ws/build/circle_wall_actions_pkg -- -j20 -l20
[2.951s] Invoking command in '/home/sebastian/ros2_ws/build/circle_wall_actions_pkg': CMAKE_PREFIX_PATH=/home/sebastian/ros2_ws/install/custom_interfaces:/home/sebastian/ros2_ws/install/topic_publisher_pkg:/home/sebastian/ros2_ws/install/circle_wall_actions_pkg:/opt/ros/humble /usr/bin/cmake --install /home/sebastian/ros2_ws/build/circle_wall_actions_pkg
[2.957s] -- Install configuration: ""
[2.957s] -- Installing: /home/sebastian/ros2_ws/install/circle_wall_actions_pkg/lib/circle_wall_actions_pkg/circle_wall_server
[2.959s] -- Set runtime path of "/home/sebastian/ros2_ws/install/circle_wall_actions_pkg/lib/circle_wall_actions_pkg/circle_wall_server" to ""
[2.959s] -- Installing: /home/sebastian/ros2_ws/install/circle_wall_actions_pkg/lib/circle_wall_actions_pkg/circle_wall_client
[2.960s] -- Set runtime path of "/home/sebastian/ros2_ws/install/circle_wall_actions_pkg/lib/circle_wall_actions_pkg/circle_wall_client" to ""
[2.960s] -- Up-to-date: /home/sebastian/ros2_ws/install/circle_wall_actions_pkg/share/circle_wall_actions_pkg//launch
[2.960s] -- Up-to-date: /home/sebastian/ros2_ws/install/circle_wall_actions_pkg/share/circle_wall_actions_pkg//launch/circle_wall_actions.launch.py
[2.960s] -- Up-to-date: /home/sebastian/ros2_ws/install/circle_wall_actions_pkg/share/ament_index/resource_index/package_run_dependencies/circle_wall_actions_pkg
[2.960s] -- Up-to-date: /home/sebastian/ros2_ws/install/circle_wall_actions_pkg/share/ament_index/resource_index/parent_prefix_path/circle_wall_actions_pkg
[2.960s] -- Up-to-date: /home/sebastian/ros2_ws/install/circle_wall_actions_pkg/share/circle_wall_actions_pkg/environment/ament_prefix_path.sh
[2.960s] -- Up-to-date: /home/sebastian/ros2_ws/install/circle_wall_actions_pkg/share/circle_wall_actions_pkg/environment/ament_prefix_path.dsv
[2.960s] -- Up-to-date: /home/sebastian/ros2_ws/install/circle_wall_actions_pkg/share/circle_wall_actions_pkg/environment/path.sh
[2.960s] -- Up-to-date: /home/sebastian/ros2_ws/install/circle_wall_actions_pkg/share/circle_wall_actions_pkg/environment/path.dsv
[2.960s] -- Up-to-date: /home/sebastian/ros2_ws/install/circle_wall_actions_pkg/share/circle_wall_actions_pkg/local_setup.bash
[2.960s] -- Up-to-date: /home/sebastian/ros2_ws/install/circle_wall_actions_pkg/share/circle_wall_actions_pkg/local_setup.sh
[2.960s] -- Up-to-date: /home/sebastian/ros2_ws/install/circle_wall_actions_pkg/share/circle_wall_actions_pkg/local_setup.zsh
[2.960s] -- Up-to-date: /home/sebastian/ros2_ws/install/circle_wall_actions_pkg/share/circle_wall_actions_pkg/local_setup.dsv
[2.960s] -- Installing: /home/sebastian/ros2_ws/install/circle_wall_actions_pkg/share/circle_wall_actions_pkg/package.dsv
[2.960s] -- Up-to-date: /home/sebastian/ros2_ws/install/circle_wall_actions_pkg/share/ament_index/resource_index/packages/circle_wall_actions_pkg
[2.960s] -- Up-to-date: /home/sebastian/ros2_ws/install/circle_wall_actions_pkg/share/circle_wall_actions_pkg/cmake/circle_wall_actions_pkgConfig.cmake
[2.960s] -- Up-to-date: /home/sebastian/ros2_ws/install/circle_wall_actions_pkg/share/circle_wall_actions_pkg/cmake/circle_wall_actions_pkgConfig-version.cmake
[2.960s] -- Up-to-date: /home/sebastian/ros2_ws/install/circle_wall_actions_pkg/share/circle_wall_actions_pkg/package.xml
[2.961s] Invoked command in '/home/sebastian/ros2_ws/build/circle_wall_actions_pkg' returned '0': CMAKE_PREFIX_PATH=/home/sebastian/ros2_ws/install/custom_interfaces:/home/sebastian/ros2_ws/install/topic_publisher_pkg:/home/sebastian/ros2_ws/install/circle_wall_actions_pkg:/opt/ros/humble /usr/bin/cmake --install /home/sebastian/ros2_ws/build/circle_wall_actions_pkg
