[0.007s] Invoking command in '/home/sebastian/ros2_ws/build/circle_wall_actions_pkg': CMAKE_PREFIX_PATH=/home/sebastian/ros2_ws/install/custom_interfaces:/home/sebastian/ros2_ws/install/topic_publisher_pkg:/opt/ros/humble /usr/bin/cmake /home/sebastian/ros2_ws/src/circle_wall_actions_pkg -DCMAKE_INSTALL_PREFIX=/home/sebastian/ros2_ws/install/circle_wall_actions_pkg
[0.015s] -- Found ament_cmake: 1.3.11 (/opt/ros/humble/share/ament_cmake/cmake)
[0.085s] -- Found rclcpp: 16.0.11 (/opt/ros/humble/share/rclcpp/cmake)
[0.099s] -- Found rosidl_generator_c: 3.1.6 (/opt/ros/humble/share/rosidl_generator_c/cmake)
[0.100s] -- Found rosidl_adapter: 3.1.6 (/opt/ros/humble/share/rosidl_adapter/cmake)
[0.103s] -- Found rosidl_generator_cpp: 3.1.6 (/opt/ros/humble/share/rosidl_generator_cpp/cmake)
[0.108s] -- Using all available rosidl_typesupport_c: rosidl_typesupport_fastrtps_c;rosidl_typesupport_introspection_c
[0.119s] -- Using all available rosidl_typesupport_cpp: rosidl_typesupport_fastrtps_cpp;rosidl_typesupport_introspection_cpp
[0.132s] -- Found rmw_implementation_cmake: 6.1.2 (/opt/ros/humble/share/rmw_implementation_cmake/cmake)
[0.132s] -- Found rmw_fastrtps_cpp: 6.2.7 (/opt/ros/humble/share/rmw_fastrtps_cpp/cmake)
[0.221s] -- Using RMW implementation 'rmw_fastrtps_cpp' as default
[0.254s] -- Found rclcpp_action: 16.0.11 (/opt/ros/humble/share/rclcpp_action/cmake)
[0.269s] -- Found custom_interfaces: 0.0.0 (/home/sebastian/ros2_ws/install/custom_interfaces/share/custom_interfaces/cmake)
[0.275s] -- Found geometry_msgs: 4.2.4 (/opt/ros/humble/share/geometry_msgs/cmake)
[0.285s] -- Found sensor_msgs: 4.2.4 (/opt/ros/humble/share/sensor_msgs/cmake)
[0.296s] -- Found ament_lint_auto: 0.12.11 (/opt/ros/humble/share/ament_lint_auto/cmake)
[0.339s] -- Added test 'cppcheck' to perform static code analysis on C / C++ code
[0.339s] -- Configured cppcheck include dirs: 
[0.339s] -- Configured cppcheck exclude dirs and/or files: 
[0.339s] -- Added test 'flake8' to check Python code syntax and style conventions
[0.339s] -- Added test 'lint_cmake' to check CMake code style
[0.339s] -- Added test 'pep257' to check Python code against some of the docstring style conventions in PEP 257
[0.340s] -- Added test 'uncrustify' to check C / C++ code style
[0.340s] -- Configured uncrustify additional arguments: 
[0.340s] -- Added test 'xmllint' to check XML markup files
[0.340s] -- Configuring done
[0.347s] -- Generating done
[0.350s] -- Build files have been written to: /home/sebastian/ros2_ws/build/circle_wall_actions_pkg
[0.354s] Invoked command in '/home/sebastian/ros2_ws/build/circle_wall_actions_pkg' returned '0': CMAKE_PREFIX_PATH=/home/sebastian/ros2_ws/install/custom_interfaces:/home/sebastian/ros2_ws/install/topic_publisher_pkg:/opt/ros/humble /usr/bin/cmake /home/sebastian/ros2_ws/src/circle_wall_actions_pkg -DCMAKE_INSTALL_PREFIX=/home/sebastian/ros2_ws/install/circle_wall_actions_pkg
[0.355s] Invoking command in '/home/sebastian/ros2_ws/build/circle_wall_actions_pkg': CMAKE_PREFIX_PATH=/home/sebastian/ros2_ws/install/custom_interfaces:/home/sebastian/ros2_ws/install/topic_publisher_pkg:/opt/ros/humble /usr/bin/cmake --build /home/sebastian/ros2_ws/build/circle_wall_actions_pkg -- -j20 -l20
[0.420s] [ 25%] [32mBuilding CXX object CMakeFiles/circle_wall_server.dir/src/circle_wall_server.cpp.o[0m
[0.422s] [ 50%] [32mBuilding CXX object CMakeFiles/circle_wall_client.dir/src/circle_wall_client.cpp.o[0m
[0.478s] [01m[K/home/sebastian/ros2_ws/src/circle_wall_actions_pkg/src/circle_wall_client.cpp:6:10:[m[K [01;31m[Kfatal error: [m[Kcustom_interfaces/action/circlewall.hpp: No such file or directory
[0.478s]     6 | #include [01;31m[K"custom_interfaces/action/circlewall.hpp"[m[K
[0.478s]       |          [01;31m[K^~~~~~~~~~~~~~~~~~~~~~~~~~~~~~~~~~~~~~~~~[m[K
[0.478s] compilation terminated.
[0.478s] gmake[2]: *** [CMakeFiles/circle_wall_client.dir/build.make:76: CMakeFiles/circle_wall_client.dir/src/circle_wall_client.cpp.o] Error 1
[0.479s] gmake[1]: *** [CMakeFiles/Makefile2:165: CMakeFiles/circle_wall_client.dir/all] Error 2
[0.479s] gmake[1]: *** Waiting for unfinished jobs....
[0.582s] [01m[K/home/sebastian/ros2_ws/src/circle_wall_actions_pkg/src/circle_wall_server.cpp:7:10:[m[K [01;31m[Kfatal error: [m[Kcustom_interfaces/action/CircleWall.hpp: No such file or directory
[0.582s]     7 | #include [01;31m[K"custom_interfaces/action/CircleWall.hpp"[m[K
[0.582s]       |          [01;31m[K^~~~~~~~~~~~~~~~~~~~~~~~~~~~~~~~~~~~~~~~~[m[K
[0.582s] compilation terminated.
[0.584s] gmake[2]: *** [CMakeFiles/circle_wall_server.dir/build.make:76: CMakeFiles/circle_wall_server.dir/src/circle_wall_server.cpp.o] Error 1
[0.584s] gmake[1]: *** [CMakeFiles/Makefile2:139: CMakeFiles/circle_wall_server.dir/all] Error 2
[0.584s] gmake: *** [Makefile:146: all] Error 2
[0.586s] Invoked command in '/home/sebastian/ros2_ws/build/circle_wall_actions_pkg' returned '2': CMAKE_PREFIX_PATH=/home/sebastian/ros2_ws/install/custom_interfaces:/home/sebastian/ros2_ws/install/topic_publisher_pkg:/opt/ros/humble /usr/bin/cmake --build /home/sebastian/ros2_ws/build/circle_wall_actions_pkg -- -j20 -l20
