[0.007s] Invoking command in '/home/sebastian/ros2_ws/build/custom_interfaces': CMAKE_PREFIX_PATH=${CMAKE_PREFIX_PATH}:/opt/ros/humble /usr/bin/cmake --build /home/sebastian/ros2_ws/build/custom_interfaces -- -j20 -l20
[0.021s] -- Found ament_cmake: 1.3.11 (/opt/ros/humble/share/ament_cmake/cmake)
[0.101s] -- Found rclcpp: 16.0.11 (/opt/ros/humble/share/rclcpp/cmake)
[0.120s] -- Found rosidl_generator_c: 3.1.6 (/opt/ros/humble/share/rosidl_generator_c/cmake)
[0.121s] -- Found rosidl_adapter: 3.1.6 (/opt/ros/humble/share/rosidl_adapter/cmake)
[0.124s] -- Found rosidl_generator_cpp: 3.1.6 (/opt/ros/humble/share/rosidl_generator_cpp/cmake)
[0.128s] -- Using all available rosidl_typesupport_c: rosidl_typesupport_fastrtps_c;rosidl_typesupport_introspection_c
[0.137s] -- Using all available rosidl_typesupport_cpp: rosidl_typesupport_fastrtps_cpp;rosidl_typesupport_introspection_cpp
[0.151s] -- Found rmw_implementation_cmake: 6.1.2 (/opt/ros/humble/share/rmw_implementation_cmake/cmake)
[0.152s] -- Found rmw_fastrtps_cpp: 6.2.7 (/opt/ros/humble/share/rmw_fastrtps_cpp/cmake)
[0.215s] -- Using RMW implementation 'rmw_fastrtps_cpp' as default
[0.247s] -- Found rosidl_default_generators: 1.2.0 (/opt/ros/humble/share/rosidl_default_generators/cmake)
[0.406s] -- Found ament_cmake_ros: 0.10.0 (/opt/ros/humble/share/ament_cmake_ros/cmake)
[0.662s] -- Using all available rosidl_typesupport_c: rosidl_typesupport_fastrtps_c;rosidl_typesupport_introspection_c
[0.753s] -- Using all available rosidl_typesupport_cpp: rosidl_typesupport_fastrtps_cpp;rosidl_typesupport_introspection_cpp
[0.771s] -- Found python_cmake_module: 0.10.0 (/opt/ros/humble/share/python_cmake_module/cmake)
[0.796s] -- Using PYTHON_EXECUTABLE: /usr/bin/python3
[0.796s] -- Using PYTHON_INCLUDE_DIRS: /usr/include/python3.10
[0.796s] -- Using PYTHON_LIBRARIES: /usr/lib/x86_64-linux-gnu/libpython3.10.so
[0.809s] -- Found ament_lint_auto: 0.12.11 (/opt/ros/humble/share/ament_lint_auto/cmake)
[0.813s] -- Added test 'lint_cmake' to check CMake code style
[0.813s] -- Added test 'xmllint' to check XML markup files
[0.814s] -- Configuring done
[0.828s] -- Generating done
[0.835s] -- Build files have been written to: /home/sebastian/ros2_ws/build/custom_interfaces
[0.853s] [35m[1mConsolidate compiler generated dependencies of target custom_interfaces__rosidl_generator_c[0m
[0.858s] [  3%] Built target custom_interfaces__cpp
[0.858s] [ 12%] Built target custom_interfaces__rosidl_generator_c
[0.863s] [ 12%] Built target ament_cmake_python_copy_custom_interfaces
[0.863s] [35m[1mConsolidate compiler generated dependencies of target custom_interfaces__rosidl_typesupport_introspection_c[0m
[0.863s] [35m[1mConsolidate compiler generated dependencies of target custom_interfaces__rosidl_typesupport_c[0m
[0.863s] [35m[1mConsolidate compiler generated dependencies of target custom_interfaces__rosidl_typesupport_introspection_cpp[0m
[0.866s] [35m[1mConsolidate compiler generated dependencies of target custom_interfaces__rosidl_typesupport_cpp[0m
[0.869s] [35m[1mConsolidate compiler generated dependencies of target custom_interfaces__rosidl_typesupport_fastrtps_cpp[0m
[0.871s] [ 22%] Built target custom_interfaces__rosidl_typesupport_introspection_c
[0.871s] [ 32%] Built target custom_interfaces__rosidl_typesupport_c
[0.871s] [35m[1mConsolidate compiler generated dependencies of target custom_interfaces__rosidl_typesupport_fastrtps_c[0m
[0.872s] [ 41%] Built target custom_interfaces__rosidl_typesupport_introspection_cpp
[0.874s] [ 51%] Built target custom_interfaces__rosidl_typesupport_cpp
[0.875s] [ 61%] Built target custom_interfaces__rosidl_typesupport_fastrtps_cpp
[0.878s] [ 70%] Built target custom_interfaces__rosidl_typesupport_fastrtps_c
[0.888s] [ 70%] Built target custom_interfaces
[0.900s] [ 74%] Built target custom_interfaces__py
[0.905s] [35m[1mConsolidate compiler generated dependencies of target custom_interfaces__rosidl_generator_py[0m
[0.913s] [ 80%] Built target custom_interfaces__rosidl_generator_py
[0.918s] [35m[1mConsolidate compiler generated dependencies of target custom_interfaces__rosidl_typesupport_c__pyext[0m
[0.918s] [35m[1mConsolidate compiler generated dependencies of target custom_interfaces__rosidl_typesupport_introspection_c__pyext[0m
[0.920s] [35m[1mConsolidate compiler generated dependencies of target custom_interfaces__rosidl_typesupport_fastrtps_c__pyext[0m
[0.924s] [ 87%] Built target custom_interfaces__rosidl_typesupport_introspection_c__pyext
[0.925s] [ 93%] Built target custom_interfaces__rosidl_typesupport_c__pyext
[0.929s] [100%] Built target custom_interfaces__rosidl_typesupport_fastrtps_c__pyext
[0.980s] running egg_info
[0.980s] writing custom_interfaces.egg-info/PKG-INFO
[0.980s] writing dependency_links to custom_interfaces.egg-info/dependency_links.txt
[0.980s] writing top-level names to custom_interfaces.egg-info/top_level.txt
[0.982s] reading manifest file 'custom_interfaces.egg-info/SOURCES.txt'
[0.982s] writing manifest file 'custom_interfaces.egg-info/SOURCES.txt'
[0.995s] [100%] Built target ament_cmake_python_build_custom_interfaces_egg
[1.002s] Invoked command in '/home/sebastian/ros2_ws/build/custom_interfaces' returned '0': CMAKE_PREFIX_PATH=${CMAKE_PREFIX_PATH}:/opt/ros/humble /usr/bin/cmake --build /home/sebastian/ros2_ws/build/custom_interfaces -- -j20 -l20
[1.003s] Invoking command in '/home/sebastian/ros2_ws/build/custom_interfaces': CMAKE_PREFIX_PATH=${CMAKE_PREFIX_PATH}:/opt/ros/humble /usr/bin/cmake --install /home/sebastian/ros2_ws/build/custom_interfaces
[1.008s] -- Install configuration: ""
[1.008s] -- Up-to-date: /home/sebastian/ros2_ws/install/custom_interfaces/share/ament_index/resource_index/rosidl_interfaces/custom_interfaces
[1.008s] -- Up-to-date: /home/sebastian/ros2_ws/install/custom_interfaces/include/custom_interfaces/custom_interfaces
[1.009s] -- Up-to-date: /home/sebastian/ros2_ws/install/custom_interfaces/include/custom_interfaces/custom_interfaces/action
[1.009s] -- Up-to-date: /home/sebastian/ros2_ws/install/custom_interfaces/include/custom_interfaces/custom_interfaces/action/detail
[1.009s] -- Up-to-date: /home/sebastian/ros2_ws/install/custom_interfaces/include/custom_interfaces/custom_interfaces/action/detail/circle_wall__functions.c
[1.009s] -- Up-to-date: /home/sebastian/ros2_ws/install/custom_interfaces/include/custom_interfaces/custom_interfaces/action/detail/circle_wall__struct.h
[1.009s] -- Up-to-date: /home/sebastian/ros2_ws/install/custom_interfaces/include/custom_interfaces/custom_interfaces/action/detail/circle_wall__functions.h
[1.009s] -- Up-to-date: /home/sebastian/ros2_ws/install/custom_interfaces/include/custom_interfaces/custom_interfaces/action/detail/circle_wall__type_support.h
[1.009s] -- Up-to-date: /home/sebastian/ros2_ws/install/custom_interfaces/include/custom_interfaces/custom_interfaces/action/circle_wall.h
[1.009s] -- Up-to-date: /home/sebastian/ros2_ws/install/custom_interfaces/include/custom_interfaces/custom_interfaces/msg
[1.009s] -- Up-to-date: /home/sebastian/ros2_ws/install/custom_interfaces/include/custom_interfaces/custom_interfaces/msg/rosidl_generator_c__visibility_control.h
[1.009s] -- Up-to-date: /home/sebastian/ros2_ws/install/custom_interfaces/share/custom_interfaces/environment/library_path.sh
[1.009s] -- Installing: /home/sebastian/ros2_ws/install/custom_interfaces/share/custom_interfaces/environment/library_path.dsv
[1.009s] -- Up-to-date: /home/sebastian/ros2_ws/install/custom_interfaces/lib/libcustom_interfaces__rosidl_generator_c.so
[1.009s] -- Up-to-date: /home/sebastian/ros2_ws/install/custom_interfaces/include/custom_interfaces/custom_interfaces
[1.009s] -- Up-to-date: /home/sebastian/ros2_ws/install/custom_interfaces/include/custom_interfaces/custom_interfaces/action
[1.009s] -- Up-to-date: /home/sebastian/ros2_ws/install/custom_interfaces/include/custom_interfaces/custom_interfaces/action/detail
[1.009s] -- Up-to-date: /home/sebastian/ros2_ws/install/custom_interfaces/include/custom_interfaces/custom_interfaces/action/detail/circle_wall__rosidl_typesupport_fastrtps_c.h
[1.009s] -- Up-to-date: /home/sebastian/ros2_ws/install/custom_interfaces/include/custom_interfaces/custom_interfaces/msg
[1.009s] -- Up-to-date: /home/sebastian/ros2_ws/install/custom_interfaces/include/custom_interfaces/custom_interfaces/msg/rosidl_typesupport_fastrtps_c__visibility_control.h
[1.009s] -- Up-to-date: /home/sebastian/ros2_ws/install/custom_interfaces/lib/libcustom_interfaces__rosidl_typesupport_fastrtps_c.so
[1.009s] -- Up-to-date: /home/sebastian/ros2_ws/install/custom_interfaces/include/custom_interfaces/custom_interfaces
[1.009s] -- Up-to-date: /home/sebastian/ros2_ws/install/custom_interfaces/include/custom_interfaces/custom_interfaces/action
[1.009s] -- Up-to-date: /home/sebastian/ros2_ws/install/custom_interfaces/include/custom_interfaces/custom_interfaces/action/detail
[1.009s] -- Up-to-date: /home/sebastian/ros2_ws/install/custom_interfaces/include/custom_interfaces/custom_interfaces/action/detail/circle_wall__traits.hpp
[1.009s] -- Up-to-date: /home/sebastian/ros2_ws/install/custom_interfaces/include/custom_interfaces/custom_interfaces/action/detail/circle_wall__builder.hpp
[1.009s] -- Up-to-date: /home/sebastian/ros2_ws/install/custom_interfaces/include/custom_interfaces/custom_interfaces/action/detail/circle_wall__struct.hpp
[1.009s] -- Up-to-date: /home/sebastian/ros2_ws/install/custom_interfaces/include/custom_interfaces/custom_interfaces/action/detail/circle_wall__type_support.hpp
[1.010s] -- Up-to-date: /home/sebastian/ros2_ws/install/custom_interfaces/include/custom_interfaces/custom_interfaces/action/circle_wall.hpp
[1.010s] -- Up-to-date: /home/sebastian/ros2_ws/install/custom_interfaces/include/custom_interfaces/custom_interfaces/msg
[1.010s] -- Up-to-date: /home/sebastian/ros2_ws/install/custom_interfaces/include/custom_interfaces/custom_interfaces/msg/rosidl_generator_cpp__visibility_control.hpp
[1.010s] -- Up-to-date: /home/sebastian/ros2_ws/install/custom_interfaces/include/custom_interfaces/custom_interfaces
[1.010s] -- Up-to-date: /home/sebastian/ros2_ws/install/custom_interfaces/include/custom_interfaces/custom_interfaces/action
[1.010s] -- Up-to-date: /home/sebastian/ros2_ws/install/custom_interfaces/include/custom_interfaces/custom_interfaces/action/detail
[1.010s] -- Up-to-date: /home/sebastian/ros2_ws/install/custom_interfaces/include/custom_interfaces/custom_interfaces/action/detail/circle_wall__rosidl_typesupport_fastrtps_cpp.hpp
[1.010s] -- Up-to-date: /home/sebastian/ros2_ws/install/custom_interfaces/include/custom_interfaces/custom_interfaces/action/detail/dds_fastrtps
[1.010s] -- Up-to-date: /home/sebastian/ros2_ws/install/custom_interfaces/include/custom_interfaces/custom_interfaces/msg
[1.010s] -- Up-to-date: /home/sebastian/ros2_ws/install/custom_interfaces/include/custom_interfaces/custom_interfaces/msg/rosidl_typesupport_fastrtps_cpp__visibility_control.h
[1.010s] -- Up-to-date: /home/sebastian/ros2_ws/install/custom_interfaces/lib/libcustom_interfaces__rosidl_typesupport_fastrtps_cpp.so
[1.010s] -- Up-to-date: /home/sebastian/ros2_ws/install/custom_interfaces/include/custom_interfaces/custom_interfaces
[1.010s] -- Up-to-date: /home/sebastian/ros2_ws/install/custom_interfaces/include/custom_interfaces/custom_interfaces/action
[1.010s] -- Up-to-date: /home/sebastian/ros2_ws/install/custom_interfaces/include/custom_interfaces/custom_interfaces/action/detail
[1.010s] -- Up-to-date: /home/sebastian/ros2_ws/install/custom_interfaces/include/custom_interfaces/custom_interfaces/action/detail/circle_wall__rosidl_typesupport_introspection_c.h
[1.010s] -- Up-to-date: /home/sebastian/ros2_ws/install/custom_interfaces/include/custom_interfaces/custom_interfaces/action/detail/circle_wall__type_support.c
[1.010s] -- Up-to-date: /home/sebastian/ros2_ws/install/custom_interfaces/include/custom_interfaces/custom_interfaces/msg
[1.010s] -- Up-to-date: /home/sebastian/ros2_ws/install/custom_interfaces/include/custom_interfaces/custom_interfaces/msg/rosidl_typesupport_introspection_c__visibility_control.h
[1.010s] -- Up-to-date: /home/sebastian/ros2_ws/install/custom_interfaces/lib/libcustom_interfaces__rosidl_typesupport_introspection_c.so
[1.010s] -- Up-to-date: /home/sebastian/ros2_ws/install/custom_interfaces/lib/libcustom_interfaces__rosidl_typesupport_c.so
[1.010s] -- Up-to-date: /home/sebastian/ros2_ws/install/custom_interfaces/include/custom_interfaces/custom_interfaces
[1.010s] -- Up-to-date: /home/sebastian/ros2_ws/install/custom_interfaces/include/custom_interfaces/custom_interfaces/action
[1.010s] -- Up-to-date: /home/sebastian/ros2_ws/install/custom_interfaces/include/custom_interfaces/custom_interfaces/action/detail
[1.010s] -- Up-to-date: /home/sebastian/ros2_ws/install/custom_interfaces/include/custom_interfaces/custom_interfaces/action/detail/circle_wall__rosidl_typesupport_introspection_cpp.hpp
[1.010s] -- Up-to-date: /home/sebastian/ros2_ws/install/custom_interfaces/include/custom_interfaces/custom_interfaces/action/detail/circle_wall__type_support.cpp
[1.010s] -- Up-to-date: /home/sebastian/ros2_ws/install/custom_interfaces/lib/libcustom_interfaces__rosidl_typesupport_introspection_cpp.so
[1.011s] -- Up-to-date: /home/sebastian/ros2_ws/install/custom_interfaces/lib/libcustom_interfaces__rosidl_typesupport_cpp.so
[1.011s] -- Up-to-date: /home/sebastian/ros2_ws/install/custom_interfaces/share/custom_interfaces/environment/pythonpath.sh
[1.011s] -- Installing: /home/sebastian/ros2_ws/install/custom_interfaces/share/custom_interfaces/environment/pythonpath.dsv
[1.011s] -- Up-to-date: /home/sebastian/ros2_ws/install/custom_interfaces/local/lib/python3.10/dist-packages/custom_interfaces-0.0.0-py3.10.egg-info
[1.011s] -- Installing: /home/sebastian/ros2_ws/install/custom_interfaces/local/lib/python3.10/dist-packages/custom_interfaces-0.0.0-py3.10.egg-info/PKG-INFO
[1.011s] -- Installing: /home/sebastian/ros2_ws/install/custom_interfaces/local/lib/python3.10/dist-packages/custom_interfaces-0.0.0-py3.10.egg-info/dependency_links.txt
[1.011s] -- Installing: /home/sebastian/ros2_ws/install/custom_interfaces/local/lib/python3.10/dist-packages/custom_interfaces-0.0.0-py3.10.egg-info/top_level.txt
[1.011s] -- Installing: /home/sebastian/ros2_ws/install/custom_interfaces/local/lib/python3.10/dist-packages/custom_interfaces-0.0.0-py3.10.egg-info/SOURCES.txt
[1.011s] -- Up-to-date: /home/sebastian/ros2_ws/install/custom_interfaces/local/lib/python3.10/dist-packages/custom_interfaces
[1.011s] -- Up-to-date: /home/sebastian/ros2_ws/install/custom_interfaces/local/lib/python3.10/dist-packages/custom_interfaces/custom_interfaces_s__rosidl_typesupport_introspection_c.cpython-310-x86_64-linux-gnu.so
[1.011s] -- Up-to-date: /home/sebastian/ros2_ws/install/custom_interfaces/local/lib/python3.10/dist-packages/custom_interfaces/custom_interfaces_s__rosidl_typesupport_fastrtps_c.cpython-310-x86_64-linux-gnu.so
[1.011s] -- Installing: /home/sebastian/ros2_ws/install/custom_interfaces/local/lib/python3.10/dist-packages/custom_interfaces/__init__.py
[1.011s] -- Up-to-date: /home/sebastian/ros2_ws/install/custom_interfaces/local/lib/python3.10/dist-packages/custom_interfaces/action
[1.011s] -- Up-to-date: /home/sebastian/ros2_ws/install/custom_interfaces/local/lib/python3.10/dist-packages/custom_interfaces/action/_circle_wall.py
[1.011s] -- Up-to-date: /home/sebastian/ros2_ws/install/custom_interfaces/local/lib/python3.10/dist-packages/custom_interfaces/action/_circle_wall_s.c
[1.011s] -- Up-to-date: /home/sebastian/ros2_ws/install/custom_interfaces/local/lib/python3.10/dist-packages/custom_interfaces/action/__init__.py
[1.011s] -- Up-to-date: /home/sebastian/ros2_ws/install/custom_interfaces/local/lib/python3.10/dist-packages/custom_interfaces/_custom_interfaces_s.ep.rosidl_typesupport_introspection_c.c
[1.011s] -- Up-to-date: /home/sebastian/ros2_ws/install/custom_interfaces/local/lib/python3.10/dist-packages/custom_interfaces/libcustom_interfaces__rosidl_generator_py.so
[1.011s] -- Up-to-date: /home/sebastian/ros2_ws/install/custom_interfaces/local/lib/python3.10/dist-packages/custom_interfaces/custom_interfaces_s__rosidl_typesupport_c.cpython-310-x86_64-linux-gnu.so
[1.012s] -- Up-to-date: /home/sebastian/ros2_ws/install/custom_interfaces/local/lib/python3.10/dist-packages/custom_interfaces/_custom_interfaces_s.ep.rosidl_typesupport_c.c
[1.012s] -- Up-to-date: /home/sebastian/ros2_ws/install/custom_interfaces/local/lib/python3.10/dist-packages/custom_interfaces/_custom_interfaces_s.ep.rosidl_typesupport_fastrtps_c.c
[1.035s] Listing '/home/sebastian/ros2_ws/install/custom_interfaces/local/lib/python3.10/dist-packages/custom_interfaces'...
[1.035s] Compiling '/home/sebastian/ros2_ws/install/custom_interfaces/local/lib/python3.10/dist-packages/custom_interfaces/__init__.py'...
[1.035s] Listing '/home/sebastian/ros2_ws/install/custom_interfaces/local/lib/python3.10/dist-packages/custom_interfaces/action'...
[1.038s] -- Up-to-date: /home/sebastian/ros2_ws/install/custom_interfaces/local/lib/python3.10/dist-packages/custom_interfaces/custom_interfaces_s__rosidl_typesupport_fastrtps_c.cpython-310-x86_64-linux-gnu.so
[1.039s] -- Up-to-date: /home/sebastian/ros2_ws/install/custom_interfaces/local/lib/python3.10/dist-packages/custom_interfaces/custom_interfaces_s__rosidl_typesupport_introspection_c.cpython-310-x86_64-linux-gnu.so
[1.039s] -- Up-to-date: /home/sebastian/ros2_ws/install/custom_interfaces/local/lib/python3.10/dist-packages/custom_interfaces/custom_interfaces_s__rosidl_typesupport_c.cpython-310-x86_64-linux-gnu.so
[1.039s] -- Up-to-date: /home/sebastian/ros2_ws/install/custom_interfaces/lib/libcustom_interfaces__rosidl_generator_py.so
[1.039s] -- Up-to-date: /home/sebastian/ros2_ws/install/custom_interfaces/share/custom_interfaces/action/CircleWall.idl
[1.039s] -- Up-to-date: /home/sebastian/ros2_ws/install/custom_interfaces/share/custom_interfaces/action/CircleWall.action
[1.039s] -- Up-to-date: /home/sebastian/ros2_ws/install/custom_interfaces/share/ament_index/resource_index/package_run_dependencies/custom_interfaces
[1.039s] -- Up-to-date: /home/sebastian/ros2_ws/install/custom_interfaces/share/ament_index/resource_index/parent_prefix_path/custom_interfaces
[1.039s] -- Up-to-date: /home/sebastian/ros2_ws/install/custom_interfaces/share/custom_interfaces/environment/ament_prefix_path.sh
[1.039s] -- Installing: /home/sebastian/ros2_ws/install/custom_interfaces/share/custom_interfaces/environment/ament_prefix_path.dsv
[1.039s] -- Up-to-date: /home/sebastian/ros2_ws/install/custom_interfaces/share/custom_interfaces/environment/path.sh
[1.039s] -- Installing: /home/sebastian/ros2_ws/install/custom_interfaces/share/custom_interfaces/environment/path.dsv
[1.040s] -- Up-to-date: /home/sebastian/ros2_ws/install/custom_interfaces/share/custom_interfaces/local_setup.bash
[1.040s] -- Up-to-date: /home/sebastian/ros2_ws/install/custom_interfaces/share/custom_interfaces/local_setup.sh
[1.040s] -- Up-to-date: /home/sebastian/ros2_ws/install/custom_interfaces/share/custom_interfaces/local_setup.zsh
[1.040s] -- Installing: /home/sebastian/ros2_ws/install/custom_interfaces/share/custom_interfaces/local_setup.dsv
[1.040s] -- Installing: /home/sebastian/ros2_ws/install/custom_interfaces/share/custom_interfaces/package.dsv
[1.040s] -- Up-to-date: /home/sebastian/ros2_ws/install/custom_interfaces/share/ament_index/resource_index/packages/custom_interfaces
[1.040s] -- Up-to-date: /home/sebastian/ros2_ws/install/custom_interfaces/share/custom_interfaces/cmake/export_custom_interfaces__rosidl_generator_cExport.cmake
[1.040s] -- Up-to-date: /home/sebastian/ros2_ws/install/custom_interfaces/share/custom_interfaces/cmake/export_custom_interfaces__rosidl_generator_cExport-noconfig.cmake
[1.040s] -- Up-to-date: /home/sebastian/ros2_ws/install/custom_interfaces/share/custom_interfaces/cmake/export_custom_interfaces__rosidl_typesupport_fastrtps_cExport.cmake
[1.040s] -- Up-to-date: /home/sebastian/ros2_ws/install/custom_interfaces/share/custom_interfaces/cmake/export_custom_interfaces__rosidl_typesupport_fastrtps_cExport-noconfig.cmake
[1.040s] -- Up-to-date: /home/sebastian/ros2_ws/install/custom_interfaces/share/custom_interfaces/cmake/export_custom_interfaces__rosidl_generator_cppExport.cmake
[1.040s] -- Up-to-date: /home/sebastian/ros2_ws/install/custom_interfaces/share/custom_interfaces/cmake/export_custom_interfaces__rosidl_typesupport_fastrtps_cppExport.cmake
[1.040s] -- Up-to-date: /home/sebastian/ros2_ws/install/custom_interfaces/share/custom_interfaces/cmake/export_custom_interfaces__rosidl_typesupport_fastrtps_cppExport-noconfig.cmake
[1.040s] -- Up-to-date: /home/sebastian/ros2_ws/install/custom_interfaces/share/custom_interfaces/cmake/custom_interfaces__rosidl_typesupport_introspection_cExport.cmake
[1.040s] -- Up-to-date: /home/sebastian/ros2_ws/install/custom_interfaces/share/custom_interfaces/cmake/custom_interfaces__rosidl_typesupport_introspection_cExport-noconfig.cmake
[1.041s] -- Up-to-date: /home/sebastian/ros2_ws/install/custom_interfaces/share/custom_interfaces/cmake/custom_interfaces__rosidl_typesupport_cExport.cmake
[1.041s] -- Up-to-date: /home/sebastian/ros2_ws/install/custom_interfaces/share/custom_interfaces/cmake/custom_interfaces__rosidl_typesupport_cExport-noconfig.cmake
[1.041s] -- Up-to-date: /home/sebastian/ros2_ws/install/custom_interfaces/share/custom_interfaces/cmake/custom_interfaces__rosidl_typesupport_introspection_cppExport.cmake
[1.041s] -- Up-to-date: /home/sebastian/ros2_ws/install/custom_interfaces/share/custom_interfaces/cmake/custom_interfaces__rosidl_typesupport_introspection_cppExport-noconfig.cmake
[1.041s] -- Up-to-date: /home/sebastian/ros2_ws/install/custom_interfaces/share/custom_interfaces/cmake/custom_interfaces__rosidl_typesupport_cppExport.cmake
[1.041s] -- Up-to-date: /home/sebastian/ros2_ws/install/custom_interfaces/share/custom_interfaces/cmake/custom_interfaces__rosidl_typesupport_cppExport-noconfig.cmake
[1.041s] -- Up-to-date: /home/sebastian/ros2_ws/install/custom_interfaces/share/custom_interfaces/cmake/export_custom_interfaces__rosidl_generator_pyExport.cmake
[1.041s] -- Up-to-date: /home/sebastian/ros2_ws/install/custom_interfaces/share/custom_interfaces/cmake/export_custom_interfaces__rosidl_generator_pyExport-noconfig.cmake
[1.041s] -- Up-to-date: /home/sebastian/ros2_ws/install/custom_interfaces/share/custom_interfaces/cmake/rosidl_cmake-extras.cmake
[1.041s] -- Up-to-date: /home/sebastian/ros2_ws/install/custom_interfaces/share/custom_interfaces/cmake/ament_cmake_export_dependencies-extras.cmake
[1.041s] -- Up-to-date: /home/sebastian/ros2_ws/install/custom_interfaces/share/custom_interfaces/cmake/ament_cmake_export_include_directories-extras.cmake
[1.041s] -- Up-to-date: /home/sebastian/ros2_ws/install/custom_interfaces/share/custom_interfaces/cmake/ament_cmake_export_libraries-extras.cmake
[1.041s] -- Up-to-date: /home/sebastian/ros2_ws/install/custom_interfaces/share/custom_interfaces/cmake/ament_cmake_export_targets-extras.cmake
[1.041s] -- Up-to-date: /home/sebastian/ros2_ws/install/custom_interfaces/share/custom_interfaces/cmake/rosidl_cmake_export_typesupport_targets-extras.cmake
[1.041s] -- Up-to-date: /home/sebastian/ros2_ws/install/custom_interfaces/share/custom_interfaces/cmake/rosidl_cmake_export_typesupport_libraries-extras.cmake
[1.041s] -- Up-to-date: /home/sebastian/ros2_ws/install/custom_interfaces/share/custom_interfaces/cmake/custom_interfacesConfig.cmake
[1.041s] -- Up-to-date: /home/sebastian/ros2_ws/install/custom_interfaces/share/custom_interfaces/cmake/custom_interfacesConfig-version.cmake
[1.041s] -- Installing: /home/sebastian/ros2_ws/install/custom_interfaces/share/custom_interfaces/package.xml
[1.044s] Invoked command in '/home/sebastian/ros2_ws/build/custom_interfaces' returned '0': CMAKE_PREFIX_PATH=${CMAKE_PREFIX_PATH}:/opt/ros/humble /usr/bin/cmake --install /home/sebastian/ros2_ws/build/custom_interfaces
