[0.345s] DEBUG:colcon:Command line arguments: ['/usr/bin/colcon', 'build']
[0.346s] DEBUG:colcon:Parsed command line arguments: Namespace(log_base=None, log_level=None, verb_name='build', build_base='build', install_base='install', merge_install=False, symlink_install=False, test_result_base=None, continue_on_error=False, executor='parallel', parallel_workers=6, event_handlers=None, ignore_user_meta=False, metas=['./colcon.meta'], base_paths=['.'], packages_ignore=None, packages_ignore_regex=None, paths=None, packages_up_to=None, packages_up_to_regex=None, packages_above=None, packages_above_and_dependencies=None, packages_above_depth=None, packages_select_by_dep=None, packages_skip_by_dep=None, packages_skip_up_to=None, packages_select_build_failed=False, packages_skip_build_finished=False, packages_select_test_failures=False, packages_skip_test_passed=False, packages_select=None, packages_skip=None, packages_select_regex=None, packages_skip_regex=None, packages_start=None, packages_end=None, allow_overriding=[], cmake_args=None, cmake_target=None, cmake_target_skip_unavailable=False, cmake_clean_cache=False, cmake_clean_first=False, cmake_force_configure=False, ament_cmake_args=None, catkin_cmake_args=None, catkin_skip_building_tests=False, verb_parser=<colcon_defaults.argument_parser.defaults.DefaultArgumentsDecorator object at 0xffff9e4b9e70>, verb_extension=<colcon_core.verb.build.BuildVerb object at 0xffff9e677280>, main=<bound method BuildVerb.main of <colcon_core.verb.build.BuildVerb object at 0xffff9e677280>>)
[1.443s] Level 1:colcon.colcon_core.package_discovery:discover_packages(colcon_meta) check parameters
[1.443s] Level 1:colcon.colcon_core.package_discovery:discover_packages(recursive) check parameters
[1.443s] Level 1:colcon.colcon_core.package_discovery:discover_packages(ignore) check parameters
[1.443s] Level 1:colcon.colcon_core.package_discovery:discover_packages(path) check parameters
[1.443s] Level 1:colcon.colcon_core.package_discovery:discover_packages(colcon_meta) discover
[1.444s] Level 1:colcon.colcon_core.package_discovery:discover_packages(recursive) discover
[1.444s] INFO:colcon.colcon_core.package_discovery:Crawling recursively for packages in '/workspaces/isaac_ros-dev/src/ros2_ws'
[1.444s] Level 1:colcon.colcon_core.package_identification:_identify(.) by extensions ['ignore', 'ignore_ament_install']
[1.444s] Level 1:colcon.colcon_core.package_identification:_identify(.) by extension 'ignore'
[1.445s] Level 1:colcon.colcon_core.package_identification:_identify(.) by extension 'ignore_ament_install'
[1.445s] Level 1:colcon.colcon_core.package_identification:_identify(.) by extensions ['colcon_pkg']
[1.445s] Level 1:colcon.colcon_core.package_identification:_identify(.) by extension 'colcon_pkg'
[1.445s] Level 1:colcon.colcon_core.package_identification:_identify(.) by extensions ['colcon_meta']
[1.445s] Level 1:colcon.colcon_core.package_identification:_identify(.) by extension 'colcon_meta'
[1.445s] Level 1:colcon.colcon_core.package_identification:_identify(.) by extensions ['ros']
[1.445s] Level 1:colcon.colcon_core.package_identification:_identify(.) by extension 'ros'
[1.487s] Level 1:colcon.colcon_core.package_identification:_identify(.) by extensions ['cmake', 'python']
[1.488s] Level 1:colcon.colcon_core.package_identification:_identify(.) by extension 'cmake'
[1.488s] Level 1:colcon.colcon_core.package_identification:_identify(.) by extension 'python'
[1.488s] Level 1:colcon.colcon_core.package_identification:_identify(.) by extensions ['python_setup_py']
[1.488s] Level 1:colcon.colcon_core.package_identification:_identify(.) by extension 'python_setup_py'
[1.489s] Level 1:colcon.colcon_core.package_identification:_identify(build) by extensions ['ignore', 'ignore_ament_install']
[1.489s] Level 1:colcon.colcon_core.package_identification:_identify(build) by extension 'ignore'
[1.489s] Level 1:colcon.colcon_core.package_identification:_identify(build) ignored
[1.489s] Level 1:colcon.colcon_core.package_identification:_identify(install) by extensions ['ignore', 'ignore_ament_install']
[1.490s] Level 1:colcon.colcon_core.package_identification:_identify(install) by extension 'ignore'
[1.490s] Level 1:colcon.colcon_core.package_identification:_identify(install) ignored
[1.490s] Level 1:colcon.colcon_core.package_identification:_identify(log) by extensions ['ignore', 'ignore_ament_install']
[1.490s] Level 1:colcon.colcon_core.package_identification:_identify(log) by extension 'ignore'
[1.491s] Level 1:colcon.colcon_core.package_identification:_identify(log) ignored
[1.491s] Level 1:colcon.colcon_core.package_identification:_identify(src) by extensions ['ignore', 'ignore_ament_install']
[1.491s] Level 1:colcon.colcon_core.package_identification:_identify(src) by extension 'ignore'
[1.491s] Level 1:colcon.colcon_core.package_identification:_identify(src) by extension 'ignore_ament_install'
[1.491s] Level 1:colcon.colcon_core.package_identification:_identify(src) by extensions ['colcon_pkg']
[1.491s] Level 1:colcon.colcon_core.package_identification:_identify(src) by extension 'colcon_pkg'
[1.492s] Level 1:colcon.colcon_core.package_identification:_identify(src) by extensions ['colcon_meta']
[1.492s] Level 1:colcon.colcon_core.package_identification:_identify(src) by extension 'colcon_meta'
[1.492s] Level 1:colcon.colcon_core.package_identification:_identify(src) by extensions ['ros']
[1.492s] Level 1:colcon.colcon_core.package_identification:_identify(src) by extension 'ros'
[1.492s] Level 1:colcon.colcon_core.package_identification:_identify(src) by extensions ['cmake', 'python']
[1.492s] Level 1:colcon.colcon_core.package_identification:_identify(src) by extension 'cmake'
[1.492s] Level 1:colcon.colcon_core.package_identification:_identify(src) by extension 'python'
[1.492s] Level 1:colcon.colcon_core.package_identification:_identify(src) by extensions ['python_setup_py']
[1.492s] Level 1:colcon.colcon_core.package_identification:_identify(src) by extension 'python_setup_py'
[1.493s] Level 1:colcon.colcon_core.package_identification:_identify(src/custom_interfaces) by extensions ['ignore', 'ignore_ament_install']
[1.493s] Level 1:colcon.colcon_core.package_identification:_identify(src/custom_interfaces) by extension 'ignore'
[1.493s] Level 1:colcon.colcon_core.package_identification:_identify(src/custom_interfaces) by extension 'ignore_ament_install'
[1.493s] Level 1:colcon.colcon_core.package_identification:_identify(src/custom_interfaces) by extensions ['colcon_pkg']
[1.493s] Level 1:colcon.colcon_core.package_identification:_identify(src/custom_interfaces) by extension 'colcon_pkg'
[1.493s] Level 1:colcon.colcon_core.package_identification:_identify(src/custom_interfaces) by extensions ['colcon_meta']
[1.493s] Level 1:colcon.colcon_core.package_identification:_identify(src/custom_interfaces) by extension 'colcon_meta'
[1.493s] Level 1:colcon.colcon_core.package_identification:_identify(src/custom_interfaces) by extensions ['ros']
[1.493s] Level 1:colcon.colcon_core.package_identification:_identify(src/custom_interfaces) by extension 'ros'
[1.500s] DEBUG:colcon.colcon_core.package_identification:Package 'src/custom_interfaces' with type 'ros.ament_cmake' and name 'custom_interfaces'
[1.500s] Level 1:colcon.colcon_core.package_identification:_identify(src/tracking_robot_pkg) by extensions ['ignore', 'ignore_ament_install']
[1.501s] Level 1:colcon.colcon_core.package_identification:_identify(src/tracking_robot_pkg) by extension 'ignore'
[1.501s] Level 1:colcon.colcon_core.package_identification:_identify(src/tracking_robot_pkg) by extension 'ignore_ament_install'
[1.501s] Level 1:colcon.colcon_core.package_identification:_identify(src/tracking_robot_pkg) by extensions ['colcon_pkg']
[1.501s] Level 1:colcon.colcon_core.package_identification:_identify(src/tracking_robot_pkg) by extension 'colcon_pkg'
[1.501s] Level 1:colcon.colcon_core.package_identification:_identify(src/tracking_robot_pkg) by extensions ['colcon_meta']
[1.501s] Level 1:colcon.colcon_core.package_identification:_identify(src/tracking_robot_pkg) by extension 'colcon_meta'
[1.501s] Level 1:colcon.colcon_core.package_identification:_identify(src/tracking_robot_pkg) by extensions ['ros']
[1.502s] Level 1:colcon.colcon_core.package_identification:_identify(src/tracking_robot_pkg) by extension 'ros'
[1.504s] DEBUG:colcon.colcon_core.package_identification:Package 'src/tracking_robot_pkg' with type 'ros.ament_cmake' and name 'tracking_robot_pkg'
[1.504s] Level 1:colcon.colcon_core.package_discovery:discover_packages(recursive) using defaults
[1.504s] Level 1:colcon.colcon_core.package_discovery:discover_packages(ignore) discover
[1.504s] Level 1:colcon.colcon_core.package_discovery:discover_packages(ignore) using defaults
[1.505s] Level 1:colcon.colcon_core.package_discovery:discover_packages(path) discover
[1.505s] Level 1:colcon.colcon_core.package_discovery:discover_packages(path) using defaults
[1.567s] Level 1:colcon.colcon_core.package_discovery:discover_packages(prefix_path) check parameters
[1.568s] Level 1:colcon.colcon_core.package_discovery:discover_packages(prefix_path) discover
[1.576s] DEBUG:colcon.colcon_installed_package_information.package_discovery:Found 2 installed packages in /workspaces/isaac_ros-dev/src/ros2_ws/install
[1.582s] DEBUG:colcon.colcon_installed_package_information.package_discovery:Found 439 installed packages in /opt/ros/humble
[1.590s] Level 1:colcon.colcon_core.package_discovery:discover_packages(prefix_path) using defaults
[1.769s] Level 5:colcon.colcon_core.verb:set package 'custom_interfaces' build argument 'cmake_args' from command line to 'None'
[1.769s] Level 5:colcon.colcon_core.verb:set package 'custom_interfaces' build argument 'cmake_target' from command line to 'None'
[1.769s] Level 5:colcon.colcon_core.verb:set package 'custom_interfaces' build argument 'cmake_target_skip_unavailable' from command line to 'False'
[1.769s] Level 5:colcon.colcon_core.verb:set package 'custom_interfaces' build argument 'cmake_clean_cache' from command line to 'False'
[1.769s] Level 5:colcon.colcon_core.verb:set package 'custom_interfaces' build argument 'cmake_clean_first' from command line to 'False'
[1.769s] Level 5:colcon.colcon_core.verb:set package 'custom_interfaces' build argument 'cmake_force_configure' from command line to 'False'
[1.769s] Level 5:colcon.colcon_core.verb:set package 'custom_interfaces' build argument 'ament_cmake_args' from command line to 'None'
[1.769s] Level 5:colcon.colcon_core.verb:set package 'custom_interfaces' build argument 'catkin_cmake_args' from command line to 'None'
[1.769s] Level 5:colcon.colcon_core.verb:set package 'custom_interfaces' build argument 'catkin_skip_building_tests' from command line to 'False'
[1.769s] DEBUG:colcon.colcon_core.verb:Building package 'custom_interfaces' with the following arguments: {'ament_cmake_args': None, 'build_base': '/workspaces/isaac_ros-dev/src/ros2_ws/build/custom_interfaces', 'catkin_cmake_args': None, 'catkin_skip_building_tests': False, 'cmake_args': None, 'cmake_clean_cache': False, 'cmake_clean_first': False, 'cmake_force_configure': False, 'cmake_target': None, 'cmake_target_skip_unavailable': False, 'install_base': '/workspaces/isaac_ros-dev/src/ros2_ws/install/custom_interfaces', 'merge_install': False, 'path': '/workspaces/isaac_ros-dev/src/ros2_ws/src/custom_interfaces', 'symlink_install': False, 'test_result_base': None}
[1.770s] Level 5:colcon.colcon_core.verb:set package 'tracking_robot_pkg' build argument 'cmake_args' from command line to 'None'
[1.770s] Level 5:colcon.colcon_core.verb:set package 'tracking_robot_pkg' build argument 'cmake_target' from command line to 'None'
[1.771s] Level 5:colcon.colcon_core.verb:set package 'tracking_robot_pkg' build argument 'cmake_target_skip_unavailable' from command line to 'False'
[1.771s] Level 5:colcon.colcon_core.verb:set package 'tracking_robot_pkg' build argument 'cmake_clean_cache' from command line to 'False'
[1.771s] Level 5:colcon.colcon_core.verb:set package 'tracking_robot_pkg' build argument 'cmake_clean_first' from command line to 'False'
[1.771s] Level 5:colcon.colcon_core.verb:set package 'tracking_robot_pkg' build argument 'cmake_force_configure' from command line to 'False'
[1.771s] Level 5:colcon.colcon_core.verb:set package 'tracking_robot_pkg' build argument 'ament_cmake_args' from command line to 'None'
[1.771s] Level 5:colcon.colcon_core.verb:set package 'tracking_robot_pkg' build argument 'catkin_cmake_args' from command line to 'None'
[1.771s] Level 5:colcon.colcon_core.verb:set package 'tracking_robot_pkg' build argument 'catkin_skip_building_tests' from command line to 'False'
[1.771s] DEBUG:colcon.colcon_core.verb:Building package 'tracking_robot_pkg' with the following arguments: {'ament_cmake_args': None, 'build_base': '/workspaces/isaac_ros-dev/src/ros2_ws/build/tracking_robot_pkg', 'catkin_cmake_args': None, 'catkin_skip_building_tests': False, 'cmake_args': None, 'cmake_clean_cache': False, 'cmake_clean_first': False, 'cmake_force_configure': False, 'cmake_target': None, 'cmake_target_skip_unavailable': False, 'install_base': '/workspaces/isaac_ros-dev/src/ros2_ws/install/tracking_robot_pkg', 'merge_install': False, 'path': '/workspaces/isaac_ros-dev/src/ros2_ws/src/tracking_robot_pkg', 'symlink_install': False, 'test_result_base': None}
[1.771s] INFO:colcon.colcon_core.executor:Executing jobs using 'parallel' executor
[1.774s] DEBUG:colcon.colcon_parallel_executor.executor.parallel:run_until_complete
[1.775s] INFO:colcon.colcon_ros.task.ament_cmake.build:Building ROS package in '/workspaces/isaac_ros-dev/src/ros2_ws/src/custom_interfaces' with build type 'ament_cmake'
[1.775s] INFO:colcon.colcon_cmake.task.cmake.build:Building CMake package in '/workspaces/isaac_ros-dev/src/ros2_ws/src/custom_interfaces'
[1.784s] INFO:colcon.colcon_core.plugin_system:Skipping extension 'colcon_core.shell.bat': Not used on non-Windows systems
[1.785s] INFO:colcon.colcon_core.shell:Skip shell extension 'powershell' for command environment: Not usable outside of PowerShell
[1.785s] DEBUG:colcon.colcon_core.shell:Skip shell extension 'dsv' for command environment
[1.809s] DEBUG:colcon.colcon_core.event_handler.log_command:Invoking command in '/workspaces/isaac_ros-dev/src/ros2_ws/build/custom_interfaces': CMAKE_PREFIX_PATH=${CMAKE_PREFIX_PATH}:/opt/ros/humble /usr/bin/cmake --build /workspaces/isaac_ros-dev/src/ros2_ws/build/custom_interfaces -- -j6 -l6
[4.724s] DEBUG:colcon.colcon_core.event_handler.log_command:Invoked command in '/workspaces/isaac_ros-dev/src/ros2_ws/build/custom_interfaces' returned '0': CMAKE_PREFIX_PATH=${CMAKE_PREFIX_PATH}:/opt/ros/humble /usr/bin/cmake --build /workspaces/isaac_ros-dev/src/ros2_ws/build/custom_interfaces -- -j6 -l6
[4.751s] DEBUG:colcon.colcon_core.event_handler.log_command:Invoking command in '/workspaces/isaac_ros-dev/src/ros2_ws/build/custom_interfaces': CMAKE_PREFIX_PATH=${CMAKE_PREFIX_PATH}:/opt/ros/humble /usr/bin/cmake --install /workspaces/isaac_ros-dev/src/ros2_ws/build/custom_interfaces
[4.914s] Level 1:colcon.colcon_core.environment:create_environment_scripts_only(custom_interfaces)
[4.929s] DEBUG:colcon.colcon_core.event_handler.log_command:Invoked command in '/workspaces/isaac_ros-dev/src/ros2_ws/build/custom_interfaces' returned '0': CMAKE_PREFIX_PATH=${CMAKE_PREFIX_PATH}:/opt/ros/humble /usr/bin/cmake --install /workspaces/isaac_ros-dev/src/ros2_ws/build/custom_interfaces
[4.932s] Level 1:colcon.colcon_core.environment:checking '/workspaces/isaac_ros-dev/src/ros2_ws/install/custom_interfaces' for CMake module files
[4.933s] Level 1:colcon.colcon_core.environment:checking '/workspaces/isaac_ros-dev/src/ros2_ws/install/custom_interfaces' for CMake config files
[4.934s] Level 1:colcon.colcon_core.shell:create_environment_hook('custom_interfaces', 'cmake_prefix_path')
[4.935s] INFO:colcon.colcon_core.shell:Creating environment hook '/workspaces/isaac_ros-dev/src/ros2_ws/install/custom_interfaces/share/custom_interfaces/hook/cmake_prefix_path.ps1'
[4.941s] INFO:colcon.colcon_core.shell:Creating environment descriptor '/workspaces/isaac_ros-dev/src/ros2_ws/install/custom_interfaces/share/custom_interfaces/hook/cmake_prefix_path.dsv'
[4.942s] INFO:colcon.colcon_core.shell:Creating environment hook '/workspaces/isaac_ros-dev/src/ros2_ws/install/custom_interfaces/share/custom_interfaces/hook/cmake_prefix_path.sh'
[4.947s] Level 1:colcon.colcon_core.environment:checking '/workspaces/isaac_ros-dev/src/ros2_ws/install/custom_interfaces/lib'
[4.948s] Level 1:colcon.colcon_core.shell:create_environment_hook('custom_interfaces', 'ld_library_path_lib')
[4.948s] INFO:colcon.colcon_core.shell:Creating environment hook '/workspaces/isaac_ros-dev/src/ros2_ws/install/custom_interfaces/share/custom_interfaces/hook/ld_library_path_lib.ps1'
[4.950s] INFO:colcon.colcon_core.shell:Creating environment descriptor '/workspaces/isaac_ros-dev/src/ros2_ws/install/custom_interfaces/share/custom_interfaces/hook/ld_library_path_lib.dsv'
[4.950s] INFO:colcon.colcon_core.shell:Creating environment hook '/workspaces/isaac_ros-dev/src/ros2_ws/install/custom_interfaces/share/custom_interfaces/hook/ld_library_path_lib.sh'
[4.952s] Level 1:colcon.colcon_core.environment:checking '/workspaces/isaac_ros-dev/src/ros2_ws/install/custom_interfaces/bin'
[4.952s] Level 1:colcon.colcon_core.environment:checking '/workspaces/isaac_ros-dev/src/ros2_ws/install/custom_interfaces/lib/pkgconfig/custom_interfaces.pc'
[4.952s] Level 1:colcon.colcon_core.environment:checking '/workspaces/isaac_ros-dev/src/ros2_ws/install/custom_interfaces/lib/python3.10/site-packages'
[4.953s] Level 1:colcon.colcon_core.environment:checking '/workspaces/isaac_ros-dev/src/ros2_ws/install/custom_interfaces/bin'
[4.954s] INFO:colcon.colcon_core.shell:Creating package script '/workspaces/isaac_ros-dev/src/ros2_ws/install/custom_interfaces/share/custom_interfaces/package.ps1'
[4.956s] INFO:colcon.colcon_core.shell:Creating package descriptor '/workspaces/isaac_ros-dev/src/ros2_ws/install/custom_interfaces/share/custom_interfaces/package.dsv'
[4.957s] INFO:colcon.colcon_core.shell:Creating package script '/workspaces/isaac_ros-dev/src/ros2_ws/install/custom_interfaces/share/custom_interfaces/package.sh'
[4.959s] INFO:colcon.colcon_core.shell:Creating package script '/workspaces/isaac_ros-dev/src/ros2_ws/install/custom_interfaces/share/custom_interfaces/package.bash'
[4.961s] INFO:colcon.colcon_core.shell:Creating package script '/workspaces/isaac_ros-dev/src/ros2_ws/install/custom_interfaces/share/custom_interfaces/package.zsh'
[4.962s] Level 1:colcon.colcon_core.environment:create_file_with_runtime_dependencies(/workspaces/isaac_ros-dev/src/ros2_ws/install/custom_interfaces/share/colcon-core/packages/custom_interfaces)
[4.964s] Level 1:colcon.colcon_core.environment:create_environment_scripts_only(custom_interfaces)
[4.965s] Level 1:colcon.colcon_core.environment:checking '/workspaces/isaac_ros-dev/src/ros2_ws/install/custom_interfaces' for CMake module files
[4.966s] Level 1:colcon.colcon_core.environment:checking '/workspaces/isaac_ros-dev/src/ros2_ws/install/custom_interfaces' for CMake config files
[4.967s] Level 1:colcon.colcon_core.shell:create_environment_hook('custom_interfaces', 'cmake_prefix_path')
[4.967s] INFO:colcon.colcon_core.shell:Creating environment hook '/workspaces/isaac_ros-dev/src/ros2_ws/install/custom_interfaces/share/custom_interfaces/hook/cmake_prefix_path.ps1'
[4.968s] INFO:colcon.colcon_core.shell:Creating environment descriptor '/workspaces/isaac_ros-dev/src/ros2_ws/install/custom_interfaces/share/custom_interfaces/hook/cmake_prefix_path.dsv'
[4.969s] INFO:colcon.colcon_core.shell:Creating environment hook '/workspaces/isaac_ros-dev/src/ros2_ws/install/custom_interfaces/share/custom_interfaces/hook/cmake_prefix_path.sh'
[4.970s] Level 1:colcon.colcon_core.environment:checking '/workspaces/isaac_ros-dev/src/ros2_ws/install/custom_interfaces/lib'
[4.970s] Level 1:colcon.colcon_core.shell:create_environment_hook('custom_interfaces', 'ld_library_path_lib')
[4.971s] INFO:colcon.colcon_core.shell:Creating environment hook '/workspaces/isaac_ros-dev/src/ros2_ws/install/custom_interfaces/share/custom_interfaces/hook/ld_library_path_lib.ps1'
[4.972s] INFO:colcon.colcon_core.shell:Creating environment descriptor '/workspaces/isaac_ros-dev/src/ros2_ws/install/custom_interfaces/share/custom_interfaces/hook/ld_library_path_lib.dsv'
[4.973s] INFO:colcon.colcon_core.shell:Creating environment hook '/workspaces/isaac_ros-dev/src/ros2_ws/install/custom_interfaces/share/custom_interfaces/hook/ld_library_path_lib.sh'
[4.974s] Level 1:colcon.colcon_core.environment:checking '/workspaces/isaac_ros-dev/src/ros2_ws/install/custom_interfaces/bin'
[4.974s] Level 1:colcon.colcon_core.environment:checking '/workspaces/isaac_ros-dev/src/ros2_ws/install/custom_interfaces/lib/pkgconfig/custom_interfaces.pc'
[4.974s] Level 1:colcon.colcon_core.environment:checking '/workspaces/isaac_ros-dev/src/ros2_ws/install/custom_interfaces/lib/python3.10/site-packages'
[4.975s] Level 1:colcon.colcon_core.environment:checking '/workspaces/isaac_ros-dev/src/ros2_ws/install/custom_interfaces/bin'
[4.976s] INFO:colcon.colcon_core.shell:Creating package script '/workspaces/isaac_ros-dev/src/ros2_ws/install/custom_interfaces/share/custom_interfaces/package.ps1'
[4.978s] INFO:colcon.colcon_core.shell:Creating package descriptor '/workspaces/isaac_ros-dev/src/ros2_ws/install/custom_interfaces/share/custom_interfaces/package.dsv'
[4.979s] INFO:colcon.colcon_core.shell:Creating package script '/workspaces/isaac_ros-dev/src/ros2_ws/install/custom_interfaces/share/custom_interfaces/package.sh'
[4.980s] INFO:colcon.colcon_core.shell:Creating package script '/workspaces/isaac_ros-dev/src/ros2_ws/install/custom_interfaces/share/custom_interfaces/package.bash'
[4.981s] INFO:colcon.colcon_core.shell:Creating package script '/workspaces/isaac_ros-dev/src/ros2_ws/install/custom_interfaces/share/custom_interfaces/package.zsh'
[4.982s] Level 1:colcon.colcon_core.environment:create_file_with_runtime_dependencies(/workspaces/isaac_ros-dev/src/ros2_ws/install/custom_interfaces/share/colcon-core/packages/custom_interfaces)
[4.983s] INFO:colcon.colcon_ros.task.ament_cmake.build:Building ROS package in '/workspaces/isaac_ros-dev/src/ros2_ws/src/tracking_robot_pkg' with build type 'ament_cmake'
[4.984s] INFO:colcon.colcon_cmake.task.cmake.build:Building CMake package in '/workspaces/isaac_ros-dev/src/ros2_ws/src/tracking_robot_pkg'
[4.985s] INFO:colcon.colcon_core.shell:Skip shell extension 'powershell' for command environment: Not usable outside of PowerShell
[4.985s] DEBUG:colcon.colcon_core.shell:Skip shell extension 'dsv' for command environment
[5.023s] DEBUG:colcon.colcon_core.event_handler.log_command:Invoking command in '/workspaces/isaac_ros-dev/src/ros2_ws/build/tracking_robot_pkg': CMAKE_PREFIX_PATH=/workspaces/isaac_ros-dev/src/ros2_ws/install/custom_interfaces:/workspaces/isaac_ros-dev/src/ros2_ws/install/tracking_robot_pkg:/usr/local/libcudss-linux-0.3.0.9_cuda12-archive:/opt/ros/humble /usr/bin/cmake --build /workspaces/isaac_ros-dev/src/ros2_ws/build/tracking_robot_pkg -- -j6 -l6
[40.559s] DEBUG:colcon.colcon_core.event_handler.log_command:Invoked command in '/workspaces/isaac_ros-dev/src/ros2_ws/build/tracking_robot_pkg' returned '0': CMAKE_PREFIX_PATH=/workspaces/isaac_ros-dev/src/ros2_ws/install/custom_interfaces:/workspaces/isaac_ros-dev/src/ros2_ws/install/tracking_robot_pkg:/usr/local/libcudss-linux-0.3.0.9_cuda12-archive:/opt/ros/humble /usr/bin/cmake --build /workspaces/isaac_ros-dev/src/ros2_ws/build/tracking_robot_pkg -- -j6 -l6
[40.564s] DEBUG:colcon.colcon_core.event_handler.log_command:Invoking command in '/workspaces/isaac_ros-dev/src/ros2_ws/build/tracking_robot_pkg': CMAKE_PREFIX_PATH=/workspaces/isaac_ros-dev/src/ros2_ws/install/custom_interfaces:/workspaces/isaac_ros-dev/src/ros2_ws/install/tracking_robot_pkg:/usr/local/libcudss-linux-0.3.0.9_cuda12-archive:/opt/ros/humble /usr/bin/cmake --install /workspaces/isaac_ros-dev/src/ros2_ws/build/tracking_robot_pkg
[40.627s] Level 1:colcon.colcon_core.environment:create_environment_scripts_only(tracking_robot_pkg)
[40.628s] Level 1:colcon.colcon_core.environment:checking '/workspaces/isaac_ros-dev/src/ros2_ws/install/tracking_robot_pkg' for CMake module files
[40.630s] DEBUG:colcon.colcon_core.event_handler.log_command:Invoked command in '/workspaces/isaac_ros-dev/src/ros2_ws/build/tracking_robot_pkg' returned '0': CMAKE_PREFIX_PATH=/workspaces/isaac_ros-dev/src/ros2_ws/install/custom_interfaces:/workspaces/isaac_ros-dev/src/ros2_ws/install/tracking_robot_pkg:/usr/local/libcudss-linux-0.3.0.9_cuda12-archive:/opt/ros/humble /usr/bin/cmake --install /workspaces/isaac_ros-dev/src/ros2_ws/build/tracking_robot_pkg
[40.631s] Level 1:colcon.colcon_core.environment:checking '/workspaces/isaac_ros-dev/src/ros2_ws/install/tracking_robot_pkg' for CMake config files
[40.634s] Level 1:colcon.colcon_core.shell:create_environment_hook('tracking_robot_pkg', 'cmake_prefix_path')
[40.638s] INFO:colcon.colcon_core.shell:Creating environment hook '/workspaces/isaac_ros-dev/src/ros2_ws/install/tracking_robot_pkg/share/tracking_robot_pkg/hook/cmake_prefix_path.ps1'
[40.642s] INFO:colcon.colcon_core.shell:Creating environment descriptor '/workspaces/isaac_ros-dev/src/ros2_ws/install/tracking_robot_pkg/share/tracking_robot_pkg/hook/cmake_prefix_path.dsv'
[40.643s] INFO:colcon.colcon_core.shell:Creating environment hook '/workspaces/isaac_ros-dev/src/ros2_ws/install/tracking_robot_pkg/share/tracking_robot_pkg/hook/cmake_prefix_path.sh'
[40.645s] Level 1:colcon.colcon_core.environment:checking '/workspaces/isaac_ros-dev/src/ros2_ws/install/tracking_robot_pkg/lib'
[40.646s] Level 1:colcon.colcon_core.environment:checking '/workspaces/isaac_ros-dev/src/ros2_ws/install/tracking_robot_pkg/bin'
[40.646s] Level 1:colcon.colcon_core.environment:checking '/workspaces/isaac_ros-dev/src/ros2_ws/install/tracking_robot_pkg/lib/pkgconfig/tracking_robot_pkg.pc'
[40.646s] Level 1:colcon.colcon_core.environment:checking '/workspaces/isaac_ros-dev/src/ros2_ws/install/tracking_robot_pkg/lib/python3.10/site-packages'
[40.647s] Level 1:colcon.colcon_core.environment:checking '/workspaces/isaac_ros-dev/src/ros2_ws/install/tracking_robot_pkg/bin'
[40.648s] INFO:colcon.colcon_core.shell:Creating package script '/workspaces/isaac_ros-dev/src/ros2_ws/install/tracking_robot_pkg/share/tracking_robot_pkg/package.ps1'
[40.649s] INFO:colcon.colcon_core.shell:Creating package descriptor '/workspaces/isaac_ros-dev/src/ros2_ws/install/tracking_robot_pkg/share/tracking_robot_pkg/package.dsv'
[40.651s] INFO:colcon.colcon_core.shell:Creating package script '/workspaces/isaac_ros-dev/src/ros2_ws/install/tracking_robot_pkg/share/tracking_robot_pkg/package.sh'
[40.652s] INFO:colcon.colcon_core.shell:Creating package script '/workspaces/isaac_ros-dev/src/ros2_ws/install/tracking_robot_pkg/share/tracking_robot_pkg/package.bash'
[40.654s] INFO:colcon.colcon_core.shell:Creating package script '/workspaces/isaac_ros-dev/src/ros2_ws/install/tracking_robot_pkg/share/tracking_robot_pkg/package.zsh'
[40.656s] Level 1:colcon.colcon_core.environment:create_file_with_runtime_dependencies(/workspaces/isaac_ros-dev/src/ros2_ws/install/tracking_robot_pkg/share/colcon-core/packages/tracking_robot_pkg)
[40.659s] Level 1:colcon.colcon_core.environment:create_environment_scripts_only(tracking_robot_pkg)
[40.660s] Level 1:colcon.colcon_core.environment:checking '/workspaces/isaac_ros-dev/src/ros2_ws/install/tracking_robot_pkg' for CMake module files
[40.661s] Level 1:colcon.colcon_core.environment:checking '/workspaces/isaac_ros-dev/src/ros2_ws/install/tracking_robot_pkg' for CMake config files
[40.662s] Level 1:colcon.colcon_core.shell:create_environment_hook('tracking_robot_pkg', 'cmake_prefix_path')
[40.662s] INFO:colcon.colcon_core.shell:Creating environment hook '/workspaces/isaac_ros-dev/src/ros2_ws/install/tracking_robot_pkg/share/tracking_robot_pkg/hook/cmake_prefix_path.ps1'
[40.663s] INFO:colcon.colcon_core.shell:Creating environment descriptor '/workspaces/isaac_ros-dev/src/ros2_ws/install/tracking_robot_pkg/share/tracking_robot_pkg/hook/cmake_prefix_path.dsv'
[40.664s] INFO:colcon.colcon_core.shell:Creating environment hook '/workspaces/isaac_ros-dev/src/ros2_ws/install/tracking_robot_pkg/share/tracking_robot_pkg/hook/cmake_prefix_path.sh'
[40.666s] Level 1:colcon.colcon_core.environment:checking '/workspaces/isaac_ros-dev/src/ros2_ws/install/tracking_robot_pkg/lib'
[40.666s] Level 1:colcon.colcon_core.environment:checking '/workspaces/isaac_ros-dev/src/ros2_ws/install/tracking_robot_pkg/bin'
[40.666s] Level 1:colcon.colcon_core.environment:checking '/workspaces/isaac_ros-dev/src/ros2_ws/install/tracking_robot_pkg/lib/pkgconfig/tracking_robot_pkg.pc'
[40.667s] Level 1:colcon.colcon_core.environment:checking '/workspaces/isaac_ros-dev/src/ros2_ws/install/tracking_robot_pkg/lib/python3.10/site-packages'
[40.667s] Level 1:colcon.colcon_core.environment:checking '/workspaces/isaac_ros-dev/src/ros2_ws/install/tracking_robot_pkg/bin'
[40.668s] INFO:colcon.colcon_core.shell:Creating package script '/workspaces/isaac_ros-dev/src/ros2_ws/install/tracking_robot_pkg/share/tracking_robot_pkg/package.ps1'
[40.671s] INFO:colcon.colcon_core.shell:Creating package descriptor '/workspaces/isaac_ros-dev/src/ros2_ws/install/tracking_robot_pkg/share/tracking_robot_pkg/package.dsv'
[40.674s] INFO:colcon.colcon_core.shell:Creating package script '/workspaces/isaac_ros-dev/src/ros2_ws/install/tracking_robot_pkg/share/tracking_robot_pkg/package.sh'
[40.678s] INFO:colcon.colcon_core.shell:Creating package script '/workspaces/isaac_ros-dev/src/ros2_ws/install/tracking_robot_pkg/share/tracking_robot_pkg/package.bash'
[40.680s] INFO:colcon.colcon_core.shell:Creating package script '/workspaces/isaac_ros-dev/src/ros2_ws/install/tracking_robot_pkg/share/tracking_robot_pkg/package.zsh'
[40.682s] Level 1:colcon.colcon_core.environment:create_file_with_runtime_dependencies(/workspaces/isaac_ros-dev/src/ros2_ws/install/tracking_robot_pkg/share/colcon-core/packages/tracking_robot_pkg)
[40.683s] DEBUG:colcon.colcon_parallel_executor.executor.parallel:closing loop
[40.688s] DEBUG:colcon.colcon_parallel_executor.executor.parallel:loop closed
[40.689s] DEBUG:colcon.colcon_parallel_executor.executor.parallel:run_until_complete finished with '0'
[40.689s] DEBUG:colcon.colcon_core.event_reactor:joining thread
[40.718s] INFO:colcon.colcon_core.plugin_system:Skipping extension 'colcon_notification.desktop_notification.notify_send': Could not find 'notify-send'
[40.719s] INFO:colcon.colcon_core.plugin_system:Skipping extension 'colcon_notification.desktop_notification.terminal_notifier': Not used on non-Darwin systems
[40.719s] INFO:colcon.colcon_core.plugin_system:Skipping extension 'colcon_notification.desktop_notification.win32': Not used on non-Windows systems
[40.719s] INFO:colcon.colcon_notification.desktop_notification:Sending desktop notification using 'notify2'
[40.730s] DEBUG:colcon.colcon_notification.desktop_notification.notify2:Failed to initialize notify2: org.freedesktop.DBus.Error.Spawn.ExecFailed: /usr/bin/dbus-launch terminated abnormally without any error message
[40.733s] DEBUG:colcon.colcon_core.event_reactor:joined thread
[40.735s] INFO:colcon.colcon_core.shell:Creating prefix script '/workspaces/isaac_ros-dev/src/ros2_ws/install/local_setup.ps1'
[40.739s] INFO:colcon.colcon_core.shell:Creating prefix util module '/workspaces/isaac_ros-dev/src/ros2_ws/install/_local_setup_util_ps1.py'
[40.743s] INFO:colcon.colcon_core.shell:Creating prefix chain script '/workspaces/isaac_ros-dev/src/ros2_ws/install/setup.ps1'
[40.750s] INFO:colcon.colcon_core.shell:Creating prefix script '/workspaces/isaac_ros-dev/src/ros2_ws/install/local_setup.sh'
[40.752s] INFO:colcon.colcon_core.shell:Creating prefix util module '/workspaces/isaac_ros-dev/src/ros2_ws/install/_local_setup_util_sh.py'
[40.755s] INFO:colcon.colcon_core.shell:Creating prefix chain script '/workspaces/isaac_ros-dev/src/ros2_ws/install/setup.sh'
[40.759s] INFO:colcon.colcon_core.shell:Creating prefix script '/workspaces/isaac_ros-dev/src/ros2_ws/install/local_setup.bash'
[40.761s] INFO:colcon.colcon_core.shell:Creating prefix chain script '/workspaces/isaac_ros-dev/src/ros2_ws/install/setup.bash'
[40.765s] INFO:colcon.colcon_core.shell:Creating prefix script '/workspaces/isaac_ros-dev/src/ros2_ws/install/local_setup.zsh'
[40.767s] INFO:colcon.colcon_core.shell:Creating prefix chain script '/workspaces/isaac_ros-dev/src/ros2_ws/install/setup.zsh'
