[0.027s] Invoking command in '/workspaces/isaac_ros-dev/src/ros2_ws/build/custom_interfaces': CMAKE_PREFIX_PATH=${CMAKE_PREFIX_PATH}:/opt/ros/humble /usr/bin/cmake --build /workspaces/isaac_ros-dev/src/ros2_ws/build/custom_interfaces -- -j6 -l6
[0.165s] [  3%] Built target custom_interfaces__cpp
[0.166s] [ 12%] Built target custom_interfaces__rosidl_generator_c
[0.185s] [ 12%] Built target ament_cmake_python_copy_custom_interfaces
[0.234s] [ 22%] Built target custom_interfaces__rosidl_typesupport_introspection_c
[0.249s] [ 32%] Built target custom_interfaces__rosidl_typesupport_fastrtps_c
[0.257s] [ 41%] Built target custom_interfaces__rosidl_typesupport_c
[0.268s] [ 51%] Built target custom_interfaces__rosidl_typesupport_fastrtps_cpp
[0.270s] [ 61%] Built target custom_interfaces__rosidl_typesupport_cpp
[0.281s] [ 70%] Built target custom_interfaces__rosidl_typesupport_introspection_cpp
[0.335s] [ 70%] Built target custom_interfaces
[0.390s] [ 74%] Built target custom_interfaces__py
[0.449s] [ 80%] Built target custom_interfaces__rosidl_generator_py
[0.511s] [ 87%] Built target custom_interfaces__rosidl_typesupport_introspection_c__pyext
[0.523s] [ 93%] Built target custom_interfaces__rosidl_typesupport_c__pyext
[0.524s] [100%] Built target custom_interfaces__rosidl_typesupport_fastrtps_c__pyext
[1.404s] running egg_info
[1.461s] writing custom_interfaces.egg-info/PKG-INFO
[1.463s] writing dependency_links to custom_interfaces.egg-info/dependency_links.txt
[1.463s] writing top-level names to custom_interfaces.egg-info/top_level.txt
[2.170s] writing manifest file 'custom_interfaces.egg-info/SOURCES.txt'
[2.340s] [100%] Built target ament_cmake_python_build_custom_interfaces_egg
[2.369s] Invoked command in '/workspaces/isaac_ros-dev/src/ros2_ws/build/custom_interfaces' returned '0': CMAKE_PREFIX_PATH=${CMAKE_PREFIX_PATH}:/opt/ros/humble /usr/bin/cmake --build /workspaces/isaac_ros-dev/src/ros2_ws/build/custom_interfaces -- -j6 -l6
[2.397s] Invoking command in '/workspaces/isaac_ros-dev/src/ros2_ws/build/custom_interfaces': CMAKE_PREFIX_PATH=${CMAKE_PREFIX_PATH}:/opt/ros/humble /usr/bin/cmake --install /workspaces/isaac_ros-dev/src/ros2_ws/build/custom_interfaces
[2.420s] -- Install configuration: ""
[2.420s] -- Up-to-date: /workspaces/isaac_ros-dev/src/ros2_ws/install/custom_interfaces/share/ament_index/resource_index/rosidl_interfaces/custom_interfaces
[2.420s] -- Up-to-date: /workspaces/isaac_ros-dev/src/ros2_ws/install/custom_interfaces/include/custom_interfaces/custom_interfaces
[2.421s] -- Up-to-date: /workspaces/isaac_ros-dev/src/ros2_ws/install/custom_interfaces/include/custom_interfaces/custom_interfaces/action
[2.421s] -- Up-to-date: /workspaces/isaac_ros-dev/src/ros2_ws/install/custom_interfaces/include/custom_interfaces/custom_interfaces/action/tracking_robot.h
[2.421s] -- Up-to-date: /workspaces/isaac_ros-dev/src/ros2_ws/install/custom_interfaces/include/custom_interfaces/custom_interfaces/action/detail
[2.421s] -- Up-to-date: /workspaces/isaac_ros-dev/src/ros2_ws/install/custom_interfaces/include/custom_interfaces/custom_interfaces/action/detail/tracking_robot__functions.c
[2.421s] -- Up-to-date: /workspaces/isaac_ros-dev/src/ros2_ws/install/custom_interfaces/include/custom_interfaces/custom_interfaces/action/detail/tracking_robot__type_support.h
[2.422s] -- Up-to-date: /workspaces/isaac_ros-dev/src/ros2_ws/install/custom_interfaces/include/custom_interfaces/custom_interfaces/action/detail/tracking_robot__functions.h
[2.422s] -- Up-to-date: /workspaces/isaac_ros-dev/src/ros2_ws/install/custom_interfaces/include/custom_interfaces/custom_interfaces/action/detail/tracking_robot__struct.h
[2.422s] -- Up-to-date: /workspaces/isaac_ros-dev/src/ros2_ws/install/custom_interfaces/include/custom_interfaces/custom_interfaces/msg
[2.422s] -- Up-to-date: /workspaces/isaac_ros-dev/src/ros2_ws/install/custom_interfaces/include/custom_interfaces/custom_interfaces/msg/rosidl_generator_c__visibility_control.h
[2.423s] -- Up-to-date: /workspaces/isaac_ros-dev/src/ros2_ws/install/custom_interfaces/share/custom_interfaces/environment/library_path.sh
[2.423s] -- Up-to-date: /workspaces/isaac_ros-dev/src/ros2_ws/install/custom_interfaces/share/custom_interfaces/environment/library_path.dsv
[2.423s] -- Up-to-date: /workspaces/isaac_ros-dev/src/ros2_ws/install/custom_interfaces/lib/libcustom_interfaces__rosidl_generator_c.so
[2.423s] -- Up-to-date: /workspaces/isaac_ros-dev/src/ros2_ws/install/custom_interfaces/include/custom_interfaces/custom_interfaces
[2.423s] -- Up-to-date: /workspaces/isaac_ros-dev/src/ros2_ws/install/custom_interfaces/include/custom_interfaces/custom_interfaces/action
[2.423s] -- Up-to-date: /workspaces/isaac_ros-dev/src/ros2_ws/install/custom_interfaces/include/custom_interfaces/custom_interfaces/action/detail
[2.424s] -- Up-to-date: /workspaces/isaac_ros-dev/src/ros2_ws/install/custom_interfaces/include/custom_interfaces/custom_interfaces/action/detail/tracking_robot__rosidl_typesupport_fastrtps_c.h
[2.424s] -- Up-to-date: /workspaces/isaac_ros-dev/src/ros2_ws/install/custom_interfaces/include/custom_interfaces/custom_interfaces/msg
[2.424s] -- Up-to-date: /workspaces/isaac_ros-dev/src/ros2_ws/install/custom_interfaces/include/custom_interfaces/custom_interfaces/msg/rosidl_typesupport_fastrtps_c__visibility_control.h
[2.424s] -- Up-to-date: /workspaces/isaac_ros-dev/src/ros2_ws/install/custom_interfaces/lib/libcustom_interfaces__rosidl_typesupport_fastrtps_c.so
[2.425s] -- Up-to-date: /workspaces/isaac_ros-dev/src/ros2_ws/install/custom_interfaces/include/custom_interfaces/custom_interfaces
[2.425s] -- Up-to-date: /workspaces/isaac_ros-dev/src/ros2_ws/install/custom_interfaces/include/custom_interfaces/custom_interfaces/action
[2.425s] -- Up-to-date: /workspaces/isaac_ros-dev/src/ros2_ws/install/custom_interfaces/include/custom_interfaces/custom_interfaces/action/detail
[2.425s] -- Up-to-date: /workspaces/isaac_ros-dev/src/ros2_ws/install/custom_interfaces/include/custom_interfaces/custom_interfaces/action/detail/tracking_robot__rosidl_typesupport_introspection_c.h
[2.425s] -- Up-to-date: /workspaces/isaac_ros-dev/src/ros2_ws/install/custom_interfaces/include/custom_interfaces/custom_interfaces/action/detail/tracking_robot__type_support.c
[2.426s] -- Up-to-date: /workspaces/isaac_ros-dev/src/ros2_ws/install/custom_interfaces/include/custom_interfaces/custom_interfaces/msg
[2.426s] -- Up-to-date: /workspaces/isaac_ros-dev/src/ros2_ws/install/custom_interfaces/include/custom_interfaces/custom_interfaces/msg/rosidl_typesupport_introspection_c__visibility_control.h
[2.426s] -- Up-to-date: /workspaces/isaac_ros-dev/src/ros2_ws/install/custom_interfaces/lib/libcustom_interfaces__rosidl_typesupport_introspection_c.so
[2.426s] -- Up-to-date: /workspaces/isaac_ros-dev/src/ros2_ws/install/custom_interfaces/lib/libcustom_interfaces__rosidl_typesupport_c.so
[2.426s] -- Up-to-date: /workspaces/isaac_ros-dev/src/ros2_ws/install/custom_interfaces/include/custom_interfaces/custom_interfaces
[2.426s] -- Up-to-date: /workspaces/isaac_ros-dev/src/ros2_ws/install/custom_interfaces/include/custom_interfaces/custom_interfaces/action
[2.426s] -- Up-to-date: /workspaces/isaac_ros-dev/src/ros2_ws/install/custom_interfaces/include/custom_interfaces/custom_interfaces/action/tracking_robot.hpp
[2.427s] -- Up-to-date: /workspaces/isaac_ros-dev/src/ros2_ws/install/custom_interfaces/include/custom_interfaces/custom_interfaces/action/detail
[2.427s] -- Up-to-date: /workspaces/isaac_ros-dev/src/ros2_ws/install/custom_interfaces/include/custom_interfaces/custom_interfaces/action/detail/tracking_robot__type_support.hpp
[2.427s] -- Up-to-date: /workspaces/isaac_ros-dev/src/ros2_ws/install/custom_interfaces/include/custom_interfaces/custom_interfaces/action/detail/tracking_robot__traits.hpp
[2.427s] -- Up-to-date: /workspaces/isaac_ros-dev/src/ros2_ws/install/custom_interfaces/include/custom_interfaces/custom_interfaces/action/detail/tracking_robot__builder.hpp
[2.427s] -- Up-to-date: /workspaces/isaac_ros-dev/src/ros2_ws/install/custom_interfaces/include/custom_interfaces/custom_interfaces/action/detail/tracking_robot__struct.hpp
[2.428s] -- Up-to-date: /workspaces/isaac_ros-dev/src/ros2_ws/install/custom_interfaces/include/custom_interfaces/custom_interfaces/msg
[2.428s] -- Up-to-date: /workspaces/isaac_ros-dev/src/ros2_ws/install/custom_interfaces/include/custom_interfaces/custom_interfaces/msg/rosidl_generator_cpp__visibility_control.hpp
[2.428s] -- Up-to-date: /workspaces/isaac_ros-dev/src/ros2_ws/install/custom_interfaces/include/custom_interfaces/custom_interfaces
[2.428s] -- Up-to-date: /workspaces/isaac_ros-dev/src/ros2_ws/install/custom_interfaces/include/custom_interfaces/custom_interfaces/action
[2.428s] -- Up-to-date: /workspaces/isaac_ros-dev/src/ros2_ws/install/custom_interfaces/include/custom_interfaces/custom_interfaces/action/detail
[2.429s] -- Up-to-date: /workspaces/isaac_ros-dev/src/ros2_ws/install/custom_interfaces/include/custom_interfaces/custom_interfaces/action/detail/tracking_robot__rosidl_typesupport_fastrtps_cpp.hpp
[2.429s] -- Up-to-date: /workspaces/isaac_ros-dev/src/ros2_ws/install/custom_interfaces/include/custom_interfaces/custom_interfaces/action/detail/dds_fastrtps
[2.429s] -- Up-to-date: /workspaces/isaac_ros-dev/src/ros2_ws/install/custom_interfaces/include/custom_interfaces/custom_interfaces/msg
[2.429s] -- Up-to-date: /workspaces/isaac_ros-dev/src/ros2_ws/install/custom_interfaces/include/custom_interfaces/custom_interfaces/msg/rosidl_typesupport_fastrtps_cpp__visibility_control.h
[2.429s] -- Up-to-date: /workspaces/isaac_ros-dev/src/ros2_ws/install/custom_interfaces/lib/libcustom_interfaces__rosidl_typesupport_fastrtps_cpp.so
[2.429s] -- Up-to-date: /workspaces/isaac_ros-dev/src/ros2_ws/install/custom_interfaces/include/custom_interfaces/custom_interfaces
[2.430s] -- Up-to-date: /workspaces/isaac_ros-dev/src/ros2_ws/install/custom_interfaces/include/custom_interfaces/custom_interfaces/action
[2.430s] -- Up-to-date: /workspaces/isaac_ros-dev/src/ros2_ws/install/custom_interfaces/include/custom_interfaces/custom_interfaces/action/detail
[2.430s] -- Up-to-date: /workspaces/isaac_ros-dev/src/ros2_ws/install/custom_interfaces/include/custom_interfaces/custom_interfaces/action/detail/tracking_robot__rosidl_typesupport_introspection_cpp.hpp
[2.430s] -- Up-to-date: /workspaces/isaac_ros-dev/src/ros2_ws/install/custom_interfaces/include/custom_interfaces/custom_interfaces/action/detail/tracking_robot__type_support.cpp
[2.430s] -- Up-to-date: /workspaces/isaac_ros-dev/src/ros2_ws/install/custom_interfaces/lib/libcustom_interfaces__rosidl_typesupport_introspection_cpp.so
[2.430s] -- Up-to-date: /workspaces/isaac_ros-dev/src/ros2_ws/install/custom_interfaces/lib/libcustom_interfaces__rosidl_typesupport_cpp.so
[2.430s] -- Up-to-date: /workspaces/isaac_ros-dev/src/ros2_ws/install/custom_interfaces/share/custom_interfaces/environment/pythonpath.sh
[2.430s] -- Up-to-date: /workspaces/isaac_ros-dev/src/ros2_ws/install/custom_interfaces/share/custom_interfaces/environment/pythonpath.dsv
[2.431s] -- Up-to-date: /workspaces/isaac_ros-dev/src/ros2_ws/install/custom_interfaces/local/lib/python3.10/dist-packages/custom_interfaces-0.0.0-py3.10.egg-info
[2.431s] -- Installing: /workspaces/isaac_ros-dev/src/ros2_ws/install/custom_interfaces/local/lib/python3.10/dist-packages/custom_interfaces-0.0.0-py3.10.egg-info/dependency_links.txt
[2.431s] -- Installing: /workspaces/isaac_ros-dev/src/ros2_ws/install/custom_interfaces/local/lib/python3.10/dist-packages/custom_interfaces-0.0.0-py3.10.egg-info/PKG-INFO
[2.431s] -- Installing: /workspaces/isaac_ros-dev/src/ros2_ws/install/custom_interfaces/local/lib/python3.10/dist-packages/custom_interfaces-0.0.0-py3.10.egg-info/top_level.txt
[2.431s] -- Installing: /workspaces/isaac_ros-dev/src/ros2_ws/install/custom_interfaces/local/lib/python3.10/dist-packages/custom_interfaces-0.0.0-py3.10.egg-info/SOURCES.txt
[2.431s] -- Up-to-date: /workspaces/isaac_ros-dev/src/ros2_ws/install/custom_interfaces/local/lib/python3.10/dist-packages/custom_interfaces
[2.431s] -- Up-to-date: /workspaces/isaac_ros-dev/src/ros2_ws/install/custom_interfaces/local/lib/python3.10/dist-packages/custom_interfaces/__init__.py
[2.432s] -- Up-to-date: /workspaces/isaac_ros-dev/src/ros2_ws/install/custom_interfaces/local/lib/python3.10/dist-packages/custom_interfaces/custom_interfaces_s__rosidl_typesupport_introspection_c.cpython-310-aarch64-linux-gnu.so
[2.432s] -- Up-to-date: /workspaces/isaac_ros-dev/src/ros2_ws/install/custom_interfaces/local/lib/python3.10/dist-packages/custom_interfaces/libcustom_interfaces__rosidl_generator_py.so
[2.432s] -- Up-to-date: /workspaces/isaac_ros-dev/src/ros2_ws/install/custom_interfaces/local/lib/python3.10/dist-packages/custom_interfaces/_custom_interfaces_s.ep.rosidl_typesupport_introspection_c.c
[2.432s] -- Up-to-date: /workspaces/isaac_ros-dev/src/ros2_ws/install/custom_interfaces/local/lib/python3.10/dist-packages/custom_interfaces/action
[2.432s] -- Up-to-date: /workspaces/isaac_ros-dev/src/ros2_ws/install/custom_interfaces/local/lib/python3.10/dist-packages/custom_interfaces/action/__init__.py
[2.432s] -- Up-to-date: /workspaces/isaac_ros-dev/src/ros2_ws/install/custom_interfaces/local/lib/python3.10/dist-packages/custom_interfaces/action/_tracking_robot.py
[2.432s] -- Up-to-date: /workspaces/isaac_ros-dev/src/ros2_ws/install/custom_interfaces/local/lib/python3.10/dist-packages/custom_interfaces/action/_tracking_robot_s.c
[2.433s] -- Up-to-date: /workspaces/isaac_ros-dev/src/ros2_ws/install/custom_interfaces/local/lib/python3.10/dist-packages/custom_interfaces/custom_interfaces_s__rosidl_typesupport_c.cpython-310-aarch64-linux-gnu.so
[2.433s] -- Up-to-date: /workspaces/isaac_ros-dev/src/ros2_ws/install/custom_interfaces/local/lib/python3.10/dist-packages/custom_interfaces/_custom_interfaces_s.ep.rosidl_typesupport_c.c
[2.433s] -- Up-to-date: /workspaces/isaac_ros-dev/src/ros2_ws/install/custom_interfaces/local/lib/python3.10/dist-packages/custom_interfaces/custom_interfaces_s__rosidl_typesupport_fastrtps_c.cpython-310-aarch64-linux-gnu.so
[2.433s] -- Up-to-date: /workspaces/isaac_ros-dev/src/ros2_ws/install/custom_interfaces/local/lib/python3.10/dist-packages/custom_interfaces/_custom_interfaces_s.ep.rosidl_typesupport_fastrtps_c.c
[2.515s] Listing '/workspaces/isaac_ros-dev/src/ros2_ws/install/custom_interfaces/local/lib/python3.10/dist-packages/custom_interfaces'...
[2.515s] Listing '/workspaces/isaac_ros-dev/src/ros2_ws/install/custom_interfaces/local/lib/python3.10/dist-packages/custom_interfaces/action'...
[2.531s] -- Up-to-date: /workspaces/isaac_ros-dev/src/ros2_ws/install/custom_interfaces/local/lib/python3.10/dist-packages/custom_interfaces/custom_interfaces_s__rosidl_typesupport_fastrtps_c.cpython-310-aarch64-linux-gnu.so
[2.531s] -- Up-to-date: /workspaces/isaac_ros-dev/src/ros2_ws/install/custom_interfaces/local/lib/python3.10/dist-packages/custom_interfaces/custom_interfaces_s__rosidl_typesupport_introspection_c.cpython-310-aarch64-linux-gnu.so
[2.532s] -- Up-to-date: /workspaces/isaac_ros-dev/src/ros2_ws/install/custom_interfaces/local/lib/python3.10/dist-packages/custom_interfaces/custom_interfaces_s__rosidl_typesupport_c.cpython-310-aarch64-linux-gnu.so
[2.533s] -- Up-to-date: /workspaces/isaac_ros-dev/src/ros2_ws/install/custom_interfaces/lib/libcustom_interfaces__rosidl_generator_py.so
[2.533s] -- Up-to-date: /workspaces/isaac_ros-dev/src/ros2_ws/install/custom_interfaces/share/custom_interfaces/action/TrackingRobot.idl
[2.533s] -- Up-to-date: /workspaces/isaac_ros-dev/src/ros2_ws/install/custom_interfaces/share/custom_interfaces/action/TrackingRobot.action
[2.534s] -- Up-to-date: /workspaces/isaac_ros-dev/src/ros2_ws/install/custom_interfaces/share/ament_index/resource_index/package_run_dependencies/custom_interfaces
[2.534s] -- Up-to-date: /workspaces/isaac_ros-dev/src/ros2_ws/install/custom_interfaces/share/ament_index/resource_index/parent_prefix_path/custom_interfaces
[2.534s] -- Up-to-date: /workspaces/isaac_ros-dev/src/ros2_ws/install/custom_interfaces/share/custom_interfaces/environment/ament_prefix_path.sh
[2.534s] -- Up-to-date: /workspaces/isaac_ros-dev/src/ros2_ws/install/custom_interfaces/share/custom_interfaces/environment/ament_prefix_path.dsv
[2.535s] -- Up-to-date: /workspaces/isaac_ros-dev/src/ros2_ws/install/custom_interfaces/share/custom_interfaces/environment/path.sh
[2.535s] -- Up-to-date: /workspaces/isaac_ros-dev/src/ros2_ws/install/custom_interfaces/share/custom_interfaces/environment/path.dsv
[2.535s] -- Up-to-date: /workspaces/isaac_ros-dev/src/ros2_ws/install/custom_interfaces/share/custom_interfaces/local_setup.bash
[2.535s] -- Up-to-date: /workspaces/isaac_ros-dev/src/ros2_ws/install/custom_interfaces/share/custom_interfaces/local_setup.sh
[2.535s] -- Up-to-date: /workspaces/isaac_ros-dev/src/ros2_ws/install/custom_interfaces/share/custom_interfaces/local_setup.zsh
[2.535s] -- Up-to-date: /workspaces/isaac_ros-dev/src/ros2_ws/install/custom_interfaces/share/custom_interfaces/local_setup.dsv
[2.536s] -- Installing: /workspaces/isaac_ros-dev/src/ros2_ws/install/custom_interfaces/share/custom_interfaces/package.dsv
[2.537s] -- Up-to-date: /workspaces/isaac_ros-dev/src/ros2_ws/install/custom_interfaces/share/ament_index/resource_index/packages/custom_interfaces
[2.538s] -- Up-to-date: /workspaces/isaac_ros-dev/src/ros2_ws/install/custom_interfaces/share/custom_interfaces/cmake/export_custom_interfaces__rosidl_generator_cExport.cmake
[2.538s] -- Up-to-date: /workspaces/isaac_ros-dev/src/ros2_ws/install/custom_interfaces/share/custom_interfaces/cmake/export_custom_interfaces__rosidl_generator_cExport-noconfig.cmake
[2.538s] -- Up-to-date: /workspaces/isaac_ros-dev/src/ros2_ws/install/custom_interfaces/share/custom_interfaces/cmake/export_custom_interfaces__rosidl_typesupport_fastrtps_cExport.cmake
[2.538s] -- Up-to-date: /workspaces/isaac_ros-dev/src/ros2_ws/install/custom_interfaces/share/custom_interfaces/cmake/export_custom_interfaces__rosidl_typesupport_fastrtps_cExport-noconfig.cmake
[2.539s] -- Up-to-date: /workspaces/isaac_ros-dev/src/ros2_ws/install/custom_interfaces/share/custom_interfaces/cmake/custom_interfaces__rosidl_typesupport_introspection_cExport.cmake
[2.539s] -- Up-to-date: /workspaces/isaac_ros-dev/src/ros2_ws/install/custom_interfaces/share/custom_interfaces/cmake/custom_interfaces__rosidl_typesupport_introspection_cExport-noconfig.cmake
[2.539s] -- Up-to-date: /workspaces/isaac_ros-dev/src/ros2_ws/install/custom_interfaces/share/custom_interfaces/cmake/custom_interfaces__rosidl_typesupport_cExport.cmake
[2.539s] -- Up-to-date: /workspaces/isaac_ros-dev/src/ros2_ws/install/custom_interfaces/share/custom_interfaces/cmake/custom_interfaces__rosidl_typesupport_cExport-noconfig.cmake
[2.539s] -- Up-to-date: /workspaces/isaac_ros-dev/src/ros2_ws/install/custom_interfaces/share/custom_interfaces/cmake/export_custom_interfaces__rosidl_generator_cppExport.cmake
[2.540s] -- Up-to-date: /workspaces/isaac_ros-dev/src/ros2_ws/install/custom_interfaces/share/custom_interfaces/cmake/export_custom_interfaces__rosidl_typesupport_fastrtps_cppExport.cmake
[2.540s] -- Up-to-date: /workspaces/isaac_ros-dev/src/ros2_ws/install/custom_interfaces/share/custom_interfaces/cmake/export_custom_interfaces__rosidl_typesupport_fastrtps_cppExport-noconfig.cmake
[2.540s] -- Up-to-date: /workspaces/isaac_ros-dev/src/ros2_ws/install/custom_interfaces/share/custom_interfaces/cmake/custom_interfaces__rosidl_typesupport_introspection_cppExport.cmake
[2.540s] -- Up-to-date: /workspaces/isaac_ros-dev/src/ros2_ws/install/custom_interfaces/share/custom_interfaces/cmake/custom_interfaces__rosidl_typesupport_introspection_cppExport-noconfig.cmake
[2.540s] -- Up-to-date: /workspaces/isaac_ros-dev/src/ros2_ws/install/custom_interfaces/share/custom_interfaces/cmake/custom_interfaces__rosidl_typesupport_cppExport.cmake
[2.540s] -- Up-to-date: /workspaces/isaac_ros-dev/src/ros2_ws/install/custom_interfaces/share/custom_interfaces/cmake/custom_interfaces__rosidl_typesupport_cppExport-noconfig.cmake
[2.540s] -- Up-to-date: /workspaces/isaac_ros-dev/src/ros2_ws/install/custom_interfaces/share/custom_interfaces/cmake/export_custom_interfaces__rosidl_generator_pyExport.cmake
[2.541s] -- Up-to-date: /workspaces/isaac_ros-dev/src/ros2_ws/install/custom_interfaces/share/custom_interfaces/cmake/export_custom_interfaces__rosidl_generator_pyExport-noconfig.cmake
[2.541s] -- Up-to-date: /workspaces/isaac_ros-dev/src/ros2_ws/install/custom_interfaces/share/custom_interfaces/cmake/rosidl_cmake-extras.cmake
[2.541s] -- Up-to-date: /workspaces/isaac_ros-dev/src/ros2_ws/install/custom_interfaces/share/custom_interfaces/cmake/ament_cmake_export_dependencies-extras.cmake
[2.541s] -- Up-to-date: /workspaces/isaac_ros-dev/src/ros2_ws/install/custom_interfaces/share/custom_interfaces/cmake/ament_cmake_export_include_directories-extras.cmake
[2.541s] -- Up-to-date: /workspaces/isaac_ros-dev/src/ros2_ws/install/custom_interfaces/share/custom_interfaces/cmake/ament_cmake_export_libraries-extras.cmake
[2.541s] -- Up-to-date: /workspaces/isaac_ros-dev/src/ros2_ws/install/custom_interfaces/share/custom_interfaces/cmake/ament_cmake_export_targets-extras.cmake
[2.541s] -- Up-to-date: /workspaces/isaac_ros-dev/src/ros2_ws/install/custom_interfaces/share/custom_interfaces/cmake/rosidl_cmake_export_typesupport_targets-extras.cmake
[2.542s] -- Up-to-date: /workspaces/isaac_ros-dev/src/ros2_ws/install/custom_interfaces/share/custom_interfaces/cmake/rosidl_cmake_export_typesupport_libraries-extras.cmake
[2.542s] -- Up-to-date: /workspaces/isaac_ros-dev/src/ros2_ws/install/custom_interfaces/share/custom_interfaces/cmake/custom_interfacesConfig.cmake
[2.542s] -- Up-to-date: /workspaces/isaac_ros-dev/src/ros2_ws/install/custom_interfaces/share/custom_interfaces/cmake/custom_interfacesConfig-version.cmake
[2.542s] -- Up-to-date: /workspaces/isaac_ros-dev/src/ros2_ws/install/custom_interfaces/share/custom_interfaces/package.xml
[2.546s] Invoked command in '/workspaces/isaac_ros-dev/src/ros2_ws/build/custom_interfaces' returned '0': CMAKE_PREFIX_PATH=${CMAKE_PREFIX_PATH}:/opt/ros/humble /usr/bin/cmake --install /workspaces/isaac_ros-dev/src/ros2_ws/build/custom_interfaces
