[35m[1mConsolidate compiler generated dependencies of target circle_wall[0m
[ 40%] Built target move_robot
[ 40%] Built target simple_publisher_node
[ 60%] Built target simple_subscriber
[ 80%] Built target simple_publisher
[ 90%] [32mBuilding CXX object CMakeFiles/circle_wall.dir/src/circle_wall.cpp.o[0m
[01m[K/home/sebastian/ros2_ws/src/topic_publisher_pkg/src/circle_wall.cpp:[m[K In member function ‘[01m[Kvoid CircleWall::topic_callback(sensor_msgs::msg::LaserScan_<std::allocator<void> >::SharedPtr)[m[K’:
[01m[K/home/sebastian/ros2_ws/src/topic_publisher_pkg/src/circle_wall.cpp:53:35:[m[K [01;35m[Kwarning: [m[Kcomparison of integer expressions of different signedness: ‘[01m[Kint[m[K’ and ‘[01m[Kunsigned int[m[K’ [[01;35m[K]8;;https://gcc.gnu.org/onlinedocs/gcc/Warning-Options.html#index-Wsign-compare-Wsign-compare]8;;[m[K]
   53 |                 for (int i = 0; [01;35m[Ki < 0xFFFFFFFF[m[K; i++);
      |                                 [01;35m[K~~^~~~~~~~~~~~[m[K
[100%] [32m[1mLinking CXX executable circle_wall[0m
[100%] Built target circle_wall
-- Install configuration: ""
-- Up-to-date: /home/sebastian/ros2_ws/install/topic_publisher_pkg/lib/topic_publisher_pkg/simple_publisher_node
-- Up-to-date: /home/sebastian/ros2_ws/install/topic_publisher_pkg/lib/topic_publisher_pkg/move_robot
-- Up-to-date: /home/sebastian/ros2_ws/install/topic_publisher_pkg/lib/topic_publisher_pkg/simple_publisher
-- Up-to-date: /home/sebastian/ros2_ws/install/topic_publisher_pkg/lib/topic_publisher_pkg/simple_subscriber
-- Installing: /home/sebastian/ros2_ws/install/topic_publisher_pkg/lib/topic_publisher_pkg/circle_wall
-- Set runtime path of "/home/sebastian/ros2_ws/install/topic_publisher_pkg/lib/topic_publisher_pkg/circle_wall" to ""
-- Up-to-date: /home/sebastian/ros2_ws/install/topic_publisher_pkg/share/topic_publisher_pkg//launch
-- Up-to-date: /home/sebastian/ros2_ws/install/topic_publisher_pkg/share/topic_publisher_pkg//launch/simple_publisher.launch.py
-- Up-to-date: /home/sebastian/ros2_ws/install/topic_publisher_pkg/share/topic_publisher_pkg//launch/simple_topic_publisher.launch.py
-- Up-to-date: /home/sebastian/ros2_ws/install/topic_publisher_pkg/share/topic_publisher_pkg//launch/move_robot.launch.py
-- Up-to-date: /home/sebastian/ros2_ws/install/topic_publisher_pkg/share/topic_publisher_pkg//launch/simple_subscriber.launch.py
-- Up-to-date: /home/sebastian/ros2_ws/install/topic_publisher_pkg/share/topic_publisher_pkg//launch/circle_wall.launch.py
-- Up-to-date: /home/sebastian/ros2_ws/install/topic_publisher_pkg/share/ament_index/resource_index/package_run_dependencies/topic_publisher_pkg
-- Up-to-date: /home/sebastian/ros2_ws/install/topic_publisher_pkg/share/ament_index/resource_index/parent_prefix_path/topic_publisher_pkg
-- Up-to-date: /home/sebastian/ros2_ws/install/topic_publisher_pkg/share/topic_publisher_pkg/environment/ament_prefix_path.sh
-- Up-to-date: /home/sebastian/ros2_ws/install/topic_publisher_pkg/share/topic_publisher_pkg/environment/ament_prefix_path.dsv
-- Up-to-date: /home/sebastian/ros2_ws/install/topic_publisher_pkg/share/topic_publisher_pkg/environment/path.sh
-- Up-to-date: /home/sebastian/ros2_ws/install/topic_publisher_pkg/share/topic_publisher_pkg/environment/path.dsv
-- Up-to-date: /home/sebastian/ros2_ws/install/topic_publisher_pkg/share/topic_publisher_pkg/local_setup.bash
-- Up-to-date: /home/sebastian/ros2_ws/install/topic_publisher_pkg/share/topic_publisher_pkg/local_setup.sh
-- Up-to-date: /home/sebastian/ros2_ws/install/topic_publisher_pkg/share/topic_publisher_pkg/local_setup.zsh
-- Up-to-date: /home/sebastian/ros2_ws/install/topic_publisher_pkg/share/topic_publisher_pkg/local_setup.dsv
-- Installing: /home/sebastian/ros2_ws/install/topic_publisher_pkg/share/topic_publisher_pkg/package.dsv
-- Up-to-date: /home/sebastian/ros2_ws/install/topic_publisher_pkg/share/ament_index/resource_index/packages/topic_publisher_pkg
-- Up-to-date: /home/sebastian/ros2_ws/install/topic_publisher_pkg/share/topic_publisher_pkg/cmake/topic_publisher_pkgConfig.cmake
-- Up-to-date: /home/sebastian/ros2_ws/install/topic_publisher_pkg/share/topic_publisher_pkg/cmake/topic_publisher_pkgConfig-version.cmake
-- Up-to-date: /home/sebastian/ros2_ws/install/topic_publisher_pkg/share/topic_publisher_pkg/package.xml
