[0.000000] (-) TimerEvent: {}
[0.001848] (custom_interfaces) JobQueued: {'identifier': 'custom_interfaces', 'dependencies': OrderedDict()}
[0.002969] (tracking_robot_pkg) JobQueued: {'identifier': 'tracking_robot_pkg', 'dependencies': OrderedDict([('custom_interfaces', '/workspaces/isaac_ros-dev/src/ros2_ws/install/custom_interfaces')])}
[0.003266] (custom_interfaces) JobStarted: {'identifier': 'custom_interfaces'}
[0.034744] (custom_interfaces) JobProgress: {'identifier': 'custom_interfaces', 'progress': 'cmake'}
[0.035886] (custom_interfaces) JobProgress: {'identifier': 'custom_interfaces', 'progress': 'build'}
[0.036020] (custom_interfaces) Command: {'cmd': ['/usr/bin/cmake', '--build', '/workspaces/isaac_ros-dev/src/ros2_ws/build/custom_interfaces', '--', '-j6', '-l6'], 'cwd': '/workspaces/isaac_ros-dev/src/ros2_ws/build/custom_interfaces', 'env': OrderedDict([('LIBRARY_PATH', '/usr/local/cuda/lib64/stubs'), ('PYTHONWARNINGS', 'ignore:::setuptools.command.install,ignore:::setuptools.command.easy_install,ignore:::pkg_resources,ignore:::setuptools.command.develop'), ('NV_LIBCUBLAS_VERSION', '12.6.1.4-1'), ('USER', 'boss_bros'), ('NV_CUDA_NSIGHT_COMPUTE_VERSION', '12.6.11-1'), ('HOSTNAME', 'bossbros-desktop'), ('SHLVL', '1'), ('LD_LIBRARY_PATH', '/workspaces/isaac_ros-dev/src/ros2_ws/install/custom_interfaces/lib:/opt/ros/humble/opt/rviz_ogre_vendor/lib:/opt/ros/humble/lib/aarch64-linux-gnu:/opt/ros/humble/lib:/usr/lib/aarch64-linux-gnu/tegra/weston:/usr/lib/aarch64-linux-gnu/tegra-egl:/usr/local/cuda-12.6/targets/aarch64-linux/lib:/usr/lib/aarch64-linux-gnu/tegra:/opt/nvidia/vpi3/lib64:/usr/local/libcudss-linux-0.3.0.9_cuda12-archive/lib:/usr/local/nvidia/lib:/usr/local/nvidia/lib64:/usr/lib/aarch64-linux-gnu-host:/opt/tritonserver/lib'), ('HOME', '/home/admin'), ('OLDPWD', '/workspaces/isaac_ros-dev/src'), ('HOST_USER_GID', '1000'), ('NV_LIBCUBLAS_DEV_VERSION', '12.6.1.4-1'), ('ROS_PYTHON_VERSION', '3'), ('NV_LIBNPP_PACKAGE', 'libnpp-12-6=12.3.1.54-1'), ('CUDA_VERSION', '12.6.11'), ('COLCON_PREFIX_PATH', '/workspaces/isaac_ros-dev/src/ros2_ws/install'), ('ROS_DISTRO', 'humble'), ('NV_LIBCUBLAS_PACKAGE_NAME', 'libcublas-12-6'), ('NVIDIA_REQUIRE_CUDA', 'cuda>=12.6'), ('_', '/usr/bin/colcon'), ('ROS_VERSION', '2'), ('NV_LIBCUSPARSE_VERSION', '12.5.3.3-1'), ('NVIDIA_DRIVER_CAPABILITIES', 'all'), ('NV_CUDA_LIB_VERSION', '12.6.11-1'), ('NV_NVML_DEV_VERSION', '12.6.68-1'), ('USERNAME', 'admin'), ('NV_LIBNPP_DEV_PACKAGE', 'libnpp-dev-12-6=12.3.1.54-1'), ('TERM', 'xterm'), ('ISAAC_ROS_WS', '/workspaces/isaac_ros-dev'), ('NV_CUDA_CUDART_VERSION', '12.6.68-1'), ('ROS_LOCALHOST_ONLY', '0'), ('PATH', '/opt/ros/humble/bin:/opt/ros/humble/vcstool/scripts:/usr/local/nvidia/bin:/usr/local/cuda/bin:/usr/src/tensorrt/bin:/usr/local/nvidia/bin:/usr/local/cuda/bin:/usr/local/sbin:/usr/local/bin:/usr/sbin:/usr/bin:/sbin:/bin'), ('NV_LIBCUBLAS_DEV_PACKAGE_NAME', 'libcublas-dev-12-6'), ('NV_LIBCUBLAS_PACKAGE', 'libcublas-12-6=12.6.1.4-1'), ('HOST_USER_UID', '1000'), ('NVARCH', 'arm64'), ('CUDSS_DIR', '/usr/local/libcudss-linux-0.3.0.9_cuda12-archive'), ('NV_LIBCUSPARSE_DEV_VERSION', '12.5.3.3-1'), ('DISPLAY', ':1'), ('NVIDIA_PRODUCT_NAME', 'CUDA'), ('LANG', 'en_US.UTF-8'), ('RMW_IMPLEMENTATION', 'rmw_fastrtps_cpp'), ('NV_CUDA_CUDART_DEV_VERSION', '12.6.68-1'), ('ROS_ROOT', '/opt/ros/humble'), ('SSH_AUTH_SOCK', '/ssh-agent'), ('AMENT_PREFIX_PATH', '/workspaces/isaac_ros-dev/src/ros2_ws/install/tracking_robot_pkg:/workspaces/isaac_ros-dev/src/ros2_ws/install/custom_interfaces:/opt/ros/humble'), ('DEBIAN_FRONTEND', 'noninteractive'), ('SHELL', '/bin/bash'), ('TRT_INCLUDE_PATH', '/usr/include/aarch64-linux-gnu'), ('NV_LIBCUBLAS_DEV_PACKAGE', 'libcublas-dev-12-6=12.6.1.4-1'), ('NV_CUDA_NSIGHT_COMPUTE_DEV_PACKAGE', 'cuda-nsight-compute-12-6=12.6.11-1'), ('NVIDIA_REQUIRE_JETPACK_HOST_MOUNTS', 'base-only'), ('NV_NVTX_VERSION', '12.6.68-1'), ('NV_LIBNPP_VERSION', '12.3.1.54-1'), ('PWD', '/workspaces/isaac_ros-dev/src/ros2_ws/build/custom_interfaces'), ('PYTHONPATH', '/workspaces/isaac_ros-dev/src/ros2_ws/install/custom_interfaces/local/lib/python3.10/dist-packages:/opt/ros/humble/lib/python3.10/site-packages:/opt/ros/humble/local/lib/python3.10/dist-packages:/opt/ros/humble/vcstool:'), ('NVIDIA_VISIBLE_DEVICES', 'nvidia.com/gpu=all,nvidia.com/pva=all'), ('COLCON', '1'), ('NV_LIBNPP_DEV_VERSION', '12.3.1.54-1'), ('CMAKE_PREFIX_PATH', '/workspaces/isaac_ros-dev/src/ros2_ws/install/tracking_robot_pkg:/workspaces/isaac_ros-dev/src/ros2_ws/install/custom_interfaces:/usr/local/libcudss-linux-0.3.0.9_cuda12-archive::/opt/ros/humble'), ('TRT_LIB_PATH', '/usr/lib/aarch64-linux-gnu')]), 'shell': False}
[0.099377] (-) TimerEvent: {}
[0.200939] (-) TimerEvent: {}
[0.204520] (custom_interfaces) StdoutLine: {'line': b'[  3%] Built target custom_interfaces__cpp\n'}
[0.228351] (custom_interfaces) StdoutLine: {'line': b'[ 12%] Built target custom_interfaces__rosidl_generator_c\n'}
[0.277958] (custom_interfaces) StdoutLine: {'line': b'[ 12%] Built target ament_cmake_python_copy_custom_interfaces\n'}
[0.301398] (-) TimerEvent: {}
[0.339948] (custom_interfaces) StdoutLine: {'line': b'[ 22%] Built target custom_interfaces__rosidl_typesupport_cpp\n'}
[0.388444] (custom_interfaces) StdoutLine: {'line': b'[ 32%] Built target custom_interfaces__rosidl_typesupport_introspection_cpp\n'}
[0.399721] (custom_interfaces) StdoutLine: {'line': b'[ 41%] Built target custom_interfaces__rosidl_typesupport_fastrtps_c\n'}
[0.401555] (-) TimerEvent: {}
[0.403122] (custom_interfaces) StdoutLine: {'line': b'[ 51%] Built target custom_interfaces__rosidl_typesupport_c\n'}
[0.411067] (custom_interfaces) StdoutLine: {'line': b'[ 61%] Built target custom_interfaces__rosidl_typesupport_fastrtps_cpp\n'}
[0.430793] (custom_interfaces) StdoutLine: {'line': b'[ 70%] Built target custom_interfaces__rosidl_typesupport_introspection_c\n'}
[0.501808] (-) TimerEvent: {}
[0.537447] (custom_interfaces) StdoutLine: {'line': b'[ 70%] Built target custom_interfaces\n'}
[0.602343] (-) TimerEvent: {}
[0.604273] (custom_interfaces) StdoutLine: {'line': b'[ 74%] Built target custom_interfaces__py\n'}
[0.702425] (-) TimerEvent: {}
[0.728447] (custom_interfaces) StdoutLine: {'line': b'[ 80%] Built target custom_interfaces__rosidl_generator_py\n'}
[0.802636] (-) TimerEvent: {}
[0.821359] (custom_interfaces) StdoutLine: {'line': b'[ 87%] Built target custom_interfaces__rosidl_typesupport_introspection_c__pyext\n'}
[0.841560] (custom_interfaces) StdoutLine: {'line': b'[ 93%] Built target custom_interfaces__rosidl_typesupport_c__pyext\n'}
[0.867195] (custom_interfaces) StdoutLine: {'line': b'[100%] Built target custom_interfaces__rosidl_typesupport_fastrtps_c__pyext\n'}
[0.902787] (-) TimerEvent: {}
[1.003340] (-) TimerEvent: {}
[1.103910] (-) TimerEvent: {}
[1.204469] (-) TimerEvent: {}
[1.310402] (-) TimerEvent: {}
[1.414406] (-) TimerEvent: {}
[1.515177] (-) TimerEvent: {}
[1.615898] (-) TimerEvent: {}
[1.717642] (-) TimerEvent: {}
[1.746557] (custom_interfaces) StdoutLine: {'line': b'running egg_info\n'}
[1.813902] (custom_interfaces) StdoutLine: {'line': b'writing custom_interfaces.egg-info/PKG-INFO\n'}
[1.814691] (custom_interfaces) StdoutLine: {'line': b'writing dependency_links to custom_interfaces.egg-info/dependency_links.txt\n'}
[1.814948] (custom_interfaces) StdoutLine: {'line': b'writing top-level names to custom_interfaces.egg-info/top_level.txt\n'}
[1.817770] (-) TimerEvent: {}
[1.918431] (-) TimerEvent: {}
[2.023448] (-) TimerEvent: {}
[2.124512] (-) TimerEvent: {}
[2.225260] (-) TimerEvent: {}
[2.326072] (-) TimerEvent: {}
[2.426954] (-) TimerEvent: {}
[2.527683] (-) TimerEvent: {}
[2.628480] (-) TimerEvent: {}
[2.729226] (-) TimerEvent: {}
[2.829934] (-) TimerEvent: {}
[2.855470] (custom_interfaces) StdoutLine: {'line': b"writing manifest file 'custom_interfaces.egg-info/SOURCES.txt'\n"}
[2.930127] (-) TimerEvent: {}
[3.030912] (-) TimerEvent: {}
[3.041510] (custom_interfaces) StdoutLine: {'line': b'[100%] Built target ament_cmake_python_build_custom_interfaces_egg\n'}
[3.083678] (custom_interfaces) CommandEnded: {'returncode': 0}
[3.086324] (custom_interfaces) JobProgress: {'identifier': 'custom_interfaces', 'progress': 'install'}
[3.110165] (custom_interfaces) Command: {'cmd': ['/usr/bin/cmake', '--install', '/workspaces/isaac_ros-dev/src/ros2_ws/build/custom_interfaces'], 'cwd': '/workspaces/isaac_ros-dev/src/ros2_ws/build/custom_interfaces', 'env': OrderedDict([('LIBRARY_PATH', '/usr/local/cuda/lib64/stubs'), ('PYTHONWARNINGS', 'ignore:::setuptools.command.install,ignore:::setuptools.command.easy_install,ignore:::pkg_resources,ignore:::setuptools.command.develop'), ('NV_LIBCUBLAS_VERSION', '12.6.1.4-1'), ('USER', 'boss_bros'), ('NV_CUDA_NSIGHT_COMPUTE_VERSION', '12.6.11-1'), ('HOSTNAME', 'bossbros-desktop'), ('SHLVL', '1'), ('LD_LIBRARY_PATH', '/workspaces/isaac_ros-dev/src/ros2_ws/install/custom_interfaces/lib:/opt/ros/humble/opt/rviz_ogre_vendor/lib:/opt/ros/humble/lib/aarch64-linux-gnu:/opt/ros/humble/lib:/usr/lib/aarch64-linux-gnu/tegra/weston:/usr/lib/aarch64-linux-gnu/tegra-egl:/usr/local/cuda-12.6/targets/aarch64-linux/lib:/usr/lib/aarch64-linux-gnu/tegra:/opt/nvidia/vpi3/lib64:/usr/local/libcudss-linux-0.3.0.9_cuda12-archive/lib:/usr/local/nvidia/lib:/usr/local/nvidia/lib64:/usr/lib/aarch64-linux-gnu-host:/opt/tritonserver/lib'), ('HOME', '/home/admin'), ('OLDPWD', '/workspaces/isaac_ros-dev/src'), ('HOST_USER_GID', '1000'), ('NV_LIBCUBLAS_DEV_VERSION', '12.6.1.4-1'), ('ROS_PYTHON_VERSION', '3'), ('NV_LIBNPP_PACKAGE', 'libnpp-12-6=12.3.1.54-1'), ('CUDA_VERSION', '12.6.11'), ('COLCON_PREFIX_PATH', '/workspaces/isaac_ros-dev/src/ros2_ws/install'), ('ROS_DISTRO', 'humble'), ('NV_LIBCUBLAS_PACKAGE_NAME', 'libcublas-12-6'), ('NVIDIA_REQUIRE_CUDA', 'cuda>=12.6'), ('_', '/usr/bin/colcon'), ('ROS_VERSION', '2'), ('NV_LIBCUSPARSE_VERSION', '12.5.3.3-1'), ('NVIDIA_DRIVER_CAPABILITIES', 'all'), ('NV_CUDA_LIB_VERSION', '12.6.11-1'), ('NV_NVML_DEV_VERSION', '12.6.68-1'), ('USERNAME', 'admin'), ('NV_LIBNPP_DEV_PACKAGE', 'libnpp-dev-12-6=12.3.1.54-1'), ('TERM', 'xterm'), ('ISAAC_ROS_WS', '/workspaces/isaac_ros-dev'), ('NV_CUDA_CUDART_VERSION', '12.6.68-1'), ('ROS_LOCALHOST_ONLY', '0'), ('PATH', '/opt/ros/humble/bin:/opt/ros/humble/vcstool/scripts:/usr/local/nvidia/bin:/usr/local/cuda/bin:/usr/src/tensorrt/bin:/usr/local/nvidia/bin:/usr/local/cuda/bin:/usr/local/sbin:/usr/local/bin:/usr/sbin:/usr/bin:/sbin:/bin'), ('NV_LIBCUBLAS_DEV_PACKAGE_NAME', 'libcublas-dev-12-6'), ('NV_LIBCUBLAS_PACKAGE', 'libcublas-12-6=12.6.1.4-1'), ('HOST_USER_UID', '1000'), ('NVARCH', 'arm64'), ('CUDSS_DIR', '/usr/local/libcudss-linux-0.3.0.9_cuda12-archive'), ('NV_LIBCUSPARSE_DEV_VERSION', '12.5.3.3-1'), ('DISPLAY', ':1'), ('NVIDIA_PRODUCT_NAME', 'CUDA'), ('LANG', 'en_US.UTF-8'), ('RMW_IMPLEMENTATION', 'rmw_fastrtps_cpp'), ('NV_CUDA_CUDART_DEV_VERSION', '12.6.68-1'), ('ROS_ROOT', '/opt/ros/humble'), ('SSH_AUTH_SOCK', '/ssh-agent'), ('AMENT_PREFIX_PATH', '/workspaces/isaac_ros-dev/src/ros2_ws/install/tracking_robot_pkg:/workspaces/isaac_ros-dev/src/ros2_ws/install/custom_interfaces:/opt/ros/humble'), ('DEBIAN_FRONTEND', 'noninteractive'), ('SHELL', '/bin/bash'), ('TRT_INCLUDE_PATH', '/usr/include/aarch64-linux-gnu'), ('NV_LIBCUBLAS_DEV_PACKAGE', 'libcublas-dev-12-6=12.6.1.4-1'), ('NV_CUDA_NSIGHT_COMPUTE_DEV_PACKAGE', 'cuda-nsight-compute-12-6=12.6.11-1'), ('NVIDIA_REQUIRE_JETPACK_HOST_MOUNTS', 'base-only'), ('NV_NVTX_VERSION', '12.6.68-1'), ('NV_LIBNPP_VERSION', '12.3.1.54-1'), ('PWD', '/workspaces/isaac_ros-dev/src/ros2_ws/build/custom_interfaces'), ('PYTHONPATH', '/workspaces/isaac_ros-dev/src/ros2_ws/install/custom_interfaces/local/lib/python3.10/dist-packages:/opt/ros/humble/lib/python3.10/site-packages:/opt/ros/humble/local/lib/python3.10/dist-packages:/opt/ros/humble/vcstool:'), ('NVIDIA_VISIBLE_DEVICES', 'nvidia.com/gpu=all,nvidia.com/pva=all'), ('COLCON', '1'), ('NV_LIBNPP_DEV_VERSION', '12.3.1.54-1'), ('CMAKE_PREFIX_PATH', '/workspaces/isaac_ros-dev/src/ros2_ws/install/tracking_robot_pkg:/workspaces/isaac_ros-dev/src/ros2_ws/install/custom_interfaces:/usr/local/libcudss-linux-0.3.0.9_cuda12-archive::/opt/ros/humble'), ('TRT_LIB_PATH', '/usr/lib/aarch64-linux-gnu')]), 'shell': False}
[3.131082] (-) TimerEvent: {}
[3.140326] (custom_interfaces) StdoutLine: {'line': b'-- Install configuration: ""\n'}
[3.150527] (custom_interfaces) StdoutLine: {'line': b'-- Up-to-date: /workspaces/isaac_ros-dev/src/ros2_ws/install/custom_interfaces/share/ament_index/resource_index/rosidl_interfaces/custom_interfaces\n'}
[3.154094] (custom_interfaces) StdoutLine: {'line': b'-- Up-to-date: /workspaces/isaac_ros-dev/src/ros2_ws/install/custom_interfaces/include/custom_interfaces/custom_interfaces\n'}
[3.154602] (custom_interfaces) StdoutLine: {'line': b'-- Up-to-date: /workspaces/isaac_ros-dev/src/ros2_ws/install/custom_interfaces/include/custom_interfaces/custom_interfaces/action\n'}
[3.155569] (custom_interfaces) StdoutLine: {'line': b'-- Up-to-date: /workspaces/isaac_ros-dev/src/ros2_ws/install/custom_interfaces/include/custom_interfaces/custom_interfaces/action/tracking_robot.h\n'}
[3.156052] (custom_interfaces) StdoutLine: {'line': b'-- Up-to-date: /workspaces/isaac_ros-dev/src/ros2_ws/install/custom_interfaces/include/custom_interfaces/custom_interfaces/action/detail\n'}
[3.156244] (custom_interfaces) StdoutLine: {'line': b'-- Up-to-date: /workspaces/isaac_ros-dev/src/ros2_ws/install/custom_interfaces/include/custom_interfaces/custom_interfaces/action/detail/tracking_robot__functions.c\n'}
[3.156435] (custom_interfaces) StdoutLine: {'line': b'-- Up-to-date: /workspaces/isaac_ros-dev/src/ros2_ws/install/custom_interfaces/include/custom_interfaces/custom_interfaces/action/detail/tracking_robot__type_support.h\n'}
[3.156609] (custom_interfaces) StdoutLine: {'line': b'-- Up-to-date: /workspaces/isaac_ros-dev/src/ros2_ws/install/custom_interfaces/include/custom_interfaces/custom_interfaces/action/detail/tracking_robot__functions.h\n'}
[3.156771] (custom_interfaces) StdoutLine: {'line': b'-- Up-to-date: /workspaces/isaac_ros-dev/src/ros2_ws/install/custom_interfaces/include/custom_interfaces/custom_interfaces/action/detail/tracking_robot__struct.h\n'}
[3.156924] (custom_interfaces) StdoutLine: {'line': b'-- Up-to-date: /workspaces/isaac_ros-dev/src/ros2_ws/install/custom_interfaces/include/custom_interfaces/custom_interfaces/msg\n'}
[3.157069] (custom_interfaces) StdoutLine: {'line': b'-- Up-to-date: /workspaces/isaac_ros-dev/src/ros2_ws/install/custom_interfaces/include/custom_interfaces/custom_interfaces/msg/rosidl_generator_c__visibility_control.h\n'}
[3.157265] (custom_interfaces) StdoutLine: {'line': b'-- Up-to-date: /workspaces/isaac_ros-dev/src/ros2_ws/install/custom_interfaces/share/custom_interfaces/environment/library_path.sh\n'}
[3.157589] (custom_interfaces) StdoutLine: {'line': b'-- Up-to-date: /workspaces/isaac_ros-dev/src/ros2_ws/install/custom_interfaces/share/custom_interfaces/environment/library_path.dsv\n'}
[3.157755] (custom_interfaces) StdoutLine: {'line': b'-- Up-to-date: /workspaces/isaac_ros-dev/src/ros2_ws/install/custom_interfaces/lib/libcustom_interfaces__rosidl_generator_c.so\n'}
[3.157909] (custom_interfaces) StdoutLine: {'line': b'-- Up-to-date: /workspaces/isaac_ros-dev/src/ros2_ws/install/custom_interfaces/include/custom_interfaces/custom_interfaces\n'}
[3.158069] (custom_interfaces) StdoutLine: {'line': b'-- Up-to-date: /workspaces/isaac_ros-dev/src/ros2_ws/install/custom_interfaces/include/custom_interfaces/custom_interfaces/action\n'}
[3.158226] (custom_interfaces) StdoutLine: {'line': b'-- Up-to-date: /workspaces/isaac_ros-dev/src/ros2_ws/install/custom_interfaces/include/custom_interfaces/custom_interfaces/action/detail\n'}
[3.158443] (custom_interfaces) StdoutLine: {'line': b'-- Up-to-date: /workspaces/isaac_ros-dev/src/ros2_ws/install/custom_interfaces/include/custom_interfaces/custom_interfaces/action/detail/tracking_robot__rosidl_typesupport_fastrtps_c.h\n'}
[3.158598] (custom_interfaces) StdoutLine: {'line': b'-- Up-to-date: /workspaces/isaac_ros-dev/src/ros2_ws/install/custom_interfaces/include/custom_interfaces/custom_interfaces/msg\n'}
[3.158743] (custom_interfaces) StdoutLine: {'line': b'-- Up-to-date: /workspaces/isaac_ros-dev/src/ros2_ws/install/custom_interfaces/include/custom_interfaces/custom_interfaces/msg/rosidl_typesupport_fastrtps_c__visibility_control.h\n'}
[3.158962] (custom_interfaces) StdoutLine: {'line': b'-- Up-to-date: /workspaces/isaac_ros-dev/src/ros2_ws/install/custom_interfaces/lib/libcustom_interfaces__rosidl_typesupport_fastrtps_c.so\n'}
[3.159118] (custom_interfaces) StdoutLine: {'line': b'-- Up-to-date: /workspaces/isaac_ros-dev/src/ros2_ws/install/custom_interfaces/include/custom_interfaces/custom_interfaces\n'}
[3.159262] (custom_interfaces) StdoutLine: {'line': b'-- Up-to-date: /workspaces/isaac_ros-dev/src/ros2_ws/install/custom_interfaces/include/custom_interfaces/custom_interfaces/action\n'}
[3.159402] (custom_interfaces) StdoutLine: {'line': b'-- Up-to-date: /workspaces/isaac_ros-dev/src/ros2_ws/install/custom_interfaces/include/custom_interfaces/custom_interfaces/action/detail\n'}
[3.159544] (custom_interfaces) StdoutLine: {'line': b'-- Up-to-date: /workspaces/isaac_ros-dev/src/ros2_ws/install/custom_interfaces/include/custom_interfaces/custom_interfaces/action/detail/tracking_robot__rosidl_typesupport_introspection_c.h\n'}
[3.159687] (custom_interfaces) StdoutLine: {'line': b'-- Up-to-date: /workspaces/isaac_ros-dev/src/ros2_ws/install/custom_interfaces/include/custom_interfaces/custom_interfaces/action/detail/tracking_robot__type_support.c\n'}
[3.159829] (custom_interfaces) StdoutLine: {'line': b'-- Up-to-date: /workspaces/isaac_ros-dev/src/ros2_ws/install/custom_interfaces/include/custom_interfaces/custom_interfaces/msg\n'}
[3.160843] (custom_interfaces) StdoutLine: {'line': b'-- Up-to-date: /workspaces/isaac_ros-dev/src/ros2_ws/install/custom_interfaces/include/custom_interfaces/custom_interfaces/msg/rosidl_typesupport_introspection_c__visibility_control.h\n'}
[3.161159] (custom_interfaces) StdoutLine: {'line': b'-- Up-to-date: /workspaces/isaac_ros-dev/src/ros2_ws/install/custom_interfaces/lib/libcustom_interfaces__rosidl_typesupport_introspection_c.so\n'}
[3.161333] (custom_interfaces) StdoutLine: {'line': b'-- Up-to-date: /workspaces/isaac_ros-dev/src/ros2_ws/install/custom_interfaces/lib/libcustom_interfaces__rosidl_typesupport_c.so\n'}
[3.162104] (custom_interfaces) StdoutLine: {'line': b'-- Up-to-date: /workspaces/isaac_ros-dev/src/ros2_ws/install/custom_interfaces/include/custom_interfaces/custom_interfaces\n'}
[3.162698] (custom_interfaces) StdoutLine: {'line': b'-- Up-to-date: /workspaces/isaac_ros-dev/src/ros2_ws/install/custom_interfaces/include/custom_interfaces/custom_interfaces/action\n'}
[3.163869] (custom_interfaces) StdoutLine: {'line': b'-- Up-to-date: /workspaces/isaac_ros-dev/src/ros2_ws/install/custom_interfaces/include/custom_interfaces/custom_interfaces/action/tracking_robot.hpp\n'}
[3.164668] (custom_interfaces) StdoutLine: {'line': b'-- Up-to-date: /workspaces/isaac_ros-dev/src/ros2_ws/install/custom_interfaces/include/custom_interfaces/custom_interfaces/action/detail\n'}
[3.166220] (custom_interfaces) StdoutLine: {'line': b'-- Up-to-date: /workspaces/isaac_ros-dev/src/ros2_ws/install/custom_interfaces/include/custom_interfaces/custom_interfaces/action/detail/tracking_robot__type_support.hpp\n'}
[3.166597] (custom_interfaces) StdoutLine: {'line': b'-- Up-to-date: /workspaces/isaac_ros-dev/src/ros2_ws/install/custom_interfaces/include/custom_interfaces/custom_interfaces/action/detail/tracking_robot__traits.hpp\n'}
[3.166786] (custom_interfaces) StdoutLine: {'line': b'-- Up-to-date: /workspaces/isaac_ros-dev/src/ros2_ws/install/custom_interfaces/include/custom_interfaces/custom_interfaces/action/detail/tracking_robot__builder.hpp\n'}
[3.167159] (custom_interfaces) StdoutLine: {'line': b'-- Up-to-date: /workspaces/isaac_ros-dev/src/ros2_ws/install/custom_interfaces/include/custom_interfaces/custom_interfaces/action/detail/tracking_robot__struct.hpp\n'}
[3.167612] (custom_interfaces) StdoutLine: {'line': b'-- Up-to-date: /workspaces/isaac_ros-dev/src/ros2_ws/install/custom_interfaces/include/custom_interfaces/custom_interfaces/msg\n'}
[3.167926] (custom_interfaces) StdoutLine: {'line': b'-- Up-to-date: /workspaces/isaac_ros-dev/src/ros2_ws/install/custom_interfaces/include/custom_interfaces/custom_interfaces/msg/rosidl_generator_cpp__visibility_control.hpp\n'}
[3.168126] (custom_interfaces) StdoutLine: {'line': b'-- Up-to-date: /workspaces/isaac_ros-dev/src/ros2_ws/install/custom_interfaces/include/custom_interfaces/custom_interfaces\n'}
[3.168290] (custom_interfaces) StdoutLine: {'line': b'-- Up-to-date: /workspaces/isaac_ros-dev/src/ros2_ws/install/custom_interfaces/include/custom_interfaces/custom_interfaces/action\n'}
[3.168445] (custom_interfaces) StdoutLine: {'line': b'-- Up-to-date: /workspaces/isaac_ros-dev/src/ros2_ws/install/custom_interfaces/include/custom_interfaces/custom_interfaces/action/detail\n'}
[3.168620] (custom_interfaces) StdoutLine: {'line': b'-- Up-to-date: /workspaces/isaac_ros-dev/src/ros2_ws/install/custom_interfaces/include/custom_interfaces/custom_interfaces/action/detail/tracking_robot__rosidl_typesupport_fastrtps_cpp.hpp\n'}
[3.168772] (custom_interfaces) StdoutLine: {'line': b'-- Up-to-date: /workspaces/isaac_ros-dev/src/ros2_ws/install/custom_interfaces/include/custom_interfaces/custom_interfaces/action/detail/dds_fastrtps\n'}
[3.168916] (custom_interfaces) StdoutLine: {'line': b'-- Up-to-date: /workspaces/isaac_ros-dev/src/ros2_ws/install/custom_interfaces/include/custom_interfaces/custom_interfaces/msg\n'}
[3.169058] (custom_interfaces) StdoutLine: {'line': b'-- Up-to-date: /workspaces/isaac_ros-dev/src/ros2_ws/install/custom_interfaces/include/custom_interfaces/custom_interfaces/msg/rosidl_typesupport_fastrtps_cpp__visibility_control.h\n'}
[3.169244] (custom_interfaces) StdoutLine: {'line': b'-- Up-to-date: /workspaces/isaac_ros-dev/src/ros2_ws/install/custom_interfaces/lib/libcustom_interfaces__rosidl_typesupport_fastrtps_cpp.so\n'}
[3.170410] (custom_interfaces) StdoutLine: {'line': b'-- Up-to-date: /workspaces/isaac_ros-dev/src/ros2_ws/install/custom_interfaces/include/custom_interfaces/custom_interfaces\n'}
[3.170632] (custom_interfaces) StdoutLine: {'line': b'-- Up-to-date: /workspaces/isaac_ros-dev/src/ros2_ws/install/custom_interfaces/include/custom_interfaces/custom_interfaces/action\n'}
[3.170800] (custom_interfaces) StdoutLine: {'line': b'-- Up-to-date: /workspaces/isaac_ros-dev/src/ros2_ws/install/custom_interfaces/include/custom_interfaces/custom_interfaces/action/detail\n'}
[3.170954] (custom_interfaces) StdoutLine: {'line': b'-- Up-to-date: /workspaces/isaac_ros-dev/src/ros2_ws/install/custom_interfaces/include/custom_interfaces/custom_interfaces/action/detail/tracking_robot__rosidl_typesupport_introspection_cpp.hpp\n'}
[3.171107] (custom_interfaces) StdoutLine: {'line': b'-- Up-to-date: /workspaces/isaac_ros-dev/src/ros2_ws/install/custom_interfaces/include/custom_interfaces/custom_interfaces/action/detail/tracking_robot__type_support.cpp\n'}
[3.171258] (custom_interfaces) StdoutLine: {'line': b'-- Up-to-date: /workspaces/isaac_ros-dev/src/ros2_ws/install/custom_interfaces/lib/libcustom_interfaces__rosidl_typesupport_introspection_cpp.so\n'}
[3.171402] (custom_interfaces) StdoutLine: {'line': b'-- Up-to-date: /workspaces/isaac_ros-dev/src/ros2_ws/install/custom_interfaces/lib/libcustom_interfaces__rosidl_typesupport_cpp.so\n'}
[3.171546] (custom_interfaces) StdoutLine: {'line': b'-- Up-to-date: /workspaces/isaac_ros-dev/src/ros2_ws/install/custom_interfaces/share/custom_interfaces/environment/pythonpath.sh\n'}
[3.171688] (custom_interfaces) StdoutLine: {'line': b'-- Up-to-date: /workspaces/isaac_ros-dev/src/ros2_ws/install/custom_interfaces/share/custom_interfaces/environment/pythonpath.dsv\n'}
[3.171829] (custom_interfaces) StdoutLine: {'line': b'-- Up-to-date: /workspaces/isaac_ros-dev/src/ros2_ws/install/custom_interfaces/local/lib/python3.10/dist-packages/custom_interfaces-0.0.0-py3.10.egg-info\n'}
[3.171972] (custom_interfaces) StdoutLine: {'line': b'-- Installing: /workspaces/isaac_ros-dev/src/ros2_ws/install/custom_interfaces/local/lib/python3.10/dist-packages/custom_interfaces-0.0.0-py3.10.egg-info/dependency_links.txt\n'}
[3.172115] (custom_interfaces) StdoutLine: {'line': b'-- Installing: /workspaces/isaac_ros-dev/src/ros2_ws/install/custom_interfaces/local/lib/python3.10/dist-packages/custom_interfaces-0.0.0-py3.10.egg-info/PKG-INFO\n'}
[3.172293] (custom_interfaces) StdoutLine: {'line': b'-- Installing: /workspaces/isaac_ros-dev/src/ros2_ws/install/custom_interfaces/local/lib/python3.10/dist-packages/custom_interfaces-0.0.0-py3.10.egg-info/top_level.txt\n'}
[3.172435] (custom_interfaces) StdoutLine: {'line': b'-- Installing: /workspaces/isaac_ros-dev/src/ros2_ws/install/custom_interfaces/local/lib/python3.10/dist-packages/custom_interfaces-0.0.0-py3.10.egg-info/SOURCES.txt\n'}
[3.172576] (custom_interfaces) StdoutLine: {'line': b'-- Up-to-date: /workspaces/isaac_ros-dev/src/ros2_ws/install/custom_interfaces/local/lib/python3.10/dist-packages/custom_interfaces\n'}
[3.172716] (custom_interfaces) StdoutLine: {'line': b'-- Up-to-date: /workspaces/isaac_ros-dev/src/ros2_ws/install/custom_interfaces/local/lib/python3.10/dist-packages/custom_interfaces/__init__.py\n'}
[3.172856] (custom_interfaces) StdoutLine: {'line': b'-- Up-to-date: /workspaces/isaac_ros-dev/src/ros2_ws/install/custom_interfaces/local/lib/python3.10/dist-packages/custom_interfaces/custom_interfaces_s__rosidl_typesupport_introspection_c.cpython-310-aarch64-linux-gnu.so\n'}
[3.173027] (custom_interfaces) StdoutLine: {'line': b'-- Up-to-date: /workspaces/isaac_ros-dev/src/ros2_ws/install/custom_interfaces/local/lib/python3.10/dist-packages/custom_interfaces/libcustom_interfaces__rosidl_generator_py.so\n'}
[3.173178] (custom_interfaces) StdoutLine: {'line': b'-- Up-to-date: /workspaces/isaac_ros-dev/src/ros2_ws/install/custom_interfaces/local/lib/python3.10/dist-packages/custom_interfaces/_custom_interfaces_s.ep.rosidl_typesupport_introspection_c.c\n'}
[3.173325] (custom_interfaces) StdoutLine: {'line': b'-- Up-to-date: /workspaces/isaac_ros-dev/src/ros2_ws/install/custom_interfaces/local/lib/python3.10/dist-packages/custom_interfaces/action\n'}
[3.173466] (custom_interfaces) StdoutLine: {'line': b'-- Up-to-date: /workspaces/isaac_ros-dev/src/ros2_ws/install/custom_interfaces/local/lib/python3.10/dist-packages/custom_interfaces/action/__init__.py\n'}
[3.173605] (custom_interfaces) StdoutLine: {'line': b'-- Up-to-date: /workspaces/isaac_ros-dev/src/ros2_ws/install/custom_interfaces/local/lib/python3.10/dist-packages/custom_interfaces/action/_tracking_robot.py\n'}
[3.173747] (custom_interfaces) StdoutLine: {'line': b'-- Up-to-date: /workspaces/isaac_ros-dev/src/ros2_ws/install/custom_interfaces/local/lib/python3.10/dist-packages/custom_interfaces/action/_tracking_robot_s.c\n'}
[3.173888] (custom_interfaces) StdoutLine: {'line': b'-- Up-to-date: /workspaces/isaac_ros-dev/src/ros2_ws/install/custom_interfaces/local/lib/python3.10/dist-packages/custom_interfaces/custom_interfaces_s__rosidl_typesupport_c.cpython-310-aarch64-linux-gnu.so\n'}
[3.174033] (custom_interfaces) StdoutLine: {'line': b'-- Up-to-date: /workspaces/isaac_ros-dev/src/ros2_ws/install/custom_interfaces/local/lib/python3.10/dist-packages/custom_interfaces/_custom_interfaces_s.ep.rosidl_typesupport_c.c\n'}
[3.174218] (custom_interfaces) StdoutLine: {'line': b'-- Up-to-date: /workspaces/isaac_ros-dev/src/ros2_ws/install/custom_interfaces/local/lib/python3.10/dist-packages/custom_interfaces/custom_interfaces_s__rosidl_typesupport_fastrtps_c.cpython-310-aarch64-linux-gnu.so\n'}
[3.174554] (custom_interfaces) StdoutLine: {'line': b'-- Up-to-date: /workspaces/isaac_ros-dev/src/ros2_ws/install/custom_interfaces/local/lib/python3.10/dist-packages/custom_interfaces/_custom_interfaces_s.ep.rosidl_typesupport_fastrtps_c.c\n'}
[3.231245] (-) TimerEvent: {}
[3.256912] (custom_interfaces) StdoutLine: {'line': b"Listing '/workspaces/isaac_ros-dev/src/ros2_ws/install/custom_interfaces/local/lib/python3.10/dist-packages/custom_interfaces'...\n"}
[3.257863] (custom_interfaces) StdoutLine: {'line': b"Listing '/workspaces/isaac_ros-dev/src/ros2_ws/install/custom_interfaces/local/lib/python3.10/dist-packages/custom_interfaces/action'...\n"}
[3.272604] (custom_interfaces) StdoutLine: {'line': b'-- Up-to-date: /workspaces/isaac_ros-dev/src/ros2_ws/install/custom_interfaces/local/lib/python3.10/dist-packages/custom_interfaces/custom_interfaces_s__rosidl_typesupport_fastrtps_c.cpython-310-aarch64-linux-gnu.so\n'}
[3.273356] (custom_interfaces) StdoutLine: {'line': b'-- Up-to-date: /workspaces/isaac_ros-dev/src/ros2_ws/install/custom_interfaces/local/lib/python3.10/dist-packages/custom_interfaces/custom_interfaces_s__rosidl_typesupport_introspection_c.cpython-310-aarch64-linux-gnu.so\n'}
[3.273663] (custom_interfaces) StdoutLine: {'line': b'-- Up-to-date: /workspaces/isaac_ros-dev/src/ros2_ws/install/custom_interfaces/local/lib/python3.10/dist-packages/custom_interfaces/custom_interfaces_s__rosidl_typesupport_c.cpython-310-aarch64-linux-gnu.so\n'}
[3.274094] (custom_interfaces) StdoutLine: {'line': b'-- Up-to-date: /workspaces/isaac_ros-dev/src/ros2_ws/install/custom_interfaces/lib/libcustom_interfaces__rosidl_generator_py.so\n'}
[3.274509] (custom_interfaces) StdoutLine: {'line': b'-- Up-to-date: /workspaces/isaac_ros-dev/src/ros2_ws/install/custom_interfaces/share/custom_interfaces/action/TrackingRobot.idl\n'}
[3.274887] (custom_interfaces) StdoutLine: {'line': b'-- Up-to-date: /workspaces/isaac_ros-dev/src/ros2_ws/install/custom_interfaces/share/custom_interfaces/action/TrackingRobot.action\n'}
[3.275123] (custom_interfaces) StdoutLine: {'line': b'-- Up-to-date: /workspaces/isaac_ros-dev/src/ros2_ws/install/custom_interfaces/share/ament_index/resource_index/package_run_dependencies/custom_interfaces\n'}
[3.275475] (custom_interfaces) StdoutLine: {'line': b'-- Up-to-date: /workspaces/isaac_ros-dev/src/ros2_ws/install/custom_interfaces/share/ament_index/resource_index/parent_prefix_path/custom_interfaces\n'}
[3.275789] (custom_interfaces) StdoutLine: {'line': b'-- Up-to-date: /workspaces/isaac_ros-dev/src/ros2_ws/install/custom_interfaces/share/custom_interfaces/environment/ament_prefix_path.sh\n'}
[3.275993] (custom_interfaces) StdoutLine: {'line': b'-- Up-to-date: /workspaces/isaac_ros-dev/src/ros2_ws/install/custom_interfaces/share/custom_interfaces/environment/ament_prefix_path.dsv\n'}
[3.276159] (custom_interfaces) StdoutLine: {'line': b'-- Up-to-date: /workspaces/isaac_ros-dev/src/ros2_ws/install/custom_interfaces/share/custom_interfaces/environment/path.sh\n'}
[3.276355] (custom_interfaces) StdoutLine: {'line': b'-- Up-to-date: /workspaces/isaac_ros-dev/src/ros2_ws/install/custom_interfaces/share/custom_interfaces/environment/path.dsv\n'}
[3.276508] (custom_interfaces) StdoutLine: {'line': b'-- Up-to-date: /workspaces/isaac_ros-dev/src/ros2_ws/install/custom_interfaces/share/custom_interfaces/local_setup.bash\n'}
[3.276653] (custom_interfaces) StdoutLine: {'line': b'-- Up-to-date: /workspaces/isaac_ros-dev/src/ros2_ws/install/custom_interfaces/share/custom_interfaces/local_setup.sh\n'}
[3.276941] (custom_interfaces) StdoutLine: {'line': b'-- Up-to-date: /workspaces/isaac_ros-dev/src/ros2_ws/install/custom_interfaces/share/custom_interfaces/local_setup.zsh\n'}
[3.277133] (custom_interfaces) StdoutLine: {'line': b'-- Up-to-date: /workspaces/isaac_ros-dev/src/ros2_ws/install/custom_interfaces/share/custom_interfaces/local_setup.dsv\n'}
[3.277292] (custom_interfaces) StdoutLine: {'line': b'-- Installing: /workspaces/isaac_ros-dev/src/ros2_ws/install/custom_interfaces/share/custom_interfaces/package.dsv\n'}
[3.281410] (custom_interfaces) StdoutLine: {'line': b'-- Up-to-date: /workspaces/isaac_ros-dev/src/ros2_ws/install/custom_interfaces/share/ament_index/resource_index/packages/custom_interfaces\n'}
[3.283049] (custom_interfaces) StdoutLine: {'line': b'-- Up-to-date: /workspaces/isaac_ros-dev/src/ros2_ws/install/custom_interfaces/share/custom_interfaces/cmake/export_custom_interfaces__rosidl_generator_cExport.cmake\n'}
[3.283466] (custom_interfaces) StdoutLine: {'line': b'-- Up-to-date: /workspaces/isaac_ros-dev/src/ros2_ws/install/custom_interfaces/share/custom_interfaces/cmake/export_custom_interfaces__rosidl_generator_cExport-noconfig.cmake\n'}
[3.285371] (custom_interfaces) StdoutLine: {'line': b'-- Up-to-date: /workspaces/isaac_ros-dev/src/ros2_ws/install/custom_interfaces/share/custom_interfaces/cmake/export_custom_interfaces__rosidl_typesupport_fastrtps_cExport.cmake\n'}
[3.285788] (custom_interfaces) StdoutLine: {'line': b'-- Up-to-date: /workspaces/isaac_ros-dev/src/ros2_ws/install/custom_interfaces/share/custom_interfaces/cmake/export_custom_interfaces__rosidl_typesupport_fastrtps_cExport-noconfig.cmake\n'}
[3.286339] (custom_interfaces) StdoutLine: {'line': b'-- Up-to-date: /workspaces/isaac_ros-dev/src/ros2_ws/install/custom_interfaces/share/custom_interfaces/cmake/custom_interfaces__rosidl_typesupport_introspection_cExport.cmake\n'}
[3.286696] (custom_interfaces) StdoutLine: {'line': b'-- Up-to-date: /workspaces/isaac_ros-dev/src/ros2_ws/install/custom_interfaces/share/custom_interfaces/cmake/custom_interfaces__rosidl_typesupport_introspection_cExport-noconfig.cmake\n'}
[3.290437] (custom_interfaces) StdoutLine: {'line': b'-- Up-to-date: /workspaces/isaac_ros-dev/src/ros2_ws/install/custom_interfaces/share/custom_interfaces/cmake/custom_interfaces__rosidl_typesupport_cExport.cmake\n'}
[3.291074] (custom_interfaces) StdoutLine: {'line': b'-- Up-to-date: /workspaces/isaac_ros-dev/src/ros2_ws/install/custom_interfaces/share/custom_interfaces/cmake/custom_interfaces__rosidl_typesupport_cExport-noconfig.cmake\n'}
[3.293287] (custom_interfaces) StdoutLine: {'line': b'-- Up-to-date: /workspaces/isaac_ros-dev/src/ros2_ws/install/custom_interfaces/share/custom_interfaces/cmake/export_custom_interfaces__rosidl_generator_cppExport.cmake\n'}
[3.294057] (custom_interfaces) StdoutLine: {'line': b'-- Up-to-date: /workspaces/isaac_ros-dev/src/ros2_ws/install/custom_interfaces/share/custom_interfaces/cmake/export_custom_interfaces__rosidl_typesupport_fastrtps_cppExport.cmake\n'}
[3.298798] (custom_interfaces) StdoutLine: {'line': b'-- Up-to-date: /workspaces/isaac_ros-dev/src/ros2_ws/install/custom_interfaces/share/custom_interfaces/cmake/export_custom_interfaces__rosidl_typesupport_fastrtps_cppExport-noconfig.cmake\n'}
[3.299420] (custom_interfaces) StdoutLine: {'line': b'-- Up-to-date: /workspaces/isaac_ros-dev/src/ros2_ws/install/custom_interfaces/share/custom_interfaces/cmake/custom_interfaces__rosidl_typesupport_introspection_cppExport.cmake\n'}
[3.299644] (custom_interfaces) StdoutLine: {'line': b'-- Up-to-date: /workspaces/isaac_ros-dev/src/ros2_ws/install/custom_interfaces/share/custom_interfaces/cmake/custom_interfaces__rosidl_typesupport_introspection_cppExport-noconfig.cmake\n'}
[3.300914] (custom_interfaces) StdoutLine: {'line': b'-- Up-to-date: /workspaces/isaac_ros-dev/src/ros2_ws/install/custom_interfaces/share/custom_interfaces/cmake/custom_interfaces__rosidl_typesupport_cppExport.cmake\n'}
[3.301311] (custom_interfaces) StdoutLine: {'line': b'-- Up-to-date: /workspaces/isaac_ros-dev/src/ros2_ws/install/custom_interfaces/share/custom_interfaces/cmake/custom_interfaces__rosidl_typesupport_cppExport-noconfig.cmake\n'}
[3.301876] (custom_interfaces) StdoutLine: {'line': b'-- Up-to-date: /workspaces/isaac_ros-dev/src/ros2_ws/install/custom_interfaces/share/custom_interfaces/cmake/export_custom_interfaces__rosidl_generator_pyExport.cmake\n'}
[3.302365] (custom_interfaces) StdoutLine: {'line': b'-- Up-to-date: /workspaces/isaac_ros-dev/src/ros2_ws/install/custom_interfaces/share/custom_interfaces/cmake/export_custom_interfaces__rosidl_generator_pyExport-noconfig.cmake\n'}
[3.302723] (custom_interfaces) StdoutLine: {'line': b'-- Up-to-date: /workspaces/isaac_ros-dev/src/ros2_ws/install/custom_interfaces/share/custom_interfaces/cmake/rosidl_cmake-extras.cmake\n'}
[3.303001] (custom_interfaces) StdoutLine: {'line': b'-- Up-to-date: /workspaces/isaac_ros-dev/src/ros2_ws/install/custom_interfaces/share/custom_interfaces/cmake/ament_cmake_export_dependencies-extras.cmake\n'}
[3.303376] (custom_interfaces) StdoutLine: {'line': b'-- Up-to-date: /workspaces/isaac_ros-dev/src/ros2_ws/install/custom_interfaces/share/custom_interfaces/cmake/ament_cmake_export_include_directories-extras.cmake\n'}
[3.303546] (custom_interfaces) StdoutLine: {'line': b'-- Up-to-date: /workspaces/isaac_ros-dev/src/ros2_ws/install/custom_interfaces/share/custom_interfaces/cmake/ament_cmake_export_libraries-extras.cmake\n'}
[3.303734] (custom_interfaces) StdoutLine: {'line': b'-- Up-to-date: /workspaces/isaac_ros-dev/src/ros2_ws/install/custom_interfaces/share/custom_interfaces/cmake/ament_cmake_export_targets-extras.cmake\n'}
[3.303886] (custom_interfaces) StdoutLine: {'line': b'-- Up-to-date: /workspaces/isaac_ros-dev/src/ros2_ws/install/custom_interfaces/share/custom_interfaces/cmake/rosidl_cmake_export_typesupport_targets-extras.cmake\n'}
[3.304033] (custom_interfaces) StdoutLine: {'line': b'-- Up-to-date: /workspaces/isaac_ros-dev/src/ros2_ws/install/custom_interfaces/share/custom_interfaces/cmake/rosidl_cmake_export_typesupport_libraries-extras.cmake\n'}
[3.304176] (custom_interfaces) StdoutLine: {'line': b'-- Up-to-date: /workspaces/isaac_ros-dev/src/ros2_ws/install/custom_interfaces/share/custom_interfaces/cmake/custom_interfacesConfig.cmake\n'}
[3.304318] (custom_interfaces) StdoutLine: {'line': b'-- Up-to-date: /workspaces/isaac_ros-dev/src/ros2_ws/install/custom_interfaces/share/custom_interfaces/cmake/custom_interfacesConfig-version.cmake\n'}
[3.304458] (custom_interfaces) StdoutLine: {'line': b'-- Up-to-date: /workspaces/isaac_ros-dev/src/ros2_ws/install/custom_interfaces/share/custom_interfaces/package.xml\n'}
[3.320286] (custom_interfaces) CommandEnded: {'returncode': 0}
[3.332400] (-) TimerEvent: {}
[3.395429] (custom_interfaces) JobEnded: {'identifier': 'custom_interfaces', 'rc': 0}
[3.397379] (tracking_robot_pkg) JobStarted: {'identifier': 'tracking_robot_pkg'}
[3.432574] (-) TimerEvent: {}
[3.445883] (tracking_robot_pkg) JobProgress: {'identifier': 'tracking_robot_pkg', 'progress': 'cmake'}
[3.447976] (tracking_robot_pkg) JobProgress: {'identifier': 'tracking_robot_pkg', 'progress': 'build'}
[3.450656] (tracking_robot_pkg) Command: {'cmd': ['/usr/bin/cmake', '--build', '/workspaces/isaac_ros-dev/src/ros2_ws/build/tracking_robot_pkg', '--', '-j6', '-l6'], 'cwd': '/workspaces/isaac_ros-dev/src/ros2_ws/build/tracking_robot_pkg', 'env': OrderedDict([('LIBRARY_PATH', '/usr/local/cuda/lib64/stubs'), ('PYTHONWARNINGS', 'ignore:::setuptools.command.install,ignore:::setuptools.command.easy_install,ignore:::pkg_resources,ignore:::setuptools.command.develop'), ('NV_LIBCUBLAS_VERSION', '12.6.1.4-1'), ('USER', 'boss_bros'), ('NV_CUDA_NSIGHT_COMPUTE_VERSION', '12.6.11-1'), ('HOSTNAME', 'bossbros-desktop'), ('SHLVL', '1'), ('LD_LIBRARY_PATH', '/workspaces/isaac_ros-dev/src/ros2_ws/install/custom_interfaces/lib:/opt/ros/humble/opt/rviz_ogre_vendor/lib:/opt/ros/humble/lib/aarch64-linux-gnu:/opt/ros/humble/lib:/usr/lib/aarch64-linux-gnu/tegra/weston:/usr/lib/aarch64-linux-gnu/tegra-egl:/usr/local/cuda-12.6/targets/aarch64-linux/lib:/usr/lib/aarch64-linux-gnu/tegra:/opt/nvidia/vpi3/lib64:/usr/local/libcudss-linux-0.3.0.9_cuda12-archive/lib:/usr/local/nvidia/lib:/usr/local/nvidia/lib64:/usr/lib/aarch64-linux-gnu-host:/opt/tritonserver/lib'), ('HOME', '/home/admin'), ('OLDPWD', '/workspaces/isaac_ros-dev/src'), ('HOST_USER_GID', '1000'), ('NV_LIBCUBLAS_DEV_VERSION', '12.6.1.4-1'), ('ROS_PYTHON_VERSION', '3'), ('NV_LIBNPP_PACKAGE', 'libnpp-12-6=12.3.1.54-1'), ('CUDA_VERSION', '12.6.11'), ('COLCON_PREFIX_PATH', '/workspaces/isaac_ros-dev/src/ros2_ws/install'), ('ROS_DISTRO', 'humble'), ('NV_LIBCUBLAS_PACKAGE_NAME', 'libcublas-12-6'), ('NVIDIA_REQUIRE_CUDA', 'cuda>=12.6'), ('_', '/usr/bin/colcon'), ('ROS_VERSION', '2'), ('NV_LIBCUSPARSE_VERSION', '12.5.3.3-1'), ('NVIDIA_DRIVER_CAPABILITIES', 'all'), ('NV_CUDA_LIB_VERSION', '12.6.11-1'), ('NV_NVML_DEV_VERSION', '12.6.68-1'), ('USERNAME', 'admin'), ('NV_LIBNPP_DEV_PACKAGE', 'libnpp-dev-12-6=12.3.1.54-1'), ('TERM', 'xterm'), ('ISAAC_ROS_WS', '/workspaces/isaac_ros-dev'), ('NV_CUDA_CUDART_VERSION', '12.6.68-1'), ('ROS_LOCALHOST_ONLY', '0'), ('PATH', '/opt/ros/humble/bin:/opt/ros/humble/vcstool/scripts:/usr/local/nvidia/bin:/usr/local/cuda/bin:/usr/src/tensorrt/bin:/usr/local/nvidia/bin:/usr/local/cuda/bin:/usr/local/sbin:/usr/local/bin:/usr/sbin:/usr/bin:/sbin:/bin'), ('NV_LIBCUBLAS_DEV_PACKAGE_NAME', 'libcublas-dev-12-6'), ('NV_LIBCUBLAS_PACKAGE', 'libcublas-12-6=12.6.1.4-1'), ('HOST_USER_UID', '1000'), ('NVARCH', 'arm64'), ('CUDSS_DIR', '/usr/local/libcudss-linux-0.3.0.9_cuda12-archive'), ('NV_LIBCUSPARSE_DEV_VERSION', '12.5.3.3-1'), ('DISPLAY', ':1'), ('NVIDIA_PRODUCT_NAME', 'CUDA'), ('LANG', 'en_US.UTF-8'), ('RMW_IMPLEMENTATION', 'rmw_fastrtps_cpp'), ('NV_CUDA_CUDART_DEV_VERSION', '12.6.68-1'), ('ROS_ROOT', '/opt/ros/humble'), ('SSH_AUTH_SOCK', '/ssh-agent'), ('AMENT_PREFIX_PATH', '/workspaces/isaac_ros-dev/src/ros2_ws/install/tracking_robot_pkg:/workspaces/isaac_ros-dev/src/ros2_ws/install/custom_interfaces:/opt/ros/humble'), ('DEBIAN_FRONTEND', 'noninteractive'), ('SHELL', '/bin/bash'), ('TRT_INCLUDE_PATH', '/usr/include/aarch64-linux-gnu'), ('NV_LIBCUBLAS_DEV_PACKAGE', 'libcublas-dev-12-6=12.6.1.4-1'), ('NV_CUDA_NSIGHT_COMPUTE_DEV_PACKAGE', 'cuda-nsight-compute-12-6=12.6.11-1'), ('NVIDIA_REQUIRE_JETPACK_HOST_MOUNTS', 'base-only'), ('NV_NVTX_VERSION', '12.6.68-1'), ('NV_LIBNPP_VERSION', '12.3.1.54-1'), ('PWD', '/workspaces/isaac_ros-dev/src/ros2_ws/build/tracking_robot_pkg'), ('PYTHONPATH', '/workspaces/isaac_ros-dev/src/ros2_ws/install/custom_interfaces/local/lib/python3.10/dist-packages:/opt/ros/humble/lib/python3.10/site-packages:/opt/ros/humble/local/lib/python3.10/dist-packages:/opt/ros/humble/vcstool:'), ('NVIDIA_VISIBLE_DEVICES', 'nvidia.com/gpu=all,nvidia.com/pva=all'), ('COLCON', '1'), ('NV_LIBNPP_DEV_VERSION', '12.3.1.54-1'), ('CMAKE_PREFIX_PATH', '/workspaces/isaac_ros-dev/src/ros2_ws/install/custom_interfaces:/workspaces/isaac_ros-dev/src/ros2_ws/install/tracking_robot_pkg:/usr/local/libcudss-linux-0.3.0.9_cuda12-archive:/opt/ros/humble'), ('TRT_LIB_PATH', '/usr/lib/aarch64-linux-gnu')]), 'shell': False}
[3.533191] (-) TimerEvent: {}
[3.602002] (tracking_robot_pkg) StdoutLine: {'line': b'\x1b[35m\x1b[1mConsolidate compiler generated dependencies of target tracking_robot_server\x1b[0m\n'}
[3.634502] (-) TimerEvent: {}
[3.661757] (tracking_robot_pkg) StdoutLine: {'line': b'[ 50%] Built target tracking_robot_client\n'}
[3.685538] (tracking_robot_pkg) StdoutLine: {'line': b'[ 75%] \x1b[32mBuilding CXX object CMakeFiles/tracking_robot_server.dir/src/tracking_robot_server.cpp.o\x1b[0m\n'}
[3.734671] (-) TimerEvent: {}
[3.835441] (-) TimerEvent: {}
[3.936678] (-) TimerEvent: {}
[4.037542] (-) TimerEvent: {}
[4.138479] (-) TimerEvent: {}
[4.243629] (-) TimerEvent: {}
[4.347527] (-) TimerEvent: {}
[4.448424] (-) TimerEvent: {}
[4.549263] (-) TimerEvent: {}
[4.650401] (-) TimerEvent: {}
[4.751195] (-) TimerEvent: {}
[4.852009] (-) TimerEvent: {}
[4.952823] (-) TimerEvent: {}
[5.053882] (-) TimerEvent: {}
[5.154781] (-) TimerEvent: {}
[5.255527] (-) TimerEvent: {}
[5.356634] (-) TimerEvent: {}
[5.459215] (-) TimerEvent: {}
[5.560400] (-) TimerEvent: {}
[5.661762] (-) TimerEvent: {}
[5.762808] (-) TimerEvent: {}
[5.863654] (-) TimerEvent: {}
[5.964371] (-) TimerEvent: {}
[6.065086] (-) TimerEvent: {}
[6.165852] (-) TimerEvent: {}
[6.266890] (-) TimerEvent: {}
[6.368560] (-) TimerEvent: {}
[6.469310] (-) TimerEvent: {}
[6.570101] (-) TimerEvent: {}
[6.671022] (-) TimerEvent: {}
[6.771799] (-) TimerEvent: {}
[6.872667] (-) TimerEvent: {}
[6.973453] (-) TimerEvent: {}
[7.074307] (-) TimerEvent: {}
[7.175239] (-) TimerEvent: {}
[7.277954] (-) TimerEvent: {}
[7.378722] (-) TimerEvent: {}
[7.480400] (-) TimerEvent: {}
[7.581224] (-) TimerEvent: {}
[7.681960] (-) TimerEvent: {}
[7.784894] (-) TimerEvent: {}
[7.886427] (-) TimerEvent: {}
[7.987300] (-) TimerEvent: {}
[8.088022] (-) TimerEvent: {}
[8.189083] (-) TimerEvent: {}
[8.289740] (-) TimerEvent: {}
[8.390759] (-) TimerEvent: {}
[8.493337] (-) TimerEvent: {}
[8.595690] (-) TimerEvent: {}
[8.696789] (-) TimerEvent: {}
[8.797619] (-) TimerEvent: {}
[8.898446] (-) TimerEvent: {}
[8.999742] (-) TimerEvent: {}
[9.100777] (-) TimerEvent: {}
[9.201774] (-) TimerEvent: {}
[9.302903] (-) TimerEvent: {}
[9.403634] (-) TimerEvent: {}
[9.504444] (-) TimerEvent: {}
[9.605599] (-) TimerEvent: {}
[9.706602] (-) TimerEvent: {}
[9.807517] (-) TimerEvent: {}
[9.908387] (-) TimerEvent: {}
[10.009292] (-) TimerEvent: {}
[10.110201] (-) TimerEvent: {}
[10.211152] (-) TimerEvent: {}
[10.312585] (-) TimerEvent: {}
[10.413723] (-) TimerEvent: {}
[10.514956] (-) TimerEvent: {}
[10.616262] (-) TimerEvent: {}
[10.717322] (-) TimerEvent: {}
[10.818170] (-) TimerEvent: {}
[10.919191] (-) TimerEvent: {}
[11.020054] (-) TimerEvent: {}
[11.120945] (-) TimerEvent: {}
[11.221845] (-) TimerEvent: {}
[11.322791] (-) TimerEvent: {}
[11.423835] (-) TimerEvent: {}
[11.524946] (-) TimerEvent: {}
[11.625895] (-) TimerEvent: {}
[11.726848] (-) TimerEvent: {}
[11.827741] (-) TimerEvent: {}
[11.928615] (-) TimerEvent: {}
[12.029550] (-) TimerEvent: {}
[12.130477] (-) TimerEvent: {}
[12.231407] (-) TimerEvent: {}
[12.333389] (-) TimerEvent: {}
[12.434407] (-) TimerEvent: {}
[12.536098] (-) TimerEvent: {}
[12.637675] (-) TimerEvent: {}
[12.739420] (-) TimerEvent: {}
[12.840667] (-) TimerEvent: {}
[12.941520] (-) TimerEvent: {}
[13.042449] (-) TimerEvent: {}
[13.143276] (-) TimerEvent: {}
[13.246417] (-) TimerEvent: {}
[13.347123] (-) TimerEvent: {}
[13.448279] (-) TimerEvent: {}
[13.549217] (-) TimerEvent: {}
[13.650153] (-) TimerEvent: {}
[13.750986] (-) TimerEvent: {}
[13.851823] (-) TimerEvent: {}
[13.952605] (-) TimerEvent: {}
[14.053505] (-) TimerEvent: {}
[14.154390] (-) TimerEvent: {}
[14.255240] (-) TimerEvent: {}
[14.356262] (-) TimerEvent: {}
[14.458444] (-) TimerEvent: {}
[14.559460] (-) TimerEvent: {}
[14.660390] (-) TimerEvent: {}
[14.761205] (-) TimerEvent: {}
[14.862448] (-) TimerEvent: {}
[14.963222] (-) TimerEvent: {}
[15.065342] (-) TimerEvent: {}
[15.166883] (-) TimerEvent: {}
[15.267789] (-) TimerEvent: {}
[15.369203] (-) TimerEvent: {}
[15.470462] (-) TimerEvent: {}
[15.571377] (-) TimerEvent: {}
[15.672125] (-) TimerEvent: {}
[15.772880] (-) TimerEvent: {}
[15.873615] (-) TimerEvent: {}
[15.975975] (-) TimerEvent: {}
[16.078452] (-) TimerEvent: {}
[16.180556] (-) TimerEvent: {}
[16.282821] (-) TimerEvent: {}
[16.385040] (-) TimerEvent: {}
[16.486342] (-) TimerEvent: {}
[16.587549] (-) TimerEvent: {}
[16.688591] (-) TimerEvent: {}
[16.790752] (-) TimerEvent: {}
[16.891987] (-) TimerEvent: {}
[16.993053] (-) TimerEvent: {}
[17.094429] (-) TimerEvent: {}
[17.195156] (-) TimerEvent: {}
[17.295943] (-) TimerEvent: {}
[17.396743] (-) TimerEvent: {}
[17.498215] (-) TimerEvent: {}
[17.599652] (-) TimerEvent: {}
[17.700393] (-) TimerEvent: {}
[17.801735] (-) TimerEvent: {}
[17.904184] (-) TimerEvent: {}
[18.005724] (-) TimerEvent: {}
[18.106613] (-) TimerEvent: {}
[18.208124] (-) TimerEvent: {}
[18.309030] (-) TimerEvent: {}
[18.409904] (-) TimerEvent: {}
[18.510888] (-) TimerEvent: {}
[18.611743] (-) TimerEvent: {}
[18.712648] (-) TimerEvent: {}
[18.813545] (-) TimerEvent: {}
[18.915178] (-) TimerEvent: {}
[19.016012] (-) TimerEvent: {}
[19.116876] (-) TimerEvent: {}
[19.218439] (-) TimerEvent: {}
[19.319307] (-) TimerEvent: {}
[19.420298] (-) TimerEvent: {}
[19.523354] (-) TimerEvent: {}
[19.624120] (-) TimerEvent: {}
[19.725211] (-) TimerEvent: {}
[19.826437] (-) TimerEvent: {}
[19.933468] (-) TimerEvent: {}
[20.034424] (-) TimerEvent: {}
[20.136179] (-) TimerEvent: {}
[20.237037] (-) TimerEvent: {}
[20.337770] (-) TimerEvent: {}
[20.439022] (-) TimerEvent: {}
[20.540243] (-) TimerEvent: {}
[20.641274] (-) TimerEvent: {}
[20.742470] (-) TimerEvent: {}
[20.843261] (-) TimerEvent: {}
[20.944201] (-) TimerEvent: {}
[21.045031] (-) TimerEvent: {}
[21.145781] (-) TimerEvent: {}
[21.246568] (-) TimerEvent: {}
[21.347323] (-) TimerEvent: {}
[21.448714] (-) TimerEvent: {}
[21.549569] (-) TimerEvent: {}
[21.654944] (-) TimerEvent: {}
[21.757005] (-) TimerEvent: {}
[21.857774] (-) TimerEvent: {}
[21.958551] (-) TimerEvent: {}
[22.059367] (-) TimerEvent: {}
[22.161305] (-) TimerEvent: {}
[22.265993] (-) TimerEvent: {}
[22.366776] (-) TimerEvent: {}
[22.467664] (-) TimerEvent: {}
[22.568816] (-) TimerEvent: {}
[22.671976] (-) TimerEvent: {}
[22.773454] (-) TimerEvent: {}
[22.874194] (-) TimerEvent: {}
[22.976154] (-) TimerEvent: {}
[23.076898] (-) TimerEvent: {}
[23.179749] (-) TimerEvent: {}
[23.282460] (-) TimerEvent: {}
[23.383237] (-) TimerEvent: {}
[23.484389] (-) TimerEvent: {}
[23.585105] (-) TimerEvent: {}
[23.688141] (-) TimerEvent: {}
[23.788978] (-) TimerEvent: {}
[23.889733] (-) TimerEvent: {}
[23.990565] (-) TimerEvent: {}
[24.091830] (-) TimerEvent: {}
[24.192916] (-) TimerEvent: {}
[24.293797] (-) TimerEvent: {}
[24.394779] (-) TimerEvent: {}
[24.501603] (-) TimerEvent: {}
[24.602416] (-) TimerEvent: {}
[24.703142] (-) TimerEvent: {}
[24.805203] (-) TimerEvent: {}
[24.906456] (-) TimerEvent: {}
[25.007213] (-) TimerEvent: {}
[25.107943] (-) TimerEvent: {}
[25.208543] (-) TimerEvent: {}
[25.314921] (-) TimerEvent: {}
[25.415724] (-) TimerEvent: {}
[25.517253] (-) TimerEvent: {}
[25.618159] (-) TimerEvent: {}
[25.718909] (-) TimerEvent: {}
[25.821227] (-) TimerEvent: {}
[25.921976] (-) TimerEvent: {}
[26.023588] (-) TimerEvent: {}
[26.124923] (-) TimerEvent: {}
[26.225783] (-) TimerEvent: {}
[26.327251] (-) TimerEvent: {}
[26.427819] (-) TimerEvent: {}
[26.528496] (-) TimerEvent: {}
[26.629557] (-) TimerEvent: {}
[26.735805] (-) TimerEvent: {}
[26.836669] (-) TimerEvent: {}
[26.937483] (-) TimerEvent: {}
[27.038818] (-) TimerEvent: {}
[27.139692] (-) TimerEvent: {}
[27.240521] (-) TimerEvent: {}
[27.341363] (-) TimerEvent: {}
[27.442909] (-) TimerEvent: {}
[27.544254] (-) TimerEvent: {}
[27.645157] (-) TimerEvent: {}
[27.746399] (-) TimerEvent: {}
[27.847224] (-) TimerEvent: {}
[27.948397] (-) TimerEvent: {}
[28.049253] (-) TimerEvent: {}
[28.150149] (-) TimerEvent: {}
[28.251021] (-) TimerEvent: {}
[28.351819] (-) TimerEvent: {}
[28.452578] (-) TimerEvent: {}
[28.553332] (-) TimerEvent: {}
[28.654077] (-) TimerEvent: {}
[28.755253] (-) TimerEvent: {}
[28.856431] (-) TimerEvent: {}
[28.957510] (-) TimerEvent: {}
[29.058295] (-) TimerEvent: {}
[29.159417] (-) TimerEvent: {}
[29.260555] (-) TimerEvent: {}
[29.361947] (-) TimerEvent: {}
[29.463036] (-) TimerEvent: {}
[29.564099] (-) TimerEvent: {}
[29.668311] (-) TimerEvent: {}
[29.769091] (-) TimerEvent: {}
[29.869807] (-) TimerEvent: {}
[29.971395] (-) TimerEvent: {}
[30.072361] (-) TimerEvent: {}
[30.174451] (-) TimerEvent: {}
[30.278458] (-) TimerEvent: {}
[30.379305] (-) TimerEvent: {}
[30.480379] (-) TimerEvent: {}
[30.581967] (-) TimerEvent: {}
[30.682966] (-) TimerEvent: {}
[30.783678] (-) TimerEvent: {}
[30.884430] (-) TimerEvent: {}
[30.986412] (-) TimerEvent: {}
[31.091445] (-) TimerEvent: {}
[31.195407] (-) TimerEvent: {}
[31.302392] (-) TimerEvent: {}
[31.404567] (-) TimerEvent: {}
[31.510457] (-) TimerEvent: {}
[31.614488] (-) TimerEvent: {}
[31.718434] (-) TimerEvent: {}
[31.819685] (-) TimerEvent: {}
[31.920394] (-) TimerEvent: {}
[32.021117] (-) TimerEvent: {}
[32.122755] (-) TimerEvent: {}
[32.224233] (-) TimerEvent: {}
[32.325022] (-) TimerEvent: {}
[32.425768] (-) TimerEvent: {}
[32.532824] (-) TimerEvent: {}
[32.633511] (-) TimerEvent: {}
[32.734121] (-) TimerEvent: {}
[32.837014] (-) TimerEvent: {}
[32.937586] (-) TimerEvent: {}
[33.038345] (-) TimerEvent: {}
[33.139564] (-) TimerEvent: {}
[33.241412] (-) TimerEvent: {}
[33.342149] (-) TimerEvent: {}
[33.442926] (-) TimerEvent: {}
[33.554465] (-) TimerEvent: {}
[33.655275] (-) TimerEvent: {}
[33.756125] (-) TimerEvent: {}
[33.856827] (-) TimerEvent: {}
[33.957768] (-) TimerEvent: {}
[34.058799] (-) TimerEvent: {}
[34.159651] (-) TimerEvent: {}
[34.260499] (-) TimerEvent: {}
[34.361824] (-) TimerEvent: {}
[34.467919] (-) TimerEvent: {}
[34.569621] (-) TimerEvent: {}
[34.670930] (-) TimerEvent: {}
[34.772888] (-) TimerEvent: {}
[34.874602] (-) TimerEvent: {}
[34.976108] (-) TimerEvent: {}
[35.077772] (-) TimerEvent: {}
[35.178549] (-) TimerEvent: {}
[35.279290] (-) TimerEvent: {}
[35.380164] (-) TimerEvent: {}
[35.481096] (-) TimerEvent: {}
[35.581947] (-) TimerEvent: {}
[35.682881] (-) TimerEvent: {}
[35.783744] (-) TimerEvent: {}
[35.884632] (-) TimerEvent: {}
[35.985561] (-) TimerEvent: {}
[36.086451] (-) TimerEvent: {}
[36.187954] (-) TimerEvent: {}
[36.288869] (-) TimerEvent: {}
[36.389765] (-) TimerEvent: {}
[36.490561] (-) TimerEvent: {}
[36.593822] (-) TimerEvent: {}
[36.694763] (-) TimerEvent: {}
[36.796784] (-) TimerEvent: {}
[36.899833] (-) TimerEvent: {}
[37.001175] (-) TimerEvent: {}
[37.102032] (-) TimerEvent: {}
[37.202819] (-) TimerEvent: {}
[37.304090] (-) TimerEvent: {}
[37.404836] (-) TimerEvent: {}
[37.506200] (-) TimerEvent: {}
[37.607106] (-) TimerEvent: {}
[37.708732] (-) TimerEvent: {}
[37.809638] (-) TimerEvent: {}
[37.911534] (-) TimerEvent: {}
[38.012240] (-) TimerEvent: {}
[38.087768] (tracking_robot_pkg) StdoutLine: {'line': b'[100%] \x1b[32m\x1b[1mLinking CXX executable tracking_robot_server\x1b[0m\n'}
[38.112489] (-) TimerEvent: {}
[38.215251] (-) TimerEvent: {}
[38.316329] (-) TimerEvent: {}
[38.417087] (-) TimerEvent: {}
[38.521940] (-) TimerEvent: {}
[38.626486] (-) TimerEvent: {}
[38.727229] (-) TimerEvent: {}
[38.828006] (-) TimerEvent: {}
[38.929295] (-) TimerEvent: {}
[39.034157] (-) TimerEvent: {}
[39.135041] (-) TimerEvent: {}
[39.235900] (-) TimerEvent: {}
[39.336693] (-) TimerEvent: {}
[39.437472] (-) TimerEvent: {}
[39.538297] (-) TimerEvent: {}
[39.639037] (-) TimerEvent: {}
[39.740546] (-) TimerEvent: {}
[39.841758] (-) TimerEvent: {}
[39.942525] (-) TimerEvent: {}
[40.044009] (-) TimerEvent: {}
[40.145550] (-) TimerEvent: {}
[40.246866] (-) TimerEvent: {}
[40.311248] (tracking_robot_pkg) StdoutLine: {'line': b'[100%] Built target tracking_robot_server\n'}
[40.347164] (-) TimerEvent: {}
[40.374564] (tracking_robot_pkg) CommandEnded: {'returncode': 0}
[40.376310] (tracking_robot_pkg) JobProgress: {'identifier': 'tracking_robot_pkg', 'progress': 'install'}
[40.376411] (tracking_robot_pkg) Command: {'cmd': ['/usr/bin/cmake', '--install', '/workspaces/isaac_ros-dev/src/ros2_ws/build/tracking_robot_pkg'], 'cwd': '/workspaces/isaac_ros-dev/src/ros2_ws/build/tracking_robot_pkg', 'env': OrderedDict([('LIBRARY_PATH', '/usr/local/cuda/lib64/stubs'), ('PYTHONWARNINGS', 'ignore:::setuptools.command.install,ignore:::setuptools.command.easy_install,ignore:::pkg_resources,ignore:::setuptools.command.develop'), ('NV_LIBCUBLAS_VERSION', '12.6.1.4-1'), ('USER', 'boss_bros'), ('NV_CUDA_NSIGHT_COMPUTE_VERSION', '12.6.11-1'), ('HOSTNAME', 'bossbros-desktop'), ('SHLVL', '1'), ('LD_LIBRARY_PATH', '/workspaces/isaac_ros-dev/src/ros2_ws/install/custom_interfaces/lib:/opt/ros/humble/opt/rviz_ogre_vendor/lib:/opt/ros/humble/lib/aarch64-linux-gnu:/opt/ros/humble/lib:/usr/lib/aarch64-linux-gnu/tegra/weston:/usr/lib/aarch64-linux-gnu/tegra-egl:/usr/local/cuda-12.6/targets/aarch64-linux/lib:/usr/lib/aarch64-linux-gnu/tegra:/opt/nvidia/vpi3/lib64:/usr/local/libcudss-linux-0.3.0.9_cuda12-archive/lib:/usr/local/nvidia/lib:/usr/local/nvidia/lib64:/usr/lib/aarch64-linux-gnu-host:/opt/tritonserver/lib'), ('HOME', '/home/admin'), ('OLDPWD', '/workspaces/isaac_ros-dev/src'), ('HOST_USER_GID', '1000'), ('NV_LIBCUBLAS_DEV_VERSION', '12.6.1.4-1'), ('ROS_PYTHON_VERSION', '3'), ('NV_LIBNPP_PACKAGE', 'libnpp-12-6=12.3.1.54-1'), ('CUDA_VERSION', '12.6.11'), ('COLCON_PREFIX_PATH', '/workspaces/isaac_ros-dev/src/ros2_ws/install'), ('ROS_DISTRO', 'humble'), ('NV_LIBCUBLAS_PACKAGE_NAME', 'libcublas-12-6'), ('NVIDIA_REQUIRE_CUDA', 'cuda>=12.6'), ('_', '/usr/bin/colcon'), ('ROS_VERSION', '2'), ('NV_LIBCUSPARSE_VERSION', '12.5.3.3-1'), ('NVIDIA_DRIVER_CAPABILITIES', 'all'), ('NV_CUDA_LIB_VERSION', '12.6.11-1'), ('NV_NVML_DEV_VERSION', '12.6.68-1'), ('USERNAME', 'admin'), ('NV_LIBNPP_DEV_PACKAGE', 'libnpp-dev-12-6=12.3.1.54-1'), ('TERM', 'xterm'), ('ISAAC_ROS_WS', '/workspaces/isaac_ros-dev'), ('NV_CUDA_CUDART_VERSION', '12.6.68-1'), ('ROS_LOCALHOST_ONLY', '0'), ('PATH', '/opt/ros/humble/bin:/opt/ros/humble/vcstool/scripts:/usr/local/nvidia/bin:/usr/local/cuda/bin:/usr/src/tensorrt/bin:/usr/local/nvidia/bin:/usr/local/cuda/bin:/usr/local/sbin:/usr/local/bin:/usr/sbin:/usr/bin:/sbin:/bin'), ('NV_LIBCUBLAS_DEV_PACKAGE_NAME', 'libcublas-dev-12-6'), ('NV_LIBCUBLAS_PACKAGE', 'libcublas-12-6=12.6.1.4-1'), ('HOST_USER_UID', '1000'), ('NVARCH', 'arm64'), ('CUDSS_DIR', '/usr/local/libcudss-linux-0.3.0.9_cuda12-archive'), ('NV_LIBCUSPARSE_DEV_VERSION', '12.5.3.3-1'), ('DISPLAY', ':1'), ('NVIDIA_PRODUCT_NAME', 'CUDA'), ('LANG', 'en_US.UTF-8'), ('RMW_IMPLEMENTATION', 'rmw_fastrtps_cpp'), ('NV_CUDA_CUDART_DEV_VERSION', '12.6.68-1'), ('ROS_ROOT', '/opt/ros/humble'), ('SSH_AUTH_SOCK', '/ssh-agent'), ('AMENT_PREFIX_PATH', '/workspaces/isaac_ros-dev/src/ros2_ws/install/tracking_robot_pkg:/workspaces/isaac_ros-dev/src/ros2_ws/install/custom_interfaces:/opt/ros/humble'), ('DEBIAN_FRONTEND', 'noninteractive'), ('SHELL', '/bin/bash'), ('TRT_INCLUDE_PATH', '/usr/include/aarch64-linux-gnu'), ('NV_LIBCUBLAS_DEV_PACKAGE', 'libcublas-dev-12-6=12.6.1.4-1'), ('NV_CUDA_NSIGHT_COMPUTE_DEV_PACKAGE', 'cuda-nsight-compute-12-6=12.6.11-1'), ('NVIDIA_REQUIRE_JETPACK_HOST_MOUNTS', 'base-only'), ('NV_NVTX_VERSION', '12.6.68-1'), ('NV_LIBNPP_VERSION', '12.3.1.54-1'), ('PWD', '/workspaces/isaac_ros-dev/src/ros2_ws/build/tracking_robot_pkg'), ('PYTHONPATH', '/workspaces/isaac_ros-dev/src/ros2_ws/install/custom_interfaces/local/lib/python3.10/dist-packages:/opt/ros/humble/lib/python3.10/site-packages:/opt/ros/humble/local/lib/python3.10/dist-packages:/opt/ros/humble/vcstool:'), ('NVIDIA_VISIBLE_DEVICES', 'nvidia.com/gpu=all,nvidia.com/pva=all'), ('COLCON', '1'), ('NV_LIBNPP_DEV_VERSION', '12.3.1.54-1'), ('CMAKE_PREFIX_PATH', '/workspaces/isaac_ros-dev/src/ros2_ws/install/custom_interfaces:/workspaces/isaac_ros-dev/src/ros2_ws/install/tracking_robot_pkg:/usr/local/libcudss-linux-0.3.0.9_cuda12-archive:/opt/ros/humble'), ('TRT_LIB_PATH', '/usr/lib/aarch64-linux-gnu')]), 'shell': False}
[40.417707] (tracking_robot_pkg) StdoutLine: {'line': b'-- Install configuration: ""\n'}
[40.420629] (tracking_robot_pkg) StdoutLine: {'line': b'-- Up-to-date: /workspaces/isaac_ros-dev/src/ros2_ws/install/tracking_robot_pkg/lib/tracking_robot_pkg/tracking_robot_client\n'}
[40.425112] (tracking_robot_pkg) StdoutLine: {'line': b'-- Installing: /workspaces/isaac_ros-dev/src/ros2_ws/install/tracking_robot_pkg/lib/tracking_robot_pkg/tracking_robot_server\n'}
[40.447406] (-) TimerEvent: {}
[40.463567] (tracking_robot_pkg) StdoutLine: {'line': b'-- Set runtime path of "/workspaces/isaac_ros-dev/src/ros2_ws/install/tracking_robot_pkg/lib/tracking_robot_pkg/tracking_robot_server" to ""\n'}
[40.464143] (tracking_robot_pkg) StdoutLine: {'line': b'-- Up-to-date: /workspaces/isaac_ros-dev/src/ros2_ws/install/tracking_robot_pkg/share/tracking_robot_pkg//launch\n'}
[40.464369] (tracking_robot_pkg) StdoutLine: {'line': b'-- Up-to-date: /workspaces/isaac_ros-dev/src/ros2_ws/install/tracking_robot_pkg/share/tracking_robot_pkg//launch/tracking_robot.launch.py\n'}
[40.464551] (tracking_robot_pkg) StdoutLine: {'line': b'-- Up-to-date: /workspaces/isaac_ros-dev/src/ros2_ws/install/tracking_robot_pkg/share/ament_index/resource_index/package_run_dependencies/tracking_robot_pkg\n'}
[40.464724] (tracking_robot_pkg) StdoutLine: {'line': b'-- Up-to-date: /workspaces/isaac_ros-dev/src/ros2_ws/install/tracking_robot_pkg/share/ament_index/resource_index/parent_prefix_path/tracking_robot_pkg\n'}
[40.464878] (tracking_robot_pkg) StdoutLine: {'line': b'-- Up-to-date: /workspaces/isaac_ros-dev/src/ros2_ws/install/tracking_robot_pkg/share/tracking_robot_pkg/environment/ament_prefix_path.sh\n'}
[40.465026] (tracking_robot_pkg) StdoutLine: {'line': b'-- Up-to-date: /workspaces/isaac_ros-dev/src/ros2_ws/install/tracking_robot_pkg/share/tracking_robot_pkg/environment/ament_prefix_path.dsv\n'}
[40.465174] (tracking_robot_pkg) StdoutLine: {'line': b'-- Up-to-date: /workspaces/isaac_ros-dev/src/ros2_ws/install/tracking_robot_pkg/share/tracking_robot_pkg/environment/path.sh\n'}
[40.465468] (tracking_robot_pkg) StdoutLine: {'line': b'-- Up-to-date: /workspaces/isaac_ros-dev/src/ros2_ws/install/tracking_robot_pkg/share/tracking_robot_pkg/environment/path.dsv\n'}
[40.465649] (tracking_robot_pkg) StdoutLine: {'line': b'-- Up-to-date: /workspaces/isaac_ros-dev/src/ros2_ws/install/tracking_robot_pkg/share/tracking_robot_pkg/local_setup.bash\n'}
[40.465802] (tracking_robot_pkg) StdoutLine: {'line': b'-- Up-to-date: /workspaces/isaac_ros-dev/src/ros2_ws/install/tracking_robot_pkg/share/tracking_robot_pkg/local_setup.sh\n'}
[40.465949] (tracking_robot_pkg) StdoutLine: {'line': b'-- Up-to-date: /workspaces/isaac_ros-dev/src/ros2_ws/install/tracking_robot_pkg/share/tracking_robot_pkg/local_setup.zsh\n'}
[40.466147] (tracking_robot_pkg) StdoutLine: {'line': b'-- Up-to-date: /workspaces/isaac_ros-dev/src/ros2_ws/install/tracking_robot_pkg/share/tracking_robot_pkg/local_setup.dsv\n'}
[40.466330] (tracking_robot_pkg) StdoutLine: {'line': b'-- Installing: /workspaces/isaac_ros-dev/src/ros2_ws/install/tracking_robot_pkg/share/tracking_robot_pkg/package.dsv\n'}
[40.470041] (tracking_robot_pkg) StdoutLine: {'line': b'-- Up-to-date: /workspaces/isaac_ros-dev/src/ros2_ws/install/tracking_robot_pkg/share/ament_index/resource_index/packages/tracking_robot_pkg\n'}
[40.470843] (tracking_robot_pkg) StdoutLine: {'line': b'-- Up-to-date: /workspaces/isaac_ros-dev/src/ros2_ws/install/tracking_robot_pkg/share/tracking_robot_pkg/cmake/tracking_robot_pkgConfig.cmake\n'}
[40.471190] (tracking_robot_pkg) StdoutLine: {'line': b'-- Up-to-date: /workspaces/isaac_ros-dev/src/ros2_ws/install/tracking_robot_pkg/share/tracking_robot_pkg/cmake/tracking_robot_pkgConfig-version.cmake\n'}
[40.471403] (tracking_robot_pkg) StdoutLine: {'line': b'-- Up-to-date: /workspaces/isaac_ros-dev/src/ros2_ws/install/tracking_robot_pkg/share/tracking_robot_pkg/package.xml\n'}
[40.484336] (tracking_robot_pkg) CommandEnded: {'returncode': 0}
[40.554431] (-) TimerEvent: {}
[40.644422] (tracking_robot_pkg) JobEnded: {'identifier': 'tracking_robot_pkg', 'rc': 0}
[40.645858] (-) EventReactorShutdown: {}
