[0.035s] Invoking command in '/home/sebastian/ros2_ws/build/topic_publisher_pkg': CMAKE_PREFIX_PATH=${CMAKE_PREFIX_PATH}:/opt/ros/humble /usr/bin/cmake --build /home/sebastian/ros2_ws/build/topic_publisher_pkg -- -j20 -l20
[0.061s] -- Found ament_cmake: 1.3.11 (/opt/ros/humble/share/ament_cmake/cmake)
[0.142s] -- Found rclcpp: 16.0.11 (/opt/ros/humble/share/rclcpp/cmake)
[0.156s] -- Found rosidl_generator_c: 3.1.6 (/opt/ros/humble/share/rosidl_generator_c/cmake)
[0.157s] -- Found rosidl_adapter: 3.1.6 (/opt/ros/humble/share/rosidl_adapter/cmake)
[0.160s] -- Found rosidl_generator_cpp: 3.1.6 (/opt/ros/humble/share/rosidl_generator_cpp/cmake)
[0.165s] -- Using all available rosidl_typesupport_c: rosidl_typesupport_fastrtps_c;rosidl_typesupport_introspection_c
[0.171s] -- Using all available rosidl_typesupport_cpp: rosidl_typesupport_fastrtps_cpp;rosidl_typesupport_introspection_cpp
[0.188s] -- Found rmw_implementation_cmake: 6.1.2 (/opt/ros/humble/share/rmw_implementation_cmake/cmake)
[0.188s] -- Found rmw_fastrtps_cpp: 6.2.7 (/opt/ros/humble/share/rmw_fastrtps_cpp/cmake)
[0.246s] -- Using RMW implementation 'rmw_fastrtps_cpp' as default
[0.277s] -- Found geometry_msgs: 4.2.4 (/opt/ros/humble/share/geometry_msgs/cmake)
[0.283s] -- Found sensor_msgs: 4.2.4 (/opt/ros/humble/share/sensor_msgs/cmake)
[0.292s] -- Found ament_lint_auto: 0.12.11 (/opt/ros/humble/share/ament_lint_auto/cmake)
[0.333s] -- Added test 'cppcheck' to perform static code analysis on C / C++ code
[0.333s] -- Configured cppcheck include dirs: 
[0.333s] -- Configured cppcheck exclude dirs and/or files: 
[0.333s] -- Added test 'flake8' to check Python code syntax and style conventions
[0.333s] -- Added test 'lint_cmake' to check CMake code style
[0.333s] -- Added test 'pep257' to check Python code against some of the docstring style conventions in PEP 257
[0.334s] -- Added test 'uncrustify' to check C / C++ code style
[0.334s] -- Configured uncrustify additional arguments: 
[0.334s] -- Added test 'xmllint' to check XML markup files
[0.334s] -- Configuring done
[0.347s] -- Generating done
[0.351s] -- Build files have been written to: /home/sebastian/ros2_ws/build/topic_publisher_pkg
[0.366s] [35m[1mConsolidate compiler generated dependencies of target simple_publisher[0m
[0.366s] [35m[1mConsolidate compiler generated dependencies of target circle_wall[0m
[0.366s] [35m[1mConsolidate compiler generated dependencies of target simple_subscriber[0m
[0.368s] [35m[1mConsolidate compiler generated dependencies of target simple_publisher_node[0m
[0.368s] [35m[1mConsolidate compiler generated dependencies of target move_robot[0m
[0.375s] [ 20%] Built target simple_publisher
[0.375s] [ 40%] Built target simple_subscriber
[0.377s] [ 60%] Built target circle_wall
[0.377s] [ 80%] Built target move_robot
[0.377s] [100%] Built target simple_publisher_node
[0.383s] Invoked command in '/home/sebastian/ros2_ws/build/topic_publisher_pkg' returned '0': CMAKE_PREFIX_PATH=${CMAKE_PREFIX_PATH}:/opt/ros/humble /usr/bin/cmake --build /home/sebastian/ros2_ws/build/topic_publisher_pkg -- -j20 -l20
[0.384s] Invoking command in '/home/sebastian/ros2_ws/build/topic_publisher_pkg': CMAKE_PREFIX_PATH=${CMAKE_PREFIX_PATH}:/opt/ros/humble /usr/bin/cmake --install /home/sebastian/ros2_ws/build/topic_publisher_pkg
[0.388s] -- Install configuration: ""
[0.389s] -- Up-to-date: /home/sebastian/ros2_ws/install/topic_publisher_pkg/lib/topic_publisher_pkg/simple_publisher_node
[0.390s] -- Up-to-date: /home/sebastian/ros2_ws/install/topic_publisher_pkg/lib/topic_publisher_pkg/move_robot
[0.390s] -- Up-to-date: /home/sebastian/ros2_ws/install/topic_publisher_pkg/lib/topic_publisher_pkg/simple_publisher
[0.391s] -- Up-to-date: /home/sebastian/ros2_ws/install/topic_publisher_pkg/lib/topic_publisher_pkg/simple_subscriber
[0.391s] -- Up-to-date: /home/sebastian/ros2_ws/install/topic_publisher_pkg/lib/topic_publisher_pkg/circle_wall
[0.391s] -- Up-to-date: /home/sebastian/ros2_ws/install/topic_publisher_pkg/share/topic_publisher_pkg//launch
[0.391s] -- Up-to-date: /home/sebastian/ros2_ws/install/topic_publisher_pkg/share/topic_publisher_pkg//launch/simple_publisher.launch.py
[0.391s] -- Up-to-date: /home/sebastian/ros2_ws/install/topic_publisher_pkg/share/topic_publisher_pkg//launch/simple_topic_publisher.launch.py
[0.391s] -- Up-to-date: /home/sebastian/ros2_ws/install/topic_publisher_pkg/share/topic_publisher_pkg//launch/move_robot.launch.py
[0.391s] -- Up-to-date: /home/sebastian/ros2_ws/install/topic_publisher_pkg/share/topic_publisher_pkg//launch/simple_subscriber.launch.py
[0.391s] -- Up-to-date: /home/sebastian/ros2_ws/install/topic_publisher_pkg/share/topic_publisher_pkg//launch/circle_wall.launch.py
[0.391s] -- Up-to-date: /home/sebastian/ros2_ws/install/topic_publisher_pkg/share/ament_index/resource_index/package_run_dependencies/topic_publisher_pkg
[0.391s] -- Installing: /home/sebastian/ros2_ws/install/topic_publisher_pkg/share/ament_index/resource_index/parent_prefix_path/topic_publisher_pkg
[0.391s] -- Up-to-date: /home/sebastian/ros2_ws/install/topic_publisher_pkg/share/topic_publisher_pkg/environment/ament_prefix_path.sh
[0.391s] -- Installing: /home/sebastian/ros2_ws/install/topic_publisher_pkg/share/topic_publisher_pkg/environment/ament_prefix_path.dsv
[0.391s] -- Up-to-date: /home/sebastian/ros2_ws/install/topic_publisher_pkg/share/topic_publisher_pkg/environment/path.sh
[0.391s] -- Installing: /home/sebastian/ros2_ws/install/topic_publisher_pkg/share/topic_publisher_pkg/environment/path.dsv
[0.391s] -- Up-to-date: /home/sebastian/ros2_ws/install/topic_publisher_pkg/share/topic_publisher_pkg/local_setup.bash
[0.392s] -- Up-to-date: /home/sebastian/ros2_ws/install/topic_publisher_pkg/share/topic_publisher_pkg/local_setup.sh
[0.392s] -- Up-to-date: /home/sebastian/ros2_ws/install/topic_publisher_pkg/share/topic_publisher_pkg/local_setup.zsh
[0.392s] -- Installing: /home/sebastian/ros2_ws/install/topic_publisher_pkg/share/topic_publisher_pkg/local_setup.dsv
[0.392s] -- Installing: /home/sebastian/ros2_ws/install/topic_publisher_pkg/share/topic_publisher_pkg/package.dsv
[0.392s] -- Up-to-date: /home/sebastian/ros2_ws/install/topic_publisher_pkg/share/ament_index/resource_index/packages/topic_publisher_pkg
[0.392s] -- Up-to-date: /home/sebastian/ros2_ws/install/topic_publisher_pkg/share/topic_publisher_pkg/cmake/topic_publisher_pkgConfig.cmake
[0.392s] -- Up-to-date: /home/sebastian/ros2_ws/install/topic_publisher_pkg/share/topic_publisher_pkg/cmake/topic_publisher_pkgConfig-version.cmake
[0.392s] -- Up-to-date: /home/sebastian/ros2_ws/install/topic_publisher_pkg/share/topic_publisher_pkg/package.xml
[0.400s] Invoked command in '/home/sebastian/ros2_ws/build/topic_publisher_pkg' returned '0': CMAKE_PREFIX_PATH=${CMAKE_PREFIX_PATH}:/opt/ros/humble /usr/bin/cmake --install /home/sebastian/ros2_ws/build/topic_publisher_pkg
