[0.000000] (-) TimerEvent: {}
[0.001227] (custom_interfaces) JobQueued: {'identifier': 'custom_interfaces', 'dependencies': OrderedDict()}
[0.001567] (tracking_robot_pkg) JobQueued: {'identifier': 'tracking_robot_pkg', 'dependencies': OrderedDict([('custom_interfaces', '/workspaces/isaac_ros-dev/src/ros2_ws/install/custom_interfaces')])}
[0.001892] (custom_interfaces) JobStarted: {'identifier': 'custom_interfaces'}
[0.026327] (custom_interfaces) JobProgress: {'identifier': 'custom_interfaces', 'progress': 'cmake'}
[0.027864] (custom_interfaces) JobProgress: {'identifier': 'custom_interfaces', 'progress': 'build'}
[0.029330] (custom_interfaces) Command: {'cmd': ['/usr/bin/cmake', '--build', '/workspaces/isaac_ros-dev/src/ros2_ws/build/custom_interfaces', '--', '-j6', '-l6'], 'cwd': '/workspaces/isaac_ros-dev/src/ros2_ws/build/custom_interfaces', 'env': OrderedDict([('LIBRARY_PATH', '/usr/local/cuda/lib64/stubs'), ('PYTHONWARNINGS', 'ignore:::setuptools.command.install,ignore:::setuptools.command.easy_install,ignore:::pkg_resources,ignore:::setuptools.command.develop'), ('NV_LIBCUBLAS_VERSION', '12.6.1.4-1'), ('USER', 'boss_bros'), ('NV_CUDA_NSIGHT_COMPUTE_VERSION', '12.6.11-1'), ('HOSTNAME', 'bossbros-desktop'), ('SHLVL', '1'), ('LD_LIBRARY_PATH', '/workspaces/isaac_ros-dev/src/ros2_ws/install/custom_interfaces/lib:/opt/ros/humble/opt/rviz_ogre_vendor/lib:/opt/ros/humble/lib/aarch64-linux-gnu:/opt/ros/humble/lib:/usr/lib/aarch64-linux-gnu/tegra/weston:/usr/lib/aarch64-linux-gnu/tegra-egl:/usr/local/cuda-12.6/targets/aarch64-linux/lib:/usr/lib/aarch64-linux-gnu/tegra:/opt/nvidia/vpi3/lib64:/usr/local/libcudss-linux-0.3.0.9_cuda12-archive/lib:/usr/local/nvidia/lib:/usr/local/nvidia/lib64:/usr/lib/aarch64-linux-gnu-host:/opt/tritonserver/lib'), ('HOME', '/home/admin'), ('OLDPWD', '/workspaces/isaac_ros-dev/src'), ('HOST_USER_GID', '1000'), ('NV_LIBCUBLAS_DEV_VERSION', '12.6.1.4-1'), ('ROS_PYTHON_VERSION', '3'), ('NV_LIBNPP_PACKAGE', 'libnpp-12-6=12.3.1.54-1'), ('CUDA_VERSION', '12.6.11'), ('COLCON_PREFIX_PATH', '/workspaces/isaac_ros-dev/src/ros2_ws/install'), ('ROS_DISTRO', 'humble'), ('NV_LIBCUBLAS_PACKAGE_NAME', 'libcublas-12-6'), ('NVIDIA_REQUIRE_CUDA', 'cuda>=12.6'), ('_', '/usr/bin/colcon'), ('ROS_VERSION', '2'), ('NV_LIBCUSPARSE_VERSION', '12.5.3.3-1'), ('NVIDIA_DRIVER_CAPABILITIES', 'all'), ('NV_CUDA_LIB_VERSION', '12.6.11-1'), ('NV_NVML_DEV_VERSION', '12.6.68-1'), ('USERNAME', 'admin'), ('NV_LIBNPP_DEV_PACKAGE', 'libnpp-dev-12-6=12.3.1.54-1'), ('TERM', 'xterm'), ('ISAAC_ROS_WS', '/workspaces/isaac_ros-dev'), ('NV_CUDA_CUDART_VERSION', '12.6.68-1'), ('ROS_LOCALHOST_ONLY', '0'), ('PATH', '/opt/ros/humble/bin:/opt/ros/humble/vcstool/scripts:/usr/local/nvidia/bin:/usr/local/cuda/bin:/usr/src/tensorrt/bin:/usr/local/nvidia/bin:/usr/local/cuda/bin:/usr/local/sbin:/usr/local/bin:/usr/sbin:/usr/bin:/sbin:/bin'), ('NV_LIBCUBLAS_DEV_PACKAGE_NAME', 'libcublas-dev-12-6'), ('NV_LIBCUBLAS_PACKAGE', 'libcublas-12-6=12.6.1.4-1'), ('HOST_USER_UID', '1000'), ('NVARCH', 'arm64'), ('CUDSS_DIR', '/usr/local/libcudss-linux-0.3.0.9_cuda12-archive'), ('NV_LIBCUSPARSE_DEV_VERSION', '12.5.3.3-1'), ('DISPLAY', ':1'), ('NVIDIA_PRODUCT_NAME', 'CUDA'), ('LANG', 'en_US.UTF-8'), ('RMW_IMPLEMENTATION', 'rmw_fastrtps_cpp'), ('NV_CUDA_CUDART_DEV_VERSION', '12.6.68-1'), ('ROS_ROOT', '/opt/ros/humble'), ('SSH_AUTH_SOCK', '/ssh-agent'), ('AMENT_PREFIX_PATH', '/workspaces/isaac_ros-dev/src/ros2_ws/install/tracking_robot_pkg:/workspaces/isaac_ros-dev/src/ros2_ws/install/custom_interfaces:/opt/ros/humble'), ('DEBIAN_FRONTEND', 'noninteractive'), ('SHELL', '/bin/bash'), ('TRT_INCLUDE_PATH', '/usr/include/aarch64-linux-gnu'), ('NV_LIBCUBLAS_DEV_PACKAGE', 'libcublas-dev-12-6=12.6.1.4-1'), ('NV_CUDA_NSIGHT_COMPUTE_DEV_PACKAGE', 'cuda-nsight-compute-12-6=12.6.11-1'), ('NVIDIA_REQUIRE_JETPACK_HOST_MOUNTS', 'base-only'), ('NV_NVTX_VERSION', '12.6.68-1'), ('NV_LIBNPP_VERSION', '12.3.1.54-1'), ('PWD', '/workspaces/isaac_ros-dev/src/ros2_ws/build/custom_interfaces'), ('PYTHONPATH', '/workspaces/isaac_ros-dev/src/ros2_ws/install/custom_interfaces/local/lib/python3.10/dist-packages:/opt/ros/humble/lib/python3.10/site-packages:/opt/ros/humble/local/lib/python3.10/dist-packages:/opt/ros/humble/vcstool:'), ('NVIDIA_VISIBLE_DEVICES', 'nvidia.com/gpu=all,nvidia.com/pva=all'), ('COLCON', '1'), ('NV_LIBNPP_DEV_VERSION', '12.3.1.54-1'), ('CMAKE_PREFIX_PATH', '/workspaces/isaac_ros-dev/src/ros2_ws/install/tracking_robot_pkg:/workspaces/isaac_ros-dev/src/ros2_ws/install/custom_interfaces:/usr/local/libcudss-linux-0.3.0.9_cuda12-archive::/opt/ros/humble'), ('TRT_LIB_PATH', '/usr/lib/aarch64-linux-gnu')]), 'shell': False}
[0.099205] (-) TimerEvent: {}
[0.199947] (-) TimerEvent: {}
[0.233877] (custom_interfaces) StdoutLine: {'line': b'[ 12%] Built target custom_interfaces__rosidl_generator_c\n'}
[0.235056] (custom_interfaces) StdoutLine: {'line': b'[ 12%] Built target custom_interfaces__cpp\n'}
[0.258806] (custom_interfaces) StdoutLine: {'line': b'[ 12%] Built target ament_cmake_python_copy_custom_interfaces\n'}
[0.300150] (-) TimerEvent: {}
[0.315504] (custom_interfaces) StdoutLine: {'line': b'[ 22%] Built target custom_interfaces__rosidl_typesupport_fastrtps_cpp\n'}
[0.318186] (custom_interfaces) StdoutLine: {'line': b'[ 32%] Built target custom_interfaces__rosidl_typesupport_introspection_cpp\n'}
[0.355410] (custom_interfaces) StdoutLine: {'line': b'[ 41%] Built target custom_interfaces__rosidl_typesupport_cpp\n'}
[0.372901] (custom_interfaces) StdoutLine: {'line': b'[ 51%] Built target custom_interfaces__rosidl_typesupport_introspection_c\n'}
[0.386583] (custom_interfaces) StdoutLine: {'line': b'[ 61%] Built target custom_interfaces__rosidl_typesupport_fastrtps_c\n'}
[0.396268] (custom_interfaces) StdoutLine: {'line': b'[ 70%] Built target custom_interfaces__rosidl_typesupport_c\n'}
[0.400265] (-) TimerEvent: {}
[0.488285] (custom_interfaces) StdoutLine: {'line': b'[ 70%] Built target custom_interfaces\n'}
[0.500461] (-) TimerEvent: {}
[0.576123] (custom_interfaces) StdoutLine: {'line': b'[ 74%] Built target custom_interfaces__py\n'}
[0.600637] (-) TimerEvent: {}
[0.648286] (custom_interfaces) StdoutLine: {'line': b'[ 80%] Built target custom_interfaces__rosidl_generator_py\n'}
[0.700813] (-) TimerEvent: {}
[0.734513] (custom_interfaces) StdoutLine: {'line': b'[ 87%] Built target custom_interfaces__rosidl_typesupport_c__pyext\n'}
[0.737685] (custom_interfaces) StdoutLine: {'line': b'[ 93%] Built target custom_interfaces__rosidl_typesupport_introspection_c__pyext\n'}
[0.756372] (custom_interfaces) StdoutLine: {'line': b'[100%] Built target custom_interfaces__rosidl_typesupport_fastrtps_c__pyext\n'}
[0.800989] (-) TimerEvent: {}
[0.901667] (-) TimerEvent: {}
[1.002689] (-) TimerEvent: {}
[1.103378] (-) TimerEvent: {}
[1.204632] (-) TimerEvent: {}
[1.306996] (-) TimerEvent: {}
[1.407817] (-) TimerEvent: {}
[1.508482] (-) TimerEvent: {}
[1.609172] (-) TimerEvent: {}
[1.710713] (-) TimerEvent: {}
[1.711807] (custom_interfaces) StdoutLine: {'line': b'running egg_info\n'}
[1.776163] (custom_interfaces) StdoutLine: {'line': b'writing custom_interfaces.egg-info/PKG-INFO\n'}
[1.778000] (custom_interfaces) StdoutLine: {'line': b'writing dependency_links to custom_interfaces.egg-info/dependency_links.txt\n'}
[1.778855] (custom_interfaces) StdoutLine: {'line': b'writing top-level names to custom_interfaces.egg-info/top_level.txt\n'}
[1.813754] (-) TimerEvent: {}
[1.914793] (-) TimerEvent: {}
[2.015646] (-) TimerEvent: {}
[2.116461] (-) TimerEvent: {}
[2.218063] (-) TimerEvent: {}
[2.318753] (-) TimerEvent: {}
[2.419580] (-) TimerEvent: {}
[2.520390] (-) TimerEvent: {}
[2.621126] (-) TimerEvent: {}
[2.721899] (-) TimerEvent: {}
[2.749971] (custom_interfaces) StdoutLine: {'line': b"writing manifest file 'custom_interfaces.egg-info/SOURCES.txt'\n"}
[2.822113] (-) TimerEvent: {}
[2.923036] (-) TimerEvent: {}
[2.944062] (custom_interfaces) StdoutLine: {'line': b'[100%] Built target ament_cmake_python_build_custom_interfaces_egg\n'}
[2.976435] (custom_interfaces) CommandEnded: {'returncode': 0}
[2.980102] (custom_interfaces) JobProgress: {'identifier': 'custom_interfaces', 'progress': 'install'}
[3.002747] (custom_interfaces) Command: {'cmd': ['/usr/bin/cmake', '--install', '/workspaces/isaac_ros-dev/src/ros2_ws/build/custom_interfaces'], 'cwd': '/workspaces/isaac_ros-dev/src/ros2_ws/build/custom_interfaces', 'env': OrderedDict([('LIBRARY_PATH', '/usr/local/cuda/lib64/stubs'), ('PYTHONWARNINGS', 'ignore:::setuptools.command.install,ignore:::setuptools.command.easy_install,ignore:::pkg_resources,ignore:::setuptools.command.develop'), ('NV_LIBCUBLAS_VERSION', '12.6.1.4-1'), ('USER', 'boss_bros'), ('NV_CUDA_NSIGHT_COMPUTE_VERSION', '12.6.11-1'), ('HOSTNAME', 'bossbros-desktop'), ('SHLVL', '1'), ('LD_LIBRARY_PATH', '/workspaces/isaac_ros-dev/src/ros2_ws/install/custom_interfaces/lib:/opt/ros/humble/opt/rviz_ogre_vendor/lib:/opt/ros/humble/lib/aarch64-linux-gnu:/opt/ros/humble/lib:/usr/lib/aarch64-linux-gnu/tegra/weston:/usr/lib/aarch64-linux-gnu/tegra-egl:/usr/local/cuda-12.6/targets/aarch64-linux/lib:/usr/lib/aarch64-linux-gnu/tegra:/opt/nvidia/vpi3/lib64:/usr/local/libcudss-linux-0.3.0.9_cuda12-archive/lib:/usr/local/nvidia/lib:/usr/local/nvidia/lib64:/usr/lib/aarch64-linux-gnu-host:/opt/tritonserver/lib'), ('HOME', '/home/admin'), ('OLDPWD', '/workspaces/isaac_ros-dev/src'), ('HOST_USER_GID', '1000'), ('NV_LIBCUBLAS_DEV_VERSION', '12.6.1.4-1'), ('ROS_PYTHON_VERSION', '3'), ('NV_LIBNPP_PACKAGE', 'libnpp-12-6=12.3.1.54-1'), ('CUDA_VERSION', '12.6.11'), ('COLCON_PREFIX_PATH', '/workspaces/isaac_ros-dev/src/ros2_ws/install'), ('ROS_DISTRO', 'humble'), ('NV_LIBCUBLAS_PACKAGE_NAME', 'libcublas-12-6'), ('NVIDIA_REQUIRE_CUDA', 'cuda>=12.6'), ('_', '/usr/bin/colcon'), ('ROS_VERSION', '2'), ('NV_LIBCUSPARSE_VERSION', '12.5.3.3-1'), ('NVIDIA_DRIVER_CAPABILITIES', 'all'), ('NV_CUDA_LIB_VERSION', '12.6.11-1'), ('NV_NVML_DEV_VERSION', '12.6.68-1'), ('USERNAME', 'admin'), ('NV_LIBNPP_DEV_PACKAGE', 'libnpp-dev-12-6=12.3.1.54-1'), ('TERM', 'xterm'), ('ISAAC_ROS_WS', '/workspaces/isaac_ros-dev'), ('NV_CUDA_CUDART_VERSION', '12.6.68-1'), ('ROS_LOCALHOST_ONLY', '0'), ('PATH', '/opt/ros/humble/bin:/opt/ros/humble/vcstool/scripts:/usr/local/nvidia/bin:/usr/local/cuda/bin:/usr/src/tensorrt/bin:/usr/local/nvidia/bin:/usr/local/cuda/bin:/usr/local/sbin:/usr/local/bin:/usr/sbin:/usr/bin:/sbin:/bin'), ('NV_LIBCUBLAS_DEV_PACKAGE_NAME', 'libcublas-dev-12-6'), ('NV_LIBCUBLAS_PACKAGE', 'libcublas-12-6=12.6.1.4-1'), ('HOST_USER_UID', '1000'), ('NVARCH', 'arm64'), ('CUDSS_DIR', '/usr/local/libcudss-linux-0.3.0.9_cuda12-archive'), ('NV_LIBCUSPARSE_DEV_VERSION', '12.5.3.3-1'), ('DISPLAY', ':1'), ('NVIDIA_PRODUCT_NAME', 'CUDA'), ('LANG', 'en_US.UTF-8'), ('RMW_IMPLEMENTATION', 'rmw_fastrtps_cpp'), ('NV_CUDA_CUDART_DEV_VERSION', '12.6.68-1'), ('ROS_ROOT', '/opt/ros/humble'), ('SSH_AUTH_SOCK', '/ssh-agent'), ('AMENT_PREFIX_PATH', '/workspaces/isaac_ros-dev/src/ros2_ws/install/tracking_robot_pkg:/workspaces/isaac_ros-dev/src/ros2_ws/install/custom_interfaces:/opt/ros/humble'), ('DEBIAN_FRONTEND', 'noninteractive'), ('SHELL', '/bin/bash'), ('TRT_INCLUDE_PATH', '/usr/include/aarch64-linux-gnu'), ('NV_LIBCUBLAS_DEV_PACKAGE', 'libcublas-dev-12-6=12.6.1.4-1'), ('NV_CUDA_NSIGHT_COMPUTE_DEV_PACKAGE', 'cuda-nsight-compute-12-6=12.6.11-1'), ('NVIDIA_REQUIRE_JETPACK_HOST_MOUNTS', 'base-only'), ('NV_NVTX_VERSION', '12.6.68-1'), ('NV_LIBNPP_VERSION', '12.3.1.54-1'), ('PWD', '/workspaces/isaac_ros-dev/src/ros2_ws/build/custom_interfaces'), ('PYTHONPATH', '/workspaces/isaac_ros-dev/src/ros2_ws/install/custom_interfaces/local/lib/python3.10/dist-packages:/opt/ros/humble/lib/python3.10/site-packages:/opt/ros/humble/local/lib/python3.10/dist-packages:/opt/ros/humble/vcstool:'), ('NVIDIA_VISIBLE_DEVICES', 'nvidia.com/gpu=all,nvidia.com/pva=all'), ('COLCON', '1'), ('NV_LIBNPP_DEV_VERSION', '12.3.1.54-1'), ('CMAKE_PREFIX_PATH', '/workspaces/isaac_ros-dev/src/ros2_ws/install/tracking_robot_pkg:/workspaces/isaac_ros-dev/src/ros2_ws/install/custom_interfaces:/usr/local/libcudss-linux-0.3.0.9_cuda12-archive::/opt/ros/humble'), ('TRT_LIB_PATH', '/usr/lib/aarch64-linux-gnu')]), 'shell': False}
[3.023227] (-) TimerEvent: {}
[3.028393] (custom_interfaces) StdoutLine: {'line': b'-- Install configuration: ""\n'}
[3.029164] (custom_interfaces) StdoutLine: {'line': b'-- Up-to-date: /workspaces/isaac_ros-dev/src/ros2_ws/install/custom_interfaces/share/ament_index/resource_index/rosidl_interfaces/custom_interfaces\n'}
[3.029792] (custom_interfaces) StdoutLine: {'line': b'-- Up-to-date: /workspaces/isaac_ros-dev/src/ros2_ws/install/custom_interfaces/include/custom_interfaces/custom_interfaces\n'}
[3.030051] (custom_interfaces) StdoutLine: {'line': b'-- Up-to-date: /workspaces/isaac_ros-dev/src/ros2_ws/install/custom_interfaces/include/custom_interfaces/custom_interfaces/action\n'}
[3.030250] (custom_interfaces) StdoutLine: {'line': b'-- Up-to-date: /workspaces/isaac_ros-dev/src/ros2_ws/install/custom_interfaces/include/custom_interfaces/custom_interfaces/action/tracking_robot.h\n'}
[3.030440] (custom_interfaces) StdoutLine: {'line': b'-- Up-to-date: /workspaces/isaac_ros-dev/src/ros2_ws/install/custom_interfaces/include/custom_interfaces/custom_interfaces/action/detail\n'}
[3.030618] (custom_interfaces) StdoutLine: {'line': b'-- Up-to-date: /workspaces/isaac_ros-dev/src/ros2_ws/install/custom_interfaces/include/custom_interfaces/custom_interfaces/action/detail/tracking_robot__functions.c\n'}
[3.030794] (custom_interfaces) StdoutLine: {'line': b'-- Up-to-date: /workspaces/isaac_ros-dev/src/ros2_ws/install/custom_interfaces/include/custom_interfaces/custom_interfaces/action/detail/tracking_robot__type_support.h\n'}
[3.031016] (custom_interfaces) StdoutLine: {'line': b'-- Up-to-date: /workspaces/isaac_ros-dev/src/ros2_ws/install/custom_interfaces/include/custom_interfaces/custom_interfaces/action/detail/tracking_robot__functions.h\n'}
[3.031219] (custom_interfaces) StdoutLine: {'line': b'-- Up-to-date: /workspaces/isaac_ros-dev/src/ros2_ws/install/custom_interfaces/include/custom_interfaces/custom_interfaces/action/detail/tracking_robot__struct.h\n'}
[3.031392] (custom_interfaces) StdoutLine: {'line': b'-- Up-to-date: /workspaces/isaac_ros-dev/src/ros2_ws/install/custom_interfaces/include/custom_interfaces/custom_interfaces/msg\n'}
[3.031717] (custom_interfaces) StdoutLine: {'line': b'-- Up-to-date: /workspaces/isaac_ros-dev/src/ros2_ws/install/custom_interfaces/include/custom_interfaces/custom_interfaces/msg/rosidl_generator_c__visibility_control.h\n'}
[3.031918] (custom_interfaces) StdoutLine: {'line': b'-- Up-to-date: /workspaces/isaac_ros-dev/src/ros2_ws/install/custom_interfaces/share/custom_interfaces/environment/library_path.sh\n'}
[3.032130] (custom_interfaces) StdoutLine: {'line': b'-- Up-to-date: /workspaces/isaac_ros-dev/src/ros2_ws/install/custom_interfaces/share/custom_interfaces/environment/library_path.dsv\n'}
[3.032295] (custom_interfaces) StdoutLine: {'line': b'-- Up-to-date: /workspaces/isaac_ros-dev/src/ros2_ws/install/custom_interfaces/lib/libcustom_interfaces__rosidl_generator_c.so\n'}
[3.032445] (custom_interfaces) StdoutLine: {'line': b'-- Up-to-date: /workspaces/isaac_ros-dev/src/ros2_ws/install/custom_interfaces/include/custom_interfaces/custom_interfaces\n'}
[3.032602] (custom_interfaces) StdoutLine: {'line': b'-- Up-to-date: /workspaces/isaac_ros-dev/src/ros2_ws/install/custom_interfaces/include/custom_interfaces/custom_interfaces/action\n'}
[3.032752] (custom_interfaces) StdoutLine: {'line': b'-- Up-to-date: /workspaces/isaac_ros-dev/src/ros2_ws/install/custom_interfaces/include/custom_interfaces/custom_interfaces/action/detail\n'}
[3.032898] (custom_interfaces) StdoutLine: {'line': b'-- Up-to-date: /workspaces/isaac_ros-dev/src/ros2_ws/install/custom_interfaces/include/custom_interfaces/custom_interfaces/action/detail/tracking_robot__rosidl_typesupport_fastrtps_c.h\n'}
[3.033045] (custom_interfaces) StdoutLine: {'line': b'-- Up-to-date: /workspaces/isaac_ros-dev/src/ros2_ws/install/custom_interfaces/include/custom_interfaces/custom_interfaces/msg\n'}
[3.033303] (custom_interfaces) StdoutLine: {'line': b'-- Up-to-date: /workspaces/isaac_ros-dev/src/ros2_ws/install/custom_interfaces/include/custom_interfaces/custom_interfaces/msg/rosidl_typesupport_fastrtps_c__visibility_control.h\n'}
[3.033528] (custom_interfaces) StdoutLine: {'line': b'-- Up-to-date: /workspaces/isaac_ros-dev/src/ros2_ws/install/custom_interfaces/lib/libcustom_interfaces__rosidl_typesupport_fastrtps_c.so\n'}
[3.033704] (custom_interfaces) StdoutLine: {'line': b'-- Up-to-date: /workspaces/isaac_ros-dev/src/ros2_ws/install/custom_interfaces/include/custom_interfaces/custom_interfaces\n'}
[3.033853] (custom_interfaces) StdoutLine: {'line': b'-- Up-to-date: /workspaces/isaac_ros-dev/src/ros2_ws/install/custom_interfaces/include/custom_interfaces/custom_interfaces/action\n'}
[3.033999] (custom_interfaces) StdoutLine: {'line': b'-- Up-to-date: /workspaces/isaac_ros-dev/src/ros2_ws/install/custom_interfaces/include/custom_interfaces/custom_interfaces/action/detail\n'}
[3.034145] (custom_interfaces) StdoutLine: {'line': b'-- Up-to-date: /workspaces/isaac_ros-dev/src/ros2_ws/install/custom_interfaces/include/custom_interfaces/custom_interfaces/action/detail/tracking_robot__rosidl_typesupport_introspection_c.h\n'}
[3.034298] (custom_interfaces) StdoutLine: {'line': b'-- Up-to-date: /workspaces/isaac_ros-dev/src/ros2_ws/install/custom_interfaces/include/custom_interfaces/custom_interfaces/action/detail/tracking_robot__type_support.c\n'}
[3.034442] (custom_interfaces) StdoutLine: {'line': b'-- Up-to-date: /workspaces/isaac_ros-dev/src/ros2_ws/install/custom_interfaces/include/custom_interfaces/custom_interfaces/msg\n'}
[3.034580] (custom_interfaces) StdoutLine: {'line': b'-- Up-to-date: /workspaces/isaac_ros-dev/src/ros2_ws/install/custom_interfaces/include/custom_interfaces/custom_interfaces/msg/rosidl_typesupport_introspection_c__visibility_control.h\n'}
[3.034903] (custom_interfaces) StdoutLine: {'line': b'-- Up-to-date: /workspaces/isaac_ros-dev/src/ros2_ws/install/custom_interfaces/lib/libcustom_interfaces__rosidl_typesupport_introspection_c.so\n'}
[3.035317] (custom_interfaces) StdoutLine: {'line': b'-- Up-to-date: /workspaces/isaac_ros-dev/src/ros2_ws/install/custom_interfaces/lib/libcustom_interfaces__rosidl_typesupport_c.so\n'}
[3.036035] (custom_interfaces) StdoutLine: {'line': b'-- Up-to-date: /workspaces/isaac_ros-dev/src/ros2_ws/install/custom_interfaces/include/custom_interfaces/custom_interfaces\n'}
[3.036235] (custom_interfaces) StdoutLine: {'line': b'-- Up-to-date: /workspaces/isaac_ros-dev/src/ros2_ws/install/custom_interfaces/include/custom_interfaces/custom_interfaces/action\n'}
[3.036444] (custom_interfaces) StdoutLine: {'line': b'-- Up-to-date: /workspaces/isaac_ros-dev/src/ros2_ws/install/custom_interfaces/include/custom_interfaces/custom_interfaces/action/tracking_robot.hpp\n'}
[3.036608] (custom_interfaces) StdoutLine: {'line': b'-- Up-to-date: /workspaces/isaac_ros-dev/src/ros2_ws/install/custom_interfaces/include/custom_interfaces/custom_interfaces/action/detail\n'}
[3.036827] (custom_interfaces) StdoutLine: {'line': b'-- Up-to-date: /workspaces/isaac_ros-dev/src/ros2_ws/install/custom_interfaces/include/custom_interfaces/custom_interfaces/action/detail/tracking_robot__type_support.hpp\n'}
[3.037044] (custom_interfaces) StdoutLine: {'line': b'-- Up-to-date: /workspaces/isaac_ros-dev/src/ros2_ws/install/custom_interfaces/include/custom_interfaces/custom_interfaces/action/detail/tracking_robot__traits.hpp\n'}
[3.037391] (custom_interfaces) StdoutLine: {'line': b'-- Up-to-date: /workspaces/isaac_ros-dev/src/ros2_ws/install/custom_interfaces/include/custom_interfaces/custom_interfaces/action/detail/tracking_robot__builder.hpp\n'}
[3.037548] (custom_interfaces) StdoutLine: {'line': b'-- Up-to-date: /workspaces/isaac_ros-dev/src/ros2_ws/install/custom_interfaces/include/custom_interfaces/custom_interfaces/action/detail/tracking_robot__struct.hpp\n'}
[3.037770] (custom_interfaces) StdoutLine: {'line': b'-- Up-to-date: /workspaces/isaac_ros-dev/src/ros2_ws/install/custom_interfaces/include/custom_interfaces/custom_interfaces/msg\n'}
[3.037960] (custom_interfaces) StdoutLine: {'line': b'-- Up-to-date: /workspaces/isaac_ros-dev/src/ros2_ws/install/custom_interfaces/include/custom_interfaces/custom_interfaces/msg/rosidl_generator_cpp__visibility_control.hpp\n'}
[3.038201] (custom_interfaces) StdoutLine: {'line': b'-- Up-to-date: /workspaces/isaac_ros-dev/src/ros2_ws/install/custom_interfaces/include/custom_interfaces/custom_interfaces\n'}
[3.038355] (custom_interfaces) StdoutLine: {'line': b'-- Up-to-date: /workspaces/isaac_ros-dev/src/ros2_ws/install/custom_interfaces/include/custom_interfaces/custom_interfaces/action\n'}
[3.038500] (custom_interfaces) StdoutLine: {'line': b'-- Up-to-date: /workspaces/isaac_ros-dev/src/ros2_ws/install/custom_interfaces/include/custom_interfaces/custom_interfaces/action/detail\n'}
[3.038776] (custom_interfaces) StdoutLine: {'line': b'-- Up-to-date: /workspaces/isaac_ros-dev/src/ros2_ws/install/custom_interfaces/include/custom_interfaces/custom_interfaces/action/detail/tracking_robot__rosidl_typesupport_fastrtps_cpp.hpp\n'}
[3.039334] (custom_interfaces) StdoutLine: {'line': b'-- Up-to-date: /workspaces/isaac_ros-dev/src/ros2_ws/install/custom_interfaces/include/custom_interfaces/custom_interfaces/action/detail/dds_fastrtps\n'}
[3.039514] (custom_interfaces) StdoutLine: {'line': b'-- Up-to-date: /workspaces/isaac_ros-dev/src/ros2_ws/install/custom_interfaces/include/custom_interfaces/custom_interfaces/msg\n'}
[3.039687] (custom_interfaces) StdoutLine: {'line': b'-- Up-to-date: /workspaces/isaac_ros-dev/src/ros2_ws/install/custom_interfaces/include/custom_interfaces/custom_interfaces/msg/rosidl_typesupport_fastrtps_cpp__visibility_control.h\n'}
[3.039891] (custom_interfaces) StdoutLine: {'line': b'-- Up-to-date: /workspaces/isaac_ros-dev/src/ros2_ws/install/custom_interfaces/lib/libcustom_interfaces__rosidl_typesupport_fastrtps_cpp.so\n'}
[3.040100] (custom_interfaces) StdoutLine: {'line': b'-- Up-to-date: /workspaces/isaac_ros-dev/src/ros2_ws/install/custom_interfaces/include/custom_interfaces/custom_interfaces\n'}
[3.040260] (custom_interfaces) StdoutLine: {'line': b'-- Up-to-date: /workspaces/isaac_ros-dev/src/ros2_ws/install/custom_interfaces/include/custom_interfaces/custom_interfaces/action\n'}
[3.040449] (custom_interfaces) StdoutLine: {'line': b'-- Up-to-date: /workspaces/isaac_ros-dev/src/ros2_ws/install/custom_interfaces/include/custom_interfaces/custom_interfaces/action/detail\n'}
[3.040607] (custom_interfaces) StdoutLine: {'line': b'-- Up-to-date: /workspaces/isaac_ros-dev/src/ros2_ws/install/custom_interfaces/include/custom_interfaces/custom_interfaces/action/detail/tracking_robot__rosidl_typesupport_introspection_cpp.hpp\n'}
[3.040812] (custom_interfaces) StdoutLine: {'line': b'-- Up-to-date: /workspaces/isaac_ros-dev/src/ros2_ws/install/custom_interfaces/include/custom_interfaces/custom_interfaces/action/detail/tracking_robot__type_support.cpp\n'}
[3.040974] (custom_interfaces) StdoutLine: {'line': b'-- Up-to-date: /workspaces/isaac_ros-dev/src/ros2_ws/install/custom_interfaces/lib/libcustom_interfaces__rosidl_typesupport_introspection_cpp.so\n'}
[3.041167] (custom_interfaces) StdoutLine: {'line': b'-- Up-to-date: /workspaces/isaac_ros-dev/src/ros2_ws/install/custom_interfaces/lib/libcustom_interfaces__rosidl_typesupport_cpp.so\n'}
[3.041326] (custom_interfaces) StdoutLine: {'line': b'-- Up-to-date: /workspaces/isaac_ros-dev/src/ros2_ws/install/custom_interfaces/share/custom_interfaces/environment/pythonpath.sh\n'}
[3.041479] (custom_interfaces) StdoutLine: {'line': b'-- Up-to-date: /workspaces/isaac_ros-dev/src/ros2_ws/install/custom_interfaces/share/custom_interfaces/environment/pythonpath.dsv\n'}
[3.041628] (custom_interfaces) StdoutLine: {'line': b'-- Up-to-date: /workspaces/isaac_ros-dev/src/ros2_ws/install/custom_interfaces/local/lib/python3.10/dist-packages/custom_interfaces-0.0.0-py3.10.egg-info\n'}
[3.041779] (custom_interfaces) StdoutLine: {'line': b'-- Installing: /workspaces/isaac_ros-dev/src/ros2_ws/install/custom_interfaces/local/lib/python3.10/dist-packages/custom_interfaces-0.0.0-py3.10.egg-info/dependency_links.txt\n'}
[3.041930] (custom_interfaces) StdoutLine: {'line': b'-- Installing: /workspaces/isaac_ros-dev/src/ros2_ws/install/custom_interfaces/local/lib/python3.10/dist-packages/custom_interfaces-0.0.0-py3.10.egg-info/PKG-INFO\n'}
[3.042105] (custom_interfaces) StdoutLine: {'line': b'-- Installing: /workspaces/isaac_ros-dev/src/ros2_ws/install/custom_interfaces/local/lib/python3.10/dist-packages/custom_interfaces-0.0.0-py3.10.egg-info/top_level.txt\n'}
[3.042253] (custom_interfaces) StdoutLine: {'line': b'-- Installing: /workspaces/isaac_ros-dev/src/ros2_ws/install/custom_interfaces/local/lib/python3.10/dist-packages/custom_interfaces-0.0.0-py3.10.egg-info/SOURCES.txt\n'}
[3.042396] (custom_interfaces) StdoutLine: {'line': b'-- Up-to-date: /workspaces/isaac_ros-dev/src/ros2_ws/install/custom_interfaces/local/lib/python3.10/dist-packages/custom_interfaces\n'}
[3.043835] (custom_interfaces) StdoutLine: {'line': b'-- Up-to-date: /workspaces/isaac_ros-dev/src/ros2_ws/install/custom_interfaces/local/lib/python3.10/dist-packages/custom_interfaces/__init__.py\n'}
[3.044136] (custom_interfaces) StdoutLine: {'line': b'-- Up-to-date: /workspaces/isaac_ros-dev/src/ros2_ws/install/custom_interfaces/local/lib/python3.10/dist-packages/custom_interfaces/custom_interfaces_s__rosidl_typesupport_introspection_c.cpython-310-aarch64-linux-gnu.so\n'}
[3.044358] (custom_interfaces) StdoutLine: {'line': b'-- Up-to-date: /workspaces/isaac_ros-dev/src/ros2_ws/install/custom_interfaces/local/lib/python3.10/dist-packages/custom_interfaces/libcustom_interfaces__rosidl_generator_py.so\n'}
[3.044530] (custom_interfaces) StdoutLine: {'line': b'-- Up-to-date: /workspaces/isaac_ros-dev/src/ros2_ws/install/custom_interfaces/local/lib/python3.10/dist-packages/custom_interfaces/_custom_interfaces_s.ep.rosidl_typesupport_introspection_c.c\n'}
[3.044694] (custom_interfaces) StdoutLine: {'line': b'-- Up-to-date: /workspaces/isaac_ros-dev/src/ros2_ws/install/custom_interfaces/local/lib/python3.10/dist-packages/custom_interfaces/action\n'}
[3.044857] (custom_interfaces) StdoutLine: {'line': b'-- Up-to-date: /workspaces/isaac_ros-dev/src/ros2_ws/install/custom_interfaces/local/lib/python3.10/dist-packages/custom_interfaces/action/__init__.py\n'}
[3.045013] (custom_interfaces) StdoutLine: {'line': b'-- Up-to-date: /workspaces/isaac_ros-dev/src/ros2_ws/install/custom_interfaces/local/lib/python3.10/dist-packages/custom_interfaces/action/_tracking_robot.py\n'}
[3.045169] (custom_interfaces) StdoutLine: {'line': b'-- Up-to-date: /workspaces/isaac_ros-dev/src/ros2_ws/install/custom_interfaces/local/lib/python3.10/dist-packages/custom_interfaces/action/_tracking_robot_s.c\n'}
[3.045328] (custom_interfaces) StdoutLine: {'line': b'-- Up-to-date: /workspaces/isaac_ros-dev/src/ros2_ws/install/custom_interfaces/local/lib/python3.10/dist-packages/custom_interfaces/custom_interfaces_s__rosidl_typesupport_c.cpython-310-aarch64-linux-gnu.so\n'}
[3.045487] (custom_interfaces) StdoutLine: {'line': b'-- Up-to-date: /workspaces/isaac_ros-dev/src/ros2_ws/install/custom_interfaces/local/lib/python3.10/dist-packages/custom_interfaces/_custom_interfaces_s.ep.rosidl_typesupport_c.c\n'}
[3.045686] (custom_interfaces) StdoutLine: {'line': b'-- Up-to-date: /workspaces/isaac_ros-dev/src/ros2_ws/install/custom_interfaces/local/lib/python3.10/dist-packages/custom_interfaces/custom_interfaces_s__rosidl_typesupport_fastrtps_c.cpython-310-aarch64-linux-gnu.so\n'}
[3.045830] (custom_interfaces) StdoutLine: {'line': b'-- Up-to-date: /workspaces/isaac_ros-dev/src/ros2_ws/install/custom_interfaces/local/lib/python3.10/dist-packages/custom_interfaces/_custom_interfaces_s.ep.rosidl_typesupport_fastrtps_c.c\n'}
[3.123377] (-) TimerEvent: {}
[3.146024] (custom_interfaces) StdoutLine: {'line': b"Listing '/workspaces/isaac_ros-dev/src/ros2_ws/install/custom_interfaces/local/lib/python3.10/dist-packages/custom_interfaces'...\n"}
[3.146651] (custom_interfaces) StdoutLine: {'line': b"Listing '/workspaces/isaac_ros-dev/src/ros2_ws/install/custom_interfaces/local/lib/python3.10/dist-packages/custom_interfaces/action'...\n"}
[3.162130] (custom_interfaces) StdoutLine: {'line': b'-- Up-to-date: /workspaces/isaac_ros-dev/src/ros2_ws/install/custom_interfaces/local/lib/python3.10/dist-packages/custom_interfaces/custom_interfaces_s__rosidl_typesupport_fastrtps_c.cpython-310-aarch64-linux-gnu.so\n'}
[3.162878] (custom_interfaces) StdoutLine: {'line': b'-- Up-to-date: /workspaces/isaac_ros-dev/src/ros2_ws/install/custom_interfaces/local/lib/python3.10/dist-packages/custom_interfaces/custom_interfaces_s__rosidl_typesupport_introspection_c.cpython-310-aarch64-linux-gnu.so\n'}
[3.163521] (custom_interfaces) StdoutLine: {'line': b'-- Up-to-date: /workspaces/isaac_ros-dev/src/ros2_ws/install/custom_interfaces/local/lib/python3.10/dist-packages/custom_interfaces/custom_interfaces_s__rosidl_typesupport_c.cpython-310-aarch64-linux-gnu.so\n'}
[3.168870] (custom_interfaces) StdoutLine: {'line': b'-- Up-to-date: /workspaces/isaac_ros-dev/src/ros2_ws/install/custom_interfaces/lib/libcustom_interfaces__rosidl_generator_py.so\n'}
[3.169561] (custom_interfaces) StdoutLine: {'line': b'-- Up-to-date: /workspaces/isaac_ros-dev/src/ros2_ws/install/custom_interfaces/share/custom_interfaces/action/TrackingRobot.idl\n'}
[3.169872] (custom_interfaces) StdoutLine: {'line': b'-- Up-to-date: /workspaces/isaac_ros-dev/src/ros2_ws/install/custom_interfaces/share/custom_interfaces/action/TrackingRobot.action\n'}
[3.170103] (custom_interfaces) StdoutLine: {'line': b'-- Up-to-date: /workspaces/isaac_ros-dev/src/ros2_ws/install/custom_interfaces/share/ament_index/resource_index/package_run_dependencies/custom_interfaces\n'}
[3.171830] (custom_interfaces) StdoutLine: {'line': b'-- Up-to-date: /workspaces/isaac_ros-dev/src/ros2_ws/install/custom_interfaces/share/ament_index/resource_index/parent_prefix_path/custom_interfaces\n'}
[3.172241] (custom_interfaces) StdoutLine: {'line': b'-- Up-to-date: /workspaces/isaac_ros-dev/src/ros2_ws/install/custom_interfaces/share/custom_interfaces/environment/ament_prefix_path.sh\n'}
[3.172935] (custom_interfaces) StdoutLine: {'line': b'-- Up-to-date: /workspaces/isaac_ros-dev/src/ros2_ws/install/custom_interfaces/share/custom_interfaces/environment/ament_prefix_path.dsv\n'}
[3.173172] (custom_interfaces) StdoutLine: {'line': b'-- Up-to-date: /workspaces/isaac_ros-dev/src/ros2_ws/install/custom_interfaces/share/custom_interfaces/environment/path.sh\n'}
[3.173393] (custom_interfaces) StdoutLine: {'line': b'-- Up-to-date: /workspaces/isaac_ros-dev/src/ros2_ws/install/custom_interfaces/share/custom_interfaces/environment/path.dsv\n'}
[3.173570] (custom_interfaces) StdoutLine: {'line': b'-- Up-to-date: /workspaces/isaac_ros-dev/src/ros2_ws/install/custom_interfaces/share/custom_interfaces/local_setup.bash\n'}
[3.173735] (custom_interfaces) StdoutLine: {'line': b'-- Up-to-date: /workspaces/isaac_ros-dev/src/ros2_ws/install/custom_interfaces/share/custom_interfaces/local_setup.sh\n'}
[3.173897] (custom_interfaces) StdoutLine: {'line': b'-- Up-to-date: /workspaces/isaac_ros-dev/src/ros2_ws/install/custom_interfaces/share/custom_interfaces/local_setup.zsh\n'}
[3.174067] (custom_interfaces) StdoutLine: {'line': b'-- Up-to-date: /workspaces/isaac_ros-dev/src/ros2_ws/install/custom_interfaces/share/custom_interfaces/local_setup.dsv\n'}
[3.174219] (custom_interfaces) StdoutLine: {'line': b'-- Installing: /workspaces/isaac_ros-dev/src/ros2_ws/install/custom_interfaces/share/custom_interfaces/package.dsv\n'}
[3.174479] (custom_interfaces) StdoutLine: {'line': b'-- Up-to-date: /workspaces/isaac_ros-dev/src/ros2_ws/install/custom_interfaces/share/ament_index/resource_index/packages/custom_interfaces\n'}
[3.174739] (custom_interfaces) StdoutLine: {'line': b'-- Up-to-date: /workspaces/isaac_ros-dev/src/ros2_ws/install/custom_interfaces/share/custom_interfaces/cmake/export_custom_interfaces__rosidl_generator_cExport.cmake\n'}
[3.174908] (custom_interfaces) StdoutLine: {'line': b'-- Up-to-date: /workspaces/isaac_ros-dev/src/ros2_ws/install/custom_interfaces/share/custom_interfaces/cmake/export_custom_interfaces__rosidl_generator_cExport-noconfig.cmake\n'}
[3.176811] (custom_interfaces) StdoutLine: {'line': b'-- Up-to-date: /workspaces/isaac_ros-dev/src/ros2_ws/install/custom_interfaces/share/custom_interfaces/cmake/export_custom_interfaces__rosidl_typesupport_fastrtps_cExport.cmake\n'}
[3.177152] (custom_interfaces) StdoutLine: {'line': b'-- Up-to-date: /workspaces/isaac_ros-dev/src/ros2_ws/install/custom_interfaces/share/custom_interfaces/cmake/export_custom_interfaces__rosidl_typesupport_fastrtps_cExport-noconfig.cmake\n'}
[3.177437] (custom_interfaces) StdoutLine: {'line': b'-- Up-to-date: /workspaces/isaac_ros-dev/src/ros2_ws/install/custom_interfaces/share/custom_interfaces/cmake/custom_interfaces__rosidl_typesupport_introspection_cExport.cmake\n'}
[3.177699] (custom_interfaces) StdoutLine: {'line': b'-- Up-to-date: /workspaces/isaac_ros-dev/src/ros2_ws/install/custom_interfaces/share/custom_interfaces/cmake/custom_interfaces__rosidl_typesupport_introspection_cExport-noconfig.cmake\n'}
[3.178127] (custom_interfaces) StdoutLine: {'line': b'-- Up-to-date: /workspaces/isaac_ros-dev/src/ros2_ws/install/custom_interfaces/share/custom_interfaces/cmake/custom_interfaces__rosidl_typesupport_cExport.cmake\n'}
[3.178428] (custom_interfaces) StdoutLine: {'line': b'-- Up-to-date: /workspaces/isaac_ros-dev/src/ros2_ws/install/custom_interfaces/share/custom_interfaces/cmake/custom_interfaces__rosidl_typesupport_cExport-noconfig.cmake\n'}
[3.178835] (custom_interfaces) StdoutLine: {'line': b'-- Up-to-date: /workspaces/isaac_ros-dev/src/ros2_ws/install/custom_interfaces/share/custom_interfaces/cmake/export_custom_interfaces__rosidl_generator_cppExport.cmake\n'}
[3.179238] (custom_interfaces) StdoutLine: {'line': b'-- Up-to-date: /workspaces/isaac_ros-dev/src/ros2_ws/install/custom_interfaces/share/custom_interfaces/cmake/export_custom_interfaces__rosidl_typesupport_fastrtps_cppExport.cmake\n'}
[3.179523] (custom_interfaces) StdoutLine: {'line': b'-- Up-to-date: /workspaces/isaac_ros-dev/src/ros2_ws/install/custom_interfaces/share/custom_interfaces/cmake/export_custom_interfaces__rosidl_typesupport_fastrtps_cppExport-noconfig.cmake\n'}
[3.180030] (custom_interfaces) StdoutLine: {'line': b'-- Up-to-date: /workspaces/isaac_ros-dev/src/ros2_ws/install/custom_interfaces/share/custom_interfaces/cmake/custom_interfaces__rosidl_typesupport_introspection_cppExport.cmake\n'}
[3.180310] (custom_interfaces) StdoutLine: {'line': b'-- Up-to-date: /workspaces/isaac_ros-dev/src/ros2_ws/install/custom_interfaces/share/custom_interfaces/cmake/custom_interfaces__rosidl_typesupport_introspection_cppExport-noconfig.cmake\n'}
[3.180736] (custom_interfaces) StdoutLine: {'line': b'-- Up-to-date: /workspaces/isaac_ros-dev/src/ros2_ws/install/custom_interfaces/share/custom_interfaces/cmake/custom_interfaces__rosidl_typesupport_cppExport.cmake\n'}
[3.181003] (custom_interfaces) StdoutLine: {'line': b'-- Up-to-date: /workspaces/isaac_ros-dev/src/ros2_ws/install/custom_interfaces/share/custom_interfaces/cmake/custom_interfaces__rosidl_typesupport_cppExport-noconfig.cmake\n'}
[3.181391] (custom_interfaces) StdoutLine: {'line': b'-- Up-to-date: /workspaces/isaac_ros-dev/src/ros2_ws/install/custom_interfaces/share/custom_interfaces/cmake/export_custom_interfaces__rosidl_generator_pyExport.cmake\n'}
[3.181671] (custom_interfaces) StdoutLine: {'line': b'-- Up-to-date: /workspaces/isaac_ros-dev/src/ros2_ws/install/custom_interfaces/share/custom_interfaces/cmake/export_custom_interfaces__rosidl_generator_pyExport-noconfig.cmake\n'}
[3.182363] (custom_interfaces) StdoutLine: {'line': b'-- Up-to-date: /workspaces/isaac_ros-dev/src/ros2_ws/install/custom_interfaces/share/custom_interfaces/cmake/rosidl_cmake-extras.cmake\n'}
[3.183120] (custom_interfaces) StdoutLine: {'line': b'-- Up-to-date: /workspaces/isaac_ros-dev/src/ros2_ws/install/custom_interfaces/share/custom_interfaces/cmake/ament_cmake_export_dependencies-extras.cmake\n'}
[3.183633] (custom_interfaces) StdoutLine: {'line': b'-- Up-to-date: /workspaces/isaac_ros-dev/src/ros2_ws/install/custom_interfaces/share/custom_interfaces/cmake/ament_cmake_export_include_directories-extras.cmake\n'}
[3.184781] (custom_interfaces) StdoutLine: {'line': b'-- Up-to-date: /workspaces/isaac_ros-dev/src/ros2_ws/install/custom_interfaces/share/custom_interfaces/cmake/ament_cmake_export_libraries-extras.cmake\n'}
[3.186048] (custom_interfaces) StdoutLine: {'line': b'-- Up-to-date: /workspaces/isaac_ros-dev/src/ros2_ws/install/custom_interfaces/share/custom_interfaces/cmake/ament_cmake_export_targets-extras.cmake\n'}
[3.186245] (custom_interfaces) StdoutLine: {'line': b'-- Up-to-date: /workspaces/isaac_ros-dev/src/ros2_ws/install/custom_interfaces/share/custom_interfaces/cmake/rosidl_cmake_export_typesupport_targets-extras.cmake\n'}
[3.186403] (custom_interfaces) StdoutLine: {'line': b'-- Up-to-date: /workspaces/isaac_ros-dev/src/ros2_ws/install/custom_interfaces/share/custom_interfaces/cmake/rosidl_cmake_export_typesupport_libraries-extras.cmake\n'}
[3.186556] (custom_interfaces) StdoutLine: {'line': b'-- Up-to-date: /workspaces/isaac_ros-dev/src/ros2_ws/install/custom_interfaces/share/custom_interfaces/cmake/custom_interfacesConfig.cmake\n'}
[3.186709] (custom_interfaces) StdoutLine: {'line': b'-- Up-to-date: /workspaces/isaac_ros-dev/src/ros2_ws/install/custom_interfaces/share/custom_interfaces/cmake/custom_interfacesConfig-version.cmake\n'}
[3.186860] (custom_interfaces) StdoutLine: {'line': b'-- Up-to-date: /workspaces/isaac_ros-dev/src/ros2_ws/install/custom_interfaces/share/custom_interfaces/package.xml\n'}
[3.194443] (custom_interfaces) CommandEnded: {'returncode': 0}
[3.223568] (-) TimerEvent: {}
[3.292885] (custom_interfaces) JobEnded: {'identifier': 'custom_interfaces', 'rc': 0}
[3.294466] (tracking_robot_pkg) JobStarted: {'identifier': 'tracking_robot_pkg'}
[3.323746] (-) TimerEvent: {}
[3.331349] (tracking_robot_pkg) JobProgress: {'identifier': 'tracking_robot_pkg', 'progress': 'cmake'}
[3.333462] (tracking_robot_pkg) JobProgress: {'identifier': 'tracking_robot_pkg', 'progress': 'build'}
[3.334214] (tracking_robot_pkg) Command: {'cmd': ['/usr/bin/cmake', '--build', '/workspaces/isaac_ros-dev/src/ros2_ws/build/tracking_robot_pkg', '--', '-j6', '-l6'], 'cwd': '/workspaces/isaac_ros-dev/src/ros2_ws/build/tracking_robot_pkg', 'env': OrderedDict([('LIBRARY_PATH', '/usr/local/cuda/lib64/stubs'), ('PYTHONWARNINGS', 'ignore:::setuptools.command.install,ignore:::setuptools.command.easy_install,ignore:::pkg_resources,ignore:::setuptools.command.develop'), ('NV_LIBCUBLAS_VERSION', '12.6.1.4-1'), ('USER', 'boss_bros'), ('NV_CUDA_NSIGHT_COMPUTE_VERSION', '12.6.11-1'), ('HOSTNAME', 'bossbros-desktop'), ('SHLVL', '1'), ('LD_LIBRARY_PATH', '/workspaces/isaac_ros-dev/src/ros2_ws/install/custom_interfaces/lib:/opt/ros/humble/opt/rviz_ogre_vendor/lib:/opt/ros/humble/lib/aarch64-linux-gnu:/opt/ros/humble/lib:/usr/lib/aarch64-linux-gnu/tegra/weston:/usr/lib/aarch64-linux-gnu/tegra-egl:/usr/local/cuda-12.6/targets/aarch64-linux/lib:/usr/lib/aarch64-linux-gnu/tegra:/opt/nvidia/vpi3/lib64:/usr/local/libcudss-linux-0.3.0.9_cuda12-archive/lib:/usr/local/nvidia/lib:/usr/local/nvidia/lib64:/usr/lib/aarch64-linux-gnu-host:/opt/tritonserver/lib'), ('HOME', '/home/admin'), ('OLDPWD', '/workspaces/isaac_ros-dev/src'), ('HOST_USER_GID', '1000'), ('NV_LIBCUBLAS_DEV_VERSION', '12.6.1.4-1'), ('ROS_PYTHON_VERSION', '3'), ('NV_LIBNPP_PACKAGE', 'libnpp-12-6=12.3.1.54-1'), ('CUDA_VERSION', '12.6.11'), ('COLCON_PREFIX_PATH', '/workspaces/isaac_ros-dev/src/ros2_ws/install'), ('ROS_DISTRO', 'humble'), ('NV_LIBCUBLAS_PACKAGE_NAME', 'libcublas-12-6'), ('NVIDIA_REQUIRE_CUDA', 'cuda>=12.6'), ('_', '/usr/bin/colcon'), ('ROS_VERSION', '2'), ('NV_LIBCUSPARSE_VERSION', '12.5.3.3-1'), ('NVIDIA_DRIVER_CAPABILITIES', 'all'), ('NV_CUDA_LIB_VERSION', '12.6.11-1'), ('NV_NVML_DEV_VERSION', '12.6.68-1'), ('USERNAME', 'admin'), ('NV_LIBNPP_DEV_PACKAGE', 'libnpp-dev-12-6=12.3.1.54-1'), ('TERM', 'xterm'), ('ISAAC_ROS_WS', '/workspaces/isaac_ros-dev'), ('NV_CUDA_CUDART_VERSION', '12.6.68-1'), ('ROS_LOCALHOST_ONLY', '0'), ('PATH', '/opt/ros/humble/bin:/opt/ros/humble/vcstool/scripts:/usr/local/nvidia/bin:/usr/local/cuda/bin:/usr/src/tensorrt/bin:/usr/local/nvidia/bin:/usr/local/cuda/bin:/usr/local/sbin:/usr/local/bin:/usr/sbin:/usr/bin:/sbin:/bin'), ('NV_LIBCUBLAS_DEV_PACKAGE_NAME', 'libcublas-dev-12-6'), ('NV_LIBCUBLAS_PACKAGE', 'libcublas-12-6=12.6.1.4-1'), ('HOST_USER_UID', '1000'), ('NVARCH', 'arm64'), ('CUDSS_DIR', '/usr/local/libcudss-linux-0.3.0.9_cuda12-archive'), ('NV_LIBCUSPARSE_DEV_VERSION', '12.5.3.3-1'), ('DISPLAY', ':1'), ('NVIDIA_PRODUCT_NAME', 'CUDA'), ('LANG', 'en_US.UTF-8'), ('RMW_IMPLEMENTATION', 'rmw_fastrtps_cpp'), ('NV_CUDA_CUDART_DEV_VERSION', '12.6.68-1'), ('ROS_ROOT', '/opt/ros/humble'), ('SSH_AUTH_SOCK', '/ssh-agent'), ('AMENT_PREFIX_PATH', '/workspaces/isaac_ros-dev/src/ros2_ws/install/tracking_robot_pkg:/workspaces/isaac_ros-dev/src/ros2_ws/install/custom_interfaces:/opt/ros/humble'), ('DEBIAN_FRONTEND', 'noninteractive'), ('SHELL', '/bin/bash'), ('TRT_INCLUDE_PATH', '/usr/include/aarch64-linux-gnu'), ('NV_LIBCUBLAS_DEV_PACKAGE', 'libcublas-dev-12-6=12.6.1.4-1'), ('NV_CUDA_NSIGHT_COMPUTE_DEV_PACKAGE', 'cuda-nsight-compute-12-6=12.6.11-1'), ('NVIDIA_REQUIRE_JETPACK_HOST_MOUNTS', 'base-only'), ('NV_NVTX_VERSION', '12.6.68-1'), ('NV_LIBNPP_VERSION', '12.3.1.54-1'), ('PWD', '/workspaces/isaac_ros-dev/src/ros2_ws/build/tracking_robot_pkg'), ('PYTHONPATH', '/workspaces/isaac_ros-dev/src/ros2_ws/install/custom_interfaces/local/lib/python3.10/dist-packages:/opt/ros/humble/lib/python3.10/site-packages:/opt/ros/humble/local/lib/python3.10/dist-packages:/opt/ros/humble/vcstool:'), ('NVIDIA_VISIBLE_DEVICES', 'nvidia.com/gpu=all,nvidia.com/pva=all'), ('COLCON', '1'), ('NV_LIBNPP_DEV_VERSION', '12.3.1.54-1'), ('CMAKE_PREFIX_PATH', '/workspaces/isaac_ros-dev/src/ros2_ws/install/custom_interfaces:/workspaces/isaac_ros-dev/src/ros2_ws/install/tracking_robot_pkg:/usr/local/libcudss-linux-0.3.0.9_cuda12-archive:/opt/ros/humble'), ('TRT_LIB_PATH', '/usr/lib/aarch64-linux-gnu')]), 'shell': False}
[3.423949] (-) TimerEvent: {}
[3.494789] (tracking_robot_pkg) StdoutLine: {'line': b'\x1b[35m\x1b[1mConsolidate compiler generated dependencies of target tracking_robot_server\x1b[0m\n'}
[3.524144] (-) TimerEvent: {}
[3.553261] (tracking_robot_pkg) StdoutLine: {'line': b'[ 25%] \x1b[32mBuilding CXX object CMakeFiles/tracking_robot_server.dir/src/tracking_robot_server.cpp.o\x1b[0m\n'}
[3.575125] (tracking_robot_pkg) StdoutLine: {'line': b'[ 75%] Built target tracking_robot_client\n'}
[3.624317] (-) TimerEvent: {}
[3.725142] (-) TimerEvent: {}
[3.826835] (-) TimerEvent: {}
[3.931149] (-) TimerEvent: {}
[4.031871] (-) TimerEvent: {}
[4.132923] (-) TimerEvent: {}
[4.233603] (-) TimerEvent: {}
[4.337515] (-) TimerEvent: {}
[4.441149] (-) TimerEvent: {}
[4.541880] (-) TimerEvent: {}
[4.642694] (-) TimerEvent: {}
[4.743445] (-) TimerEvent: {}
[4.844525] (-) TimerEvent: {}
[4.945267] (-) TimerEvent: {}
[5.047021] (-) TimerEvent: {}
[5.147839] (-) TimerEvent: {}
[5.248680] (-) TimerEvent: {}
[5.349389] (-) TimerEvent: {}
[5.450207] (-) TimerEvent: {}
[5.550988] (-) TimerEvent: {}
[5.651713] (-) TimerEvent: {}
[5.752422] (-) TimerEvent: {}
[5.853307] (-) TimerEvent: {}
[5.954261] (-) TimerEvent: {}
[6.055330] (-) TimerEvent: {}
[6.157258] (-) TimerEvent: {}
[6.258122] (-) TimerEvent: {}
[6.359808] (-) TimerEvent: {}
[6.461060] (-) TimerEvent: {}
[6.561810] (-) TimerEvent: {}
[6.662626] (-) TimerEvent: {}
[6.763482] (-) TimerEvent: {}
[6.864285] (-) TimerEvent: {}
[6.965064] (-) TimerEvent: {}
[7.065981] (-) TimerEvent: {}
[7.166765] (-) TimerEvent: {}
[7.267907] (-) TimerEvent: {}
[7.368771] (-) TimerEvent: {}
[7.469475] (-) TimerEvent: {}
[7.570324] (-) TimerEvent: {}
[7.671241] (-) TimerEvent: {}
[7.773007] (-) TimerEvent: {}
[7.873809] (-) TimerEvent: {}
[7.974573] (-) TimerEvent: {}
[8.076566] (-) TimerEvent: {}
[8.177700] (-) TimerEvent: {}
[8.279068] (-) TimerEvent: {}
[8.379790] (-) TimerEvent: {}
[8.480480] (-) TimerEvent: {}
[8.581207] (-) TimerEvent: {}
[8.681979] (-) TimerEvent: {}
[8.783994] (-) TimerEvent: {}
[8.888741] (-) TimerEvent: {}
[8.991722] (-) TimerEvent: {}
[9.094910] (-) TimerEvent: {}
[9.195560] (-) TimerEvent: {}
[9.296323] (-) TimerEvent: {}
[9.397288] (-) TimerEvent: {}
[9.498230] (-) TimerEvent: {}
[9.599266] (-) TimerEvent: {}
[9.700615] (-) TimerEvent: {}
[9.801717] (-) TimerEvent: {}
[9.902556] (-) TimerEvent: {}
[10.003413] (-) TimerEvent: {}
[10.104427] (-) TimerEvent: {}
[10.205286] (-) TimerEvent: {}
[10.306500] (-) TimerEvent: {}
[10.407266] (-) TimerEvent: {}
[10.508218] (-) TimerEvent: {}
[10.609374] (-) TimerEvent: {}
[10.710197] (-) TimerEvent: {}
[10.811610] (-) TimerEvent: {}
[10.912890] (-) TimerEvent: {}
[11.014051] (-) TimerEvent: {}
[11.114902] (-) TimerEvent: {}
[11.215881] (-) TimerEvent: {}
[11.236636] (tracking_robot_pkg) StderrLine: {'line': b'\x1b[01m\x1b[K/workspaces/isaac_ros-dev/src/ros2_ws/src/tracking_robot_pkg/src/tracking_robot_server.cpp:\x1b[m\x1b[K In member function \xe2\x80\x98\x1b[01m\x1b[Kvoid TrackingRobotActionServer::depthCallback(sensor_msgs::msg::Image_<std::allocator<void> >::SharedPtr)\x1b[m\x1b[K\xe2\x80\x99:\n'}
[11.237468] (tracking_robot_pkg) StderrLine: {'line': b'\x1b[01m\x1b[K/workspaces/isaac_ros-dev/src/ros2_ws/src/tracking_robot_pkg/src/tracking_robot_server.cpp:318:26:\x1b[m\x1b[K \x1b[01;31m\x1b[Kerror: \x1b[m\x1b[Kcannot convert \xe2\x80\x98\x1b[01m\x1b[Kconst float*\x1b[m\x1b[K\xe2\x80\x99 to \xe2\x80\x98\x1b[01m\x1b[Kfloat\x1b[m\x1b[K\xe2\x80\x99 in assignment\n'}
[11.237899] (tracking_robot_pkg) StderrLine: {'line': b'  318 |             bbox_depth = \x1b[01;31m\x1b[Kreinterpret_cast<const float*>(msg->data[int(bbox_center_y) * msg->width + int(bbox_center_x)])\x1b[m\x1b[K;\n'}
[11.238202] (tracking_robot_pkg) StderrLine: {'line': b'      |                          \x1b[01;31m\x1b[K^~~~~~~~~~~~~~~~~~~~~~~~~~~~~~~~~~~~~~~~~~~~~~~~~~~~~~~~~~~~~~~~~~~~~~~~~~~~~~~~~~~~~~~~~~~~~~~\x1b[m\x1b[K\n'}
[11.238467] (tracking_robot_pkg) StderrLine: {'line': b'      |                          \x1b[01;31m\x1b[K|\x1b[m\x1b[K\n'}
[11.238725] (tracking_robot_pkg) StderrLine: {'line': b'      |                          \x1b[01;31m\x1b[Kconst float*\x1b[m\x1b[K\n'}
[11.316095] (-) TimerEvent: {}
[11.417496] (-) TimerEvent: {}
[11.518370] (-) TimerEvent: {}
[11.619269] (-) TimerEvent: {}
[11.720149] (-) TimerEvent: {}
[11.821119] (-) TimerEvent: {}
[11.922139] (-) TimerEvent: {}
[12.023101] (-) TimerEvent: {}
[12.124237] (-) TimerEvent: {}
[12.225164] (-) TimerEvent: {}
[12.326061] (-) TimerEvent: {}
[12.429138] (-) TimerEvent: {}
[12.531385] (-) TimerEvent: {}
[12.634061] (-) TimerEvent: {}
[12.735147] (-) TimerEvent: {}
[12.836091] (-) TimerEvent: {}
[12.937195] (-) TimerEvent: {}
[13.038094] (-) TimerEvent: {}
[13.138901] (-) TimerEvent: {}
[13.240519] (-) TimerEvent: {}
[13.341240] (-) TimerEvent: {}
[13.442004] (-) TimerEvent: {}
[13.542755] (-) TimerEvent: {}
[13.643577] (-) TimerEvent: {}
[13.744889] (-) TimerEvent: {}
[13.845693] (-) TimerEvent: {}
[13.946535] (-) TimerEvent: {}
[14.047456] (-) TimerEvent: {}
[14.149027] (-) TimerEvent: {}
[14.249870] (-) TimerEvent: {}
[14.350717] (-) TimerEvent: {}
[14.451661] (-) TimerEvent: {}
[14.552794] (-) TimerEvent: {}
[14.653707] (-) TimerEvent: {}
[14.754680] (-) TimerEvent: {}
[14.855632] (-) TimerEvent: {}
[14.956782] (-) TimerEvent: {}
[15.057651] (-) TimerEvent: {}
[15.159789] (-) TimerEvent: {}
[15.261431] (-) TimerEvent: {}
[15.362306] (-) TimerEvent: {}
[15.463146] (-) TimerEvent: {}
[15.563971] (-) TimerEvent: {}
[15.665054] (-) TimerEvent: {}
[15.766015] (-) TimerEvent: {}
[15.866832] (-) TimerEvent: {}
[15.968108] (-) TimerEvent: {}
[16.068947] (-) TimerEvent: {}
[16.170288] (-) TimerEvent: {}
[16.271609] (-) TimerEvent: {}
[16.372583] (-) TimerEvent: {}
[16.473396] (-) TimerEvent: {}
[16.574217] (-) TimerEvent: {}
[16.675013] (-) TimerEvent: {}
[16.775783] (-) TimerEvent: {}
[16.876733] (-) TimerEvent: {}
[16.977591] (-) TimerEvent: {}
[17.079040] (-) TimerEvent: {}
[17.180011] (-) TimerEvent: {}
[17.281000] (-) TimerEvent: {}
[17.381755] (-) TimerEvent: {}
[17.483195] (-) TimerEvent: {}
[17.584349] (-) TimerEvent: {}
[17.685617] (-) TimerEvent: {}
[17.786565] (-) TimerEvent: {}
[17.887387] (-) TimerEvent: {}
[17.988293] (-) TimerEvent: {}
[18.090815] (-) TimerEvent: {}
[18.191699] (-) TimerEvent: {}
[18.292520] (-) TimerEvent: {}
[18.393497] (-) TimerEvent: {}
[18.494234] (-) TimerEvent: {}
[18.595132] (-) TimerEvent: {}
[18.696011] (-) TimerEvent: {}
[18.797116] (-) TimerEvent: {}
[18.898185] (-) TimerEvent: {}
[18.999049] (-) TimerEvent: {}
[19.099873] (-) TimerEvent: {}
[19.201096] (-) TimerEvent: {}
[19.301891] (-) TimerEvent: {}
[19.402744] (-) TimerEvent: {}
[19.503562] (-) TimerEvent: {}
[19.604390] (-) TimerEvent: {}
[19.705241] (-) TimerEvent: {}
[19.805986] (-) TimerEvent: {}
[19.906972] (-) TimerEvent: {}
[20.008391] (-) TimerEvent: {}
[20.109236] (-) TimerEvent: {}
[20.209972] (-) TimerEvent: {}
[20.310734] (-) TimerEvent: {}
[20.411597] (-) TimerEvent: {}
[20.512360] (-) TimerEvent: {}
[20.613142] (-) TimerEvent: {}
[20.714217] (-) TimerEvent: {}
[20.782274] (tracking_robot_pkg) StderrLine: {'line': b'gmake[2]: *** [CMakeFiles/tracking_robot_server.dir/build.make:76: CMakeFiles/tracking_robot_server.dir/src/tracking_robot_server.cpp.o] Error 1\n'}
[20.783709] (tracking_robot_pkg) StderrLine: {'line': b'gmake[1]: *** [CMakeFiles/Makefile2:165: CMakeFiles/tracking_robot_server.dir/all] Error 2\n'}
[20.784471] (tracking_robot_pkg) StderrLine: {'line': b'gmake: *** [Makefile:146: all] Error 2\n'}
[20.812666] (tracking_robot_pkg) CommandEnded: {'returncode': 2}
[20.815531] (-) TimerEvent: {}
[20.844158] (tracking_robot_pkg) JobEnded: {'identifier': 'tracking_robot_pkg', 'rc': 2}
[20.857159] (-) EventReactorShutdown: {}
