[35m[1mConsolidate compiler generated dependencies of target circle_wall_client[0m
[35m[1mConsolidate compiler generated dependencies of target circle_wall_server[0m
[ 25%] [32mBuilding CXX object CMakeFiles/circle_wall_client.dir/src/circle_wall_client.cpp.o[0m
[ 50%] [32mBuilding CXX object CMakeFiles/circle_wall_server.dir/src/circle_wall_server.cpp.o[0m
[01m[K/home/sebastian/ros2_ws/src/circle_wall_actions_pkg/src/circle_wall_client.cpp:[m[K In member function ‘[01m[Kvoid CircleWallActionClient::feedback_callback(rclcpp_action::ClientGoalHandle<custom_interfaces::action::CircleWall>::SharedPtr, std::shared_ptr<const custom_interfaces::action::CircleWall_Feedback_<std::allocator<void> > >)[m[K’:
[01m[K/home/sebastian/ros2_ws/src/circle_wall_actions_pkg/src/circle_wall_client.cpp:83:63:[m[K [01;31m[Kerror: [m[K‘[01m[Kusing element_type = class rclcpp_action::Client<custom_interfaces::action::CircleWall>[m[K’ {aka ‘[01m[Kclass rclcpp_action::Client<custom_interfaces::action::CircleWall>[m[K’} has no member named ‘[01m[Kget_goal_handle[m[K’
   83 |       this->client_ptr_->async_cancel_goal(this->client_ptr_->[01;31m[Kget_goal_handle[m[K());
      |                                                               [01;31m[K^~~~~~~~~~~~~~~[m[K
In file included from [01m[K/opt/ros/humble/include/rclcpp/rclcpp/logging.hpp:24[m[K,
                 from [01m[K/opt/ros/humble/include/rclcpp/rclcpp/client.hpp:40[m[K,
                 from [01m[K/opt/ros/humble/include/rclcpp/rclcpp/callback_group.hpp:24[m[K,
                 from [01m[K/opt/ros/humble/include/rclcpp/rclcpp/any_executable.hpp:20[m[K,
                 from [01m[K/opt/ros/humble/include/rclcpp/rclcpp/memory_strategy.hpp:25[m[K,
                 from [01m[K/opt/ros/humble/include/rclcpp/rclcpp/memory_strategies.hpp:18[m[K,
                 from [01m[K/opt/ros/humble/include/rclcpp/rclcpp/executor_options.hpp:20[m[K,
                 from [01m[K/opt/ros/humble/include/rclcpp/rclcpp/executor.hpp:37[m[K,
                 from [01m[K/opt/ros/humble/include/rclcpp/rclcpp/executors/multi_threaded_executor.hpp:25[m[K,
                 from [01m[K/opt/ros/humble/include/rclcpp/rclcpp/executors.hpp:21[m[K,
                 from [01m[K/opt/ros/humble/include/rclcpp/rclcpp/rclcpp.hpp:155[m[K,
                 from [01m[K/home/sebastian/ros2_ws/src/circle_wall_actions_pkg/src/circle_wall_client.cpp:8[m[K:
[01m[K/home/sebastian/ros2_ws/src/circle_wall_actions_pkg/src/circle_wall_client.cpp:[m[K In member function ‘[01m[Kvoid CircleWallActionClient::result_callback(const rclcpp_action::ClientGoalHandle<custom_interfaces::action::CircleWall>::WrappedResult&)[m[K’:
[01m[K/home/sebastian/ros2_ws/src/circle_wall_actions_pkg/src/circle_wall_client.cpp:107:37:[m[K [01;35m[Kwarning: [m[Kformat ‘[01m[K%s[m[K’ expects argument of type ‘[01m[Kchar*[m[K’, but argument 5 has type ‘[01m[Kcustom_interfaces::action::CircleWall_Result_<std::allocator<void> >::_result_type[m[K’ {aka ‘[01m[Kstd::__cxx11::basic_string<char>[m[K’} [[01;35m[K]8;;https://gcc.gnu.org/onlinedocs/gcc/Warning-Options.html#index-Wformat=-Wformat=]8;;[m[K]
  107 |     RCLCPP_INFO(this->get_logger(), [01;35m[K"Result received: %s"[m[K, result.result->result);
      |                                     [01;35m[K^~~~~~~~~~~~~~~~~~~~~[m[K
[01m[K/home/sebastian/ros2_ws/src/circle_wall_actions_pkg/src/circle_wall_client.cpp:107:56:[m[K [01;36m[Knote: [m[Kformat string is defined here
  107 |     RCLCPP_INFO(this->get_logger(), "Result received: [01;36m[K%s[m[K", result.result->result);
      |                                                       [01;36m[K~^[m[K
      |                                                        [01;36m[K|[m[K
      |                                                        [01;36m[Kchar*[m[K
[01m[K/home/sebastian/ros2_ws/src/circle_wall_actions_pkg/src/circle_wall_server.cpp:[m[K In member function ‘[01m[Kvoid CircleWallActionServer::execute(std::shared_ptr<rclcpp_action::ServerGoalHandle<custom_interfaces::action::CircleWall> >)[m[K’:
[01m[K/home/sebastian/ros2_ws/src/circle_wall_actions_pkg/src/circle_wall_server.cpp:104:62:[m[K [01;31m[Kerror: [m[Kno matching function for call to ‘[01m[Kstd::lock_guard<std::mutex>::lock_guard(bool&)[m[K’
  104 |                 std::lock_guard<std::mutex> lock(wall_touched[01;31m[K)[m[K;
      |                                                              [01;31m[K^[m[K
In file included from [01m[K/usr/include/c++/11/mutex:43[m[K,
                 from [01m[K/usr/include/c++/11/future:38[m[K,
                 from [01m[K/opt/ros/humble/include/rclcpp/rclcpp/executors.hpp:18[m[K,
                 from [01m[K/opt/ros/humble/include/rclcpp/rclcpp/rclcpp.hpp:155[m[K,
                 from [01m[K/home/sebastian/ros2_ws/src/circle_wall_actions_pkg/src/circle_wall_server.cpp:5[m[K:
[01m[K/usr/include/c++/11/bits/std_mutex.h:231:7:[m[K [01;36m[Knote: [m[Kcandidate: ‘[01m[Kstd::lock_guard<_Mutex>::lock_guard(std::lock_guard<_Mutex>::mutex_type&, std::adopt_lock_t) [with _Mutex = std::mutex; std::lock_guard<_Mutex>::mutex_type = std::mutex][m[K’
  231 |       [01;36m[Klock_guard[m[K(mutex_type& __m, adopt_lock_t) noexcept : _M_device(__m)
      |       [01;36m[K^~~~~~~~~~[m[K
[01m[K/usr/include/c++/11/bits/std_mutex.h:231:7:[m[K [01;36m[Knote: [m[K  candidate expects 2 arguments, 1 provided
[01m[K/usr/include/c++/11/bits/std_mutex.h:228:16:[m[K [01;36m[Knote: [m[Kcandidate: ‘[01m[Kstd::lock_guard<_Mutex>::lock_guard(std::lock_guard<_Mutex>::mutex_type&) [with _Mutex = std::mutex; std::lock_guard<_Mutex>::mutex_type = std::mutex][m[K’
  228 |       explicit [01;36m[Klock_guard[m[K(mutex_type& __m) : _M_device(__m)
      |                [01;36m[K^~~~~~~~~~[m[K
[01m[K/usr/include/c++/11/bits/std_mutex.h:228:39:[m[K [01;36m[Knote: [m[K  no known conversion for argument 1 from ‘[01m[Kbool[m[K’ to ‘[01m[Kstd::lock_guard<std::mutex>::mutex_type&[m[K’ {aka ‘[01m[Kstd::mutex&[m[K’}
  228 |       explicit lock_guard([01;36m[Kmutex_type& __m[m[K) : _M_device(__m)
      |                           [01;36m[K~~~~~~~~~~~~^~~[m[K
gmake[2]: *** [CMakeFiles/circle_wall_client.dir/build.make:76: CMakeFiles/circle_wall_client.dir/src/circle_wall_client.cpp.o] Error 1
gmake[1]: *** [CMakeFiles/Makefile2:165: CMakeFiles/circle_wall_client.dir/all] Error 2
gmake[1]: *** Waiting for unfinished jobs....
gmake[2]: *** [CMakeFiles/circle_wall_server.dir/build.make:76: CMakeFiles/circle_wall_server.dir/src/circle_wall_server.cpp.o] Error 1
gmake[1]: *** [CMakeFiles/Makefile2:139: CMakeFiles/circle_wall_server.dir/all] Error 2
gmake: *** [Makefile:146: all] Error 2
