[0.284s] DEBUG:colcon:Command line arguments: ['/usr/bin/colcon', 'build']
[0.284s] DEBUG:colcon:Parsed command line arguments: Namespace(log_base=None, log_level=None, verb_name='build', build_base='build', install_base='install', merge_install=False, symlink_install=False, test_result_base=None, continue_on_error=False, executor='parallel', parallel_workers=6, event_handlers=None, ignore_user_meta=False, metas=['./colcon.meta'], base_paths=['.'], packages_ignore=None, packages_ignore_regex=None, paths=None, packages_up_to=None, packages_up_to_regex=None, packages_above=None, packages_above_and_dependencies=None, packages_above_depth=None, packages_select_by_dep=None, packages_skip_by_dep=None, packages_skip_up_to=None, packages_select_build_failed=False, packages_skip_build_finished=False, packages_select_test_failures=False, packages_skip_test_passed=False, packages_select=None, packages_skip=None, packages_select_regex=None, packages_skip_regex=None, packages_start=None, packages_end=None, allow_overriding=[], cmake_args=None, cmake_target=None, cmake_target_skip_unavailable=False, cmake_clean_cache=False, cmake_clean_first=False, cmake_force_configure=False, ament_cmake_args=None, catkin_cmake_args=None, catkin_skip_building_tests=False, verb_parser=<colcon_defaults.argument_parser.defaults.DefaultArgumentsDecorator object at 0xffff7fc421d0>, verb_extension=<colcon_core.verb.build.BuildVerb object at 0xffff7fdef5e0>, main=<bound method BuildVerb.main of <colcon_core.verb.build.BuildVerb object at 0xffff7fdef5e0>>)
[0.972s] Level 1:colcon.colcon_core.package_discovery:discover_packages(colcon_meta) check parameters
[0.972s] Level 1:colcon.colcon_core.package_discovery:discover_packages(recursive) check parameters
[0.972s] Level 1:colcon.colcon_core.package_discovery:discover_packages(ignore) check parameters
[0.972s] Level 1:colcon.colcon_core.package_discovery:discover_packages(path) check parameters
[0.972s] Level 1:colcon.colcon_core.package_discovery:discover_packages(colcon_meta) discover
[0.973s] Level 1:colcon.colcon_core.package_discovery:discover_packages(recursive) discover
[0.973s] INFO:colcon.colcon_core.package_discovery:Crawling recursively for packages in '/workspaces/isaac_ros-dev/src/ros2_ws'
[0.973s] Level 1:colcon.colcon_core.package_identification:_identify(.) by extensions ['ignore', 'ignore_ament_install']
[0.973s] Level 1:colcon.colcon_core.package_identification:_identify(.) by extension 'ignore'
[0.973s] Level 1:colcon.colcon_core.package_identification:_identify(.) by extension 'ignore_ament_install'
[0.974s] Level 1:colcon.colcon_core.package_identification:_identify(.) by extensions ['colcon_pkg']
[0.974s] Level 1:colcon.colcon_core.package_identification:_identify(.) by extension 'colcon_pkg'
[0.974s] Level 1:colcon.colcon_core.package_identification:_identify(.) by extensions ['colcon_meta']
[0.974s] Level 1:colcon.colcon_core.package_identification:_identify(.) by extension 'colcon_meta'
[0.974s] Level 1:colcon.colcon_core.package_identification:_identify(.) by extensions ['ros']
[0.974s] Level 1:colcon.colcon_core.package_identification:_identify(.) by extension 'ros'
[1.008s] Level 1:colcon.colcon_core.package_identification:_identify(.) by extensions ['cmake', 'python']
[1.009s] Level 1:colcon.colcon_core.package_identification:_identify(.) by extension 'cmake'
[1.009s] Level 1:colcon.colcon_core.package_identification:_identify(.) by extension 'python'
[1.009s] Level 1:colcon.colcon_core.package_identification:_identify(.) by extensions ['python_setup_py']
[1.009s] Level 1:colcon.colcon_core.package_identification:_identify(.) by extension 'python_setup_py'
[1.009s] Level 1:colcon.colcon_core.package_identification:_identify(build) by extensions ['ignore', 'ignore_ament_install']
[1.010s] Level 1:colcon.colcon_core.package_identification:_identify(build) by extension 'ignore'
[1.010s] Level 1:colcon.colcon_core.package_identification:_identify(build) ignored
[1.010s] Level 1:colcon.colcon_core.package_identification:_identify(install) by extensions ['ignore', 'ignore_ament_install']
[1.010s] Level 1:colcon.colcon_core.package_identification:_identify(install) by extension 'ignore'
[1.010s] Level 1:colcon.colcon_core.package_identification:_identify(install) ignored
[1.011s] Level 1:colcon.colcon_core.package_identification:_identify(log) by extensions ['ignore', 'ignore_ament_install']
[1.011s] Level 1:colcon.colcon_core.package_identification:_identify(log) by extension 'ignore'
[1.011s] Level 1:colcon.colcon_core.package_identification:_identify(log) ignored
[1.011s] Level 1:colcon.colcon_core.package_identification:_identify(src) by extensions ['ignore', 'ignore_ament_install']
[1.012s] Level 1:colcon.colcon_core.package_identification:_identify(src) by extension 'ignore'
[1.012s] Level 1:colcon.colcon_core.package_identification:_identify(src) by extension 'ignore_ament_install'
[1.012s] Level 1:colcon.colcon_core.package_identification:_identify(src) by extensions ['colcon_pkg']
[1.012s] Level 1:colcon.colcon_core.package_identification:_identify(src) by extension 'colcon_pkg'
[1.012s] Level 1:colcon.colcon_core.package_identification:_identify(src) by extensions ['colcon_meta']
[1.012s] Level 1:colcon.colcon_core.package_identification:_identify(src) by extension 'colcon_meta'
[1.012s] Level 1:colcon.colcon_core.package_identification:_identify(src) by extensions ['ros']
[1.012s] Level 1:colcon.colcon_core.package_identification:_identify(src) by extension 'ros'
[1.013s] Level 1:colcon.colcon_core.package_identification:_identify(src) by extensions ['cmake', 'python']
[1.013s] Level 1:colcon.colcon_core.package_identification:_identify(src) by extension 'cmake'
[1.013s] Level 1:colcon.colcon_core.package_identification:_identify(src) by extension 'python'
[1.013s] Level 1:colcon.colcon_core.package_identification:_identify(src) by extensions ['python_setup_py']
[1.013s] Level 1:colcon.colcon_core.package_identification:_identify(src) by extension 'python_setup_py'
[1.013s] Level 1:colcon.colcon_core.package_identification:_identify(src/custom_interfaces) by extensions ['ignore', 'ignore_ament_install']
[1.013s] Level 1:colcon.colcon_core.package_identification:_identify(src/custom_interfaces) by extension 'ignore'
[1.014s] Level 1:colcon.colcon_core.package_identification:_identify(src/custom_interfaces) by extension 'ignore_ament_install'
[1.014s] Level 1:colcon.colcon_core.package_identification:_identify(src/custom_interfaces) by extensions ['colcon_pkg']
[1.014s] Level 1:colcon.colcon_core.package_identification:_identify(src/custom_interfaces) by extension 'colcon_pkg'
[1.014s] Level 1:colcon.colcon_core.package_identification:_identify(src/custom_interfaces) by extensions ['colcon_meta']
[1.014s] Level 1:colcon.colcon_core.package_identification:_identify(src/custom_interfaces) by extension 'colcon_meta'
[1.014s] Level 1:colcon.colcon_core.package_identification:_identify(src/custom_interfaces) by extensions ['ros']
[1.014s] Level 1:colcon.colcon_core.package_identification:_identify(src/custom_interfaces) by extension 'ros'
[1.021s] DEBUG:colcon.colcon_core.package_identification:Package 'src/custom_interfaces' with type 'ros.ament_cmake' and name 'custom_interfaces'
[1.021s] Level 1:colcon.colcon_core.package_identification:_identify(src/tracking_robot_pkg) by extensions ['ignore', 'ignore_ament_install']
[1.022s] Level 1:colcon.colcon_core.package_identification:_identify(src/tracking_robot_pkg) by extension 'ignore'
[1.022s] Level 1:colcon.colcon_core.package_identification:_identify(src/tracking_robot_pkg) by extension 'ignore_ament_install'
[1.022s] Level 1:colcon.colcon_core.package_identification:_identify(src/tracking_robot_pkg) by extensions ['colcon_pkg']
[1.022s] Level 1:colcon.colcon_core.package_identification:_identify(src/tracking_robot_pkg) by extension 'colcon_pkg'
[1.022s] Level 1:colcon.colcon_core.package_identification:_identify(src/tracking_robot_pkg) by extensions ['colcon_meta']
[1.022s] Level 1:colcon.colcon_core.package_identification:_identify(src/tracking_robot_pkg) by extension 'colcon_meta'
[1.023s] Level 1:colcon.colcon_core.package_identification:_identify(src/tracking_robot_pkg) by extensions ['ros']
[1.023s] Level 1:colcon.colcon_core.package_identification:_identify(src/tracking_robot_pkg) by extension 'ros'
[1.025s] DEBUG:colcon.colcon_core.package_identification:Package 'src/tracking_robot_pkg' with type 'ros.ament_cmake' and name 'tracking_robot_pkg'
[1.025s] Level 1:colcon.colcon_core.package_discovery:discover_packages(recursive) using defaults
[1.026s] Level 1:colcon.colcon_core.package_discovery:discover_packages(ignore) discover
[1.026s] Level 1:colcon.colcon_core.package_discovery:discover_packages(ignore) using defaults
[1.026s] Level 1:colcon.colcon_core.package_discovery:discover_packages(path) discover
[1.026s] Level 1:colcon.colcon_core.package_discovery:discover_packages(path) using defaults
[1.071s] Level 1:colcon.colcon_core.package_discovery:discover_packages(prefix_path) check parameters
[1.071s] Level 1:colcon.colcon_core.package_discovery:discover_packages(prefix_path) discover
[1.076s] DEBUG:colcon.colcon_installed_package_information.package_discovery:Found 2 installed packages in /workspaces/isaac_ros-dev/src/ros2_ws/install
[1.081s] DEBUG:colcon.colcon_installed_package_information.package_discovery:Found 439 installed packages in /opt/ros/humble
[1.087s] Level 1:colcon.colcon_core.package_discovery:discover_packages(prefix_path) using defaults
[1.220s] Level 5:colcon.colcon_core.verb:set package 'custom_interfaces' build argument 'cmake_args' from command line to 'None'
[1.220s] Level 5:colcon.colcon_core.verb:set package 'custom_interfaces' build argument 'cmake_target' from command line to 'None'
[1.220s] Level 5:colcon.colcon_core.verb:set package 'custom_interfaces' build argument 'cmake_target_skip_unavailable' from command line to 'False'
[1.220s] Level 5:colcon.colcon_core.verb:set package 'custom_interfaces' build argument 'cmake_clean_cache' from command line to 'False'
[1.220s] Level 5:colcon.colcon_core.verb:set package 'custom_interfaces' build argument 'cmake_clean_first' from command line to 'False'
[1.220s] Level 5:colcon.colcon_core.verb:set package 'custom_interfaces' build argument 'cmake_force_configure' from command line to 'False'
[1.220s] Level 5:colcon.colcon_core.verb:set package 'custom_interfaces' build argument 'ament_cmake_args' from command line to 'None'
[1.221s] Level 5:colcon.colcon_core.verb:set package 'custom_interfaces' build argument 'catkin_cmake_args' from command line to 'None'
[1.221s] Level 5:colcon.colcon_core.verb:set package 'custom_interfaces' build argument 'catkin_skip_building_tests' from command line to 'False'
[1.221s] DEBUG:colcon.colcon_core.verb:Building package 'custom_interfaces' with the following arguments: {'ament_cmake_args': None, 'build_base': '/workspaces/isaac_ros-dev/src/ros2_ws/build/custom_interfaces', 'catkin_cmake_args': None, 'catkin_skip_building_tests': False, 'cmake_args': None, 'cmake_clean_cache': False, 'cmake_clean_first': False, 'cmake_force_configure': False, 'cmake_target': None, 'cmake_target_skip_unavailable': False, 'install_base': '/workspaces/isaac_ros-dev/src/ros2_ws/install/custom_interfaces', 'merge_install': False, 'path': '/workspaces/isaac_ros-dev/src/ros2_ws/src/custom_interfaces', 'symlink_install': False, 'test_result_base': None}
[1.221s] Level 5:colcon.colcon_core.verb:set package 'tracking_robot_pkg' build argument 'cmake_args' from command line to 'None'
[1.222s] Level 5:colcon.colcon_core.verb:set package 'tracking_robot_pkg' build argument 'cmake_target' from command line to 'None'
[1.222s] Level 5:colcon.colcon_core.verb:set package 'tracking_robot_pkg' build argument 'cmake_target_skip_unavailable' from command line to 'False'
[1.222s] Level 5:colcon.colcon_core.verb:set package 'tracking_robot_pkg' build argument 'cmake_clean_cache' from command line to 'False'
[1.222s] Level 5:colcon.colcon_core.verb:set package 'tracking_robot_pkg' build argument 'cmake_clean_first' from command line to 'False'
[1.222s] Level 5:colcon.colcon_core.verb:set package 'tracking_robot_pkg' build argument 'cmake_force_configure' from command line to 'False'
[1.222s] Level 5:colcon.colcon_core.verb:set package 'tracking_robot_pkg' build argument 'ament_cmake_args' from command line to 'None'
[1.222s] Level 5:colcon.colcon_core.verb:set package 'tracking_robot_pkg' build argument 'catkin_cmake_args' from command line to 'None'
[1.222s] Level 5:colcon.colcon_core.verb:set package 'tracking_robot_pkg' build argument 'catkin_skip_building_tests' from command line to 'False'
[1.222s] DEBUG:colcon.colcon_core.verb:Building package 'tracking_robot_pkg' with the following arguments: {'ament_cmake_args': None, 'build_base': '/workspaces/isaac_ros-dev/src/ros2_ws/build/tracking_robot_pkg', 'catkin_cmake_args': None, 'catkin_skip_building_tests': False, 'cmake_args': None, 'cmake_clean_cache': False, 'cmake_clean_first': False, 'cmake_force_configure': False, 'cmake_target': None, 'cmake_target_skip_unavailable': False, 'install_base': '/workspaces/isaac_ros-dev/src/ros2_ws/install/tracking_robot_pkg', 'merge_install': False, 'path': '/workspaces/isaac_ros-dev/src/ros2_ws/src/tracking_robot_pkg', 'symlink_install': False, 'test_result_base': None}
[1.222s] INFO:colcon.colcon_core.executor:Executing jobs using 'parallel' executor
[1.226s] DEBUG:colcon.colcon_parallel_executor.executor.parallel:run_until_complete
[1.226s] INFO:colcon.colcon_ros.task.ament_cmake.build:Building ROS package in '/workspaces/isaac_ros-dev/src/ros2_ws/src/custom_interfaces' with build type 'ament_cmake'
[1.227s] INFO:colcon.colcon_cmake.task.cmake.build:Building CMake package in '/workspaces/isaac_ros-dev/src/ros2_ws/src/custom_interfaces'
[1.232s] INFO:colcon.colcon_core.plugin_system:Skipping extension 'colcon_core.shell.bat': Not used on non-Windows systems
[1.233s] INFO:colcon.colcon_core.shell:Skip shell extension 'powershell' for command environment: Not usable outside of PowerShell
[1.233s] DEBUG:colcon.colcon_core.shell:Skip shell extension 'dsv' for command environment
[1.255s] DEBUG:colcon.colcon_core.event_handler.log_command:Invoking command in '/workspaces/isaac_ros-dev/src/ros2_ws/build/custom_interfaces': CMAKE_PREFIX_PATH=${CMAKE_PREFIX_PATH}:/opt/ros/humble /usr/bin/cmake --build /workspaces/isaac_ros-dev/src/ros2_ws/build/custom_interfaces -- -j6 -l6
[3.597s] DEBUG:colcon.colcon_core.event_handler.log_command:Invoked command in '/workspaces/isaac_ros-dev/src/ros2_ws/build/custom_interfaces' returned '0': CMAKE_PREFIX_PATH=${CMAKE_PREFIX_PATH}:/opt/ros/humble /usr/bin/cmake --build /workspaces/isaac_ros-dev/src/ros2_ws/build/custom_interfaces -- -j6 -l6
[3.625s] DEBUG:colcon.colcon_core.event_handler.log_command:Invoking command in '/workspaces/isaac_ros-dev/src/ros2_ws/build/custom_interfaces': CMAKE_PREFIX_PATH=${CMAKE_PREFIX_PATH}:/opt/ros/humble /usr/bin/cmake --install /workspaces/isaac_ros-dev/src/ros2_ws/build/custom_interfaces
[3.773s] Level 1:colcon.colcon_core.environment:create_environment_scripts_only(custom_interfaces)
[3.774s] DEBUG:colcon.colcon_core.event_handler.log_command:Invoked command in '/workspaces/isaac_ros-dev/src/ros2_ws/build/custom_interfaces' returned '0': CMAKE_PREFIX_PATH=${CMAKE_PREFIX_PATH}:/opt/ros/humble /usr/bin/cmake --install /workspaces/isaac_ros-dev/src/ros2_ws/build/custom_interfaces
[3.782s] Level 1:colcon.colcon_core.environment:checking '/workspaces/isaac_ros-dev/src/ros2_ws/install/custom_interfaces' for CMake module files
[3.784s] Level 1:colcon.colcon_core.environment:checking '/workspaces/isaac_ros-dev/src/ros2_ws/install/custom_interfaces' for CMake config files
[3.785s] Level 1:colcon.colcon_core.shell:create_environment_hook('custom_interfaces', 'cmake_prefix_path')
[3.786s] INFO:colcon.colcon_core.shell:Creating environment hook '/workspaces/isaac_ros-dev/src/ros2_ws/install/custom_interfaces/share/custom_interfaces/hook/cmake_prefix_path.ps1'
[3.789s] INFO:colcon.colcon_core.shell:Creating environment descriptor '/workspaces/isaac_ros-dev/src/ros2_ws/install/custom_interfaces/share/custom_interfaces/hook/cmake_prefix_path.dsv'
[3.790s] INFO:colcon.colcon_core.shell:Creating environment hook '/workspaces/isaac_ros-dev/src/ros2_ws/install/custom_interfaces/share/custom_interfaces/hook/cmake_prefix_path.sh'
[3.793s] Level 1:colcon.colcon_core.environment:checking '/workspaces/isaac_ros-dev/src/ros2_ws/install/custom_interfaces/lib'
[3.794s] Level 1:colcon.colcon_core.shell:create_environment_hook('custom_interfaces', 'ld_library_path_lib')
[3.795s] INFO:colcon.colcon_core.shell:Creating environment hook '/workspaces/isaac_ros-dev/src/ros2_ws/install/custom_interfaces/share/custom_interfaces/hook/ld_library_path_lib.ps1'
[3.796s] INFO:colcon.colcon_core.shell:Creating environment descriptor '/workspaces/isaac_ros-dev/src/ros2_ws/install/custom_interfaces/share/custom_interfaces/hook/ld_library_path_lib.dsv'
[3.797s] INFO:colcon.colcon_core.shell:Creating environment hook '/workspaces/isaac_ros-dev/src/ros2_ws/install/custom_interfaces/share/custom_interfaces/hook/ld_library_path_lib.sh'
[3.798s] Level 1:colcon.colcon_core.environment:checking '/workspaces/isaac_ros-dev/src/ros2_ws/install/custom_interfaces/bin'
[3.798s] Level 1:colcon.colcon_core.environment:checking '/workspaces/isaac_ros-dev/src/ros2_ws/install/custom_interfaces/lib/pkgconfig/custom_interfaces.pc'
[3.799s] Level 1:colcon.colcon_core.environment:checking '/workspaces/isaac_ros-dev/src/ros2_ws/install/custom_interfaces/lib/python3.10/site-packages'
[3.800s] Level 1:colcon.colcon_core.environment:checking '/workspaces/isaac_ros-dev/src/ros2_ws/install/custom_interfaces/bin'
[3.801s] INFO:colcon.colcon_core.shell:Creating package script '/workspaces/isaac_ros-dev/src/ros2_ws/install/custom_interfaces/share/custom_interfaces/package.ps1'
[3.804s] INFO:colcon.colcon_core.shell:Creating package descriptor '/workspaces/isaac_ros-dev/src/ros2_ws/install/custom_interfaces/share/custom_interfaces/package.dsv'
[3.806s] INFO:colcon.colcon_core.shell:Creating package script '/workspaces/isaac_ros-dev/src/ros2_ws/install/custom_interfaces/share/custom_interfaces/package.sh'
[3.808s] INFO:colcon.colcon_core.shell:Creating package script '/workspaces/isaac_ros-dev/src/ros2_ws/install/custom_interfaces/share/custom_interfaces/package.bash'
[3.811s] INFO:colcon.colcon_core.shell:Creating package script '/workspaces/isaac_ros-dev/src/ros2_ws/install/custom_interfaces/share/custom_interfaces/package.zsh'
[3.813s] Level 1:colcon.colcon_core.environment:create_file_with_runtime_dependencies(/workspaces/isaac_ros-dev/src/ros2_ws/install/custom_interfaces/share/colcon-core/packages/custom_interfaces)
[3.816s] Level 1:colcon.colcon_core.environment:create_environment_scripts_only(custom_interfaces)
[3.817s] Level 1:colcon.colcon_core.environment:checking '/workspaces/isaac_ros-dev/src/ros2_ws/install/custom_interfaces' for CMake module files
[3.819s] Level 1:colcon.colcon_core.environment:checking '/workspaces/isaac_ros-dev/src/ros2_ws/install/custom_interfaces' for CMake config files
[3.820s] Level 1:colcon.colcon_core.shell:create_environment_hook('custom_interfaces', 'cmake_prefix_path')
[3.821s] INFO:colcon.colcon_core.shell:Creating environment hook '/workspaces/isaac_ros-dev/src/ros2_ws/install/custom_interfaces/share/custom_interfaces/hook/cmake_prefix_path.ps1'
[3.822s] INFO:colcon.colcon_core.shell:Creating environment descriptor '/workspaces/isaac_ros-dev/src/ros2_ws/install/custom_interfaces/share/custom_interfaces/hook/cmake_prefix_path.dsv'
[3.824s] INFO:colcon.colcon_core.shell:Creating environment hook '/workspaces/isaac_ros-dev/src/ros2_ws/install/custom_interfaces/share/custom_interfaces/hook/cmake_prefix_path.sh'
[3.826s] Level 1:colcon.colcon_core.environment:checking '/workspaces/isaac_ros-dev/src/ros2_ws/install/custom_interfaces/lib'
[3.826s] Level 1:colcon.colcon_core.shell:create_environment_hook('custom_interfaces', 'ld_library_path_lib')
[3.827s] INFO:colcon.colcon_core.shell:Creating environment hook '/workspaces/isaac_ros-dev/src/ros2_ws/install/custom_interfaces/share/custom_interfaces/hook/ld_library_path_lib.ps1'
[3.828s] INFO:colcon.colcon_core.shell:Creating environment descriptor '/workspaces/isaac_ros-dev/src/ros2_ws/install/custom_interfaces/share/custom_interfaces/hook/ld_library_path_lib.dsv'
[3.830s] INFO:colcon.colcon_core.shell:Creating environment hook '/workspaces/isaac_ros-dev/src/ros2_ws/install/custom_interfaces/share/custom_interfaces/hook/ld_library_path_lib.sh'
[3.831s] Level 1:colcon.colcon_core.environment:checking '/workspaces/isaac_ros-dev/src/ros2_ws/install/custom_interfaces/bin'
[3.831s] Level 1:colcon.colcon_core.environment:checking '/workspaces/isaac_ros-dev/src/ros2_ws/install/custom_interfaces/lib/pkgconfig/custom_interfaces.pc'
[3.832s] Level 1:colcon.colcon_core.environment:checking '/workspaces/isaac_ros-dev/src/ros2_ws/install/custom_interfaces/lib/python3.10/site-packages'
[3.832s] Level 1:colcon.colcon_core.environment:checking '/workspaces/isaac_ros-dev/src/ros2_ws/install/custom_interfaces/bin'
[3.833s] INFO:colcon.colcon_core.shell:Creating package script '/workspaces/isaac_ros-dev/src/ros2_ws/install/custom_interfaces/share/custom_interfaces/package.ps1'
[3.835s] INFO:colcon.colcon_core.shell:Creating package descriptor '/workspaces/isaac_ros-dev/src/ros2_ws/install/custom_interfaces/share/custom_interfaces/package.dsv'
[3.837s] INFO:colcon.colcon_core.shell:Creating package script '/workspaces/isaac_ros-dev/src/ros2_ws/install/custom_interfaces/share/custom_interfaces/package.sh'
[3.839s] INFO:colcon.colcon_core.shell:Creating package script '/workspaces/isaac_ros-dev/src/ros2_ws/install/custom_interfaces/share/custom_interfaces/package.bash'
[3.841s] INFO:colcon.colcon_core.shell:Creating package script '/workspaces/isaac_ros-dev/src/ros2_ws/install/custom_interfaces/share/custom_interfaces/package.zsh'
[3.843s] Level 1:colcon.colcon_core.environment:create_file_with_runtime_dependencies(/workspaces/isaac_ros-dev/src/ros2_ws/install/custom_interfaces/share/colcon-core/packages/custom_interfaces)
[3.844s] INFO:colcon.colcon_ros.task.ament_cmake.build:Building ROS package in '/workspaces/isaac_ros-dev/src/ros2_ws/src/tracking_robot_pkg' with build type 'ament_cmake'
[3.844s] INFO:colcon.colcon_cmake.task.cmake.build:Building CMake package in '/workspaces/isaac_ros-dev/src/ros2_ws/src/tracking_robot_pkg'
[3.845s] INFO:colcon.colcon_core.shell:Skip shell extension 'powershell' for command environment: Not usable outside of PowerShell
[3.846s] DEBUG:colcon.colcon_core.shell:Skip shell extension 'dsv' for command environment
[3.883s] DEBUG:colcon.colcon_core.event_handler.log_command:Invoking command in '/workspaces/isaac_ros-dev/src/ros2_ws/build/tracking_robot_pkg': CMAKE_PREFIX_PATH=/workspaces/isaac_ros-dev/src/ros2_ws/install/custom_interfaces:/workspaces/isaac_ros-dev/src/ros2_ws/install/tracking_robot_pkg:/usr/local/libcudss-linux-0.3.0.9_cuda12-archive:/opt/ros/humble /usr/bin/cmake --build /workspaces/isaac_ros-dev/src/ros2_ws/build/tracking_robot_pkg -- -j6 -l6
[31.828s] DEBUG:colcon.colcon_core.event_handler.log_command:Invoked command in '/workspaces/isaac_ros-dev/src/ros2_ws/build/tracking_robot_pkg' returned '0': CMAKE_PREFIX_PATH=/workspaces/isaac_ros-dev/src/ros2_ws/install/custom_interfaces:/workspaces/isaac_ros-dev/src/ros2_ws/install/tracking_robot_pkg:/usr/local/libcudss-linux-0.3.0.9_cuda12-archive:/opt/ros/humble /usr/bin/cmake --build /workspaces/isaac_ros-dev/src/ros2_ws/build/tracking_robot_pkg -- -j6 -l6
[31.833s] DEBUG:colcon.colcon_core.event_handler.log_command:Invoking command in '/workspaces/isaac_ros-dev/src/ros2_ws/build/tracking_robot_pkg': CMAKE_PREFIX_PATH=/workspaces/isaac_ros-dev/src/ros2_ws/install/custom_interfaces:/workspaces/isaac_ros-dev/src/ros2_ws/install/tracking_robot_pkg:/usr/local/libcudss-linux-0.3.0.9_cuda12-archive:/opt/ros/humble /usr/bin/cmake --install /workspaces/isaac_ros-dev/src/ros2_ws/build/tracking_robot_pkg
[31.883s] Level 1:colcon.colcon_core.environment:create_environment_scripts_only(tracking_robot_pkg)
[31.884s] Level 1:colcon.colcon_core.environment:checking '/workspaces/isaac_ros-dev/src/ros2_ws/install/tracking_robot_pkg' for CMake module files
[31.885s] DEBUG:colcon.colcon_core.event_handler.log_command:Invoked command in '/workspaces/isaac_ros-dev/src/ros2_ws/build/tracking_robot_pkg' returned '0': CMAKE_PREFIX_PATH=/workspaces/isaac_ros-dev/src/ros2_ws/install/custom_interfaces:/workspaces/isaac_ros-dev/src/ros2_ws/install/tracking_robot_pkg:/usr/local/libcudss-linux-0.3.0.9_cuda12-archive:/opt/ros/humble /usr/bin/cmake --install /workspaces/isaac_ros-dev/src/ros2_ws/build/tracking_robot_pkg
[31.886s] Level 1:colcon.colcon_core.environment:checking '/workspaces/isaac_ros-dev/src/ros2_ws/install/tracking_robot_pkg' for CMake config files
[31.887s] Level 1:colcon.colcon_core.shell:create_environment_hook('tracking_robot_pkg', 'cmake_prefix_path')
[31.887s] INFO:colcon.colcon_core.shell:Creating environment hook '/workspaces/isaac_ros-dev/src/ros2_ws/install/tracking_robot_pkg/share/tracking_robot_pkg/hook/cmake_prefix_path.ps1'
[31.889s] INFO:colcon.colcon_core.shell:Creating environment descriptor '/workspaces/isaac_ros-dev/src/ros2_ws/install/tracking_robot_pkg/share/tracking_robot_pkg/hook/cmake_prefix_path.dsv'
[31.890s] INFO:colcon.colcon_core.shell:Creating environment hook '/workspaces/isaac_ros-dev/src/ros2_ws/install/tracking_robot_pkg/share/tracking_robot_pkg/hook/cmake_prefix_path.sh'
[31.891s] Level 1:colcon.colcon_core.environment:checking '/workspaces/isaac_ros-dev/src/ros2_ws/install/tracking_robot_pkg/lib'
[31.892s] Level 1:colcon.colcon_core.environment:checking '/workspaces/isaac_ros-dev/src/ros2_ws/install/tracking_robot_pkg/bin'
[31.892s] Level 1:colcon.colcon_core.environment:checking '/workspaces/isaac_ros-dev/src/ros2_ws/install/tracking_robot_pkg/lib/pkgconfig/tracking_robot_pkg.pc'
[31.892s] Level 1:colcon.colcon_core.environment:checking '/workspaces/isaac_ros-dev/src/ros2_ws/install/tracking_robot_pkg/lib/python3.10/site-packages'
[31.893s] Level 1:colcon.colcon_core.environment:checking '/workspaces/isaac_ros-dev/src/ros2_ws/install/tracking_robot_pkg/bin'
[31.894s] INFO:colcon.colcon_core.shell:Creating package script '/workspaces/isaac_ros-dev/src/ros2_ws/install/tracking_robot_pkg/share/tracking_robot_pkg/package.ps1'
[31.896s] INFO:colcon.colcon_core.shell:Creating package descriptor '/workspaces/isaac_ros-dev/src/ros2_ws/install/tracking_robot_pkg/share/tracking_robot_pkg/package.dsv'
[31.897s] INFO:colcon.colcon_core.shell:Creating package script '/workspaces/isaac_ros-dev/src/ros2_ws/install/tracking_robot_pkg/share/tracking_robot_pkg/package.sh'
[31.899s] INFO:colcon.colcon_core.shell:Creating package script '/workspaces/isaac_ros-dev/src/ros2_ws/install/tracking_robot_pkg/share/tracking_robot_pkg/package.bash'
[31.900s] INFO:colcon.colcon_core.shell:Creating package script '/workspaces/isaac_ros-dev/src/ros2_ws/install/tracking_robot_pkg/share/tracking_robot_pkg/package.zsh'
[31.901s] Level 1:colcon.colcon_core.environment:create_file_with_runtime_dependencies(/workspaces/isaac_ros-dev/src/ros2_ws/install/tracking_robot_pkg/share/colcon-core/packages/tracking_robot_pkg)
[31.903s] Level 1:colcon.colcon_core.environment:create_environment_scripts_only(tracking_robot_pkg)
[31.904s] Level 1:colcon.colcon_core.environment:checking '/workspaces/isaac_ros-dev/src/ros2_ws/install/tracking_robot_pkg' for CMake module files
[31.906s] Level 1:colcon.colcon_core.environment:checking '/workspaces/isaac_ros-dev/src/ros2_ws/install/tracking_robot_pkg' for CMake config files
[31.906s] Level 1:colcon.colcon_core.shell:create_environment_hook('tracking_robot_pkg', 'cmake_prefix_path')
[31.907s] INFO:colcon.colcon_core.shell:Creating environment hook '/workspaces/isaac_ros-dev/src/ros2_ws/install/tracking_robot_pkg/share/tracking_robot_pkg/hook/cmake_prefix_path.ps1'
[31.909s] INFO:colcon.colcon_core.shell:Creating environment descriptor '/workspaces/isaac_ros-dev/src/ros2_ws/install/tracking_robot_pkg/share/tracking_robot_pkg/hook/cmake_prefix_path.dsv'
[31.912s] INFO:colcon.colcon_core.shell:Creating environment hook '/workspaces/isaac_ros-dev/src/ros2_ws/install/tracking_robot_pkg/share/tracking_robot_pkg/hook/cmake_prefix_path.sh'
[31.917s] Level 1:colcon.colcon_core.environment:checking '/workspaces/isaac_ros-dev/src/ros2_ws/install/tracking_robot_pkg/lib'
[31.917s] Level 1:colcon.colcon_core.environment:checking '/workspaces/isaac_ros-dev/src/ros2_ws/install/tracking_robot_pkg/bin'
[31.918s] Level 1:colcon.colcon_core.environment:checking '/workspaces/isaac_ros-dev/src/ros2_ws/install/tracking_robot_pkg/lib/pkgconfig/tracking_robot_pkg.pc'
[31.918s] Level 1:colcon.colcon_core.environment:checking '/workspaces/isaac_ros-dev/src/ros2_ws/install/tracking_robot_pkg/lib/python3.10/site-packages'
[31.919s] Level 1:colcon.colcon_core.environment:checking '/workspaces/isaac_ros-dev/src/ros2_ws/install/tracking_robot_pkg/bin'
[31.921s] INFO:colcon.colcon_core.shell:Creating package script '/workspaces/isaac_ros-dev/src/ros2_ws/install/tracking_robot_pkg/share/tracking_robot_pkg/package.ps1'
[31.924s] INFO:colcon.colcon_core.shell:Creating package descriptor '/workspaces/isaac_ros-dev/src/ros2_ws/install/tracking_robot_pkg/share/tracking_robot_pkg/package.dsv'
[31.926s] INFO:colcon.colcon_core.shell:Creating package script '/workspaces/isaac_ros-dev/src/ros2_ws/install/tracking_robot_pkg/share/tracking_robot_pkg/package.sh'
[31.927s] INFO:colcon.colcon_core.shell:Creating package script '/workspaces/isaac_ros-dev/src/ros2_ws/install/tracking_robot_pkg/share/tracking_robot_pkg/package.bash'
[31.928s] INFO:colcon.colcon_core.shell:Creating package script '/workspaces/isaac_ros-dev/src/ros2_ws/install/tracking_robot_pkg/share/tracking_robot_pkg/package.zsh'
[31.929s] Level 1:colcon.colcon_core.environment:create_file_with_runtime_dependencies(/workspaces/isaac_ros-dev/src/ros2_ws/install/tracking_robot_pkg/share/colcon-core/packages/tracking_robot_pkg)
[31.930s] DEBUG:colcon.colcon_parallel_executor.executor.parallel:closing loop
[31.932s] DEBUG:colcon.colcon_parallel_executor.executor.parallel:loop closed
[31.932s] DEBUG:colcon.colcon_parallel_executor.executor.parallel:run_until_complete finished with '0'
[31.932s] DEBUG:colcon.colcon_core.event_reactor:joining thread
[31.952s] INFO:colcon.colcon_core.plugin_system:Skipping extension 'colcon_notification.desktop_notification.notify_send': Could not find 'notify-send'
[31.953s] INFO:colcon.colcon_core.plugin_system:Skipping extension 'colcon_notification.desktop_notification.terminal_notifier': Not used on non-Darwin systems
[31.953s] INFO:colcon.colcon_core.plugin_system:Skipping extension 'colcon_notification.desktop_notification.win32': Not used on non-Windows systems
[31.953s] INFO:colcon.colcon_notification.desktop_notification:Sending desktop notification using 'notify2'
[31.959s] DEBUG:colcon.colcon_notification.desktop_notification.notify2:Failed to initialize notify2: org.freedesktop.DBus.Error.Spawn.ExecFailed: /usr/bin/dbus-launch terminated abnormally without any error message
[31.960s] DEBUG:colcon.colcon_core.event_reactor:joined thread
[31.961s] INFO:colcon.colcon_core.shell:Creating prefix script '/workspaces/isaac_ros-dev/src/ros2_ws/install/local_setup.ps1'
[31.965s] INFO:colcon.colcon_core.shell:Creating prefix util module '/workspaces/isaac_ros-dev/src/ros2_ws/install/_local_setup_util_ps1.py'
[31.972s] INFO:colcon.colcon_core.shell:Creating prefix chain script '/workspaces/isaac_ros-dev/src/ros2_ws/install/setup.ps1'
[31.979s] INFO:colcon.colcon_core.shell:Creating prefix script '/workspaces/isaac_ros-dev/src/ros2_ws/install/local_setup.sh'
[31.984s] INFO:colcon.colcon_core.shell:Creating prefix util module '/workspaces/isaac_ros-dev/src/ros2_ws/install/_local_setup_util_sh.py'
[31.987s] INFO:colcon.colcon_core.shell:Creating prefix chain script '/workspaces/isaac_ros-dev/src/ros2_ws/install/setup.sh'
[31.992s] INFO:colcon.colcon_core.shell:Creating prefix script '/workspaces/isaac_ros-dev/src/ros2_ws/install/local_setup.bash'
[31.993s] INFO:colcon.colcon_core.shell:Creating prefix chain script '/workspaces/isaac_ros-dev/src/ros2_ws/install/setup.bash'
[31.997s] INFO:colcon.colcon_core.shell:Creating prefix script '/workspaces/isaac_ros-dev/src/ros2_ws/install/local_setup.zsh'
[31.998s] INFO:colcon.colcon_core.shell:Creating prefix chain script '/workspaces/isaac_ros-dev/src/ros2_ws/install/setup.zsh'
