[0.013s] Invoking command in '/home/sebastian/ros2_ws/build/circle_wall_actions_pkg': CMAKE_PREFIX_PATH=/home/sebastian/ros2_ws/install/custom_interfaces:/home/sebastian/ros2_ws/install/topic_publisher_pkg:/home/sebastian/ros2_ws/install/circle_wall_actions_pkg:/opt/ros/humble /usr/bin/cmake --build /home/sebastian/ros2_ws/build/circle_wall_actions_pkg -- -j20 -l20
[0.048s] [35m[1mConsolidate compiler generated dependencies of target circle_wall_server[0m
[0.058s] [ 50%] Built target circle_wall_client
[0.059s] [ 75%] [32mBuilding CXX object CMakeFiles/circle_wall_server.dir/src/circle_wall_server.cpp.o[0m
[10.003s] [100%] [32m[1mLinking CXX executable circle_wall_server[0m
[10.457s] [100%] Built target circle_wall_server
[10.466s] Invoked command in '/home/sebastian/ros2_ws/build/circle_wall_actions_pkg' returned '0': CMAKE_PREFIX_PATH=/home/sebastian/ros2_ws/install/custom_interfaces:/home/sebastian/ros2_ws/install/topic_publisher_pkg:/home/sebastian/ros2_ws/install/circle_wall_actions_pkg:/opt/ros/humble /usr/bin/cmake --build /home/sebastian/ros2_ws/build/circle_wall_actions_pkg -- -j20 -l20
[10.467s] Invoking command in '/home/sebastian/ros2_ws/build/circle_wall_actions_pkg': CMAKE_PREFIX_PATH=/home/sebastian/ros2_ws/install/custom_interfaces:/home/sebastian/ros2_ws/install/topic_publisher_pkg:/home/sebastian/ros2_ws/install/circle_wall_actions_pkg:/opt/ros/humble /usr/bin/cmake --install /home/sebastian/ros2_ws/build/circle_wall_actions_pkg
[10.472s] -- Install configuration: ""
[10.472s] -- Installing: /home/sebastian/ros2_ws/install/circle_wall_actions_pkg/lib/circle_wall_actions_pkg/circle_wall_server
[10.481s] -- Set runtime path of "/home/sebastian/ros2_ws/install/circle_wall_actions_pkg/lib/circle_wall_actions_pkg/circle_wall_server" to ""
[10.481s] -- Up-to-date: /home/sebastian/ros2_ws/install/circle_wall_actions_pkg/lib/circle_wall_actions_pkg/circle_wall_client
[10.481s] -- Up-to-date: /home/sebastian/ros2_ws/install/circle_wall_actions_pkg/share/circle_wall_actions_pkg//launch
[10.481s] -- Up-to-date: /home/sebastian/ros2_ws/install/circle_wall_actions_pkg/share/circle_wall_actions_pkg//launch/circle_wall_actions.launch.py
[10.481s] -- Up-to-date: /home/sebastian/ros2_ws/install/circle_wall_actions_pkg/share/ament_index/resource_index/package_run_dependencies/circle_wall_actions_pkg
[10.481s] -- Up-to-date: /home/sebastian/ros2_ws/install/circle_wall_actions_pkg/share/ament_index/resource_index/parent_prefix_path/circle_wall_actions_pkg
[10.481s] -- Up-to-date: /home/sebastian/ros2_ws/install/circle_wall_actions_pkg/share/circle_wall_actions_pkg/environment/ament_prefix_path.sh
[10.482s] -- Up-to-date: /home/sebastian/ros2_ws/install/circle_wall_actions_pkg/share/circle_wall_actions_pkg/environment/ament_prefix_path.dsv
[10.482s] -- Up-to-date: /home/sebastian/ros2_ws/install/circle_wall_actions_pkg/share/circle_wall_actions_pkg/environment/path.sh
[10.482s] -- Up-to-date: /home/sebastian/ros2_ws/install/circle_wall_actions_pkg/share/circle_wall_actions_pkg/environment/path.dsv
[10.482s] -- Up-to-date: /home/sebastian/ros2_ws/install/circle_wall_actions_pkg/share/circle_wall_actions_pkg/local_setup.bash
[10.484s] -- Up-to-date: /home/sebastian/ros2_ws/install/circle_wall_actions_pkg/share/circle_wall_actions_pkg/local_setup.sh
[10.484s] -- Up-to-date: /home/sebastian/ros2_ws/install/circle_wall_actions_pkg/share/circle_wall_actions_pkg/local_setup.zsh
[10.484s] -- Up-to-date: /home/sebastian/ros2_ws/install/circle_wall_actions_pkg/share/circle_wall_actions_pkg/local_setup.dsv
[10.484s] -- Installing: /home/sebastian/ros2_ws/install/circle_wall_actions_pkg/share/circle_wall_actions_pkg/package.dsv
[10.484s] -- Up-to-date: /home/sebastian/ros2_ws/install/circle_wall_actions_pkg/share/ament_index/resource_index/packages/circle_wall_actions_pkg
[10.484s] -- Up-to-date: /home/sebastian/ros2_ws/install/circle_wall_actions_pkg/share/circle_wall_actions_pkg/cmake/circle_wall_actions_pkgConfig.cmake
[10.484s] -- Up-to-date: /home/sebastian/ros2_ws/install/circle_wall_actions_pkg/share/circle_wall_actions_pkg/cmake/circle_wall_actions_pkgConfig-version.cmake
[10.484s] -- Up-to-date: /home/sebastian/ros2_ws/install/circle_wall_actions_pkg/share/circle_wall_actions_pkg/package.xml
[10.485s] Invoked command in '/home/sebastian/ros2_ws/build/circle_wall_actions_pkg' returned '0': CMAKE_PREFIX_PATH=/home/sebastian/ros2_ws/install/custom_interfaces:/home/sebastian/ros2_ws/install/topic_publisher_pkg:/home/sebastian/ros2_ws/install/circle_wall_actions_pkg:/opt/ros/humble /usr/bin/cmake --install /home/sebastian/ros2_ws/build/circle_wall_actions_pkg
