[0.005s] Invoking command in '/home/sebastian/ros2_ws/build/custom_interfaces': CMAKE_PREFIX_PATH=/opt/ros/humble /usr/bin/cmake /home/sebastian/ros2_ws/src/custom_interfaces -DCMAKE_INSTALL_PREFIX=/home/sebastian/ros2_ws/install/custom_interfaces
[0.011s] -- Found ament_cmake: 1.3.11 (/opt/ros/humble/share/ament_cmake/cmake)
[0.100s] -- Found rclcpp: 16.0.11 (/opt/ros/humble/share/rclcpp/cmake)
[0.116s] -- Found rosidl_generator_c: 3.1.6 (/opt/ros/humble/share/rosidl_generator_c/cmake)
[0.117s] -- Found rosidl_adapter: 3.1.6 (/opt/ros/humble/share/rosidl_adapter/cmake)
[0.120s] -- Found rosidl_generator_cpp: 3.1.6 (/opt/ros/humble/share/rosidl_generator_cpp/cmake)
[0.125s] -- Using all available rosidl_typesupport_c: rosidl_typesupport_fastrtps_c;rosidl_typesupport_introspection_c
[0.131s] -- Using all available rosidl_typesupport_cpp: rosidl_typesupport_fastrtps_cpp;rosidl_typesupport_introspection_cpp
[0.151s] -- Found rmw_implementation_cmake: 6.1.2 (/opt/ros/humble/share/rmw_implementation_cmake/cmake)
[0.151s] -- Found rmw_fastrtps_cpp: 6.2.7 (/opt/ros/humble/share/rmw_fastrtps_cpp/cmake)
[0.214s] -- Using RMW implementation 'rmw_fastrtps_cpp' as default
[0.241s] -- Found rosidl_default_generators: 1.2.0 (/opt/ros/humble/share/rosidl_default_generators/cmake)
[0.415s] -- Found ament_cmake_ros: 0.10.0 (/opt/ros/humble/share/ament_cmake_ros/cmake)
[0.624s] -- Using all available rosidl_typesupport_c: rosidl_typesupport_fastrtps_c;rosidl_typesupport_introspection_c
[0.733s] -- Using all available rosidl_typesupport_cpp: rosidl_typesupport_fastrtps_cpp;rosidl_typesupport_introspection_cpp
[0.750s] -- Found PythonInterp: /usr/bin/python3 (found suitable version "3.10.12", minimum required is "3.6") 
[0.751s] -- Found python_cmake_module: 0.10.0 (/opt/ros/humble/share/python_cmake_module/cmake)
[0.767s] -- Found PythonLibs: /usr/lib/x86_64-linux-gnu/libpython3.10.so (found suitable version "3.10.12", minimum required is "3.5") 
[0.767s] -- Using PYTHON_EXECUTABLE: /usr/bin/python3
[0.767s] -- Using PYTHON_INCLUDE_DIRS: /usr/include/python3.10
[0.767s] -- Using PYTHON_LIBRARIES: /usr/lib/x86_64-linux-gnu/libpython3.10.so
[0.782s] -- Found PythonExtra: .so  
[0.814s] -- Found ament_lint_auto: 0.12.11 (/opt/ros/humble/share/ament_lint_auto/cmake)
[0.829s] -- Added test 'lint_cmake' to check CMake code style
[0.830s] -- Added test 'xmllint' to check XML markup files
[0.832s] -- Configuring done
[0.852s] -- Generating done
[0.861s] -- Build files have been written to: /home/sebastian/ros2_ws/build/custom_interfaces
[0.869s] Invoked command in '/home/sebastian/ros2_ws/build/custom_interfaces' returned '0': CMAKE_PREFIX_PATH=/opt/ros/humble /usr/bin/cmake /home/sebastian/ros2_ws/src/custom_interfaces -DCMAKE_INSTALL_PREFIX=/home/sebastian/ros2_ws/install/custom_interfaces
[0.869s] Invoking command in '/home/sebastian/ros2_ws/build/custom_interfaces': CMAKE_PREFIX_PATH=/opt/ros/humble /usr/bin/cmake --build /home/sebastian/ros2_ws/build/custom_interfaces -- -j20 -l20
[0.915s] [  3%] [34m[1mGenerating C code for ROS interfaces[0m
[0.921s] [  6%] [34m[1mGenerating C++ code for ROS interfaces[0m
[0.925s] [  6%] Built target ament_cmake_python_copy_custom_interfaces
[1.048s] running egg_info
[1.048s] creating custom_interfaces.egg-info
[1.048s] writing custom_interfaces.egg-info/PKG-INFO
[1.048s] writing dependency_links to custom_interfaces.egg-info/dependency_links.txt
[1.049s] writing top-level names to custom_interfaces.egg-info/top_level.txt
[1.049s] writing manifest file 'custom_interfaces.egg-info/SOURCES.txt'
[1.050s] reading manifest file 'custom_interfaces.egg-info/SOURCES.txt'
[1.050s] writing manifest file 'custom_interfaces.egg-info/SOURCES.txt'
[1.064s] [  6%] Built target ament_cmake_python_build_custom_interfaces_egg
[1.133s] [  6%] Built target custom_interfaces__cpp
[1.136s] [  9%] [32mBuilding C object CMakeFiles/custom_interfaces__rosidl_generator_c.dir/rosidl_generator_c/custom_interfaces/action/detail/circle_wall__functions.c.o[0m
[1.138s] [ 12%] [34m[1mGenerating C++ introspection for ROS interfaces[0m
[1.138s] [ 16%] [34m[1mGenerating C++ type support dispatch for ROS interfaces[0m
[1.138s] [ 19%] [34m[1mGenerating C++ type support for eProsima Fast-RTPS[0m
[1.218s] [ 22%] [32m[1mLinking C shared library libcustom_interfaces__rosidl_generator_c.so[0m
[1.242s] [ 22%] Built target custom_interfaces__rosidl_generator_c
[1.248s] [ 25%] [34m[1mGenerating C introspection for ROS interfaces[0m
[1.250s] [ 29%] [34m[1mGenerating C type support for eProsima Fast-RTPS[0m
[1.251s] [ 32%] [34m[1mGenerating C type support dispatch for ROS interfaces[0m
[1.281s] [ 35%] [32mBuilding CXX object CMakeFiles/custom_interfaces__rosidl_typesupport_cpp.dir/rosidl_typesupport_cpp/custom_interfaces/action/circle_wall__type_support.cpp.o[0m
[1.305s] [ 38%] [32mBuilding CXX object CMakeFiles/custom_interfaces__rosidl_typesupport_introspection_cpp.dir/rosidl_typesupport_introspection_cpp/custom_interfaces/action/detail/circle_wall__type_support.cpp.o[0m
[1.327s] [ 41%] [32mBuilding CXX object CMakeFiles/custom_interfaces__rosidl_typesupport_fastrtps_cpp.dir/rosidl_typesupport_fastrtps_cpp/custom_interfaces/action/detail/dds_fastrtps/circle_wall__type_support.cpp.o[0m
[1.394s] [ 45%] [32mBuilding CXX object CMakeFiles/custom_interfaces__rosidl_typesupport_c.dir/rosidl_typesupport_c/custom_interfaces/action/circle_wall__type_support.cpp.o[0m
[1.422s] [ 48%] [32m[1mLinking CXX shared library libcustom_interfaces__rosidl_typesupport_c.so[0m
[1.425s] [ 51%] [32mBuilding C object CMakeFiles/custom_interfaces__rosidl_typesupport_introspection_c.dir/rosidl_typesupport_introspection_c/custom_interfaces/action/detail/circle_wall__type_support.c.o[0m
[1.442s] [ 54%] [32mBuilding CXX object CMakeFiles/custom_interfaces__rosidl_typesupport_fastrtps_c.dir/rosidl_typesupport_fastrtps_c/custom_interfaces/action/detail/circle_wall__type_support_c.cpp.o[0m
[1.450s] [ 54%] Built target custom_interfaces__rosidl_typesupport_c
[1.457s] [ 58%] [32m[1mLinking C shared library libcustom_interfaces__rosidl_typesupport_introspection_c.so[0m
[1.479s] [ 58%] Built target custom_interfaces__rosidl_typesupport_introspection_c
[1.511s] [ 61%] [32m[1mLinking CXX shared library libcustom_interfaces__rosidl_typesupport_cpp.so[0m
[1.540s] [ 61%] Built target custom_interfaces__rosidl_typesupport_cpp
[1.594s] [ 64%] [32m[1mLinking CXX shared library libcustom_interfaces__rosidl_typesupport_introspection_cpp.so[0m
[1.609s] [ 67%] [32m[1mLinking CXX shared library libcustom_interfaces__rosidl_typesupport_fastrtps_cpp.so[0m
[1.633s] [ 70%] [32m[1mLinking CXX shared library libcustom_interfaces__rosidl_typesupport_fastrtps_c.so[0m
[1.636s] [ 70%] Built target custom_interfaces__rosidl_typesupport_introspection_cpp
[1.652s] [ 70%] Built target custom_interfaces__rosidl_typesupport_fastrtps_cpp
[1.681s] [ 70%] Built target custom_interfaces__rosidl_typesupport_fastrtps_c
[1.695s] [ 70%] Built target custom_interfaces
[1.721s] [ 74%] [34m[1mGenerating Python code for ROS interfaces[0m
[2.064s] [ 74%] Built target custom_interfaces__py
[2.075s] [ 77%] [32mBuilding C object CMakeFiles/custom_interfaces__rosidl_generator_py.dir/rosidl_generator_py/custom_interfaces/action/_circle_wall_s.c.o[0m
[2.160s] [ 80%] [32m[1mLinking C shared library rosidl_generator_py/custom_interfaces/libcustom_interfaces__rosidl_generator_py.so[0m
[2.190s] [ 80%] Built target custom_interfaces__rosidl_generator_py
[2.211s] [ 83%] [32mBuilding C object CMakeFiles/custom_interfaces__rosidl_typesupport_fastrtps_c__pyext.dir/rosidl_generator_py/custom_interfaces/_custom_interfaces_s.ep.rosidl_typesupport_fastrtps_c.c.o[0m
[2.212s] [ 87%] [32mBuilding C object CMakeFiles/custom_interfaces__rosidl_typesupport_c__pyext.dir/rosidl_generator_py/custom_interfaces/_custom_interfaces_s.ep.rosidl_typesupport_c.c.o[0m
[2.214s] [ 90%] [32mBuilding C object CMakeFiles/custom_interfaces__rosidl_typesupport_introspection_c__pyext.dir/rosidl_generator_py/custom_interfaces/_custom_interfaces_s.ep.rosidl_typesupport_introspection_c.c.o[0m
[2.273s] [ 93%] [32m[1mLinking C shared library rosidl_generator_py/custom_interfaces/custom_interfaces_s__rosidl_typesupport_introspection_c.cpython-310-x86_64-linux-gnu.so[0m
[2.273s] [100%] [32m[1mLinking C shared library rosidl_generator_py/custom_interfaces/custom_interfaces_s__rosidl_typesupport_c.cpython-310-x86_64-linux-gnu.so[0m
[2.273s] [100%] [32m[1mLinking C shared library rosidl_generator_py/custom_interfaces/custom_interfaces_s__rosidl_typesupport_fastrtps_c.cpython-310-x86_64-linux-gnu.so[0m
[2.293s] [100%] Built target custom_interfaces__rosidl_typesupport_introspection_c__pyext
[2.299s] [100%] Built target custom_interfaces__rosidl_typesupport_c__pyext
[2.300s] [100%] Built target custom_interfaces__rosidl_typesupport_fastrtps_c__pyext
[2.306s] Invoked command in '/home/sebastian/ros2_ws/build/custom_interfaces' returned '0': CMAKE_PREFIX_PATH=/opt/ros/humble /usr/bin/cmake --build /home/sebastian/ros2_ws/build/custom_interfaces -- -j20 -l20
[2.311s] Invoking command in '/home/sebastian/ros2_ws/build/custom_interfaces': CMAKE_PREFIX_PATH=/opt/ros/humble /usr/bin/cmake --install /home/sebastian/ros2_ws/build/custom_interfaces
[2.320s] -- Install configuration: ""
[2.321s] -- Installing: /home/sebastian/ros2_ws/install/custom_interfaces/share/ament_index/resource_index/rosidl_interfaces/custom_interfaces
[2.321s] -- Installing: /home/sebastian/ros2_ws/install/custom_interfaces/include/custom_interfaces/custom_interfaces
[2.321s] -- Installing: /home/sebastian/ros2_ws/install/custom_interfaces/include/custom_interfaces/custom_interfaces/action
[2.321s] -- Installing: /home/sebastian/ros2_ws/install/custom_interfaces/include/custom_interfaces/custom_interfaces/action/detail
[2.321s] -- Installing: /home/sebastian/ros2_ws/install/custom_interfaces/include/custom_interfaces/custom_interfaces/action/detail/circle_wall__functions.c
[2.321s] -- Installing: /home/sebastian/ros2_ws/install/custom_interfaces/include/custom_interfaces/custom_interfaces/action/detail/circle_wall__struct.h
[2.322s] -- Installing: /home/sebastian/ros2_ws/install/custom_interfaces/include/custom_interfaces/custom_interfaces/action/detail/circle_wall__functions.h
[2.322s] -- Installing: /home/sebastian/ros2_ws/install/custom_interfaces/include/custom_interfaces/custom_interfaces/action/detail/circle_wall__type_support.h
[2.322s] -- Installing: /home/sebastian/ros2_ws/install/custom_interfaces/include/custom_interfaces/custom_interfaces/action/circle_wall.h
[2.322s] -- Installing: /home/sebastian/ros2_ws/install/custom_interfaces/include/custom_interfaces/custom_interfaces/msg
[2.322s] -- Installing: /home/sebastian/ros2_ws/install/custom_interfaces/include/custom_interfaces/custom_interfaces/msg/rosidl_generator_c__visibility_control.h
[2.322s] -- Installing: /home/sebastian/ros2_ws/install/custom_interfaces/share/custom_interfaces/environment/library_path.sh
[2.322s] -- Installing: /home/sebastian/ros2_ws/install/custom_interfaces/share/custom_interfaces/environment/library_path.dsv
[2.322s] -- Installing: /home/sebastian/ros2_ws/install/custom_interfaces/lib/libcustom_interfaces__rosidl_generator_c.so
[2.322s] -- Set runtime path of "/home/sebastian/ros2_ws/install/custom_interfaces/lib/libcustom_interfaces__rosidl_generator_c.so" to ""
[2.322s] -- Up-to-date: /home/sebastian/ros2_ws/install/custom_interfaces/include/custom_interfaces/custom_interfaces
[2.322s] -- Up-to-date: /home/sebastian/ros2_ws/install/custom_interfaces/include/custom_interfaces/custom_interfaces/action
[2.322s] -- Up-to-date: /home/sebastian/ros2_ws/install/custom_interfaces/include/custom_interfaces/custom_interfaces/action/detail
[2.322s] -- Installing: /home/sebastian/ros2_ws/install/custom_interfaces/include/custom_interfaces/custom_interfaces/action/detail/circle_wall__rosidl_typesupport_fastrtps_c.h
[2.322s] -- Up-to-date: /home/sebastian/ros2_ws/install/custom_interfaces/include/custom_interfaces/custom_interfaces/msg
[2.323s] -- Installing: /home/sebastian/ros2_ws/install/custom_interfaces/include/custom_interfaces/custom_interfaces/msg/rosidl_typesupport_fastrtps_c__visibility_control.h
[2.323s] -- Installing: /home/sebastian/ros2_ws/install/custom_interfaces/lib/libcustom_interfaces__rosidl_typesupport_fastrtps_c.so
[2.323s] -- Set runtime path of "/home/sebastian/ros2_ws/install/custom_interfaces/lib/libcustom_interfaces__rosidl_typesupport_fastrtps_c.so" to ""
[2.323s] -- Up-to-date: /home/sebastian/ros2_ws/install/custom_interfaces/include/custom_interfaces/custom_interfaces
[2.323s] -- Up-to-date: /home/sebastian/ros2_ws/install/custom_interfaces/include/custom_interfaces/custom_interfaces/action
[2.323s] -- Up-to-date: /home/sebastian/ros2_ws/install/custom_interfaces/include/custom_interfaces/custom_interfaces/action/detail
[2.323s] -- Installing: /home/sebastian/ros2_ws/install/custom_interfaces/include/custom_interfaces/custom_interfaces/action/detail/circle_wall__traits.hpp
[2.323s] -- Installing: /home/sebastian/ros2_ws/install/custom_interfaces/include/custom_interfaces/custom_interfaces/action/detail/circle_wall__builder.hpp
[2.323s] -- Installing: /home/sebastian/ros2_ws/install/custom_interfaces/include/custom_interfaces/custom_interfaces/action/detail/circle_wall__struct.hpp
[2.323s] -- Installing: /home/sebastian/ros2_ws/install/custom_interfaces/include/custom_interfaces/custom_interfaces/action/detail/circle_wall__type_support.hpp
[2.323s] -- Installing: /home/sebastian/ros2_ws/install/custom_interfaces/include/custom_interfaces/custom_interfaces/action/circle_wall.hpp
[2.323s] -- Up-to-date: /home/sebastian/ros2_ws/install/custom_interfaces/include/custom_interfaces/custom_interfaces/msg
[2.323s] -- Installing: /home/sebastian/ros2_ws/install/custom_interfaces/include/custom_interfaces/custom_interfaces/msg/rosidl_generator_cpp__visibility_control.hpp
[2.323s] -- Up-to-date: /home/sebastian/ros2_ws/install/custom_interfaces/include/custom_interfaces/custom_interfaces
[2.323s] -- Up-to-date: /home/sebastian/ros2_ws/install/custom_interfaces/include/custom_interfaces/custom_interfaces/action
[2.323s] -- Up-to-date: /home/sebastian/ros2_ws/install/custom_interfaces/include/custom_interfaces/custom_interfaces/action/detail
[2.323s] -- Installing: /home/sebastian/ros2_ws/install/custom_interfaces/include/custom_interfaces/custom_interfaces/action/detail/circle_wall__rosidl_typesupport_fastrtps_cpp.hpp
[2.323s] -- Installing: /home/sebastian/ros2_ws/install/custom_interfaces/include/custom_interfaces/custom_interfaces/action/detail/dds_fastrtps
[2.323s] -- Up-to-date: /home/sebastian/ros2_ws/install/custom_interfaces/include/custom_interfaces/custom_interfaces/msg
[2.323s] -- Installing: /home/sebastian/ros2_ws/install/custom_interfaces/include/custom_interfaces/custom_interfaces/msg/rosidl_typesupport_fastrtps_cpp__visibility_control.h
[2.324s] -- Installing: /home/sebastian/ros2_ws/install/custom_interfaces/lib/libcustom_interfaces__rosidl_typesupport_fastrtps_cpp.so
[2.324s] -- Set runtime path of "/home/sebastian/ros2_ws/install/custom_interfaces/lib/libcustom_interfaces__rosidl_typesupport_fastrtps_cpp.so" to ""
[2.324s] -- Up-to-date: /home/sebastian/ros2_ws/install/custom_interfaces/include/custom_interfaces/custom_interfaces
[2.324s] -- Up-to-date: /home/sebastian/ros2_ws/install/custom_interfaces/include/custom_interfaces/custom_interfaces/action
[2.324s] -- Up-to-date: /home/sebastian/ros2_ws/install/custom_interfaces/include/custom_interfaces/custom_interfaces/action/detail
[2.324s] -- Installing: /home/sebastian/ros2_ws/install/custom_interfaces/include/custom_interfaces/custom_interfaces/action/detail/circle_wall__rosidl_typesupport_introspection_c.h
[2.324s] -- Installing: /home/sebastian/ros2_ws/install/custom_interfaces/include/custom_interfaces/custom_interfaces/action/detail/circle_wall__type_support.c
[2.324s] -- Up-to-date: /home/sebastian/ros2_ws/install/custom_interfaces/include/custom_interfaces/custom_interfaces/msg
[2.324s] -- Installing: /home/sebastian/ros2_ws/install/custom_interfaces/include/custom_interfaces/custom_interfaces/msg/rosidl_typesupport_introspection_c__visibility_control.h
[2.324s] -- Installing: /home/sebastian/ros2_ws/install/custom_interfaces/lib/libcustom_interfaces__rosidl_typesupport_introspection_c.so
[2.324s] -- Set runtime path of "/home/sebastian/ros2_ws/install/custom_interfaces/lib/libcustom_interfaces__rosidl_typesupport_introspection_c.so" to ""
[2.324s] -- Installing: /home/sebastian/ros2_ws/install/custom_interfaces/lib/libcustom_interfaces__rosidl_typesupport_c.so
[2.324s] -- Set runtime path of "/home/sebastian/ros2_ws/install/custom_interfaces/lib/libcustom_interfaces__rosidl_typesupport_c.so" to ""
[2.324s] -- Up-to-date: /home/sebastian/ros2_ws/install/custom_interfaces/include/custom_interfaces/custom_interfaces
[2.324s] -- Up-to-date: /home/sebastian/ros2_ws/install/custom_interfaces/include/custom_interfaces/custom_interfaces/action
[2.325s] -- Up-to-date: /home/sebastian/ros2_ws/install/custom_interfaces/include/custom_interfaces/custom_interfaces/action/detail
[2.325s] -- Installing: /home/sebastian/ros2_ws/install/custom_interfaces/include/custom_interfaces/custom_interfaces/action/detail/circle_wall__rosidl_typesupport_introspection_cpp.hpp
[2.325s] -- Installing: /home/sebastian/ros2_ws/install/custom_interfaces/include/custom_interfaces/custom_interfaces/action/detail/circle_wall__type_support.cpp
[2.325s] -- Installing: /home/sebastian/ros2_ws/install/custom_interfaces/lib/libcustom_interfaces__rosidl_typesupport_introspection_cpp.so
[2.325s] -- Set runtime path of "/home/sebastian/ros2_ws/install/custom_interfaces/lib/libcustom_interfaces__rosidl_typesupport_introspection_cpp.so" to ""
[2.325s] -- Installing: /home/sebastian/ros2_ws/install/custom_interfaces/lib/libcustom_interfaces__rosidl_typesupport_cpp.so
[2.325s] -- Set runtime path of "/home/sebastian/ros2_ws/install/custom_interfaces/lib/libcustom_interfaces__rosidl_typesupport_cpp.so" to ""
[2.325s] -- Installing: /home/sebastian/ros2_ws/install/custom_interfaces/share/custom_interfaces/environment/pythonpath.sh
[2.325s] -- Installing: /home/sebastian/ros2_ws/install/custom_interfaces/share/custom_interfaces/environment/pythonpath.dsv
[2.325s] -- Installing: /home/sebastian/ros2_ws/install/custom_interfaces/local/lib/python3.10/dist-packages/custom_interfaces-0.0.0-py3.10.egg-info
[2.325s] -- Installing: /home/sebastian/ros2_ws/install/custom_interfaces/local/lib/python3.10/dist-packages/custom_interfaces-0.0.0-py3.10.egg-info/PKG-INFO
[2.325s] -- Installing: /home/sebastian/ros2_ws/install/custom_interfaces/local/lib/python3.10/dist-packages/custom_interfaces-0.0.0-py3.10.egg-info/dependency_links.txt
[2.325s] -- Installing: /home/sebastian/ros2_ws/install/custom_interfaces/local/lib/python3.10/dist-packages/custom_interfaces-0.0.0-py3.10.egg-info/top_level.txt
[2.326s] -- Installing: /home/sebastian/ros2_ws/install/custom_interfaces/local/lib/python3.10/dist-packages/custom_interfaces-0.0.0-py3.10.egg-info/SOURCES.txt
[2.326s] -- Installing: /home/sebastian/ros2_ws/install/custom_interfaces/local/lib/python3.10/dist-packages/custom_interfaces
[2.326s] -- Installing: /home/sebastian/ros2_ws/install/custom_interfaces/local/lib/python3.10/dist-packages/custom_interfaces/custom_interfaces_s__rosidl_typesupport_introspection_c.cpython-310-x86_64-linux-gnu.so
[2.326s] -- Installing: /home/sebastian/ros2_ws/install/custom_interfaces/local/lib/python3.10/dist-packages/custom_interfaces/custom_interfaces_s__rosidl_typesupport_fastrtps_c.cpython-310-x86_64-linux-gnu.so
[2.326s] -- Installing: /home/sebastian/ros2_ws/install/custom_interfaces/local/lib/python3.10/dist-packages/custom_interfaces/__init__.py
[2.326s] -- Installing: /home/sebastian/ros2_ws/install/custom_interfaces/local/lib/python3.10/dist-packages/custom_interfaces/action
[2.326s] -- Installing: /home/sebastian/ros2_ws/install/custom_interfaces/local/lib/python3.10/dist-packages/custom_interfaces/action/_circle_wall.py
[2.326s] -- Installing: /home/sebastian/ros2_ws/install/custom_interfaces/local/lib/python3.10/dist-packages/custom_interfaces/action/_circle_wall_s.c
[2.326s] -- Installing: /home/sebastian/ros2_ws/install/custom_interfaces/local/lib/python3.10/dist-packages/custom_interfaces/action/__init__.py
[2.326s] -- Installing: /home/sebastian/ros2_ws/install/custom_interfaces/local/lib/python3.10/dist-packages/custom_interfaces/_custom_interfaces_s.ep.rosidl_typesupport_introspection_c.c
[2.326s] -- Installing: /home/sebastian/ros2_ws/install/custom_interfaces/local/lib/python3.10/dist-packages/custom_interfaces/libcustom_interfaces__rosidl_generator_py.so
[2.326s] -- Installing: /home/sebastian/ros2_ws/install/custom_interfaces/local/lib/python3.10/dist-packages/custom_interfaces/custom_interfaces_s__rosidl_typesupport_c.cpython-310-x86_64-linux-gnu.so
[2.326s] -- Installing: /home/sebastian/ros2_ws/install/custom_interfaces/local/lib/python3.10/dist-packages/custom_interfaces/_custom_interfaces_s.ep.rosidl_typesupport_c.c
[2.326s] -- Installing: /home/sebastian/ros2_ws/install/custom_interfaces/local/lib/python3.10/dist-packages/custom_interfaces/_custom_interfaces_s.ep.rosidl_typesupport_fastrtps_c.c
[2.367s] Listing '/home/sebastian/ros2_ws/install/custom_interfaces/local/lib/python3.10/dist-packages/custom_interfaces'...
[2.367s] Compiling '/home/sebastian/ros2_ws/install/custom_interfaces/local/lib/python3.10/dist-packages/custom_interfaces/__init__.py'...
[2.367s] Listing '/home/sebastian/ros2_ws/install/custom_interfaces/local/lib/python3.10/dist-packages/custom_interfaces/action'...
[2.367s] Compiling '/home/sebastian/ros2_ws/install/custom_interfaces/local/lib/python3.10/dist-packages/custom_interfaces/action/__init__.py'...
[2.367s] Compiling '/home/sebastian/ros2_ws/install/custom_interfaces/local/lib/python3.10/dist-packages/custom_interfaces/action/_circle_wall.py'...
[2.370s] -- Installing: /home/sebastian/ros2_ws/install/custom_interfaces/local/lib/python3.10/dist-packages/custom_interfaces/custom_interfaces_s__rosidl_typesupport_fastrtps_c.cpython-310-x86_64-linux-gnu.so
[2.370s] -- Set runtime path of "/home/sebastian/ros2_ws/install/custom_interfaces/local/lib/python3.10/dist-packages/custom_interfaces/custom_interfaces_s__rosidl_typesupport_fastrtps_c.cpython-310-x86_64-linux-gnu.so" to ""
[2.370s] -- Installing: /home/sebastian/ros2_ws/install/custom_interfaces/local/lib/python3.10/dist-packages/custom_interfaces/custom_interfaces_s__rosidl_typesupport_introspection_c.cpython-310-x86_64-linux-gnu.so
[2.370s] -- Set runtime path of "/home/sebastian/ros2_ws/install/custom_interfaces/local/lib/python3.10/dist-packages/custom_interfaces/custom_interfaces_s__rosidl_typesupport_introspection_c.cpython-310-x86_64-linux-gnu.so" to ""
[2.370s] -- Installing: /home/sebastian/ros2_ws/install/custom_interfaces/local/lib/python3.10/dist-packages/custom_interfaces/custom_interfaces_s__rosidl_typesupport_c.cpython-310-x86_64-linux-gnu.so
[2.370s] -- Set runtime path of "/home/sebastian/ros2_ws/install/custom_interfaces/local/lib/python3.10/dist-packages/custom_interfaces/custom_interfaces_s__rosidl_typesupport_c.cpython-310-x86_64-linux-gnu.so" to ""
[2.370s] -- Installing: /home/sebastian/ros2_ws/install/custom_interfaces/lib/libcustom_interfaces__rosidl_generator_py.so
[2.370s] -- Set runtime path of "/home/sebastian/ros2_ws/install/custom_interfaces/lib/libcustom_interfaces__rosidl_generator_py.so" to ""
[2.370s] -- Installing: /home/sebastian/ros2_ws/install/custom_interfaces/share/custom_interfaces/action/CircleWall.idl
[2.370s] -- Installing: /home/sebastian/ros2_ws/install/custom_interfaces/share/custom_interfaces/action/CircleWall.action
[2.370s] -- Installing: /home/sebastian/ros2_ws/install/custom_interfaces/share/ament_index/resource_index/package_run_dependencies/custom_interfaces
[2.370s] -- Installing: /home/sebastian/ros2_ws/install/custom_interfaces/share/ament_index/resource_index/parent_prefix_path/custom_interfaces
[2.370s] -- Installing: /home/sebastian/ros2_ws/install/custom_interfaces/share/custom_interfaces/environment/ament_prefix_path.sh
[2.370s] -- Installing: /home/sebastian/ros2_ws/install/custom_interfaces/share/custom_interfaces/environment/ament_prefix_path.dsv
[2.370s] -- Installing: /home/sebastian/ros2_ws/install/custom_interfaces/share/custom_interfaces/environment/path.sh
[2.370s] -- Installing: /home/sebastian/ros2_ws/install/custom_interfaces/share/custom_interfaces/environment/path.dsv
[2.370s] -- Installing: /home/sebastian/ros2_ws/install/custom_interfaces/share/custom_interfaces/local_setup.bash
[2.370s] -- Installing: /home/sebastian/ros2_ws/install/custom_interfaces/share/custom_interfaces/local_setup.sh
[2.371s] -- Installing: /home/sebastian/ros2_ws/install/custom_interfaces/share/custom_interfaces/local_setup.zsh
[2.371s] -- Installing: /home/sebastian/ros2_ws/install/custom_interfaces/share/custom_interfaces/local_setup.dsv
[2.371s] -- Installing: /home/sebastian/ros2_ws/install/custom_interfaces/share/custom_interfaces/package.dsv
[2.371s] -- Installing: /home/sebastian/ros2_ws/install/custom_interfaces/share/ament_index/resource_index/packages/custom_interfaces
[2.371s] -- Installing: /home/sebastian/ros2_ws/install/custom_interfaces/share/custom_interfaces/cmake/export_custom_interfaces__rosidl_generator_cExport.cmake
[2.371s] -- Installing: /home/sebastian/ros2_ws/install/custom_interfaces/share/custom_interfaces/cmake/export_custom_interfaces__rosidl_generator_cExport-noconfig.cmake
[2.371s] -- Installing: /home/sebastian/ros2_ws/install/custom_interfaces/share/custom_interfaces/cmake/export_custom_interfaces__rosidl_typesupport_fastrtps_cExport.cmake
[2.371s] -- Installing: /home/sebastian/ros2_ws/install/custom_interfaces/share/custom_interfaces/cmake/export_custom_interfaces__rosidl_typesupport_fastrtps_cExport-noconfig.cmake
[2.371s] -- Installing: /home/sebastian/ros2_ws/install/custom_interfaces/share/custom_interfaces/cmake/export_custom_interfaces__rosidl_generator_cppExport.cmake
[2.371s] -- Installing: /home/sebastian/ros2_ws/install/custom_interfaces/share/custom_interfaces/cmake/export_custom_interfaces__rosidl_typesupport_fastrtps_cppExport.cmake
[2.371s] -- Installing: /home/sebastian/ros2_ws/install/custom_interfaces/share/custom_interfaces/cmake/export_custom_interfaces__rosidl_typesupport_fastrtps_cppExport-noconfig.cmake
[2.371s] -- Installing: /home/sebastian/ros2_ws/install/custom_interfaces/share/custom_interfaces/cmake/custom_interfaces__rosidl_typesupport_introspection_cExport.cmake
[2.371s] -- Installing: /home/sebastian/ros2_ws/install/custom_interfaces/share/custom_interfaces/cmake/custom_interfaces__rosidl_typesupport_introspection_cExport-noconfig.cmake
[2.371s] -- Installing: /home/sebastian/ros2_ws/install/custom_interfaces/share/custom_interfaces/cmake/custom_interfaces__rosidl_typesupport_cExport.cmake
[2.371s] -- Installing: /home/sebastian/ros2_ws/install/custom_interfaces/share/custom_interfaces/cmake/custom_interfaces__rosidl_typesupport_cExport-noconfig.cmake
[2.371s] -- Installing: /home/sebastian/ros2_ws/install/custom_interfaces/share/custom_interfaces/cmake/custom_interfaces__rosidl_typesupport_introspection_cppExport.cmake
[2.371s] -- Installing: /home/sebastian/ros2_ws/install/custom_interfaces/share/custom_interfaces/cmake/custom_interfaces__rosidl_typesupport_introspection_cppExport-noconfig.cmake
[2.371s] -- Installing: /home/sebastian/ros2_ws/install/custom_interfaces/share/custom_interfaces/cmake/custom_interfaces__rosidl_typesupport_cppExport.cmake
[2.371s] -- Installing: /home/sebastian/ros2_ws/install/custom_interfaces/share/custom_interfaces/cmake/custom_interfaces__rosidl_typesupport_cppExport-noconfig.cmake
[2.371s] -- Installing: /home/sebastian/ros2_ws/install/custom_interfaces/share/custom_interfaces/cmake/export_custom_interfaces__rosidl_generator_pyExport.cmake
[2.371s] -- Installing: /home/sebastian/ros2_ws/install/custom_interfaces/share/custom_interfaces/cmake/export_custom_interfaces__rosidl_generator_pyExport-noconfig.cmake
[2.371s] -- Installing: /home/sebastian/ros2_ws/install/custom_interfaces/share/custom_interfaces/cmake/rosidl_cmake-extras.cmake
[2.371s] -- Installing: /home/sebastian/ros2_ws/install/custom_interfaces/share/custom_interfaces/cmake/ament_cmake_export_dependencies-extras.cmake
[2.372s] -- Installing: /home/sebastian/ros2_ws/install/custom_interfaces/share/custom_interfaces/cmake/ament_cmake_export_include_directories-extras.cmake
[2.372s] -- Installing: /home/sebastian/ros2_ws/install/custom_interfaces/share/custom_interfaces/cmake/ament_cmake_export_libraries-extras.cmake
[2.372s] -- Installing: /home/sebastian/ros2_ws/install/custom_interfaces/share/custom_interfaces/cmake/ament_cmake_export_targets-extras.cmake
[2.372s] -- Installing: /home/sebastian/ros2_ws/install/custom_interfaces/share/custom_interfaces/cmake/rosidl_cmake_export_typesupport_targets-extras.cmake
[2.372s] -- Installing: /home/sebastian/ros2_ws/install/custom_interfaces/share/custom_interfaces/cmake/rosidl_cmake_export_typesupport_libraries-extras.cmake
[2.372s] -- Installing: /home/sebastian/ros2_ws/install/custom_interfaces/share/custom_interfaces/cmake/custom_interfacesConfig.cmake
[2.372s] -- Installing: /home/sebastian/ros2_ws/install/custom_interfaces/share/custom_interfaces/cmake/custom_interfacesConfig-version.cmake
[2.372s] -- Installing: /home/sebastian/ros2_ws/install/custom_interfaces/share/custom_interfaces/package.xml
[2.373s] Invoked command in '/home/sebastian/ros2_ws/build/custom_interfaces' returned '0': CMAKE_PREFIX_PATH=/opt/ros/humble /usr/bin/cmake --install /home/sebastian/ros2_ws/build/custom_interfaces
