[35m[1mConsolidate compiler generated dependencies of target circle_wall_client[0m
[35m[1mConsolidate compiler generated dependencies of target circle_wall_server[0m
[ 75%] Built target circle_wall_server
[ 75%] [32mBuilding CXX object CMakeFiles/circle_wall_client.dir/src/circle_wall_client.cpp.o[0m
[100%] [32m[1mLinking CXX executable circle_wall_client[0m
[100%] Built target circle_wall_client
-- Install configuration: ""
-- Up-to-date: /home/sebastian/ros2_ws/install/circle_wall_actions_pkg/lib/circle_wall_actions_pkg/circle_wall_server
-- Installing: /home/sebastian/ros2_ws/install/circle_wall_actions_pkg/lib/circle_wall_actions_pkg/circle_wall_client
-- Set runtime path of "/home/sebastian/ros2_ws/install/circle_wall_actions_pkg/lib/circle_wall_actions_pkg/circle_wall_client" to ""
-- Up-to-date: /home/sebastian/ros2_ws/install/circle_wall_actions_pkg/share/circle_wall_actions_pkg//launch
-- Up-to-date: /home/sebastian/ros2_ws/install/circle_wall_actions_pkg/share/circle_wall_actions_pkg//launch/circle_wall_actions.launch.py
-- Up-to-date: /home/sebastian/ros2_ws/install/circle_wall_actions_pkg/share/ament_index/resource_index/package_run_dependencies/circle_wall_actions_pkg
-- Up-to-date: /home/sebastian/ros2_ws/install/circle_wall_actions_pkg/share/ament_index/resource_index/parent_prefix_path/circle_wall_actions_pkg
-- Up-to-date: /home/sebastian/ros2_ws/install/circle_wall_actions_pkg/share/circle_wall_actions_pkg/environment/ament_prefix_path.sh
-- Up-to-date: /home/sebastian/ros2_ws/install/circle_wall_actions_pkg/share/circle_wall_actions_pkg/environment/ament_prefix_path.dsv
-- Up-to-date: /home/sebastian/ros2_ws/install/circle_wall_actions_pkg/share/circle_wall_actions_pkg/environment/path.sh
-- Up-to-date: /home/sebastian/ros2_ws/install/circle_wall_actions_pkg/share/circle_wall_actions_pkg/environment/path.dsv
-- Up-to-date: /home/sebastian/ros2_ws/install/circle_wall_actions_pkg/share/circle_wall_actions_pkg/local_setup.bash
-- Up-to-date: /home/sebastian/ros2_ws/install/circle_wall_actions_pkg/share/circle_wall_actions_pkg/local_setup.sh
-- Up-to-date: /home/sebastian/ros2_ws/install/circle_wall_actions_pkg/share/circle_wall_actions_pkg/local_setup.zsh
-- Up-to-date: /home/sebastian/ros2_ws/install/circle_wall_actions_pkg/share/circle_wall_actions_pkg/local_setup.dsv
-- Installing: /home/sebastian/ros2_ws/install/circle_wall_actions_pkg/share/circle_wall_actions_pkg/package.dsv
-- Up-to-date: /home/sebastian/ros2_ws/install/circle_wall_actions_pkg/share/ament_index/resource_index/packages/circle_wall_actions_pkg
-- Up-to-date: /home/sebastian/ros2_ws/install/circle_wall_actions_pkg/share/circle_wall_actions_pkg/cmake/circle_wall_actions_pkgConfig.cmake
-- Up-to-date: /home/sebastian/ros2_ws/install/circle_wall_actions_pkg/share/circle_wall_actions_pkg/cmake/circle_wall_actions_pkgConfig-version.cmake
-- Up-to-date: /home/sebastian/ros2_ws/install/circle_wall_actions_pkg/share/circle_wall_actions_pkg/package.xml
