[0.007s] Invoking command in '/home/sebastian/ros2_ws/build/circle_wall_actions_pkg': CMAKE_PREFIX_PATH=/home/sebastian/ros2_ws/install/custom_interfaces:/home/sebastian/ros2_ws/install/topic_publisher_pkg:/home/sebastian/ros2_ws/install/circle_wall_actions_pkg:/opt/ros/humble /usr/bin/cmake --build /home/sebastian/ros2_ws/build/circle_wall_actions_pkg -- -j20 -l20
[0.040s] [35m[1mConsolidate compiler generated dependencies of target circle_wall_client[0m
[0.041s] [35m[1mConsolidate compiler generated dependencies of target circle_wall_server[0m
[0.056s] [ 75%] Built target circle_wall_server
[0.057s] [ 75%] [32mBuilding CXX object CMakeFiles/circle_wall_client.dir/src/circle_wall_client.cpp.o[0m
[2.900s] [100%] [32m[1mLinking CXX executable circle_wall_client[0m
[2.999s] [100%] Built target circle_wall_client
[3.006s] Invoked command in '/home/sebastian/ros2_ws/build/circle_wall_actions_pkg' returned '0': CMAKE_PREFIX_PATH=/home/sebastian/ros2_ws/install/custom_interfaces:/home/sebastian/ros2_ws/install/topic_publisher_pkg:/home/sebastian/ros2_ws/install/circle_wall_actions_pkg:/opt/ros/humble /usr/bin/cmake --build /home/sebastian/ros2_ws/build/circle_wall_actions_pkg -- -j20 -l20
[3.007s] Invoking command in '/home/sebastian/ros2_ws/build/circle_wall_actions_pkg': CMAKE_PREFIX_PATH=/home/sebastian/ros2_ws/install/custom_interfaces:/home/sebastian/ros2_ws/install/topic_publisher_pkg:/home/sebastian/ros2_ws/install/circle_wall_actions_pkg:/opt/ros/humble /usr/bin/cmake --install /home/sebastian/ros2_ws/build/circle_wall_actions_pkg
[3.011s] -- Install configuration: ""
[3.011s] -- Up-to-date: /home/sebastian/ros2_ws/install/circle_wall_actions_pkg/lib/circle_wall_actions_pkg/circle_wall_server
[3.011s] -- Installing: /home/sebastian/ros2_ws/install/circle_wall_actions_pkg/lib/circle_wall_actions_pkg/circle_wall_client
[3.012s] -- Set runtime path of "/home/sebastian/ros2_ws/install/circle_wall_actions_pkg/lib/circle_wall_actions_pkg/circle_wall_client" to ""
[3.012s] -- Up-to-date: /home/sebastian/ros2_ws/install/circle_wall_actions_pkg/share/circle_wall_actions_pkg//launch
[3.012s] -- Up-to-date: /home/sebastian/ros2_ws/install/circle_wall_actions_pkg/share/circle_wall_actions_pkg//launch/circle_wall_actions.launch.py
[3.012s] -- Up-to-date: /home/sebastian/ros2_ws/install/circle_wall_actions_pkg/share/ament_index/resource_index/package_run_dependencies/circle_wall_actions_pkg
[3.012s] -- Up-to-date: /home/sebastian/ros2_ws/install/circle_wall_actions_pkg/share/ament_index/resource_index/parent_prefix_path/circle_wall_actions_pkg
[3.012s] -- Up-to-date: /home/sebastian/ros2_ws/install/circle_wall_actions_pkg/share/circle_wall_actions_pkg/environment/ament_prefix_path.sh
[3.012s] -- Up-to-date: /home/sebastian/ros2_ws/install/circle_wall_actions_pkg/share/circle_wall_actions_pkg/environment/ament_prefix_path.dsv
[3.012s] -- Up-to-date: /home/sebastian/ros2_ws/install/circle_wall_actions_pkg/share/circle_wall_actions_pkg/environment/path.sh
[3.012s] -- Up-to-date: /home/sebastian/ros2_ws/install/circle_wall_actions_pkg/share/circle_wall_actions_pkg/environment/path.dsv
[3.012s] -- Up-to-date: /home/sebastian/ros2_ws/install/circle_wall_actions_pkg/share/circle_wall_actions_pkg/local_setup.bash
[3.012s] -- Up-to-date: /home/sebastian/ros2_ws/install/circle_wall_actions_pkg/share/circle_wall_actions_pkg/local_setup.sh
[3.012s] -- Up-to-date: /home/sebastian/ros2_ws/install/circle_wall_actions_pkg/share/circle_wall_actions_pkg/local_setup.zsh
[3.012s] -- Up-to-date: /home/sebastian/ros2_ws/install/circle_wall_actions_pkg/share/circle_wall_actions_pkg/local_setup.dsv
[3.012s] -- Installing: /home/sebastian/ros2_ws/install/circle_wall_actions_pkg/share/circle_wall_actions_pkg/package.dsv
[3.012s] -- Up-to-date: /home/sebastian/ros2_ws/install/circle_wall_actions_pkg/share/ament_index/resource_index/packages/circle_wall_actions_pkg
[3.012s] -- Up-to-date: /home/sebastian/ros2_ws/install/circle_wall_actions_pkg/share/circle_wall_actions_pkg/cmake/circle_wall_actions_pkgConfig.cmake
[3.012s] -- Up-to-date: /home/sebastian/ros2_ws/install/circle_wall_actions_pkg/share/circle_wall_actions_pkg/cmake/circle_wall_actions_pkgConfig-version.cmake
[3.013s] -- Up-to-date: /home/sebastian/ros2_ws/install/circle_wall_actions_pkg/share/circle_wall_actions_pkg/package.xml
[3.014s] Invoked command in '/home/sebastian/ros2_ws/build/circle_wall_actions_pkg' returned '0': CMAKE_PREFIX_PATH=/home/sebastian/ros2_ws/install/custom_interfaces:/home/sebastian/ros2_ws/install/topic_publisher_pkg:/home/sebastian/ros2_ws/install/circle_wall_actions_pkg:/opt/ros/humble /usr/bin/cmake --install /home/sebastian/ros2_ws/build/circle_wall_actions_pkg
