[0.034s] Invoking command in '/workspaces/isaac_ros-dev/src/ros2_ws/build/custom_interfaces': CMAKE_PREFIX_PATH=${CMAKE_PREFIX_PATH}:/opt/ros/humble /usr/bin/cmake --build /workspaces/isaac_ros-dev/src/ros2_ws/build/custom_interfaces -- -j6 -l6
[0.187s] [  3%] Built target custom_interfaces__cpp
[0.203s] [ 12%] Built target custom_interfaces__rosidl_generator_c
[0.225s] [ 12%] Built target ament_cmake_python_copy_custom_interfaces
[0.295s] [ 22%] Built target custom_interfaces__rosidl_typesupport_fastrtps_cpp
[0.311s] [ 32%] Built target custom_interfaces__rosidl_typesupport_cpp
[0.322s] [ 41%] Built target custom_interfaces__rosidl_typesupport_fastrtps_c
[0.337s] [ 51%] Built target custom_interfaces__rosidl_typesupport_introspection_c
[0.345s] [ 61%] Built target custom_interfaces__rosidl_typesupport_introspection_cpp
[0.360s] [ 70%] Built target custom_interfaces__rosidl_typesupport_c
[0.418s] [ 70%] Built target custom_interfaces
[0.475s] [ 74%] Built target custom_interfaces__py
[0.538s] [ 80%] Built target custom_interfaces__rosidl_generator_py
[0.611s] [ 93%] Built target custom_interfaces__rosidl_typesupport_fastrtps_c__pyext
[0.613s] [ 93%] Built target custom_interfaces__rosidl_typesupport_introspection_c__pyext
[0.617s] [100%] Built target custom_interfaces__rosidl_typesupport_c__pyext
[1.541s] running egg_info
[1.592s] writing custom_interfaces.egg-info/PKG-INFO
[1.593s] writing dependency_links to custom_interfaces.egg-info/dependency_links.txt
[1.594s] writing top-level names to custom_interfaces.egg-info/top_level.txt
[1.886s] ERROR setuptools_scm._file_finders.git listing git files failed - pretending there aren't any
[2.262s] reading manifest file 'custom_interfaces.egg-info/SOURCES.txt'
[2.264s] writing manifest file 'custom_interfaces.egg-info/SOURCES.txt'
[2.440s] [100%] Built target ament_cmake_python_build_custom_interfaces_egg
[2.474s] Invoked command in '/workspaces/isaac_ros-dev/src/ros2_ws/build/custom_interfaces' returned '0': CMAKE_PREFIX_PATH=${CMAKE_PREFIX_PATH}:/opt/ros/humble /usr/bin/cmake --build /workspaces/isaac_ros-dev/src/ros2_ws/build/custom_interfaces -- -j6 -l6
[2.502s] Invoking command in '/workspaces/isaac_ros-dev/src/ros2_ws/build/custom_interfaces': CMAKE_PREFIX_PATH=${CMAKE_PREFIX_PATH}:/opt/ros/humble /usr/bin/cmake --install /workspaces/isaac_ros-dev/src/ros2_ws/build/custom_interfaces
[2.523s] -- Install configuration: ""
[2.524s] -- Up-to-date: /workspaces/isaac_ros-dev/src/ros2_ws/install/custom_interfaces/share/ament_index/resource_index/rosidl_interfaces/custom_interfaces
[2.525s] -- Up-to-date: /workspaces/isaac_ros-dev/src/ros2_ws/install/custom_interfaces/include/custom_interfaces/custom_interfaces
[2.525s] -- Up-to-date: /workspaces/isaac_ros-dev/src/ros2_ws/install/custom_interfaces/include/custom_interfaces/custom_interfaces/action
[2.525s] -- Up-to-date: /workspaces/isaac_ros-dev/src/ros2_ws/install/custom_interfaces/include/custom_interfaces/custom_interfaces/action/tracking_robot.h
[2.526s] -- Up-to-date: /workspaces/isaac_ros-dev/src/ros2_ws/install/custom_interfaces/include/custom_interfaces/custom_interfaces/action/detail
[2.526s] -- Up-to-date: /workspaces/isaac_ros-dev/src/ros2_ws/install/custom_interfaces/include/custom_interfaces/custom_interfaces/action/detail/tracking_robot__functions.c
[2.526s] -- Up-to-date: /workspaces/isaac_ros-dev/src/ros2_ws/install/custom_interfaces/include/custom_interfaces/custom_interfaces/action/detail/tracking_robot__type_support.h
[2.526s] -- Up-to-date: /workspaces/isaac_ros-dev/src/ros2_ws/install/custom_interfaces/include/custom_interfaces/custom_interfaces/action/detail/tracking_robot__functions.h
[2.526s] -- Up-to-date: /workspaces/isaac_ros-dev/src/ros2_ws/install/custom_interfaces/include/custom_interfaces/custom_interfaces/action/detail/tracking_robot__struct.h
[2.526s] -- Up-to-date: /workspaces/isaac_ros-dev/src/ros2_ws/install/custom_interfaces/include/custom_interfaces/custom_interfaces/msg
[2.526s] -- Up-to-date: /workspaces/isaac_ros-dev/src/ros2_ws/install/custom_interfaces/include/custom_interfaces/custom_interfaces/msg/rosidl_generator_c__visibility_control.h
[2.527s] -- Up-to-date: /workspaces/isaac_ros-dev/src/ros2_ws/install/custom_interfaces/share/custom_interfaces/environment/library_path.sh
[2.527s] -- Up-to-date: /workspaces/isaac_ros-dev/src/ros2_ws/install/custom_interfaces/share/custom_interfaces/environment/library_path.dsv
[2.527s] -- Up-to-date: /workspaces/isaac_ros-dev/src/ros2_ws/install/custom_interfaces/lib/libcustom_interfaces__rosidl_generator_c.so
[2.527s] -- Up-to-date: /workspaces/isaac_ros-dev/src/ros2_ws/install/custom_interfaces/include/custom_interfaces/custom_interfaces
[2.527s] -- Up-to-date: /workspaces/isaac_ros-dev/src/ros2_ws/install/custom_interfaces/include/custom_interfaces/custom_interfaces/action
[2.527s] -- Up-to-date: /workspaces/isaac_ros-dev/src/ros2_ws/install/custom_interfaces/include/custom_interfaces/custom_interfaces/action/detail
[2.527s] -- Up-to-date: /workspaces/isaac_ros-dev/src/ros2_ws/install/custom_interfaces/include/custom_interfaces/custom_interfaces/action/detail/tracking_robot__rosidl_typesupport_fastrtps_c.h
[2.528s] -- Up-to-date: /workspaces/isaac_ros-dev/src/ros2_ws/install/custom_interfaces/include/custom_interfaces/custom_interfaces/msg
[2.528s] -- Up-to-date: /workspaces/isaac_ros-dev/src/ros2_ws/install/custom_interfaces/include/custom_interfaces/custom_interfaces/msg/rosidl_typesupport_fastrtps_c__visibility_control.h
[2.528s] -- Up-to-date: /workspaces/isaac_ros-dev/src/ros2_ws/install/custom_interfaces/lib/libcustom_interfaces__rosidl_typesupport_fastrtps_c.so
[2.528s] -- Up-to-date: /workspaces/isaac_ros-dev/src/ros2_ws/install/custom_interfaces/include/custom_interfaces/custom_interfaces
[2.528s] -- Up-to-date: /workspaces/isaac_ros-dev/src/ros2_ws/install/custom_interfaces/include/custom_interfaces/custom_interfaces/action
[2.529s] -- Up-to-date: /workspaces/isaac_ros-dev/src/ros2_ws/install/custom_interfaces/include/custom_interfaces/custom_interfaces/action/detail
[2.529s] -- Up-to-date: /workspaces/isaac_ros-dev/src/ros2_ws/install/custom_interfaces/include/custom_interfaces/custom_interfaces/action/detail/tracking_robot__rosidl_typesupport_introspection_c.h
[2.529s] -- Up-to-date: /workspaces/isaac_ros-dev/src/ros2_ws/install/custom_interfaces/include/custom_interfaces/custom_interfaces/action/detail/tracking_robot__type_support.c
[2.529s] -- Up-to-date: /workspaces/isaac_ros-dev/src/ros2_ws/install/custom_interfaces/include/custom_interfaces/custom_interfaces/msg
[2.529s] -- Up-to-date: /workspaces/isaac_ros-dev/src/ros2_ws/install/custom_interfaces/include/custom_interfaces/custom_interfaces/msg/rosidl_typesupport_introspection_c__visibility_control.h
[2.529s] -- Up-to-date: /workspaces/isaac_ros-dev/src/ros2_ws/install/custom_interfaces/lib/libcustom_interfaces__rosidl_typesupport_introspection_c.so
[2.529s] -- Up-to-date: /workspaces/isaac_ros-dev/src/ros2_ws/install/custom_interfaces/lib/libcustom_interfaces__rosidl_typesupport_c.so
[2.529s] -- Up-to-date: /workspaces/isaac_ros-dev/src/ros2_ws/install/custom_interfaces/include/custom_interfaces/custom_interfaces
[2.530s] -- Up-to-date: /workspaces/isaac_ros-dev/src/ros2_ws/install/custom_interfaces/include/custom_interfaces/custom_interfaces/action
[2.530s] -- Up-to-date: /workspaces/isaac_ros-dev/src/ros2_ws/install/custom_interfaces/include/custom_interfaces/custom_interfaces/action/tracking_robot.hpp
[2.530s] -- Up-to-date: /workspaces/isaac_ros-dev/src/ros2_ws/install/custom_interfaces/include/custom_interfaces/custom_interfaces/action/detail
[2.530s] -- Up-to-date: /workspaces/isaac_ros-dev/src/ros2_ws/install/custom_interfaces/include/custom_interfaces/custom_interfaces/action/detail/tracking_robot__type_support.hpp
[2.530s] -- Up-to-date: /workspaces/isaac_ros-dev/src/ros2_ws/install/custom_interfaces/include/custom_interfaces/custom_interfaces/action/detail/tracking_robot__traits.hpp
[2.530s] -- Up-to-date: /workspaces/isaac_ros-dev/src/ros2_ws/install/custom_interfaces/include/custom_interfaces/custom_interfaces/action/detail/tracking_robot__builder.hpp
[2.530s] -- Up-to-date: /workspaces/isaac_ros-dev/src/ros2_ws/install/custom_interfaces/include/custom_interfaces/custom_interfaces/action/detail/tracking_robot__struct.hpp
[2.531s] -- Up-to-date: /workspaces/isaac_ros-dev/src/ros2_ws/install/custom_interfaces/include/custom_interfaces/custom_interfaces/msg
[2.531s] -- Up-to-date: /workspaces/isaac_ros-dev/src/ros2_ws/install/custom_interfaces/include/custom_interfaces/custom_interfaces/msg/rosidl_generator_cpp__visibility_control.hpp
[2.531s] -- Up-to-date: /workspaces/isaac_ros-dev/src/ros2_ws/install/custom_interfaces/include/custom_interfaces/custom_interfaces
[2.531s] -- Up-to-date: /workspaces/isaac_ros-dev/src/ros2_ws/install/custom_interfaces/include/custom_interfaces/custom_interfaces/action
[2.532s] -- Up-to-date: /workspaces/isaac_ros-dev/src/ros2_ws/install/custom_interfaces/include/custom_interfaces/custom_interfaces/action/detail
[2.532s] -- Up-to-date: /workspaces/isaac_ros-dev/src/ros2_ws/install/custom_interfaces/include/custom_interfaces/custom_interfaces/action/detail/tracking_robot__rosidl_typesupport_fastrtps_cpp.hpp
[2.532s] -- Up-to-date: /workspaces/isaac_ros-dev/src/ros2_ws/install/custom_interfaces/include/custom_interfaces/custom_interfaces/action/detail/dds_fastrtps
[2.532s] -- Up-to-date: /workspaces/isaac_ros-dev/src/ros2_ws/install/custom_interfaces/include/custom_interfaces/custom_interfaces/msg
[2.532s] -- Up-to-date: /workspaces/isaac_ros-dev/src/ros2_ws/install/custom_interfaces/include/custom_interfaces/custom_interfaces/msg/rosidl_typesupport_fastrtps_cpp__visibility_control.h
[2.532s] -- Up-to-date: /workspaces/isaac_ros-dev/src/ros2_ws/install/custom_interfaces/lib/libcustom_interfaces__rosidl_typesupport_fastrtps_cpp.so
[2.533s] -- Up-to-date: /workspaces/isaac_ros-dev/src/ros2_ws/install/custom_interfaces/include/custom_interfaces/custom_interfaces
[2.533s] -- Up-to-date: /workspaces/isaac_ros-dev/src/ros2_ws/install/custom_interfaces/include/custom_interfaces/custom_interfaces/action
[2.533s] -- Up-to-date: /workspaces/isaac_ros-dev/src/ros2_ws/install/custom_interfaces/include/custom_interfaces/custom_interfaces/action/detail
[2.533s] -- Up-to-date: /workspaces/isaac_ros-dev/src/ros2_ws/install/custom_interfaces/include/custom_interfaces/custom_interfaces/action/detail/tracking_robot__rosidl_typesupport_introspection_cpp.hpp
[2.533s] -- Up-to-date: /workspaces/isaac_ros-dev/src/ros2_ws/install/custom_interfaces/include/custom_interfaces/custom_interfaces/action/detail/tracking_robot__type_support.cpp
[2.534s] -- Up-to-date: /workspaces/isaac_ros-dev/src/ros2_ws/install/custom_interfaces/lib/libcustom_interfaces__rosidl_typesupport_introspection_cpp.so
[2.534s] -- Up-to-date: /workspaces/isaac_ros-dev/src/ros2_ws/install/custom_interfaces/lib/libcustom_interfaces__rosidl_typesupport_cpp.so
[2.534s] -- Up-to-date: /workspaces/isaac_ros-dev/src/ros2_ws/install/custom_interfaces/share/custom_interfaces/environment/pythonpath.sh
[2.534s] -- Up-to-date: /workspaces/isaac_ros-dev/src/ros2_ws/install/custom_interfaces/share/custom_interfaces/environment/pythonpath.dsv
[2.534s] -- Up-to-date: /workspaces/isaac_ros-dev/src/ros2_ws/install/custom_interfaces/local/lib/python3.10/dist-packages/custom_interfaces-0.0.0-py3.10.egg-info
[2.534s] -- Installing: /workspaces/isaac_ros-dev/src/ros2_ws/install/custom_interfaces/local/lib/python3.10/dist-packages/custom_interfaces-0.0.0-py3.10.egg-info/dependency_links.txt
[2.534s] -- Installing: /workspaces/isaac_ros-dev/src/ros2_ws/install/custom_interfaces/local/lib/python3.10/dist-packages/custom_interfaces-0.0.0-py3.10.egg-info/PKG-INFO
[2.535s] -- Installing: /workspaces/isaac_ros-dev/src/ros2_ws/install/custom_interfaces/local/lib/python3.10/dist-packages/custom_interfaces-0.0.0-py3.10.egg-info/top_level.txt
[2.535s] -- Installing: /workspaces/isaac_ros-dev/src/ros2_ws/install/custom_interfaces/local/lib/python3.10/dist-packages/custom_interfaces-0.0.0-py3.10.egg-info/SOURCES.txt
[2.535s] -- Up-to-date: /workspaces/isaac_ros-dev/src/ros2_ws/install/custom_interfaces/local/lib/python3.10/dist-packages/custom_interfaces
[2.535s] -- Up-to-date: /workspaces/isaac_ros-dev/src/ros2_ws/install/custom_interfaces/local/lib/python3.10/dist-packages/custom_interfaces/__init__.py
[2.535s] -- Up-to-date: /workspaces/isaac_ros-dev/src/ros2_ws/install/custom_interfaces/local/lib/python3.10/dist-packages/custom_interfaces/custom_interfaces_s__rosidl_typesupport_introspection_c.cpython-310-aarch64-linux-gnu.so
[2.535s] -- Up-to-date: /workspaces/isaac_ros-dev/src/ros2_ws/install/custom_interfaces/local/lib/python3.10/dist-packages/custom_interfaces/libcustom_interfaces__rosidl_generator_py.so
[2.535s] -- Up-to-date: /workspaces/isaac_ros-dev/src/ros2_ws/install/custom_interfaces/local/lib/python3.10/dist-packages/custom_interfaces/_custom_interfaces_s.ep.rosidl_typesupport_introspection_c.c
[2.535s] -- Up-to-date: /workspaces/isaac_ros-dev/src/ros2_ws/install/custom_interfaces/local/lib/python3.10/dist-packages/custom_interfaces/action
[2.536s] -- Up-to-date: /workspaces/isaac_ros-dev/src/ros2_ws/install/custom_interfaces/local/lib/python3.10/dist-packages/custom_interfaces/action/__init__.py
[2.536s] -- Up-to-date: /workspaces/isaac_ros-dev/src/ros2_ws/install/custom_interfaces/local/lib/python3.10/dist-packages/custom_interfaces/action/_tracking_robot.py
[2.536s] -- Up-to-date: /workspaces/isaac_ros-dev/src/ros2_ws/install/custom_interfaces/local/lib/python3.10/dist-packages/custom_interfaces/action/_tracking_robot_s.c
[2.536s] -- Up-to-date: /workspaces/isaac_ros-dev/src/ros2_ws/install/custom_interfaces/local/lib/python3.10/dist-packages/custom_interfaces/custom_interfaces_s__rosidl_typesupport_c.cpython-310-aarch64-linux-gnu.so
[2.536s] -- Up-to-date: /workspaces/isaac_ros-dev/src/ros2_ws/install/custom_interfaces/local/lib/python3.10/dist-packages/custom_interfaces/_custom_interfaces_s.ep.rosidl_typesupport_c.c
[2.536s] -- Up-to-date: /workspaces/isaac_ros-dev/src/ros2_ws/install/custom_interfaces/local/lib/python3.10/dist-packages/custom_interfaces/custom_interfaces_s__rosidl_typesupport_fastrtps_c.cpython-310-aarch64-linux-gnu.so
[2.536s] -- Up-to-date: /workspaces/isaac_ros-dev/src/ros2_ws/install/custom_interfaces/local/lib/python3.10/dist-packages/custom_interfaces/_custom_interfaces_s.ep.rosidl_typesupport_fastrtps_c.c
[2.620s] Listing '/workspaces/isaac_ros-dev/src/ros2_ws/install/custom_interfaces/local/lib/python3.10/dist-packages/custom_interfaces'...
[2.621s] Listing '/workspaces/isaac_ros-dev/src/ros2_ws/install/custom_interfaces/local/lib/python3.10/dist-packages/custom_interfaces/action'...
[2.634s] -- Up-to-date: /workspaces/isaac_ros-dev/src/ros2_ws/install/custom_interfaces/local/lib/python3.10/dist-packages/custom_interfaces/custom_interfaces_s__rosidl_typesupport_fastrtps_c.cpython-310-aarch64-linux-gnu.so
[2.634s] -- Up-to-date: /workspaces/isaac_ros-dev/src/ros2_ws/install/custom_interfaces/local/lib/python3.10/dist-packages/custom_interfaces/custom_interfaces_s__rosidl_typesupport_introspection_c.cpython-310-aarch64-linux-gnu.so
[2.634s] -- Up-to-date: /workspaces/isaac_ros-dev/src/ros2_ws/install/custom_interfaces/local/lib/python3.10/dist-packages/custom_interfaces/custom_interfaces_s__rosidl_typesupport_c.cpython-310-aarch64-linux-gnu.so
[2.635s] -- Up-to-date: /workspaces/isaac_ros-dev/src/ros2_ws/install/custom_interfaces/lib/libcustom_interfaces__rosidl_generator_py.so
[2.635s] -- Up-to-date: /workspaces/isaac_ros-dev/src/ros2_ws/install/custom_interfaces/share/custom_interfaces/action/TrackingRobot.idl
[2.636s] -- Up-to-date: /workspaces/isaac_ros-dev/src/ros2_ws/install/custom_interfaces/share/custom_interfaces/action/TrackingRobot.action
[2.636s] -- Up-to-date: /workspaces/isaac_ros-dev/src/ros2_ws/install/custom_interfaces/share/ament_index/resource_index/package_run_dependencies/custom_interfaces
[2.636s] -- Up-to-date: /workspaces/isaac_ros-dev/src/ros2_ws/install/custom_interfaces/share/ament_index/resource_index/parent_prefix_path/custom_interfaces
[2.637s] -- Up-to-date: /workspaces/isaac_ros-dev/src/ros2_ws/install/custom_interfaces/share/custom_interfaces/environment/ament_prefix_path.sh
[2.637s] -- Up-to-date: /workspaces/isaac_ros-dev/src/ros2_ws/install/custom_interfaces/share/custom_interfaces/environment/ament_prefix_path.dsv
[2.637s] -- Up-to-date: /workspaces/isaac_ros-dev/src/ros2_ws/install/custom_interfaces/share/custom_interfaces/environment/path.sh
[2.638s] -- Up-to-date: /workspaces/isaac_ros-dev/src/ros2_ws/install/custom_interfaces/share/custom_interfaces/environment/path.dsv
[2.638s] -- Up-to-date: /workspaces/isaac_ros-dev/src/ros2_ws/install/custom_interfaces/share/custom_interfaces/local_setup.bash
[2.638s] -- Up-to-date: /workspaces/isaac_ros-dev/src/ros2_ws/install/custom_interfaces/share/custom_interfaces/local_setup.sh
[2.639s] -- Up-to-date: /workspaces/isaac_ros-dev/src/ros2_ws/install/custom_interfaces/share/custom_interfaces/local_setup.zsh
[2.639s] -- Up-to-date: /workspaces/isaac_ros-dev/src/ros2_ws/install/custom_interfaces/share/custom_interfaces/local_setup.dsv
[2.639s] -- Installing: /workspaces/isaac_ros-dev/src/ros2_ws/install/custom_interfaces/share/custom_interfaces/package.dsv
[2.640s] -- Up-to-date: /workspaces/isaac_ros-dev/src/ros2_ws/install/custom_interfaces/share/ament_index/resource_index/packages/custom_interfaces
[2.640s] -- Up-to-date: /workspaces/isaac_ros-dev/src/ros2_ws/install/custom_interfaces/share/custom_interfaces/cmake/export_custom_interfaces__rosidl_generator_cExport.cmake
[2.640s] -- Up-to-date: /workspaces/isaac_ros-dev/src/ros2_ws/install/custom_interfaces/share/custom_interfaces/cmake/export_custom_interfaces__rosidl_generator_cExport-noconfig.cmake
[2.641s] -- Up-to-date: /workspaces/isaac_ros-dev/src/ros2_ws/install/custom_interfaces/share/custom_interfaces/cmake/export_custom_interfaces__rosidl_typesupport_fastrtps_cExport.cmake
[2.641s] -- Up-to-date: /workspaces/isaac_ros-dev/src/ros2_ws/install/custom_interfaces/share/custom_interfaces/cmake/export_custom_interfaces__rosidl_typesupport_fastrtps_cExport-noconfig.cmake
[2.641s] -- Up-to-date: /workspaces/isaac_ros-dev/src/ros2_ws/install/custom_interfaces/share/custom_interfaces/cmake/custom_interfaces__rosidl_typesupport_introspection_cExport.cmake
[2.641s] -- Up-to-date: /workspaces/isaac_ros-dev/src/ros2_ws/install/custom_interfaces/share/custom_interfaces/cmake/custom_interfaces__rosidl_typesupport_introspection_cExport-noconfig.cmake
[2.642s] -- Up-to-date: /workspaces/isaac_ros-dev/src/ros2_ws/install/custom_interfaces/share/custom_interfaces/cmake/custom_interfaces__rosidl_typesupport_cExport.cmake
[2.642s] -- Up-to-date: /workspaces/isaac_ros-dev/src/ros2_ws/install/custom_interfaces/share/custom_interfaces/cmake/custom_interfaces__rosidl_typesupport_cExport-noconfig.cmake
[2.642s] -- Up-to-date: /workspaces/isaac_ros-dev/src/ros2_ws/install/custom_interfaces/share/custom_interfaces/cmake/export_custom_interfaces__rosidl_generator_cppExport.cmake
[2.642s] -- Up-to-date: /workspaces/isaac_ros-dev/src/ros2_ws/install/custom_interfaces/share/custom_interfaces/cmake/export_custom_interfaces__rosidl_typesupport_fastrtps_cppExport.cmake
[2.642s] -- Up-to-date: /workspaces/isaac_ros-dev/src/ros2_ws/install/custom_interfaces/share/custom_interfaces/cmake/export_custom_interfaces__rosidl_typesupport_fastrtps_cppExport-noconfig.cmake
[2.643s] -- Up-to-date: /workspaces/isaac_ros-dev/src/ros2_ws/install/custom_interfaces/share/custom_interfaces/cmake/custom_interfaces__rosidl_typesupport_introspection_cppExport.cmake
[2.643s] -- Up-to-date: /workspaces/isaac_ros-dev/src/ros2_ws/install/custom_interfaces/share/custom_interfaces/cmake/custom_interfaces__rosidl_typesupport_introspection_cppExport-noconfig.cmake
[2.643s] -- Up-to-date: /workspaces/isaac_ros-dev/src/ros2_ws/install/custom_interfaces/share/custom_interfaces/cmake/custom_interfaces__rosidl_typesupport_cppExport.cmake
[2.643s] -- Up-to-date: /workspaces/isaac_ros-dev/src/ros2_ws/install/custom_interfaces/share/custom_interfaces/cmake/custom_interfaces__rosidl_typesupport_cppExport-noconfig.cmake
[2.644s] -- Up-to-date: /workspaces/isaac_ros-dev/src/ros2_ws/install/custom_interfaces/share/custom_interfaces/cmake/export_custom_interfaces__rosidl_generator_pyExport.cmake
[2.644s] -- Up-to-date: /workspaces/isaac_ros-dev/src/ros2_ws/install/custom_interfaces/share/custom_interfaces/cmake/export_custom_interfaces__rosidl_generator_pyExport-noconfig.cmake
[2.644s] -- Up-to-date: /workspaces/isaac_ros-dev/src/ros2_ws/install/custom_interfaces/share/custom_interfaces/cmake/rosidl_cmake-extras.cmake
[2.644s] -- Up-to-date: /workspaces/isaac_ros-dev/src/ros2_ws/install/custom_interfaces/share/custom_interfaces/cmake/ament_cmake_export_dependencies-extras.cmake
[2.645s] -- Up-to-date: /workspaces/isaac_ros-dev/src/ros2_ws/install/custom_interfaces/share/custom_interfaces/cmake/ament_cmake_export_include_directories-extras.cmake
[2.647s] -- Up-to-date: /workspaces/isaac_ros-dev/src/ros2_ws/install/custom_interfaces/share/custom_interfaces/cmake/ament_cmake_export_libraries-extras.cmake
[2.648s] -- Up-to-date: /workspaces/isaac_ros-dev/src/ros2_ws/install/custom_interfaces/share/custom_interfaces/cmake/ament_cmake_export_targets-extras.cmake
[2.649s] -- Up-to-date: /workspaces/isaac_ros-dev/src/ros2_ws/install/custom_interfaces/share/custom_interfaces/cmake/rosidl_cmake_export_typesupport_targets-extras.cmake
[2.649s] -- Up-to-date: /workspaces/isaac_ros-dev/src/ros2_ws/install/custom_interfaces/share/custom_interfaces/cmake/rosidl_cmake_export_typesupport_libraries-extras.cmake
[2.650s] -- Up-to-date: /workspaces/isaac_ros-dev/src/ros2_ws/install/custom_interfaces/share/custom_interfaces/cmake/custom_interfacesConfig.cmake
[2.650s] -- Up-to-date: /workspaces/isaac_ros-dev/src/ros2_ws/install/custom_interfaces/share/custom_interfaces/cmake/custom_interfacesConfig-version.cmake
[2.651s] -- Up-to-date: /workspaces/isaac_ros-dev/src/ros2_ws/install/custom_interfaces/share/custom_interfaces/package.xml
[2.652s] Invoked command in '/workspaces/isaac_ros-dev/src/ros2_ws/build/custom_interfaces' returned '0': CMAKE_PREFIX_PATH=${CMAKE_PREFIX_PATH}:/opt/ros/humble /usr/bin/cmake --install /workspaces/isaac_ros-dev/src/ros2_ws/build/custom_interfaces
